[2024-04-11T17:27:01.342+0000] {local_task_job_runner.py:120} INFO - ::group::Pre task execution logs
[2024-04-11T17:27:01.381+0000] {taskinstance.py:2073} INFO - Dependencies all met for dep_context=non-requeueable deps ti=<TaskInstance: Process_W3_Data.RemoveHash manual__2024-04-11T17:26:57.939932+00:00 [queued]>
[2024-04-11T17:27:01.395+0000] {taskinstance.py:2073} INFO - Dependencies all met for dep_context=requeueable deps ti=<TaskInstance: Process_W3_Data.RemoveHash manual__2024-04-11T17:26:57.939932+00:00 [queued]>
[2024-04-11T17:27:01.396+0000] {taskinstance.py:2303} INFO - Starting attempt 1 of 1
[2024-04-11T17:27:01.417+0000] {taskinstance.py:2327} INFO - Executing <Task(PythonOperator): RemoveHash> on 2024-04-11 17:26:57.939932+00:00
[2024-04-11T17:27:01.429+0000] {warnings.py:110} WARNING - /home/***/.local/lib/python3.12/site-packages/***/task/task_runner/standard_task_runner.py:61: DeprecationWarning: This process (pid=23329) is multi-threaded, use of fork() may lead to deadlocks in the child.
  pid = os.fork()

[2024-04-11T17:27:01.432+0000] {standard_task_runner.py:63} INFO - Started process 23331 to run task
[2024-04-11T17:27:01.433+0000] {standard_task_runner.py:90} INFO - Running: ['***', 'tasks', 'run', 'Process_W3_Data', 'RemoveHash', 'manual__2024-04-11T17:26:57.939932+00:00', '--job-id', '183', '--raw', '--subdir', 'DAGS_FOLDER/w3c.py', '--cfg-path', '/tmp/tmpyxzb7ycl']
[2024-04-11T17:27:01.437+0000] {standard_task_runner.py:91} INFO - Job 183: Subtask RemoveHash
[2024-04-11T17:27:01.502+0000] {task_command.py:426} INFO - Running <TaskInstance: Process_W3_Data.RemoveHash manual__2024-04-11T17:26:57.939932+00:00 [running]> on host 426f0b9f9d71
[2024-04-11T17:27:01.627+0000] {taskinstance.py:2644} INFO - Exporting env vars: AIRFLOW_CTX_DAG_OWNER='***' AIRFLOW_CTX_DAG_ID='Process_W3_Data' AIRFLOW_CTX_TASK_ID='RemoveHash' AIRFLOW_CTX_EXECUTION_DATE='2024-04-11T17:26:57.939932+00:00' AIRFLOW_CTX_TRY_NUMBER='1' AIRFLOW_CTX_DAG_RUN_ID='manual__2024-04-11T17:26:57.939932+00:00'
[2024-04-11T17:27:01.630+0000] {taskinstance.py:430} INFO - ::endgroup::
[2024-04-11T17:27:01.631+0000] {w3c.py:175} WARNING - Starting List Filesu_ex101031.log,u_ex110411.log,u_ex100626.log,u_ex100105.log,u_ex091103.log,u_ex110510.log,u_ex100708.log,u_ex100315.log,u_ex110306.log,u_ex100528.log,u_ex100204.log,u_ex110218.log,u_ex100104.log,u_ex110209.log,u_ex100916.log,u_ex100520.log,u_ex101126.log,u_ex100205.log,u_ex110405.log,u_ex110212.log,u_ex100430.log,u_ex100830.log,u_ex110130.log,u_ex100526.log,u_ex091207.log,u_ex100923.log,u_ex110119.log,u_ex110424.log,u_ex100619.log,u_ex100714.log,u_ex100106.log,u_ex091024.log,u_ex101020.log,u_ex110205.log,u_ex100809.log,u_ex091106.log,u_ex091211.log,u_ex100322.log,u_ex100117.log,u_ex101225.log,u_ex100424.log,u_ex091102.log,u_ex091123.log,u_ex100629.log,u_ex100612.log,u_ex100912.log,u_ex101215.log,u_ex100131.log,u_ex101223.log,u_ex110427.log,u_ex101008.log,u_ex100423.log,u_ex100808.log,u_ex100519.log,u_ex091213.log,u_ex101202.log,u_ex100718.log,u_ex100314.log,u_ex100425.log,u_ex100304.log,u_ex100419.log,u_ex101023.log,u_ex101025.log,u_ex101101.log,u_ex100906.log,u_ex101113.log,u_ex100924.log,u_ex101118.log,u_ex091130.log,u_ex100309.log,u_ex100725.log,u_ex091025.log,u_ex100307.log,u_ex110516.log,u_ex100628.log,u_ex100406.log,u_ex100221.log,u_ex100113.log,u_ex101212.log,u_ex100302.log,u_ex100630.log,u_ex100615.log,u_ex091120.log,u_ex110504.log,u_ex100622.log,u_ex100801.log,u_ex110407.log,u_ex100926.log,u_ex100422.log,u_ex101111.log,u_ex100705.log,u_ex100112.log,u_ex101027.log
[2024-04-11T17:27:01.640+0000] {w3c.py:178} WARNING - calling Clean u_ex101031.log
[2024-04-11T17:27:01.640+0000] {logging_mixin.py:188} INFO - Cleaning  u_ex101031.log
[2024-04-11T17:27:01.640+0000] {w3c.py:135} WARNING - Cleaning u_ex101031.log
[2024-04-11T17:27:01.641+0000] {logging_mixin.py:188} INFO - sort -u /opt/***/data/Staging/DimIP.txt > /opt/***/data/Staging/DimIPUniq.txt
[2024-04-11T17:27:01.644+0000] {w3c.py:178} WARNING - calling Clean u_ex110411.log
[2024-04-11T17:27:01.644+0000] {logging_mixin.py:188} INFO - Cleaning  u_ex110411.log
[2024-04-11T17:27:01.645+0000] {w3c.py:135} WARNING - Cleaning u_ex110411.log
[2024-04-11T17:27:01.645+0000] {logging_mixin.py:188} INFO - sort -u /opt/***/data/Staging/DimIP.txt > /opt/***/data/Staging/DimIPUniq.txt
[2024-04-11T17:27:01.652+0000] {w3c.py:178} WARNING - calling Clean u_ex100626.log
[2024-04-11T17:27:01.652+0000] {logging_mixin.py:188} INFO - Cleaning  u_ex100626.log
[2024-04-11T17:27:01.652+0000] {w3c.py:135} WARNING - Cleaning u_ex100626.log
[2024-04-11T17:27:01.652+0000] {logging_mixin.py:188} INFO - sort -u /opt/***/data/Staging/DimIP.txt > /opt/***/data/Staging/DimIPUniq.txt
[2024-04-11T17:27:01.655+0000] {w3c.py:178} WARNING - calling Clean u_ex100105.log
[2024-04-11T17:27:01.655+0000] {logging_mixin.py:188} INFO - Cleaning  u_ex100105.log
[2024-04-11T17:27:01.655+0000] {w3c.py:135} WARNING - Cleaning u_ex100105.log
[2024-04-11T17:27:01.655+0000] {logging_mixin.py:188} INFO - sort -u /opt/***/data/Staging/DimIP.txt > /opt/***/data/Staging/DimIPUniq.txt
[2024-04-11T17:27:01.658+0000] {w3c.py:178} WARNING - calling Clean u_ex091103.log
[2024-04-11T17:27:01.659+0000] {logging_mixin.py:188} INFO - Cleaning  u_ex091103.log
[2024-04-11T17:27:01.659+0000] {w3c.py:135} WARNING - Cleaning u_ex091103.log
[2024-04-11T17:27:01.659+0000] {logging_mixin.py:188} INFO - sort -u /opt/***/data/Staging/DimIP.txt > /opt/***/data/Staging/DimIPUniq.txt
[2024-04-11T17:27:01.667+0000] {w3c.py:178} WARNING - calling Clean u_ex110510.log
[2024-04-11T17:27:01.667+0000] {logging_mixin.py:188} INFO - Cleaning  u_ex110510.log
[2024-04-11T17:27:01.668+0000] {w3c.py:135} WARNING - Cleaning u_ex110510.log
[2024-04-11T17:27:01.668+0000] {logging_mixin.py:188} INFO - sort -u /opt/***/data/Staging/DimIP.txt > /opt/***/data/Staging/DimIPUniq.txt
[2024-04-11T17:27:01.676+0000] {w3c.py:178} WARNING - calling Clean u_ex100708.log
[2024-04-11T17:27:01.676+0000] {logging_mixin.py:188} INFO - Cleaning  u_ex100708.log
[2024-04-11T17:27:01.677+0000] {w3c.py:135} WARNING - Cleaning u_ex100708.log
[2024-04-11T17:27:01.677+0000] {logging_mixin.py:188} INFO - sort -u /opt/***/data/Staging/DimIP.txt > /opt/***/data/Staging/DimIPUniq.txt
[2024-04-11T17:27:01.680+0000] {w3c.py:178} WARNING - calling Clean u_ex100315.log
[2024-04-11T17:27:01.680+0000] {logging_mixin.py:188} INFO - Cleaning  u_ex100315.log
[2024-04-11T17:27:01.681+0000] {w3c.py:135} WARNING - Cleaning u_ex100315.log
[2024-04-11T17:27:01.681+0000] {logging_mixin.py:188} INFO - sort -u /opt/***/data/Staging/DimIP.txt > /opt/***/data/Staging/DimIPUniq.txt
[2024-04-11T17:27:01.687+0000] {w3c.py:178} WARNING - calling Clean u_ex110306.log
[2024-04-11T17:27:01.688+0000] {logging_mixin.py:188} INFO - Cleaning  u_ex110306.log
[2024-04-11T17:27:01.688+0000] {w3c.py:135} WARNING - Cleaning u_ex110306.log
[2024-04-11T17:27:01.688+0000] {logging_mixin.py:188} INFO - sort -u /opt/***/data/Staging/DimIP.txt > /opt/***/data/Staging/DimIPUniq.txt
[2024-04-11T17:27:01.691+0000] {w3c.py:178} WARNING - calling Clean u_ex100528.log
[2024-04-11T17:27:01.691+0000] {logging_mixin.py:188} INFO - Cleaning  u_ex100528.log
[2024-04-11T17:27:01.691+0000] {w3c.py:135} WARNING - Cleaning u_ex100528.log
[2024-04-11T17:27:01.692+0000] {logging_mixin.py:188} INFO - sort -u /opt/***/data/Staging/DimIP.txt > /opt/***/data/Staging/DimIPUniq.txt
[2024-04-11T17:27:01.694+0000] {w3c.py:178} WARNING - calling Clean u_ex100204.log
[2024-04-11T17:27:01.695+0000] {logging_mixin.py:188} INFO - Cleaning  u_ex100204.log
[2024-04-11T17:27:01.695+0000] {w3c.py:135} WARNING - Cleaning u_ex100204.log
[2024-04-11T17:27:01.695+0000] {logging_mixin.py:188} INFO - sort -u /opt/***/data/Staging/DimIP.txt > /opt/***/data/Staging/DimIPUniq.txt
[2024-04-11T17:27:01.701+0000] {w3c.py:178} WARNING - calling Clean u_ex110218.log
[2024-04-11T17:27:01.701+0000] {logging_mixin.py:188} INFO - Cleaning  u_ex110218.log
[2024-04-11T17:27:01.701+0000] {w3c.py:135} WARNING - Cleaning u_ex110218.log
[2024-04-11T17:27:01.701+0000] {logging_mixin.py:188} INFO - sort -u /opt/***/data/Staging/DimIP.txt > /opt/***/data/Staging/DimIPUniq.txt
[2024-04-11T17:27:01.707+0000] {w3c.py:178} WARNING - calling Clean u_ex100104.log
[2024-04-11T17:27:01.707+0000] {logging_mixin.py:188} INFO - Cleaning  u_ex100104.log
[2024-04-11T17:27:01.707+0000] {w3c.py:135} WARNING - Cleaning u_ex100104.log
[2024-04-11T17:27:01.707+0000] {logging_mixin.py:188} INFO - sort -u /opt/***/data/Staging/DimIP.txt > /opt/***/data/Staging/DimIPUniq.txt
[2024-04-11T17:27:01.711+0000] {w3c.py:178} WARNING - calling Clean u_ex110209.log
[2024-04-11T17:27:01.711+0000] {logging_mixin.py:188} INFO - Cleaning  u_ex110209.log
[2024-04-11T17:27:01.711+0000] {w3c.py:135} WARNING - Cleaning u_ex110209.log
[2024-04-11T17:27:01.711+0000] {logging_mixin.py:188} INFO - sort -u /opt/***/data/Staging/DimIP.txt > /opt/***/data/Staging/DimIPUniq.txt
[2024-04-11T17:27:01.718+0000] {w3c.py:178} WARNING - calling Clean u_ex100916.log
[2024-04-11T17:27:01.718+0000] {logging_mixin.py:188} INFO - Cleaning  u_ex100916.log
[2024-04-11T17:27:01.718+0000] {w3c.py:135} WARNING - Cleaning u_ex100916.log
[2024-04-11T17:27:01.719+0000] {logging_mixin.py:188} INFO - sort -u /opt/***/data/Staging/DimIP.txt > /opt/***/data/Staging/DimIPUniq.txt
[2024-04-11T17:27:01.724+0000] {w3c.py:178} WARNING - calling Clean u_ex100520.log
[2024-04-11T17:27:01.724+0000] {logging_mixin.py:188} INFO - Cleaning  u_ex100520.log
[2024-04-11T17:27:01.724+0000] {w3c.py:135} WARNING - Cleaning u_ex100520.log
[2024-04-11T17:27:01.724+0000] {logging_mixin.py:188} INFO - sort -u /opt/***/data/Staging/DimIP.txt > /opt/***/data/Staging/DimIPUniq.txt
[2024-04-11T17:27:01.727+0000] {w3c.py:178} WARNING - calling Clean u_ex101126.log
[2024-04-11T17:27:01.727+0000] {logging_mixin.py:188} INFO - Cleaning  u_ex101126.log
[2024-04-11T17:27:01.727+0000] {w3c.py:135} WARNING - Cleaning u_ex101126.log
[2024-04-11T17:27:01.727+0000] {logging_mixin.py:188} INFO - sort -u /opt/***/data/Staging/DimIP.txt > /opt/***/data/Staging/DimIPUniq.txt
[2024-04-11T17:27:01.733+0000] {w3c.py:178} WARNING - calling Clean u_ex100205.log
[2024-04-11T17:27:01.733+0000] {logging_mixin.py:188} INFO - Cleaning  u_ex100205.log
[2024-04-11T17:27:01.733+0000] {w3c.py:135} WARNING - Cleaning u_ex100205.log
[2024-04-11T17:27:01.733+0000] {logging_mixin.py:188} INFO - sort -u /opt/***/data/Staging/DimIP.txt > /opt/***/data/Staging/DimIPUniq.txt
[2024-04-11T17:27:01.735+0000] {w3c.py:178} WARNING - calling Clean u_ex110405.log
[2024-04-11T17:27:01.736+0000] {logging_mixin.py:188} INFO - Cleaning  u_ex110405.log
[2024-04-11T17:27:01.736+0000] {w3c.py:135} WARNING - Cleaning u_ex110405.log
[2024-04-11T17:27:01.736+0000] {logging_mixin.py:188} INFO - sort -u /opt/***/data/Staging/DimIP.txt > /opt/***/data/Staging/DimIPUniq.txt
[2024-04-11T17:27:01.742+0000] {w3c.py:178} WARNING - calling Clean u_ex110212.log
[2024-04-11T17:27:01.742+0000] {logging_mixin.py:188} INFO - Cleaning  u_ex110212.log
[2024-04-11T17:27:01.743+0000] {w3c.py:135} WARNING - Cleaning u_ex110212.log
[2024-04-11T17:27:01.743+0000] {logging_mixin.py:188} INFO - sort -u /opt/***/data/Staging/DimIP.txt > /opt/***/data/Staging/DimIPUniq.txt
[2024-04-11T17:27:01.746+0000] {w3c.py:178} WARNING - calling Clean u_ex100430.log
[2024-04-11T17:27:01.746+0000] {logging_mixin.py:188} INFO - Cleaning  u_ex100430.log
[2024-04-11T17:27:01.746+0000] {w3c.py:135} WARNING - Cleaning u_ex100430.log
[2024-04-11T17:27:01.746+0000] {logging_mixin.py:188} INFO - sort -u /opt/***/data/Staging/DimIP.txt > /opt/***/data/Staging/DimIPUniq.txt
[2024-04-11T17:27:01.750+0000] {w3c.py:178} WARNING - calling Clean u_ex100830.log
[2024-04-11T17:27:01.750+0000] {logging_mixin.py:188} INFO - Cleaning  u_ex100830.log
[2024-04-11T17:27:01.750+0000] {w3c.py:135} WARNING - Cleaning u_ex100830.log
[2024-04-11T17:27:01.751+0000] {logging_mixin.py:188} INFO - sort -u /opt/***/data/Staging/DimIP.txt > /opt/***/data/Staging/DimIPUniq.txt
[2024-04-11T17:27:01.753+0000] {w3c.py:178} WARNING - calling Clean u_ex110130.log
[2024-04-11T17:27:01.753+0000] {logging_mixin.py:188} INFO - Cleaning  u_ex110130.log
[2024-04-11T17:27:01.754+0000] {w3c.py:135} WARNING - Cleaning u_ex110130.log
[2024-04-11T17:27:01.754+0000] {logging_mixin.py:188} INFO - sort -u /opt/***/data/Staging/DimIP.txt > /opt/***/data/Staging/DimIPUniq.txt
[2024-04-11T17:27:01.756+0000] {w3c.py:178} WARNING - calling Clean u_ex100526.log
[2024-04-11T17:27:01.757+0000] {logging_mixin.py:188} INFO - Cleaning  u_ex100526.log
[2024-04-11T17:27:01.757+0000] {w3c.py:135} WARNING - Cleaning u_ex100526.log
[2024-04-11T17:27:01.757+0000] {logging_mixin.py:188} INFO - sort -u /opt/***/data/Staging/DimIP.txt > /opt/***/data/Staging/DimIPUniq.txt
[2024-04-11T17:27:01.760+0000] {w3c.py:178} WARNING - calling Clean u_ex091207.log
[2024-04-11T17:27:01.760+0000] {logging_mixin.py:188} INFO - Cleaning  u_ex091207.log
[2024-04-11T17:27:01.760+0000] {w3c.py:135} WARNING - Cleaning u_ex091207.log
[2024-04-11T17:27:01.761+0000] {logging_mixin.py:188} INFO - sort -u /opt/***/data/Staging/DimIP.txt > /opt/***/data/Staging/DimIPUniq.txt
[2024-04-11T17:27:01.767+0000] {w3c.py:178} WARNING - calling Clean u_ex100923.log
[2024-04-11T17:27:01.767+0000] {logging_mixin.py:188} INFO - Cleaning  u_ex100923.log
[2024-04-11T17:27:01.767+0000] {w3c.py:135} WARNING - Cleaning u_ex100923.log
[2024-04-11T17:27:01.767+0000] {logging_mixin.py:188} INFO - sort -u /opt/***/data/Staging/DimIP.txt > /opt/***/data/Staging/DimIPUniq.txt
[2024-04-11T17:27:01.773+0000] {w3c.py:178} WARNING - calling Clean u_ex110119.log
[2024-04-11T17:27:01.773+0000] {logging_mixin.py:188} INFO - Cleaning  u_ex110119.log
[2024-04-11T17:27:01.773+0000] {w3c.py:135} WARNING - Cleaning u_ex110119.log
[2024-04-11T17:27:01.773+0000] {logging_mixin.py:188} INFO - sort -u /opt/***/data/Staging/DimIP.txt > /opt/***/data/Staging/DimIPUniq.txt
[2024-04-11T17:27:01.778+0000] {w3c.py:178} WARNING - calling Clean u_ex110424.log
[2024-04-11T17:27:01.779+0000] {logging_mixin.py:188} INFO - Cleaning  u_ex110424.log
[2024-04-11T17:27:01.779+0000] {w3c.py:135} WARNING - Cleaning u_ex110424.log
[2024-04-11T17:27:01.779+0000] {logging_mixin.py:188} INFO - sort -u /opt/***/data/Staging/DimIP.txt > /opt/***/data/Staging/DimIPUniq.txt
[2024-04-11T17:27:01.782+0000] {w3c.py:178} WARNING - calling Clean u_ex100619.log
[2024-04-11T17:27:01.783+0000] {logging_mixin.py:188} INFO - Cleaning  u_ex100619.log
[2024-04-11T17:27:01.783+0000] {w3c.py:135} WARNING - Cleaning u_ex100619.log
[2024-04-11T17:27:01.783+0000] {logging_mixin.py:188} INFO - sort -u /opt/***/data/Staging/DimIP.txt > /opt/***/data/Staging/DimIPUniq.txt
[2024-04-11T17:27:01.785+0000] {w3c.py:178} WARNING - calling Clean u_ex100714.log
[2024-04-11T17:27:01.785+0000] {logging_mixin.py:188} INFO - Cleaning  u_ex100714.log
[2024-04-11T17:27:01.786+0000] {w3c.py:135} WARNING - Cleaning u_ex100714.log
[2024-04-11T17:27:01.786+0000] {logging_mixin.py:188} INFO - sort -u /opt/***/data/Staging/DimIP.txt > /opt/***/data/Staging/DimIPUniq.txt
[2024-04-11T17:27:01.789+0000] {w3c.py:178} WARNING - calling Clean u_ex100106.log
[2024-04-11T17:27:01.789+0000] {logging_mixin.py:188} INFO - Cleaning  u_ex100106.log
[2024-04-11T17:27:01.790+0000] {w3c.py:135} WARNING - Cleaning u_ex100106.log
[2024-04-11T17:27:01.790+0000] {logging_mixin.py:188} INFO - sort -u /opt/***/data/Staging/DimIP.txt > /opt/***/data/Staging/DimIPUniq.txt
[2024-04-11T17:27:01.801+0000] {w3c.py:178} WARNING - calling Clean u_ex091024.log
[2024-04-11T17:27:01.801+0000] {logging_mixin.py:188} INFO - Cleaning  u_ex091024.log
[2024-04-11T17:27:01.801+0000] {w3c.py:135} WARNING - Cleaning u_ex091024.log
[2024-04-11T17:27:01.802+0000] {logging_mixin.py:188} INFO - sort -u /opt/***/data/Staging/DimIP.txt > /opt/***/data/Staging/DimIPUniq.txt
[2024-04-11T17:27:01.802+0000] {w3c.py:178} WARNING - calling Clean u_ex101020.log
[2024-04-11T17:27:01.802+0000] {logging_mixin.py:188} INFO - Cleaning  u_ex101020.log
[2024-04-11T17:27:01.802+0000] {w3c.py:135} WARNING - Cleaning u_ex101020.log
[2024-04-11T17:27:01.803+0000] {logging_mixin.py:188} INFO - sort -u /opt/***/data/Staging/DimIP.txt > /opt/***/data/Staging/DimIPUniq.txt
[2024-04-11T17:27:01.806+0000] {w3c.py:178} WARNING - calling Clean u_ex110205.log
[2024-04-11T17:27:01.807+0000] {logging_mixin.py:188} INFO - Cleaning  u_ex110205.log
[2024-04-11T17:27:01.807+0000] {w3c.py:135} WARNING - Cleaning u_ex110205.log
[2024-04-11T17:27:01.807+0000] {logging_mixin.py:188} INFO - sort -u /opt/***/data/Staging/DimIP.txt > /opt/***/data/Staging/DimIPUniq.txt
[2024-04-11T17:27:01.809+0000] {w3c.py:178} WARNING - calling Clean u_ex100809.log
[2024-04-11T17:27:01.809+0000] {logging_mixin.py:188} INFO - Cleaning  u_ex100809.log
[2024-04-11T17:27:01.810+0000] {w3c.py:135} WARNING - Cleaning u_ex100809.log
[2024-04-11T17:27:01.810+0000] {logging_mixin.py:188} INFO - sort -u /opt/***/data/Staging/DimIP.txt > /opt/***/data/Staging/DimIPUniq.txt
[2024-04-11T17:27:01.815+0000] {w3c.py:178} WARNING - calling Clean u_ex091106.log
[2024-04-11T17:27:01.815+0000] {logging_mixin.py:188} INFO - Cleaning  u_ex091106.log
[2024-04-11T17:27:01.815+0000] {w3c.py:135} WARNING - Cleaning u_ex091106.log
[2024-04-11T17:27:01.816+0000] {logging_mixin.py:188} INFO - sort -u /opt/***/data/Staging/DimIP.txt > /opt/***/data/Staging/DimIPUniq.txt
[2024-04-11T17:27:01.817+0000] {w3c.py:178} WARNING - calling Clean u_ex091211.log
[2024-04-11T17:27:01.817+0000] {logging_mixin.py:188} INFO - Cleaning  u_ex091211.log
[2024-04-11T17:27:01.817+0000] {w3c.py:135} WARNING - Cleaning u_ex091211.log
[2024-04-11T17:27:01.817+0000] {logging_mixin.py:188} INFO - sort -u /opt/***/data/Staging/DimIP.txt > /opt/***/data/Staging/DimIPUniq.txt
[2024-04-11T17:27:01.819+0000] {w3c.py:178} WARNING - calling Clean u_ex100322.log
[2024-04-11T17:27:01.820+0000] {logging_mixin.py:188} INFO - Cleaning  u_ex100322.log
[2024-04-11T17:27:01.820+0000] {w3c.py:135} WARNING - Cleaning u_ex100322.log
[2024-04-11T17:27:01.820+0000] {logging_mixin.py:188} INFO - sort -u /opt/***/data/Staging/DimIP.txt > /opt/***/data/Staging/DimIPUniq.txt
[2024-04-11T17:27:01.824+0000] {w3c.py:178} WARNING - calling Clean u_ex100117.log
[2024-04-11T17:27:01.824+0000] {logging_mixin.py:188} INFO - Cleaning  u_ex100117.log
[2024-04-11T17:27:01.825+0000] {w3c.py:135} WARNING - Cleaning u_ex100117.log
[2024-04-11T17:27:01.825+0000] {logging_mixin.py:188} INFO - sort -u /opt/***/data/Staging/DimIP.txt > /opt/***/data/Staging/DimIPUniq.txt
[2024-04-11T17:27:01.830+0000] {w3c.py:178} WARNING - calling Clean u_ex101225.log
[2024-04-11T17:27:01.830+0000] {logging_mixin.py:188} INFO - Cleaning  u_ex101225.log
[2024-04-11T17:27:01.830+0000] {w3c.py:135} WARNING - Cleaning u_ex101225.log
[2024-04-11T17:27:01.831+0000] {logging_mixin.py:188} INFO - sort -u /opt/***/data/Staging/DimIP.txt > /opt/***/data/Staging/DimIPUniq.txt
[2024-04-11T17:27:01.833+0000] {w3c.py:178} WARNING - calling Clean u_ex100424.log
[2024-04-11T17:27:01.833+0000] {logging_mixin.py:188} INFO - Cleaning  u_ex100424.log
[2024-04-11T17:27:01.833+0000] {w3c.py:135} WARNING - Cleaning u_ex100424.log
[2024-04-11T17:27:01.833+0000] {logging_mixin.py:188} INFO - sort -u /opt/***/data/Staging/DimIP.txt > /opt/***/data/Staging/DimIPUniq.txt
[2024-04-11T17:27:01.835+0000] {w3c.py:178} WARNING - calling Clean u_ex091102.log
[2024-04-11T17:27:01.836+0000] {logging_mixin.py:188} INFO - Cleaning  u_ex091102.log
[2024-04-11T17:27:01.836+0000] {w3c.py:135} WARNING - Cleaning u_ex091102.log
[2024-04-11T17:27:01.836+0000] {logging_mixin.py:188} INFO - sort -u /opt/***/data/Staging/DimIP.txt > /opt/***/data/Staging/DimIPUniq.txt
[2024-04-11T17:27:01.843+0000] {w3c.py:178} WARNING - calling Clean u_ex091123.log
[2024-04-11T17:27:01.844+0000] {logging_mixin.py:188} INFO - Cleaning  u_ex091123.log
[2024-04-11T17:27:01.844+0000] {w3c.py:135} WARNING - Cleaning u_ex091123.log
[2024-04-11T17:27:01.844+0000] {logging_mixin.py:188} INFO - sort -u /opt/***/data/Staging/DimIP.txt > /opt/***/data/Staging/DimIPUniq.txt
[2024-04-11T17:27:01.848+0000] {w3c.py:178} WARNING - calling Clean u_ex100629.log
[2024-04-11T17:27:01.848+0000] {logging_mixin.py:188} INFO - Cleaning  u_ex100629.log
[2024-04-11T17:27:01.848+0000] {w3c.py:135} WARNING - Cleaning u_ex100629.log
[2024-04-11T17:27:01.849+0000] {logging_mixin.py:188} INFO - sort -u /opt/***/data/Staging/DimIP.txt > /opt/***/data/Staging/DimIPUniq.txt
[2024-04-11T17:27:01.851+0000] {w3c.py:178} WARNING - calling Clean u_ex100612.log
[2024-04-11T17:27:01.851+0000] {logging_mixin.py:188} INFO - Cleaning  u_ex100612.log
[2024-04-11T17:27:01.851+0000] {w3c.py:135} WARNING - Cleaning u_ex100612.log
[2024-04-11T17:27:01.852+0000] {logging_mixin.py:188} INFO - sort -u /opt/***/data/Staging/DimIP.txt > /opt/***/data/Staging/DimIPUniq.txt
[2024-04-11T17:27:01.854+0000] {w3c.py:178} WARNING - calling Clean u_ex100912.log
[2024-04-11T17:27:01.854+0000] {logging_mixin.py:188} INFO - Cleaning  u_ex100912.log
[2024-04-11T17:27:01.855+0000] {w3c.py:135} WARNING - Cleaning u_ex100912.log
[2024-04-11T17:27:01.855+0000] {logging_mixin.py:188} INFO - sort -u /opt/***/data/Staging/DimIP.txt > /opt/***/data/Staging/DimIPUniq.txt
[2024-04-11T17:27:01.858+0000] {w3c.py:178} WARNING - calling Clean u_ex101215.log
[2024-04-11T17:27:01.859+0000] {logging_mixin.py:188} INFO - Cleaning  u_ex101215.log
[2024-04-11T17:27:01.859+0000] {w3c.py:135} WARNING - Cleaning u_ex101215.log
[2024-04-11T17:27:01.859+0000] {logging_mixin.py:188} INFO - sort -u /opt/***/data/Staging/DimIP.txt > /opt/***/data/Staging/DimIPUniq.txt
[2024-04-11T17:27:01.863+0000] {w3c.py:178} WARNING - calling Clean u_ex100131.log
[2024-04-11T17:27:01.863+0000] {logging_mixin.py:188} INFO - Cleaning  u_ex100131.log
[2024-04-11T17:27:01.863+0000] {w3c.py:135} WARNING - Cleaning u_ex100131.log
[2024-04-11T17:27:01.863+0000] {logging_mixin.py:188} INFO - sort -u /opt/***/data/Staging/DimIP.txt > /opt/***/data/Staging/DimIPUniq.txt
[2024-04-11T17:27:01.867+0000] {w3c.py:178} WARNING - calling Clean u_ex101223.log
[2024-04-11T17:27:01.868+0000] {logging_mixin.py:188} INFO - Cleaning  u_ex101223.log
[2024-04-11T17:27:01.868+0000] {w3c.py:135} WARNING - Cleaning u_ex101223.log
[2024-04-11T17:27:01.868+0000] {logging_mixin.py:188} INFO - sort -u /opt/***/data/Staging/DimIP.txt > /opt/***/data/Staging/DimIPUniq.txt
[2024-04-11T17:27:01.871+0000] {w3c.py:178} WARNING - calling Clean u_ex110427.log
[2024-04-11T17:27:01.871+0000] {logging_mixin.py:188} INFO - Cleaning  u_ex110427.log
[2024-04-11T17:27:01.871+0000] {w3c.py:135} WARNING - Cleaning u_ex110427.log
[2024-04-11T17:27:01.872+0000] {logging_mixin.py:188} INFO - sort -u /opt/***/data/Staging/DimIP.txt > /opt/***/data/Staging/DimIPUniq.txt
[2024-04-11T17:27:01.876+0000] {w3c.py:178} WARNING - calling Clean u_ex101008.log
[2024-04-11T17:27:01.876+0000] {logging_mixin.py:188} INFO - Cleaning  u_ex101008.log
[2024-04-11T17:27:01.877+0000] {w3c.py:135} WARNING - Cleaning u_ex101008.log
[2024-04-11T17:27:01.877+0000] {logging_mixin.py:188} INFO - sort -u /opt/***/data/Staging/DimIP.txt > /opt/***/data/Staging/DimIPUniq.txt
[2024-04-11T17:27:01.883+0000] {w3c.py:178} WARNING - calling Clean u_ex100423.log
[2024-04-11T17:27:01.883+0000] {logging_mixin.py:188} INFO - Cleaning  u_ex100423.log
[2024-04-11T17:27:01.883+0000] {w3c.py:135} WARNING - Cleaning u_ex100423.log
[2024-04-11T17:27:01.883+0000] {logging_mixin.py:188} INFO - sort -u /opt/***/data/Staging/DimIP.txt > /opt/***/data/Staging/DimIPUniq.txt
[2024-04-11T17:27:01.888+0000] {w3c.py:178} WARNING - calling Clean u_ex100808.log
[2024-04-11T17:27:01.888+0000] {logging_mixin.py:188} INFO - Cleaning  u_ex100808.log
[2024-04-11T17:27:01.888+0000] {w3c.py:135} WARNING - Cleaning u_ex100808.log
[2024-04-11T17:27:01.888+0000] {logging_mixin.py:188} INFO - sort -u /opt/***/data/Staging/DimIP.txt > /opt/***/data/Staging/DimIPUniq.txt
[2024-04-11T17:27:01.890+0000] {w3c.py:178} WARNING - calling Clean u_ex100519.log
[2024-04-11T17:27:01.890+0000] {logging_mixin.py:188} INFO - Cleaning  u_ex100519.log
[2024-04-11T17:27:01.891+0000] {w3c.py:135} WARNING - Cleaning u_ex100519.log
[2024-04-11T17:27:01.891+0000] {logging_mixin.py:188} INFO - sort -u /opt/***/data/Staging/DimIP.txt > /opt/***/data/Staging/DimIPUniq.txt
[2024-04-11T17:27:01.894+0000] {w3c.py:178} WARNING - calling Clean u_ex091213.log
[2024-04-11T17:27:01.894+0000] {logging_mixin.py:188} INFO - Cleaning  u_ex091213.log
[2024-04-11T17:27:01.894+0000] {w3c.py:135} WARNING - Cleaning u_ex091213.log
[2024-04-11T17:27:01.894+0000] {logging_mixin.py:188} INFO - sort -u /opt/***/data/Staging/DimIP.txt > /opt/***/data/Staging/DimIPUniq.txt
[2024-04-11T17:27:01.897+0000] {w3c.py:178} WARNING - calling Clean u_ex101202.log
[2024-04-11T17:27:01.898+0000] {logging_mixin.py:188} INFO - Cleaning  u_ex101202.log
[2024-04-11T17:27:01.898+0000] {w3c.py:135} WARNING - Cleaning u_ex101202.log
[2024-04-11T17:27:01.898+0000] {logging_mixin.py:188} INFO - sort -u /opt/***/data/Staging/DimIP.txt > /opt/***/data/Staging/DimIPUniq.txt
[2024-04-11T17:27:01.900+0000] {w3c.py:178} WARNING - calling Clean u_ex100718.log
[2024-04-11T17:27:01.901+0000] {logging_mixin.py:188} INFO - Cleaning  u_ex100718.log
[2024-04-11T17:27:01.901+0000] {w3c.py:135} WARNING - Cleaning u_ex100718.log
[2024-04-11T17:27:01.901+0000] {logging_mixin.py:188} INFO - sort -u /opt/***/data/Staging/DimIP.txt > /opt/***/data/Staging/DimIPUniq.txt
[2024-04-11T17:27:01.905+0000] {w3c.py:178} WARNING - calling Clean u_ex100314.log
[2024-04-11T17:27:01.905+0000] {logging_mixin.py:188} INFO - Cleaning  u_ex100314.log
[2024-04-11T17:27:01.906+0000] {w3c.py:135} WARNING - Cleaning u_ex100314.log
[2024-04-11T17:27:01.906+0000] {logging_mixin.py:188} INFO - sort -u /opt/***/data/Staging/DimIP.txt > /opt/***/data/Staging/DimIPUniq.txt
[2024-04-11T17:27:01.910+0000] {w3c.py:178} WARNING - calling Clean u_ex100425.log
[2024-04-11T17:27:01.910+0000] {logging_mixin.py:188} INFO - Cleaning  u_ex100425.log
[2024-04-11T17:27:01.910+0000] {w3c.py:135} WARNING - Cleaning u_ex100425.log
[2024-04-11T17:27:01.910+0000] {logging_mixin.py:188} INFO - sort -u /opt/***/data/Staging/DimIP.txt > /opt/***/data/Staging/DimIPUniq.txt
[2024-04-11T17:27:01.913+0000] {w3c.py:178} WARNING - calling Clean u_ex100304.log
[2024-04-11T17:27:01.914+0000] {logging_mixin.py:188} INFO - Cleaning  u_ex100304.log
[2024-04-11T17:27:01.914+0000] {w3c.py:135} WARNING - Cleaning u_ex100304.log
[2024-04-11T17:27:01.914+0000] {logging_mixin.py:188} INFO - sort -u /opt/***/data/Staging/DimIP.txt > /opt/***/data/Staging/DimIPUniq.txt
[2024-04-11T17:27:01.917+0000] {w3c.py:178} WARNING - calling Clean u_ex100419.log
[2024-04-11T17:27:01.918+0000] {logging_mixin.py:188} INFO - Cleaning  u_ex100419.log
[2024-04-11T17:27:01.918+0000] {w3c.py:135} WARNING - Cleaning u_ex100419.log
[2024-04-11T17:27:01.918+0000] {logging_mixin.py:188} INFO - sort -u /opt/***/data/Staging/DimIP.txt > /opt/***/data/Staging/DimIPUniq.txt
[2024-04-11T17:27:01.922+0000] {w3c.py:178} WARNING - calling Clean u_ex101023.log
[2024-04-11T17:27:01.922+0000] {logging_mixin.py:188} INFO - Cleaning  u_ex101023.log
[2024-04-11T17:27:01.922+0000] {w3c.py:135} WARNING - Cleaning u_ex101023.log
[2024-04-11T17:27:01.922+0000] {logging_mixin.py:188} INFO - sort -u /opt/***/data/Staging/DimIP.txt > /opt/***/data/Staging/DimIPUniq.txt
[2024-04-11T17:27:01.927+0000] {w3c.py:178} WARNING - calling Clean u_ex101025.log
[2024-04-11T17:27:01.928+0000] {logging_mixin.py:188} INFO - Cleaning  u_ex101025.log
[2024-04-11T17:27:01.928+0000] {w3c.py:135} WARNING - Cleaning u_ex101025.log
[2024-04-11T17:27:01.928+0000] {logging_mixin.py:188} INFO - sort -u /opt/***/data/Staging/DimIP.txt > /opt/***/data/Staging/DimIPUniq.txt
[2024-04-11T17:27:01.932+0000] {w3c.py:178} WARNING - calling Clean u_ex101101.log
[2024-04-11T17:27:01.932+0000] {logging_mixin.py:188} INFO - Cleaning  u_ex101101.log
[2024-04-11T17:27:01.932+0000] {w3c.py:135} WARNING - Cleaning u_ex101101.log
[2024-04-11T17:27:01.932+0000] {logging_mixin.py:188} INFO - sort -u /opt/***/data/Staging/DimIP.txt > /opt/***/data/Staging/DimIPUniq.txt
[2024-04-11T17:27:01.938+0000] {w3c.py:178} WARNING - calling Clean u_ex100906.log
[2024-04-11T17:27:01.938+0000] {logging_mixin.py:188} INFO - Cleaning  u_ex100906.log
[2024-04-11T17:27:01.938+0000] {w3c.py:135} WARNING - Cleaning u_ex100906.log
[2024-04-11T17:27:01.938+0000] {logging_mixin.py:188} INFO - sort -u /opt/***/data/Staging/DimIP.txt > /opt/***/data/Staging/DimIPUniq.txt
[2024-04-11T17:27:01.941+0000] {w3c.py:178} WARNING - calling Clean u_ex101113.log
[2024-04-11T17:27:01.941+0000] {logging_mixin.py:188} INFO - Cleaning  u_ex101113.log
[2024-04-11T17:27:01.941+0000] {w3c.py:135} WARNING - Cleaning u_ex101113.log
[2024-04-11T17:27:01.941+0000] {logging_mixin.py:188} INFO - sort -u /opt/***/data/Staging/DimIP.txt > /opt/***/data/Staging/DimIPUniq.txt
[2024-04-11T17:27:01.944+0000] {w3c.py:178} WARNING - calling Clean u_ex100924.log
[2024-04-11T17:27:01.945+0000] {logging_mixin.py:188} INFO - Cleaning  u_ex100924.log
[2024-04-11T17:27:01.945+0000] {w3c.py:135} WARNING - Cleaning u_ex100924.log
[2024-04-11T17:27:01.945+0000] {logging_mixin.py:188} INFO - sort -u /opt/***/data/Staging/DimIP.txt > /opt/***/data/Staging/DimIPUniq.txt
[2024-04-11T17:27:01.948+0000] {w3c.py:178} WARNING - calling Clean u_ex101118.log
[2024-04-11T17:27:01.949+0000] {logging_mixin.py:188} INFO - Cleaning  u_ex101118.log
[2024-04-11T17:27:01.949+0000] {w3c.py:135} WARNING - Cleaning u_ex101118.log
[2024-04-11T17:27:01.949+0000] {logging_mixin.py:188} INFO - sort -u /opt/***/data/Staging/DimIP.txt > /opt/***/data/Staging/DimIPUniq.txt
[2024-04-11T17:27:01.953+0000] {w3c.py:178} WARNING - calling Clean u_ex091130.log
[2024-04-11T17:27:01.954+0000] {logging_mixin.py:188} INFO - Cleaning  u_ex091130.log
[2024-04-11T17:27:01.955+0000] {w3c.py:135} WARNING - Cleaning u_ex091130.log
[2024-04-11T17:27:01.955+0000] {logging_mixin.py:188} INFO - sort -u /opt/***/data/Staging/DimIP.txt > /opt/***/data/Staging/DimIPUniq.txt
[2024-04-11T17:27:01.961+0000] {logging_mixin.py:188} INFO - Fault 26
[2024-04-11T17:27:01.968+0000] {logging_mixin.py:188} INFO - Fault 10
[2024-04-11T17:27:01.973+0000] {logging_mixin.py:188} INFO - Fault 6
[2024-04-11T17:27:01.974+0000] {w3c.py:178} WARNING - calling Clean u_ex100309.log
[2024-04-11T17:27:01.974+0000] {logging_mixin.py:188} INFO - Cleaning  u_ex100309.log
[2024-04-11T17:27:01.975+0000] {w3c.py:135} WARNING - Cleaning u_ex100309.log
[2024-04-11T17:27:01.975+0000] {logging_mixin.py:188} INFO - sort -u /opt/***/data/Staging/DimIP.txt > /opt/***/data/Staging/DimIPUniq.txt
[2024-04-11T17:27:01.981+0000] {w3c.py:178} WARNING - calling Clean u_ex100725.log
[2024-04-11T17:27:01.982+0000] {logging_mixin.py:188} INFO - Cleaning  u_ex100725.log
[2024-04-11T17:27:01.982+0000] {w3c.py:135} WARNING - Cleaning u_ex100725.log
[2024-04-11T17:27:01.982+0000] {logging_mixin.py:188} INFO - sort -u /opt/***/data/Staging/DimIP.txt > /opt/***/data/Staging/DimIPUniq.txt
[2024-04-11T17:27:01.995+0000] {w3c.py:178} WARNING - calling Clean u_ex091025.log
[2024-04-11T17:27:01.995+0000] {logging_mixin.py:188} INFO - Cleaning  u_ex091025.log
[2024-04-11T17:27:01.995+0000] {w3c.py:135} WARNING - Cleaning u_ex091025.log
[2024-04-11T17:27:01.996+0000] {logging_mixin.py:188} INFO - sort -u /opt/***/data/Staging/DimIP.txt > /opt/***/data/Staging/DimIPUniq.txt
[2024-04-11T17:27:01.997+0000] {w3c.py:178} WARNING - calling Clean u_ex100307.log
[2024-04-11T17:27:01.997+0000] {logging_mixin.py:188} INFO - Cleaning  u_ex100307.log
[2024-04-11T17:27:01.998+0000] {w3c.py:135} WARNING - Cleaning u_ex100307.log
[2024-04-11T17:27:01.998+0000] {logging_mixin.py:188} INFO - sort -u /opt/***/data/Staging/DimIP.txt > /opt/***/data/Staging/DimIPUniq.txt
[2024-04-11T17:27:02.002+0000] {w3c.py:178} WARNING - calling Clean u_ex110516.log
[2024-04-11T17:27:02.002+0000] {logging_mixin.py:188} INFO - Cleaning  u_ex110516.log
[2024-04-11T17:27:02.003+0000] {w3c.py:135} WARNING - Cleaning u_ex110516.log
[2024-04-11T17:27:02.007+0000] {logging_mixin.py:188} INFO - sort -u /opt/***/data/Staging/DimIP.txt > /opt/***/data/Staging/DimIPUniq.txt
[2024-04-11T17:27:02.015+0000] {w3c.py:178} WARNING - calling Clean u_ex100628.log
[2024-04-11T17:27:02.015+0000] {logging_mixin.py:188} INFO - Cleaning  u_ex100628.log
[2024-04-11T17:27:02.015+0000] {w3c.py:135} WARNING - Cleaning u_ex100628.log
[2024-04-11T17:27:02.016+0000] {logging_mixin.py:188} INFO - sort -u /opt/***/data/Staging/DimIP.txt > /opt/***/data/Staging/DimIPUniq.txt
[2024-04-11T17:27:02.024+0000] {w3c.py:178} WARNING - calling Clean u_ex100406.log
[2024-04-11T17:27:02.025+0000] {logging_mixin.py:188} INFO - Cleaning  u_ex100406.log
[2024-04-11T17:27:02.025+0000] {w3c.py:135} WARNING - Cleaning u_ex100406.log
[2024-04-11T17:27:02.026+0000] {logging_mixin.py:188} INFO - sort -u /opt/***/data/Staging/DimIP.txt > /opt/***/data/Staging/DimIPUniq.txt
[2024-04-11T17:27:02.035+0000] {w3c.py:178} WARNING - calling Clean u_ex100221.log
[2024-04-11T17:27:02.036+0000] {logging_mixin.py:188} INFO - Cleaning  u_ex100221.log
[2024-04-11T17:27:02.036+0000] {w3c.py:135} WARNING - Cleaning u_ex100221.log
[2024-04-11T17:27:02.037+0000] {logging_mixin.py:188} INFO - sort -u /opt/***/data/Staging/DimIP.txt > /opt/***/data/Staging/DimIPUniq.txt
[2024-04-11T17:27:02.041+0000] {w3c.py:178} WARNING - calling Clean u_ex100113.log
[2024-04-11T17:27:02.041+0000] {logging_mixin.py:188} INFO - Cleaning  u_ex100113.log
[2024-04-11T17:27:02.042+0000] {w3c.py:135} WARNING - Cleaning u_ex100113.log
[2024-04-11T17:27:02.042+0000] {logging_mixin.py:188} INFO - sort -u /opt/***/data/Staging/DimIP.txt > /opt/***/data/Staging/DimIPUniq.txt
[2024-04-11T17:27:02.058+0000] {w3c.py:178} WARNING - calling Clean u_ex101212.log
[2024-04-11T17:27:02.059+0000] {logging_mixin.py:188} INFO - Cleaning  u_ex101212.log
[2024-04-11T17:27:02.060+0000] {w3c.py:135} WARNING - Cleaning u_ex101212.log
[2024-04-11T17:27:02.060+0000] {logging_mixin.py:188} INFO - sort -u /opt/***/data/Staging/DimIP.txt > /opt/***/data/Staging/DimIPUniq.txt
[2024-04-11T17:27:02.069+0000] {w3c.py:178} WARNING - calling Clean u_ex100302.log
[2024-04-11T17:27:02.069+0000] {logging_mixin.py:188} INFO - Cleaning  u_ex100302.log
[2024-04-11T17:27:02.070+0000] {w3c.py:135} WARNING - Cleaning u_ex100302.log
[2024-04-11T17:27:02.070+0000] {logging_mixin.py:188} INFO - sort -u /opt/***/data/Staging/DimIP.txt > /opt/***/data/Staging/DimIPUniq.txt
[2024-04-11T17:27:02.080+0000] {w3c.py:178} WARNING - calling Clean u_ex100630.log
[2024-04-11T17:27:02.081+0000] {logging_mixin.py:188} INFO - Cleaning  u_ex100630.log
[2024-04-11T17:27:02.081+0000] {w3c.py:135} WARNING - Cleaning u_ex100630.log
[2024-04-11T17:27:02.082+0000] {logging_mixin.py:188} INFO - sort -u /opt/***/data/Staging/DimIP.txt > /opt/***/data/Staging/DimIPUniq.txt
[2024-04-11T17:27:02.086+0000] {w3c.py:178} WARNING - calling Clean u_ex100615.log
[2024-04-11T17:27:02.086+0000] {logging_mixin.py:188} INFO - Cleaning  u_ex100615.log
[2024-04-11T17:27:02.086+0000] {w3c.py:135} WARNING - Cleaning u_ex100615.log
[2024-04-11T17:27:02.087+0000] {logging_mixin.py:188} INFO - sort -u /opt/***/data/Staging/DimIP.txt > /opt/***/data/Staging/DimIPUniq.txt
[2024-04-11T17:27:02.090+0000] {w3c.py:178} WARNING - calling Clean u_ex091120.log
[2024-04-11T17:27:02.091+0000] {logging_mixin.py:188} INFO - Cleaning  u_ex091120.log
[2024-04-11T17:27:02.091+0000] {w3c.py:135} WARNING - Cleaning u_ex091120.log
[2024-04-11T17:27:02.091+0000] {logging_mixin.py:188} INFO - sort -u /opt/***/data/Staging/DimIP.txt > /opt/***/data/Staging/DimIPUniq.txt
[2024-04-11T17:27:02.095+0000] {w3c.py:178} WARNING - calling Clean u_ex110504.log
[2024-04-11T17:27:02.096+0000] {logging_mixin.py:188} INFO - Cleaning  u_ex110504.log
[2024-04-11T17:27:02.096+0000] {w3c.py:135} WARNING - Cleaning u_ex110504.log
[2024-04-11T17:27:02.096+0000] {logging_mixin.py:188} INFO - sort -u /opt/***/data/Staging/DimIP.txt > /opt/***/data/Staging/DimIPUniq.txt
[2024-04-11T17:27:02.103+0000] {w3c.py:178} WARNING - calling Clean u_ex100622.log
[2024-04-11T17:27:02.104+0000] {logging_mixin.py:188} INFO - Cleaning  u_ex100622.log
[2024-04-11T17:27:02.104+0000] {w3c.py:135} WARNING - Cleaning u_ex100622.log
[2024-04-11T17:27:02.104+0000] {logging_mixin.py:188} INFO - sort -u /opt/***/data/Staging/DimIP.txt > /opt/***/data/Staging/DimIPUniq.txt
[2024-04-11T17:27:02.109+0000] {w3c.py:178} WARNING - calling Clean u_ex100801.log
[2024-04-11T17:27:02.110+0000] {logging_mixin.py:188} INFO - Cleaning  u_ex100801.log
[2024-04-11T17:27:02.110+0000] {w3c.py:135} WARNING - Cleaning u_ex100801.log
[2024-04-11T17:27:02.110+0000] {logging_mixin.py:188} INFO - sort -u /opt/***/data/Staging/DimIP.txt > /opt/***/data/Staging/DimIPUniq.txt
[2024-04-11T17:27:02.114+0000] {w3c.py:178} WARNING - calling Clean u_ex110407.log
[2024-04-11T17:27:02.114+0000] {logging_mixin.py:188} INFO - Cleaning  u_ex110407.log
[2024-04-11T17:27:02.115+0000] {w3c.py:135} WARNING - Cleaning u_ex110407.log
[2024-04-11T17:27:02.115+0000] {logging_mixin.py:188} INFO - sort -u /opt/***/data/Staging/DimIP.txt > /opt/***/data/Staging/DimIPUniq.txt
[2024-04-11T17:27:02.124+0000] {w3c.py:178} WARNING - calling Clean u_ex100926.log
[2024-04-11T17:27:02.124+0000] {logging_mixin.py:188} INFO - Cleaning  u_ex100926.log
[2024-04-11T17:27:02.124+0000] {w3c.py:135} WARNING - Cleaning u_ex100926.log
[2024-04-11T17:27:02.125+0000] {logging_mixin.py:188} INFO - sort -u /opt/***/data/Staging/DimIP.txt > /opt/***/data/Staging/DimIPUniq.txt
[2024-04-11T17:27:02.130+0000] {w3c.py:178} WARNING - calling Clean u_ex100422.log
[2024-04-11T17:27:02.130+0000] {logging_mixin.py:188} INFO - Cleaning  u_ex100422.log
[2024-04-11T17:27:02.131+0000] {w3c.py:135} WARNING - Cleaning u_ex100422.log
[2024-04-11T17:27:02.131+0000] {logging_mixin.py:188} INFO - sort -u /opt/***/data/Staging/DimIP.txt > /opt/***/data/Staging/DimIPUniq.txt
[2024-04-11T17:27:02.138+0000] {w3c.py:178} WARNING - calling Clean u_ex101111.log
[2024-04-11T17:27:02.138+0000] {logging_mixin.py:188} INFO - Cleaning  u_ex101111.log
[2024-04-11T17:27:02.139+0000] {w3c.py:135} WARNING - Cleaning u_ex101111.log
[2024-04-11T17:27:02.139+0000] {logging_mixin.py:188} INFO - sort -u /opt/***/data/Staging/DimIP.txt > /opt/***/data/Staging/DimIPUniq.txt
[2024-04-11T17:27:02.146+0000] {w3c.py:178} WARNING - calling Clean u_ex100705.log
[2024-04-11T17:27:02.146+0000] {logging_mixin.py:188} INFO - Cleaning  u_ex100705.log
[2024-04-11T17:27:02.147+0000] {w3c.py:135} WARNING - Cleaning u_ex100705.log
[2024-04-11T17:27:02.147+0000] {logging_mixin.py:188} INFO - sort -u /opt/***/data/Staging/DimIP.txt > /opt/***/data/Staging/DimIPUniq.txt
[2024-04-11T17:27:02.151+0000] {w3c.py:178} WARNING - calling Clean u_ex100112.log
[2024-04-11T17:27:02.152+0000] {logging_mixin.py:188} INFO - Cleaning  u_ex100112.log
[2024-04-11T17:27:02.152+0000] {w3c.py:135} WARNING - Cleaning u_ex100112.log
[2024-04-11T17:27:02.155+0000] {logging_mixin.py:188} INFO - sort -u /opt/***/data/Staging/DimIP.txt > /opt/***/data/Staging/DimIPUniq.txt
[2024-04-11T17:27:02.170+0000] {w3c.py:178} WARNING - calling Clean u_ex101027.log
[2024-04-11T17:27:02.172+0000] {logging_mixin.py:188} INFO - Cleaning  u_ex101027.log
[2024-04-11T17:27:02.172+0000] {w3c.py:135} WARNING - Cleaning u_ex101027.log
[2024-04-11T17:27:02.172+0000] {logging_mixin.py:188} INFO - sort -u /opt/***/data/Staging/DimIP.txt > /opt/***/data/Staging/DimIPUniq.txt
[2024-04-11T17:27:02.184+0000] {python.py:237} INFO - Done. Returned value was: None
[2024-04-11T17:27:02.185+0000] {taskinstance.py:441} INFO - ::group::Post task execution logs
[2024-04-11T17:27:02.203+0000] {taskinstance.py:1205} INFO - Marking task as SUCCESS. dag_id=Process_W3_Data, task_id=RemoveHash, execution_date=20240411T172657, start_date=20240411T172701, end_date=20240411T172702
[2024-04-11T17:27:02.251+0000] {local_task_job_runner.py:240} INFO - Task exited with return code 0
[2024-04-11T17:27:02.318+0000] {taskinstance.py:3482} INFO - 1 downstream tasks scheduled from follow-on schedule check
[2024-04-11T17:27:02.325+0000] {local_task_job_runner.py:222} INFO - ::endgroup::
