[2024-04-11T15:24:23.277+0000] {local_task_job_runner.py:120} INFO - ::group::Pre task execution logs
[2024-04-11T15:24:23.348+0000] {taskinstance.py:2073} INFO - Dependencies all met for dep_context=non-requeueable deps ti=<TaskInstance: Process_W3_Data.BuildDimDate manual__2024-04-11T15:23:47.460351+00:00 [queued]>
[2024-04-11T15:24:23.384+0000] {taskinstance.py:2073} INFO - Dependencies all met for dep_context=requeueable deps ti=<TaskInstance: Process_W3_Data.BuildDimDate manual__2024-04-11T15:23:47.460351+00:00 [queued]>
[2024-04-11T15:24:23.384+0000] {taskinstance.py:2303} INFO - Starting attempt 1 of 1
[2024-04-11T15:24:23.432+0000] {taskinstance.py:2327} INFO - Executing <Task(PythonOperator): BuildDimDate> on 2024-04-11 15:23:47.460351+00:00
[2024-04-11T15:24:23.463+0000] {warnings.py:110} WARNING - /home/***/.local/lib/python3.12/site-packages/***/task/task_runner/standard_task_runner.py:61: DeprecationWarning: This process (pid=21373) is multi-threaded, use of fork() may lead to deadlocks in the child.
  pid = os.fork()

[2024-04-11T15:24:23.466+0000] {standard_task_runner.py:63} INFO - Started process 21377 to run task
[2024-04-11T15:24:23.478+0000] {standard_task_runner.py:90} INFO - Running: ['***', 'tasks', 'run', 'Process_W3_Data', 'BuildDimDate', 'manual__2024-04-11T15:23:47.460351+00:00', '--job-id', '60', '--raw', '--subdir', 'DAGS_FOLDER/w3c.py', '--cfg-path', '/tmp/tmp7vb4jvxu']
[2024-04-11T15:24:23.483+0000] {standard_task_runner.py:91} INFO - Job 60: Subtask BuildDimDate
[2024-04-11T15:24:23.624+0000] {task_command.py:426} INFO - Running <TaskInstance: Process_W3_Data.BuildDimDate manual__2024-04-11T15:23:47.460351+00:00 [running]> on host 426f0b9f9d71
[2024-04-11T15:24:23.964+0000] {taskinstance.py:2644} INFO - Exporting env vars: AIRFLOW_CTX_DAG_OWNER='***' AIRFLOW_CTX_DAG_ID='Process_W3_Data' AIRFLOW_CTX_TASK_ID='BuildDimDate' AIRFLOW_CTX_EXECUTION_DATE='2024-04-11T15:23:47.460351+00:00' AIRFLOW_CTX_TRY_NUMBER='1' AIRFLOW_CTX_DAG_RUN_ID='manual__2024-04-11T15:23:47.460351+00:00'
[2024-04-11T15:24:23.972+0000] {taskinstance.py:430} INFO - ::endgroup::
[2024-04-11T15:24:23.973+0000] {logging_mixin.py:188} INFO - 2009-10-24
[2024-04-11T15:24:23.976+0000] {logging_mixin.py:188} INFO - 2009-10-25
[2024-04-11T15:24:23.977+0000] {logging_mixin.py:188} INFO - 2009-11-02
[2024-04-11T15:24:23.977+0000] {logging_mixin.py:188} INFO - 2009-11-03
[2024-04-11T15:24:23.978+0000] {logging_mixin.py:188} INFO - 2009-11-06
[2024-04-11T15:24:23.978+0000] {logging_mixin.py:188} INFO - 2009-11-20
[2024-04-11T15:24:23.979+0000] {logging_mixin.py:188} INFO - 2009-11-23
[2024-04-11T15:24:23.979+0000] {logging_mixin.py:188} INFO - 2009-11-30
[2024-04-11T15:24:23.979+0000] {logging_mixin.py:188} INFO - 2009-12-07
[2024-04-11T15:24:23.980+0000] {logging_mixin.py:188} INFO - 2009-12-11
[2024-04-11T15:24:23.980+0000] {logging_mixin.py:188} INFO - 2009-12-13
[2024-04-11T15:24:23.981+0000] {logging_mixin.py:188} INFO - 2010-01-04
[2024-04-11T15:24:23.981+0000] {logging_mixin.py:188} INFO - 2010-01-05
[2024-04-11T15:24:23.982+0000] {logging_mixin.py:188} INFO - 2010-01-06
[2024-04-11T15:24:23.985+0000] {logging_mixin.py:188} INFO - 2010-01-12
[2024-04-11T15:24:23.990+0000] {logging_mixin.py:188} INFO - 2010-01-13
[2024-04-11T15:24:23.990+0000] {logging_mixin.py:188} INFO - 2010-01-17
[2024-04-11T15:24:23.991+0000] {logging_mixin.py:188} INFO - 2010-01-31
[2024-04-11T15:24:23.991+0000] {logging_mixin.py:188} INFO - 2010-02-04
[2024-04-11T15:24:23.991+0000] {logging_mixin.py:188} INFO - 2010-02-05
[2024-04-11T15:24:23.992+0000] {logging_mixin.py:188} INFO - 2010-02-21
[2024-04-11T15:24:23.992+0000] {logging_mixin.py:188} INFO - 2010-03-02
[2024-04-11T15:24:23.993+0000] {logging_mixin.py:188} INFO - 2010-03-04
[2024-04-11T15:24:23.993+0000] {logging_mixin.py:188} INFO - 2010-03-07
[2024-04-11T15:24:23.994+0000] {logging_mixin.py:188} INFO - 2010-03-09
[2024-04-11T15:24:23.994+0000] {logging_mixin.py:188} INFO - 2010-03-14
[2024-04-11T15:24:23.994+0000] {logging_mixin.py:188} INFO - 2010-03-15
[2024-04-11T15:24:23.995+0000] {logging_mixin.py:188} INFO - 2010-03-22
[2024-04-11T15:24:24.006+0000] {logging_mixin.py:188} INFO - 2010-04-06
[2024-04-11T15:24:24.007+0000] {logging_mixin.py:188} INFO - 2010-04-19
[2024-04-11T15:24:24.007+0000] {logging_mixin.py:188} INFO - 2010-04-22
[2024-04-11T15:24:24.008+0000] {logging_mixin.py:188} INFO - 2010-04-23
[2024-04-11T15:24:24.008+0000] {logging_mixin.py:188} INFO - 2010-04-24
[2024-04-11T15:24:24.012+0000] {logging_mixin.py:188} INFO - 2010-04-25
[2024-04-11T15:24:24.012+0000] {logging_mixin.py:188} INFO - 2010-04-30
[2024-04-11T15:24:24.013+0000] {logging_mixin.py:188} INFO - 2010-05-19
[2024-04-11T15:24:24.013+0000] {logging_mixin.py:188} INFO - 2010-05-20
[2024-04-11T15:24:24.013+0000] {logging_mixin.py:188} INFO - 2010-05-26
[2024-04-11T15:24:24.014+0000] {logging_mixin.py:188} INFO - 2010-05-28
[2024-04-11T15:24:24.014+0000] {logging_mixin.py:188} INFO - 2010-06-12
[2024-04-11T15:24:24.015+0000] {logging_mixin.py:188} INFO - 2010-06-15
[2024-04-11T15:24:24.015+0000] {logging_mixin.py:188} INFO - 2010-06-19
[2024-04-11T15:24:24.016+0000] {logging_mixin.py:188} INFO - 2010-06-22
[2024-04-11T15:24:24.016+0000] {logging_mixin.py:188} INFO - 2010-06-26
[2024-04-11T15:24:24.017+0000] {logging_mixin.py:188} INFO - 2010-06-28
[2024-04-11T15:24:24.017+0000] {logging_mixin.py:188} INFO - 2010-06-29
[2024-04-11T15:24:24.018+0000] {logging_mixin.py:188} INFO - 2010-06-30
[2024-04-11T15:24:24.018+0000] {logging_mixin.py:188} INFO - 2010-07-05
[2024-04-11T15:24:24.018+0000] {logging_mixin.py:188} INFO - 2010-07-08
[2024-04-11T15:24:24.019+0000] {logging_mixin.py:188} INFO - 2010-07-14
[2024-04-11T15:24:24.019+0000] {logging_mixin.py:188} INFO - 2010-10-31
[2024-04-11T15:24:24.020+0000] {logging_mixin.py:188} INFO - Date
[2024-04-11T15:24:24.020+0000] {logging_mixin.py:188} INFO - Error with Date
[2024-04-11T15:24:24.020+0000] {python.py:237} INFO - Done. Returned value was: None
[2024-04-11T15:24:24.021+0000] {taskinstance.py:441} INFO - ::group::Post task execution logs
[2024-04-11T15:24:24.045+0000] {taskinstance.py:1205} INFO - Marking task as SUCCESS. dag_id=Process_W3_Data, task_id=BuildDimDate, execution_date=20240411T152347, start_date=20240411T152423, end_date=20240411T152424
[2024-04-11T15:24:24.120+0000] {local_task_job_runner.py:240} INFO - Task exited with return code 0
[2024-04-11T15:24:24.169+0000] {taskinstance.py:3482} INFO - 0 downstream tasks scheduled from follow-on schedule check
[2024-04-11T15:24:24.175+0000] {local_task_job_runner.py:222} INFO - ::endgroup::
