[2024-04-13T12:53:33.884+0000] {local_task_job_runner.py:120} INFO - ::group::Pre task execution logs
[2024-04-13T12:53:33.941+0000] {taskinstance.py:2073} INFO - Dependencies all met for dep_context=non-requeueable deps ti=<TaskInstance: Process_W3_Data.RemoveHash manual__2024-04-13T12:53:29.193444+00:00 [queued]>
[2024-04-13T12:53:33.956+0000] {taskinstance.py:2073} INFO - Dependencies all met for dep_context=requeueable deps ti=<TaskInstance: Process_W3_Data.RemoveHash manual__2024-04-13T12:53:29.193444+00:00 [queued]>
[2024-04-13T12:53:33.957+0000] {taskinstance.py:2303} INFO - Starting attempt 1 of 1
[2024-04-13T12:53:33.984+0000] {taskinstance.py:2327} INFO - Executing <Task(PythonOperator): RemoveHash> on 2024-04-13 12:53:29.193444+00:00
[2024-04-13T12:53:34.009+0000] {warnings.py:110} WARNING - /home/***/.local/lib/python3.12/site-packages/***/task/task_runner/standard_task_runner.py:61: DeprecationWarning: This process (pid=56340) is multi-threaded, use of fork() may lead to deadlocks in the child.
  pid = os.fork()

[2024-04-13T12:53:34.016+0000] {standard_task_runner.py:63} INFO - Started process 56342 to run task
[2024-04-13T12:53:34.021+0000] {standard_task_runner.py:90} INFO - Running: ['***', 'tasks', 'run', 'Process_W3_Data', 'RemoveHash', 'manual__2024-04-13T12:53:29.193444+00:00', '--job-id', '260', '--raw', '--subdir', 'DAGS_FOLDER/w3c.py', '--cfg-path', '/tmp/tmp5ssted7x']
[2024-04-13T12:53:34.025+0000] {standard_task_runner.py:91} INFO - Job 260: Subtask RemoveHash
[2024-04-13T12:53:34.157+0000] {task_command.py:426} INFO - Running <TaskInstance: Process_W3_Data.RemoveHash manual__2024-04-13T12:53:29.193444+00:00 [running]> on host 426f0b9f9d71
[2024-04-13T12:53:34.393+0000] {taskinstance.py:2644} INFO - Exporting env vars: AIRFLOW_CTX_DAG_OWNER='***' AIRFLOW_CTX_DAG_ID='Process_W3_Data' AIRFLOW_CTX_TASK_ID='RemoveHash' AIRFLOW_CTX_EXECUTION_DATE='2024-04-13T12:53:29.193444+00:00' AIRFLOW_CTX_TRY_NUMBER='1' AIRFLOW_CTX_DAG_RUN_ID='manual__2024-04-13T12:53:29.193444+00:00'
[2024-04-13T12:53:34.397+0000] {taskinstance.py:430} INFO - ::endgroup::
[2024-04-13T12:53:34.399+0000] {w3c.py:157} WARNING - Starting List Filesu_ex101031.log,u_ex110411.log,u_ex100626.log,u_ex100105.log,u_ex091103.log,u_ex110510.log,u_ex100708.log,u_ex100315.log,u_ex110306.log,u_ex100528.log,u_ex100204.log,u_ex110218.log,u_ex100104.log,u_ex110209.log,u_ex100916.log,u_ex100520.log,u_ex101126.log,u_ex100205.log,u_ex110405.log,u_ex110212.log,u_ex100430.log,u_ex100830.log,u_ex110130.log,u_ex100526.log,u_ex091207.log,u_ex100923.log,u_ex110119.log,u_ex110424.log,u_ex100619.log,u_ex100714.log,u_ex100106.log,u_ex091024.log,u_ex101020.log,u_ex110205.log,u_ex100809.log,u_ex091106.log,u_ex091211.log,u_ex100322.log,u_ex100117.log,u_ex101225.log,u_ex100424.log,u_ex091102.log,u_ex091123.log,u_ex100629.log,u_ex100612.log,u_ex100912.log,u_ex101215.log,u_ex100131.log,u_ex101223.log,u_ex110427.log,u_ex101008.log,u_ex100423.log,u_ex100808.log,u_ex100519.log,u_ex091213.log,u_ex101202.log,u_ex100718.log,u_ex100314.log,u_ex100425.log,u_ex100304.log,u_ex100419.log,u_ex101023.log,u_ex101025.log,u_ex101101.log,u_ex100906.log,u_ex101113.log,u_ex100924.log,u_ex101118.log,u_ex091130.log,u_ex100309.log,u_ex100725.log,u_ex091025.log,u_ex100307.log,u_ex110516.log,u_ex100628.log,u_ex100406.log,u_ex100221.log,u_ex100113.log,u_ex101212.log,u_ex100302.log,u_ex100630.log,u_ex100615.log,u_ex091120.log,u_ex110504.log,u_ex100622.log,u_ex100801.log,u_ex110407.log,u_ex100926.log,u_ex100422.log,u_ex101111.log,u_ex100705.log,u_ex100112.log,u_ex101027.log
[2024-04-13T12:53:34.412+0000] {w3c.py:160} WARNING - calling Clean u_ex101031.log
[2024-04-13T12:53:34.413+0000] {logging_mixin.py:188} INFO - Cleaning  u_ex101031.log
[2024-04-13T12:53:34.413+0000] {w3c.py:117} WARNING - Cleaning u_ex101031.log
[2024-04-13T12:53:34.414+0000] {logging_mixin.py:188} INFO - sort -u /opt/***/data/Staging/DimIP.txt > /opt/***/data/Staging/DimIPUniq.txt
[2024-04-13T12:53:34.425+0000] {w3c.py:160} WARNING - calling Clean u_ex110411.log
[2024-04-13T12:53:34.426+0000] {logging_mixin.py:188} INFO - Cleaning  u_ex110411.log
[2024-04-13T12:53:34.426+0000] {w3c.py:117} WARNING - Cleaning u_ex110411.log
[2024-04-13T12:53:34.426+0000] {logging_mixin.py:188} INFO - sort -u /opt/***/data/Staging/DimIP.txt > /opt/***/data/Staging/DimIPUniq.txt
[2024-04-13T12:53:34.450+0000] {w3c.py:160} WARNING - calling Clean u_ex100626.log
[2024-04-13T12:53:34.450+0000] {logging_mixin.py:188} INFO - Cleaning  u_ex100626.log
[2024-04-13T12:53:34.451+0000] {w3c.py:117} WARNING - Cleaning u_ex100626.log
[2024-04-13T12:53:34.451+0000] {logging_mixin.py:188} INFO - sort -u /opt/***/data/Staging/DimIP.txt > /opt/***/data/Staging/DimIPUniq.txt
[2024-04-13T12:53:34.457+0000] {w3c.py:160} WARNING - calling Clean u_ex100105.log
[2024-04-13T12:53:34.457+0000] {logging_mixin.py:188} INFO - Cleaning  u_ex100105.log
[2024-04-13T12:53:34.458+0000] {w3c.py:117} WARNING - Cleaning u_ex100105.log
[2024-04-13T12:53:34.458+0000] {logging_mixin.py:188} INFO - sort -u /opt/***/data/Staging/DimIP.txt > /opt/***/data/Staging/DimIPUniq.txt
[2024-04-13T12:53:34.466+0000] {w3c.py:160} WARNING - calling Clean u_ex091103.log
[2024-04-13T12:53:34.466+0000] {logging_mixin.py:188} INFO - Cleaning  u_ex091103.log
[2024-04-13T12:53:34.467+0000] {w3c.py:117} WARNING - Cleaning u_ex091103.log
[2024-04-13T12:53:34.467+0000] {logging_mixin.py:188} INFO - sort -u /opt/***/data/Staging/DimIP.txt > /opt/***/data/Staging/DimIPUniq.txt
[2024-04-13T12:53:34.489+0000] {w3c.py:160} WARNING - calling Clean u_ex110510.log
[2024-04-13T12:53:34.490+0000] {logging_mixin.py:188} INFO - Cleaning  u_ex110510.log
[2024-04-13T12:53:34.490+0000] {w3c.py:117} WARNING - Cleaning u_ex110510.log
[2024-04-13T12:53:34.491+0000] {logging_mixin.py:188} INFO - sort -u /opt/***/data/Staging/DimIP.txt > /opt/***/data/Staging/DimIPUniq.txt
[2024-04-13T12:53:34.510+0000] {w3c.py:160} WARNING - calling Clean u_ex100708.log
[2024-04-13T12:53:34.510+0000] {logging_mixin.py:188} INFO - Cleaning  u_ex100708.log
[2024-04-13T12:53:34.510+0000] {w3c.py:117} WARNING - Cleaning u_ex100708.log
[2024-04-13T12:53:34.511+0000] {logging_mixin.py:188} INFO - sort -u /opt/***/data/Staging/DimIP.txt > /opt/***/data/Staging/DimIPUniq.txt
[2024-04-13T12:53:34.522+0000] {w3c.py:160} WARNING - calling Clean u_ex100315.log
[2024-04-13T12:53:34.522+0000] {logging_mixin.py:188} INFO - Cleaning  u_ex100315.log
[2024-04-13T12:53:34.523+0000] {w3c.py:117} WARNING - Cleaning u_ex100315.log
[2024-04-13T12:53:34.523+0000] {logging_mixin.py:188} INFO - sort -u /opt/***/data/Staging/DimIP.txt > /opt/***/data/Staging/DimIPUniq.txt
[2024-04-13T12:53:34.543+0000] {w3c.py:160} WARNING - calling Clean u_ex110306.log
[2024-04-13T12:53:34.543+0000] {logging_mixin.py:188} INFO - Cleaning  u_ex110306.log
[2024-04-13T12:53:34.544+0000] {w3c.py:117} WARNING - Cleaning u_ex110306.log
[2024-04-13T12:53:34.544+0000] {logging_mixin.py:188} INFO - sort -u /opt/***/data/Staging/DimIP.txt > /opt/***/data/Staging/DimIPUniq.txt
[2024-04-13T12:53:34.558+0000] {w3c.py:160} WARNING - calling Clean u_ex100528.log
[2024-04-13T12:53:34.559+0000] {logging_mixin.py:188} INFO - Cleaning  u_ex100528.log
[2024-04-13T12:53:34.560+0000] {w3c.py:117} WARNING - Cleaning u_ex100528.log
[2024-04-13T12:53:34.560+0000] {logging_mixin.py:188} INFO - sort -u /opt/***/data/Staging/DimIP.txt > /opt/***/data/Staging/DimIPUniq.txt
[2024-04-13T12:53:34.571+0000] {w3c.py:160} WARNING - calling Clean u_ex100204.log
[2024-04-13T12:53:34.571+0000] {logging_mixin.py:188} INFO - Cleaning  u_ex100204.log
[2024-04-13T12:53:34.572+0000] {w3c.py:117} WARNING - Cleaning u_ex100204.log
[2024-04-13T12:53:34.572+0000] {logging_mixin.py:188} INFO - sort -u /opt/***/data/Staging/DimIP.txt > /opt/***/data/Staging/DimIPUniq.txt
[2024-04-13T12:53:34.586+0000] {w3c.py:160} WARNING - calling Clean u_ex110218.log
[2024-04-13T12:53:34.587+0000] {logging_mixin.py:188} INFO - Cleaning  u_ex110218.log
[2024-04-13T12:53:34.587+0000] {w3c.py:117} WARNING - Cleaning u_ex110218.log
[2024-04-13T12:53:34.591+0000] {logging_mixin.py:188} INFO - sort -u /opt/***/data/Staging/DimIP.txt > /opt/***/data/Staging/DimIPUniq.txt
[2024-04-13T12:53:34.612+0000] {w3c.py:160} WARNING - calling Clean u_ex100104.log
[2024-04-13T12:53:34.612+0000] {logging_mixin.py:188} INFO - Cleaning  u_ex100104.log
[2024-04-13T12:53:34.613+0000] {w3c.py:117} WARNING - Cleaning u_ex100104.log
[2024-04-13T12:53:34.613+0000] {logging_mixin.py:188} INFO - sort -u /opt/***/data/Staging/DimIP.txt > /opt/***/data/Staging/DimIPUniq.txt
[2024-04-13T12:53:34.622+0000] {w3c.py:160} WARNING - calling Clean u_ex110209.log
[2024-04-13T12:53:34.623+0000] {logging_mixin.py:188} INFO - Cleaning  u_ex110209.log
[2024-04-13T12:53:34.623+0000] {w3c.py:117} WARNING - Cleaning u_ex110209.log
[2024-04-13T12:53:34.623+0000] {logging_mixin.py:188} INFO - sort -u /opt/***/data/Staging/DimIP.txt > /opt/***/data/Staging/DimIPUniq.txt
[2024-04-13T12:53:34.645+0000] {w3c.py:160} WARNING - calling Clean u_ex100916.log
[2024-04-13T12:53:34.646+0000] {logging_mixin.py:188} INFO - Cleaning  u_ex100916.log
[2024-04-13T12:53:34.647+0000] {w3c.py:117} WARNING - Cleaning u_ex100916.log
[2024-04-13T12:53:34.647+0000] {logging_mixin.py:188} INFO - sort -u /opt/***/data/Staging/DimIP.txt > /opt/***/data/Staging/DimIPUniq.txt
[2024-04-13T12:53:34.666+0000] {w3c.py:160} WARNING - calling Clean u_ex100520.log
[2024-04-13T12:53:34.666+0000] {logging_mixin.py:188} INFO - Cleaning  u_ex100520.log
[2024-04-13T12:53:34.667+0000] {w3c.py:117} WARNING - Cleaning u_ex100520.log
[2024-04-13T12:53:34.667+0000] {logging_mixin.py:188} INFO - sort -u /opt/***/data/Staging/DimIP.txt > /opt/***/data/Staging/DimIPUniq.txt
[2024-04-13T12:53:34.677+0000] {w3c.py:160} WARNING - calling Clean u_ex101126.log
[2024-04-13T12:53:34.678+0000] {logging_mixin.py:188} INFO - Cleaning  u_ex101126.log
[2024-04-13T12:53:34.678+0000] {w3c.py:117} WARNING - Cleaning u_ex101126.log
[2024-04-13T12:53:34.678+0000] {logging_mixin.py:188} INFO - sort -u /opt/***/data/Staging/DimIP.txt > /opt/***/data/Staging/DimIPUniq.txt
[2024-04-13T12:53:34.701+0000] {w3c.py:160} WARNING - calling Clean u_ex100205.log
[2024-04-13T12:53:34.701+0000] {logging_mixin.py:188} INFO - Cleaning  u_ex100205.log
[2024-04-13T12:53:34.702+0000] {w3c.py:117} WARNING - Cleaning u_ex100205.log
[2024-04-13T12:53:34.702+0000] {logging_mixin.py:188} INFO - sort -u /opt/***/data/Staging/DimIP.txt > /opt/***/data/Staging/DimIPUniq.txt
[2024-04-13T12:53:34.711+0000] {w3c.py:160} WARNING - calling Clean u_ex110405.log
[2024-04-13T12:53:34.712+0000] {logging_mixin.py:188} INFO - Cleaning  u_ex110405.log
[2024-04-13T12:53:34.712+0000] {w3c.py:117} WARNING - Cleaning u_ex110405.log
[2024-04-13T12:53:34.712+0000] {logging_mixin.py:188} INFO - sort -u /opt/***/data/Staging/DimIP.txt > /opt/***/data/Staging/DimIPUniq.txt
[2024-04-13T12:53:34.729+0000] {w3c.py:160} WARNING - calling Clean u_ex110212.log
[2024-04-13T12:53:34.729+0000] {logging_mixin.py:188} INFO - Cleaning  u_ex110212.log
[2024-04-13T12:53:34.729+0000] {w3c.py:117} WARNING - Cleaning u_ex110212.log
[2024-04-13T12:53:34.730+0000] {logging_mixin.py:188} INFO - sort -u /opt/***/data/Staging/DimIP.txt > /opt/***/data/Staging/DimIPUniq.txt
[2024-04-13T12:53:34.742+0000] {w3c.py:160} WARNING - calling Clean u_ex100430.log
[2024-04-13T12:53:34.743+0000] {logging_mixin.py:188} INFO - Cleaning  u_ex100430.log
[2024-04-13T12:53:34.743+0000] {w3c.py:117} WARNING - Cleaning u_ex100430.log
[2024-04-13T12:53:34.744+0000] {logging_mixin.py:188} INFO - sort -u /opt/***/data/Staging/DimIP.txt > /opt/***/data/Staging/DimIPUniq.txt
[2024-04-13T12:53:34.756+0000] {w3c.py:160} WARNING - calling Clean u_ex100830.log
[2024-04-13T12:53:34.756+0000] {logging_mixin.py:188} INFO - Cleaning  u_ex100830.log
[2024-04-13T12:53:34.756+0000] {w3c.py:117} WARNING - Cleaning u_ex100830.log
[2024-04-13T12:53:34.757+0000] {logging_mixin.py:188} INFO - sort -u /opt/***/data/Staging/DimIP.txt > /opt/***/data/Staging/DimIPUniq.txt
[2024-04-13T12:53:34.766+0000] {w3c.py:160} WARNING - calling Clean u_ex110130.log
[2024-04-13T12:53:34.766+0000] {logging_mixin.py:188} INFO - Cleaning  u_ex110130.log
[2024-04-13T12:53:34.767+0000] {w3c.py:117} WARNING - Cleaning u_ex110130.log
[2024-04-13T12:53:34.767+0000] {logging_mixin.py:188} INFO - sort -u /opt/***/data/Staging/DimIP.txt > /opt/***/data/Staging/DimIPUniq.txt
[2024-04-13T12:53:34.779+0000] {w3c.py:160} WARNING - calling Clean u_ex100526.log
[2024-04-13T12:53:34.782+0000] {logging_mixin.py:188} INFO - Cleaning  u_ex100526.log
[2024-04-13T12:53:34.782+0000] {w3c.py:117} WARNING - Cleaning u_ex100526.log
[2024-04-13T12:53:34.782+0000] {logging_mixin.py:188} INFO - sort -u /opt/***/data/Staging/DimIP.txt > /opt/***/data/Staging/DimIPUniq.txt
[2024-04-13T12:53:34.793+0000] {w3c.py:160} WARNING - calling Clean u_ex091207.log
[2024-04-13T12:53:34.793+0000] {logging_mixin.py:188} INFO - Cleaning  u_ex091207.log
[2024-04-13T12:53:34.793+0000] {w3c.py:117} WARNING - Cleaning u_ex091207.log
[2024-04-13T12:53:34.794+0000] {logging_mixin.py:188} INFO - sort -u /opt/***/data/Staging/DimIP.txt > /opt/***/data/Staging/DimIPUniq.txt
[2024-04-13T12:53:34.814+0000] {w3c.py:160} WARNING - calling Clean u_ex100923.log
[2024-04-13T12:53:34.814+0000] {logging_mixin.py:188} INFO - Cleaning  u_ex100923.log
[2024-04-13T12:53:34.815+0000] {w3c.py:117} WARNING - Cleaning u_ex100923.log
[2024-04-13T12:53:34.815+0000] {logging_mixin.py:188} INFO - sort -u /opt/***/data/Staging/DimIP.txt > /opt/***/data/Staging/DimIPUniq.txt
[2024-04-13T12:53:34.829+0000] {w3c.py:160} WARNING - calling Clean u_ex110119.log
[2024-04-13T12:53:34.829+0000] {logging_mixin.py:188} INFO - Cleaning  u_ex110119.log
[2024-04-13T12:53:34.830+0000] {w3c.py:117} WARNING - Cleaning u_ex110119.log
[2024-04-13T12:53:34.830+0000] {logging_mixin.py:188} INFO - sort -u /opt/***/data/Staging/DimIP.txt > /opt/***/data/Staging/DimIPUniq.txt
[2024-04-13T12:53:34.849+0000] {w3c.py:160} WARNING - calling Clean u_ex110424.log
[2024-04-13T12:53:34.850+0000] {logging_mixin.py:188} INFO - Cleaning  u_ex110424.log
[2024-04-13T12:53:34.850+0000] {w3c.py:117} WARNING - Cleaning u_ex110424.log
[2024-04-13T12:53:34.851+0000] {logging_mixin.py:188} INFO - sort -u /opt/***/data/Staging/DimIP.txt > /opt/***/data/Staging/DimIPUniq.txt
[2024-04-13T12:53:34.867+0000] {w3c.py:160} WARNING - calling Clean u_ex100619.log
[2024-04-13T12:53:34.867+0000] {logging_mixin.py:188} INFO - Cleaning  u_ex100619.log
[2024-04-13T12:53:34.868+0000] {w3c.py:117} WARNING - Cleaning u_ex100619.log
[2024-04-13T12:53:34.868+0000] {logging_mixin.py:188} INFO - sort -u /opt/***/data/Staging/DimIP.txt > /opt/***/data/Staging/DimIPUniq.txt
[2024-04-13T12:53:34.877+0000] {w3c.py:160} WARNING - calling Clean u_ex100714.log
[2024-04-13T12:53:34.877+0000] {logging_mixin.py:188} INFO - Cleaning  u_ex100714.log
[2024-04-13T12:53:34.878+0000] {w3c.py:117} WARNING - Cleaning u_ex100714.log
[2024-04-13T12:53:34.878+0000] {logging_mixin.py:188} INFO - sort -u /opt/***/data/Staging/DimIP.txt > /opt/***/data/Staging/DimIPUniq.txt
[2024-04-13T12:53:34.888+0000] {w3c.py:160} WARNING - calling Clean u_ex100106.log
[2024-04-13T12:53:34.888+0000] {logging_mixin.py:188} INFO - Cleaning  u_ex100106.log
[2024-04-13T12:53:34.889+0000] {w3c.py:117} WARNING - Cleaning u_ex100106.log
[2024-04-13T12:53:34.889+0000] {logging_mixin.py:188} INFO - sort -u /opt/***/data/Staging/DimIP.txt > /opt/***/data/Staging/DimIPUniq.txt
[2024-04-13T12:53:34.904+0000] {w3c.py:160} WARNING - calling Clean u_ex091024.log
[2024-04-13T12:53:34.905+0000] {logging_mixin.py:188} INFO - Cleaning  u_ex091024.log
[2024-04-13T12:53:34.905+0000] {w3c.py:117} WARNING - Cleaning u_ex091024.log
[2024-04-13T12:53:34.905+0000] {logging_mixin.py:188} INFO - sort -u /opt/***/data/Staging/DimIP.txt > /opt/***/data/Staging/DimIPUniq.txt
[2024-04-13T12:53:34.911+0000] {w3c.py:160} WARNING - calling Clean u_ex101020.log
[2024-04-13T12:53:34.912+0000] {logging_mixin.py:188} INFO - Cleaning  u_ex101020.log
[2024-04-13T12:53:34.912+0000] {w3c.py:117} WARNING - Cleaning u_ex101020.log
[2024-04-13T12:53:34.912+0000] {logging_mixin.py:188} INFO - sort -u /opt/***/data/Staging/DimIP.txt > /opt/***/data/Staging/DimIPUniq.txt
[2024-04-13T12:53:34.921+0000] {w3c.py:160} WARNING - calling Clean u_ex110205.log
[2024-04-13T12:53:34.922+0000] {logging_mixin.py:188} INFO - Cleaning  u_ex110205.log
[2024-04-13T12:53:34.922+0000] {w3c.py:117} WARNING - Cleaning u_ex110205.log
[2024-04-13T12:53:34.922+0000] {logging_mixin.py:188} INFO - sort -u /opt/***/data/Staging/DimIP.txt > /opt/***/data/Staging/DimIPUniq.txt
[2024-04-13T12:53:34.931+0000] {w3c.py:160} WARNING - calling Clean u_ex100809.log
[2024-04-13T12:53:34.932+0000] {logging_mixin.py:188} INFO - Cleaning  u_ex100809.log
[2024-04-13T12:53:34.932+0000] {w3c.py:117} WARNING - Cleaning u_ex100809.log
[2024-04-13T12:53:34.932+0000] {logging_mixin.py:188} INFO - sort -u /opt/***/data/Staging/DimIP.txt > /opt/***/data/Staging/DimIPUniq.txt
[2024-04-13T12:53:34.953+0000] {w3c.py:160} WARNING - calling Clean u_ex091106.log
[2024-04-13T12:53:34.954+0000] {logging_mixin.py:188} INFO - Cleaning  u_ex091106.log
[2024-04-13T12:53:34.954+0000] {w3c.py:117} WARNING - Cleaning u_ex091106.log
[2024-04-13T12:53:34.954+0000] {logging_mixin.py:188} INFO - sort -u /opt/***/data/Staging/DimIP.txt > /opt/***/data/Staging/DimIPUniq.txt
[2024-04-13T12:53:34.964+0000] {w3c.py:160} WARNING - calling Clean u_ex091211.log
[2024-04-13T12:53:34.964+0000] {logging_mixin.py:188} INFO - Cleaning  u_ex091211.log
[2024-04-13T12:53:34.965+0000] {w3c.py:117} WARNING - Cleaning u_ex091211.log
[2024-04-13T12:53:34.965+0000] {logging_mixin.py:188} INFO - sort -u /opt/***/data/Staging/DimIP.txt > /opt/***/data/Staging/DimIPUniq.txt
[2024-04-13T12:53:34.970+0000] {w3c.py:160} WARNING - calling Clean u_ex100322.log
[2024-04-13T12:53:34.970+0000] {logging_mixin.py:188} INFO - Cleaning  u_ex100322.log
[2024-04-13T12:53:34.970+0000] {w3c.py:117} WARNING - Cleaning u_ex100322.log
[2024-04-13T12:53:34.971+0000] {logging_mixin.py:188} INFO - sort -u /opt/***/data/Staging/DimIP.txt > /opt/***/data/Staging/DimIPUniq.txt
[2024-04-13T12:53:34.982+0000] {w3c.py:160} WARNING - calling Clean u_ex100117.log
[2024-04-13T12:53:34.982+0000] {logging_mixin.py:188} INFO - Cleaning  u_ex100117.log
[2024-04-13T12:53:34.982+0000] {w3c.py:117} WARNING - Cleaning u_ex100117.log
[2024-04-13T12:53:34.983+0000] {logging_mixin.py:188} INFO - sort -u /opt/***/data/Staging/DimIP.txt > /opt/***/data/Staging/DimIPUniq.txt
[2024-04-13T12:53:34.995+0000] {w3c.py:160} WARNING - calling Clean u_ex101225.log
[2024-04-13T12:53:34.997+0000] {logging_mixin.py:188} INFO - Cleaning  u_ex101225.log
[2024-04-13T12:53:34.999+0000] {w3c.py:117} WARNING - Cleaning u_ex101225.log
[2024-04-13T12:53:35.001+0000] {logging_mixin.py:188} INFO - sort -u /opt/***/data/Staging/DimIP.txt > /opt/***/data/Staging/DimIPUniq.txt
[2024-04-13T12:53:35.006+0000] {w3c.py:160} WARNING - calling Clean u_ex100424.log
[2024-04-13T12:53:35.007+0000] {logging_mixin.py:188} INFO - Cleaning  u_ex100424.log
[2024-04-13T12:53:35.007+0000] {w3c.py:117} WARNING - Cleaning u_ex100424.log
[2024-04-13T12:53:35.008+0000] {logging_mixin.py:188} INFO - sort -u /opt/***/data/Staging/DimIP.txt > /opt/***/data/Staging/DimIPUniq.txt
[2024-04-13T12:53:35.012+0000] {w3c.py:160} WARNING - calling Clean u_ex091102.log
[2024-04-13T12:53:35.013+0000] {logging_mixin.py:188} INFO - Cleaning  u_ex091102.log
[2024-04-13T12:53:35.013+0000] {w3c.py:117} WARNING - Cleaning u_ex091102.log
[2024-04-13T12:53:35.014+0000] {logging_mixin.py:188} INFO - sort -u /opt/***/data/Staging/DimIP.txt > /opt/***/data/Staging/DimIPUniq.txt
[2024-04-13T12:53:35.032+0000] {w3c.py:160} WARNING - calling Clean u_ex091123.log
[2024-04-13T12:53:35.033+0000] {logging_mixin.py:188} INFO - Cleaning  u_ex091123.log
[2024-04-13T12:53:35.033+0000] {w3c.py:117} WARNING - Cleaning u_ex091123.log
[2024-04-13T12:53:35.033+0000] {logging_mixin.py:188} INFO - sort -u /opt/***/data/Staging/DimIP.txt > /opt/***/data/Staging/DimIPUniq.txt
[2024-04-13T12:53:35.042+0000] {w3c.py:160} WARNING - calling Clean u_ex100629.log
[2024-04-13T12:53:35.042+0000] {logging_mixin.py:188} INFO - Cleaning  u_ex100629.log
[2024-04-13T12:53:35.043+0000] {w3c.py:117} WARNING - Cleaning u_ex100629.log
[2024-04-13T12:53:35.043+0000] {logging_mixin.py:188} INFO - sort -u /opt/***/data/Staging/DimIP.txt > /opt/***/data/Staging/DimIPUniq.txt
[2024-04-13T12:53:35.048+0000] {w3c.py:160} WARNING - calling Clean u_ex100612.log
[2024-04-13T12:53:35.048+0000] {logging_mixin.py:188} INFO - Cleaning  u_ex100612.log
[2024-04-13T12:53:35.048+0000] {w3c.py:117} WARNING - Cleaning u_ex100612.log
[2024-04-13T12:53:35.049+0000] {logging_mixin.py:188} INFO - sort -u /opt/***/data/Staging/DimIP.txt > /opt/***/data/Staging/DimIPUniq.txt
[2024-04-13T12:53:35.053+0000] {w3c.py:160} WARNING - calling Clean u_ex100912.log
[2024-04-13T12:53:35.053+0000] {logging_mixin.py:188} INFO - Cleaning  u_ex100912.log
[2024-04-13T12:53:35.053+0000] {w3c.py:117} WARNING - Cleaning u_ex100912.log
[2024-04-13T12:53:35.054+0000] {logging_mixin.py:188} INFO - sort -u /opt/***/data/Staging/DimIP.txt > /opt/***/data/Staging/DimIPUniq.txt
[2024-04-13T12:53:35.061+0000] {w3c.py:160} WARNING - calling Clean u_ex101215.log
[2024-04-13T12:53:35.062+0000] {logging_mixin.py:188} INFO - Cleaning  u_ex101215.log
[2024-04-13T12:53:35.062+0000] {w3c.py:117} WARNING - Cleaning u_ex101215.log
[2024-04-13T12:53:35.062+0000] {logging_mixin.py:188} INFO - sort -u /opt/***/data/Staging/DimIP.txt > /opt/***/data/Staging/DimIPUniq.txt
[2024-04-13T12:53:35.072+0000] {w3c.py:160} WARNING - calling Clean u_ex100131.log
[2024-04-13T12:53:35.073+0000] {logging_mixin.py:188} INFO - Cleaning  u_ex100131.log
[2024-04-13T12:53:35.073+0000] {w3c.py:117} WARNING - Cleaning u_ex100131.log
[2024-04-13T12:53:35.073+0000] {logging_mixin.py:188} INFO - sort -u /opt/***/data/Staging/DimIP.txt > /opt/***/data/Staging/DimIPUniq.txt
[2024-04-13T12:53:35.080+0000] {w3c.py:160} WARNING - calling Clean u_ex101223.log
[2024-04-13T12:53:35.080+0000] {logging_mixin.py:188} INFO - Cleaning  u_ex101223.log
[2024-04-13T12:53:35.080+0000] {w3c.py:117} WARNING - Cleaning u_ex101223.log
[2024-04-13T12:53:35.081+0000] {logging_mixin.py:188} INFO - sort -u /opt/***/data/Staging/DimIP.txt > /opt/***/data/Staging/DimIPUniq.txt
[2024-04-13T12:53:35.087+0000] {w3c.py:160} WARNING - calling Clean u_ex110427.log
[2024-04-13T12:53:35.088+0000] {logging_mixin.py:188} INFO - Cleaning  u_ex110427.log
[2024-04-13T12:53:35.088+0000] {w3c.py:117} WARNING - Cleaning u_ex110427.log
[2024-04-13T12:53:35.088+0000] {logging_mixin.py:188} INFO - sort -u /opt/***/data/Staging/DimIP.txt > /opt/***/data/Staging/DimIPUniq.txt
[2024-04-13T12:53:35.101+0000] {w3c.py:160} WARNING - calling Clean u_ex101008.log
[2024-04-13T12:53:35.101+0000] {logging_mixin.py:188} INFO - Cleaning  u_ex101008.log
[2024-04-13T12:53:35.102+0000] {w3c.py:117} WARNING - Cleaning u_ex101008.log
[2024-04-13T12:53:35.102+0000] {logging_mixin.py:188} INFO - sort -u /opt/***/data/Staging/DimIP.txt > /opt/***/data/Staging/DimIPUniq.txt
[2024-04-13T12:53:35.116+0000] {w3c.py:160} WARNING - calling Clean u_ex100423.log
[2024-04-13T12:53:35.116+0000] {logging_mixin.py:188} INFO - Cleaning  u_ex100423.log
[2024-04-13T12:53:35.117+0000] {w3c.py:117} WARNING - Cleaning u_ex100423.log
[2024-04-13T12:53:35.117+0000] {logging_mixin.py:188} INFO - sort -u /opt/***/data/Staging/DimIP.txt > /opt/***/data/Staging/DimIPUniq.txt
[2024-04-13T12:53:35.126+0000] {w3c.py:160} WARNING - calling Clean u_ex100808.log
[2024-04-13T12:53:35.126+0000] {logging_mixin.py:188} INFO - Cleaning  u_ex100808.log
[2024-04-13T12:53:35.127+0000] {w3c.py:117} WARNING - Cleaning u_ex100808.log
[2024-04-13T12:53:35.127+0000] {logging_mixin.py:188} INFO - sort -u /opt/***/data/Staging/DimIP.txt > /opt/***/data/Staging/DimIPUniq.txt
[2024-04-13T12:53:35.132+0000] {w3c.py:160} WARNING - calling Clean u_ex100519.log
[2024-04-13T12:53:35.132+0000] {logging_mixin.py:188} INFO - Cleaning  u_ex100519.log
[2024-04-13T12:53:35.133+0000] {w3c.py:117} WARNING - Cleaning u_ex100519.log
[2024-04-13T12:53:35.133+0000] {logging_mixin.py:188} INFO - sort -u /opt/***/data/Staging/DimIP.txt > /opt/***/data/Staging/DimIPUniq.txt
[2024-04-13T12:53:35.139+0000] {w3c.py:160} WARNING - calling Clean u_ex091213.log
[2024-04-13T12:53:35.140+0000] {logging_mixin.py:188} INFO - Cleaning  u_ex091213.log
[2024-04-13T12:53:35.140+0000] {w3c.py:117} WARNING - Cleaning u_ex091213.log
[2024-04-13T12:53:35.140+0000] {logging_mixin.py:188} INFO - sort -u /opt/***/data/Staging/DimIP.txt > /opt/***/data/Staging/DimIPUniq.txt
[2024-04-13T12:53:35.147+0000] {w3c.py:160} WARNING - calling Clean u_ex101202.log
[2024-04-13T12:53:35.147+0000] {logging_mixin.py:188} INFO - Cleaning  u_ex101202.log
[2024-04-13T12:53:35.148+0000] {w3c.py:117} WARNING - Cleaning u_ex101202.log
[2024-04-13T12:53:35.148+0000] {logging_mixin.py:188} INFO - sort -u /opt/***/data/Staging/DimIP.txt > /opt/***/data/Staging/DimIPUniq.txt
[2024-04-13T12:53:35.154+0000] {w3c.py:160} WARNING - calling Clean u_ex100718.log
[2024-04-13T12:53:35.155+0000] {logging_mixin.py:188} INFO - Cleaning  u_ex100718.log
[2024-04-13T12:53:35.155+0000] {w3c.py:117} WARNING - Cleaning u_ex100718.log
[2024-04-13T12:53:35.159+0000] {logging_mixin.py:188} INFO - sort -u /opt/***/data/Staging/DimIP.txt > /opt/***/data/Staging/DimIPUniq.txt
[2024-04-13T12:53:35.170+0000] {w3c.py:160} WARNING - calling Clean u_ex100314.log
[2024-04-13T12:53:35.170+0000] {logging_mixin.py:188} INFO - Cleaning  u_ex100314.log
[2024-04-13T12:53:35.171+0000] {w3c.py:117} WARNING - Cleaning u_ex100314.log
[2024-04-13T12:53:35.171+0000] {logging_mixin.py:188} INFO - sort -u /opt/***/data/Staging/DimIP.txt > /opt/***/data/Staging/DimIPUniq.txt
[2024-04-13T12:53:35.188+0000] {w3c.py:160} WARNING - calling Clean u_ex100425.log
[2024-04-13T12:53:35.188+0000] {logging_mixin.py:188} INFO - Cleaning  u_ex100425.log
[2024-04-13T12:53:35.189+0000] {w3c.py:117} WARNING - Cleaning u_ex100425.log
[2024-04-13T12:53:35.189+0000] {logging_mixin.py:188} INFO - sort -u /opt/***/data/Staging/DimIP.txt > /opt/***/data/Staging/DimIPUniq.txt
[2024-04-13T12:53:35.199+0000] {w3c.py:160} WARNING - calling Clean u_ex100304.log
[2024-04-13T12:53:35.200+0000] {logging_mixin.py:188} INFO - Cleaning  u_ex100304.log
[2024-04-13T12:53:35.200+0000] {w3c.py:117} WARNING - Cleaning u_ex100304.log
[2024-04-13T12:53:35.200+0000] {logging_mixin.py:188} INFO - sort -u /opt/***/data/Staging/DimIP.txt > /opt/***/data/Staging/DimIPUniq.txt
[2024-04-13T12:53:35.212+0000] {w3c.py:160} WARNING - calling Clean u_ex100419.log
[2024-04-13T12:53:35.212+0000] {logging_mixin.py:188} INFO - Cleaning  u_ex100419.log
[2024-04-13T12:53:35.213+0000] {w3c.py:117} WARNING - Cleaning u_ex100419.log
[2024-04-13T12:53:35.214+0000] {logging_mixin.py:188} INFO - sort -u /opt/***/data/Staging/DimIP.txt > /opt/***/data/Staging/DimIPUniq.txt
[2024-04-13T12:53:35.221+0000] {w3c.py:160} WARNING - calling Clean u_ex101023.log
[2024-04-13T12:53:35.222+0000] {logging_mixin.py:188} INFO - Cleaning  u_ex101023.log
[2024-04-13T12:53:35.222+0000] {w3c.py:117} WARNING - Cleaning u_ex101023.log
[2024-04-13T12:53:35.222+0000] {logging_mixin.py:188} INFO - sort -u /opt/***/data/Staging/DimIP.txt > /opt/***/data/Staging/DimIPUniq.txt
[2024-04-13T12:53:35.233+0000] {w3c.py:160} WARNING - calling Clean u_ex101025.log
[2024-04-13T12:53:35.234+0000] {logging_mixin.py:188} INFO - Cleaning  u_ex101025.log
[2024-04-13T12:53:35.234+0000] {w3c.py:117} WARNING - Cleaning u_ex101025.log
[2024-04-13T12:53:35.235+0000] {logging_mixin.py:188} INFO - sort -u /opt/***/data/Staging/DimIP.txt > /opt/***/data/Staging/DimIPUniq.txt
[2024-04-13T12:53:35.243+0000] {w3c.py:160} WARNING - calling Clean u_ex101101.log
[2024-04-13T12:53:35.243+0000] {logging_mixin.py:188} INFO - Cleaning  u_ex101101.log
[2024-04-13T12:53:35.244+0000] {w3c.py:117} WARNING - Cleaning u_ex101101.log
[2024-04-13T12:53:35.244+0000] {logging_mixin.py:188} INFO - sort -u /opt/***/data/Staging/DimIP.txt > /opt/***/data/Staging/DimIPUniq.txt
[2024-04-13T12:53:35.258+0000] {w3c.py:160} WARNING - calling Clean u_ex100906.log
[2024-04-13T12:53:35.259+0000] {logging_mixin.py:188} INFO - Cleaning  u_ex100906.log
[2024-04-13T12:53:35.259+0000] {w3c.py:117} WARNING - Cleaning u_ex100906.log
[2024-04-13T12:53:35.260+0000] {logging_mixin.py:188} INFO - sort -u /opt/***/data/Staging/DimIP.txt > /opt/***/data/Staging/DimIPUniq.txt
[2024-04-13T12:53:35.266+0000] {w3c.py:160} WARNING - calling Clean u_ex101113.log
[2024-04-13T12:53:35.266+0000] {logging_mixin.py:188} INFO - Cleaning  u_ex101113.log
[2024-04-13T12:53:35.267+0000] {w3c.py:117} WARNING - Cleaning u_ex101113.log
[2024-04-13T12:53:35.267+0000] {logging_mixin.py:188} INFO - sort -u /opt/***/data/Staging/DimIP.txt > /opt/***/data/Staging/DimIPUniq.txt
[2024-04-13T12:53:35.275+0000] {w3c.py:160} WARNING - calling Clean u_ex100924.log
[2024-04-13T12:53:35.275+0000] {logging_mixin.py:188} INFO - Cleaning  u_ex100924.log
[2024-04-13T12:53:35.276+0000] {w3c.py:117} WARNING - Cleaning u_ex100924.log
[2024-04-13T12:53:35.277+0000] {logging_mixin.py:188} INFO - sort -u /opt/***/data/Staging/DimIP.txt > /opt/***/data/Staging/DimIPUniq.txt
[2024-04-13T12:53:35.285+0000] {w3c.py:160} WARNING - calling Clean u_ex101118.log
[2024-04-13T12:53:35.286+0000] {logging_mixin.py:188} INFO - Cleaning  u_ex101118.log
[2024-04-13T12:53:35.286+0000] {w3c.py:117} WARNING - Cleaning u_ex101118.log
[2024-04-13T12:53:35.286+0000] {logging_mixin.py:188} INFO - sort -u /opt/***/data/Staging/DimIP.txt > /opt/***/data/Staging/DimIPUniq.txt
[2024-04-13T12:53:35.301+0000] {w3c.py:160} WARNING - calling Clean u_ex091130.log
[2024-04-13T12:53:35.302+0000] {logging_mixin.py:188} INFO - Cleaning  u_ex091130.log
[2024-04-13T12:53:35.303+0000] {w3c.py:117} WARNING - Cleaning u_ex091130.log
[2024-04-13T12:53:35.303+0000] {logging_mixin.py:188} INFO - sort -u /opt/***/data/Staging/DimIP.txt > /opt/***/data/Staging/DimIPUniq.txt
[2024-04-13T12:53:35.312+0000] {logging_mixin.py:188} INFO - Fault 26
[2024-04-13T12:53:35.320+0000] {logging_mixin.py:188} INFO - Fault 10
[2024-04-13T12:53:35.324+0000] {logging_mixin.py:188} INFO - Fault 6
[2024-04-13T12:53:35.325+0000] {w3c.py:160} WARNING - calling Clean u_ex100309.log
[2024-04-13T12:53:35.325+0000] {logging_mixin.py:188} INFO - Cleaning  u_ex100309.log
[2024-04-13T12:53:35.325+0000] {w3c.py:117} WARNING - Cleaning u_ex100309.log
[2024-04-13T12:53:35.326+0000] {logging_mixin.py:188} INFO - sort -u /opt/***/data/Staging/DimIP.txt > /opt/***/data/Staging/DimIPUniq.txt
[2024-04-13T12:53:35.333+0000] {w3c.py:160} WARNING - calling Clean u_ex100725.log
[2024-04-13T12:53:35.333+0000] {logging_mixin.py:188} INFO - Cleaning  u_ex100725.log
[2024-04-13T12:53:35.334+0000] {w3c.py:117} WARNING - Cleaning u_ex100725.log
[2024-04-13T12:53:35.334+0000] {logging_mixin.py:188} INFO - sort -u /opt/***/data/Staging/DimIP.txt > /opt/***/data/Staging/DimIPUniq.txt
[2024-04-13T12:53:35.341+0000] {w3c.py:160} WARNING - calling Clean u_ex091025.log
[2024-04-13T12:53:35.342+0000] {logging_mixin.py:188} INFO - Cleaning  u_ex091025.log
[2024-04-13T12:53:35.342+0000] {w3c.py:117} WARNING - Cleaning u_ex091025.log
[2024-04-13T12:53:35.342+0000] {logging_mixin.py:188} INFO - sort -u /opt/***/data/Staging/DimIP.txt > /opt/***/data/Staging/DimIPUniq.txt
[2024-04-13T12:53:35.344+0000] {w3c.py:160} WARNING - calling Clean u_ex100307.log
[2024-04-13T12:53:35.344+0000] {logging_mixin.py:188} INFO - Cleaning  u_ex100307.log
[2024-04-13T12:53:35.345+0000] {w3c.py:117} WARNING - Cleaning u_ex100307.log
[2024-04-13T12:53:35.345+0000] {logging_mixin.py:188} INFO - sort -u /opt/***/data/Staging/DimIP.txt > /opt/***/data/Staging/DimIPUniq.txt
[2024-04-13T12:53:35.350+0000] {w3c.py:160} WARNING - calling Clean u_ex110516.log
[2024-04-13T12:53:35.350+0000] {logging_mixin.py:188} INFO - Cleaning  u_ex110516.log
[2024-04-13T12:53:35.350+0000] {w3c.py:117} WARNING - Cleaning u_ex110516.log
[2024-04-13T12:53:35.351+0000] {logging_mixin.py:188} INFO - sort -u /opt/***/data/Staging/DimIP.txt > /opt/***/data/Staging/DimIPUniq.txt
[2024-04-13T12:53:35.360+0000] {w3c.py:160} WARNING - calling Clean u_ex100628.log
[2024-04-13T12:53:35.360+0000] {logging_mixin.py:188} INFO - Cleaning  u_ex100628.log
[2024-04-13T12:53:35.361+0000] {w3c.py:117} WARNING - Cleaning u_ex100628.log
[2024-04-13T12:53:35.361+0000] {logging_mixin.py:188} INFO - sort -u /opt/***/data/Staging/DimIP.txt > /opt/***/data/Staging/DimIPUniq.txt
[2024-04-13T12:53:35.367+0000] {w3c.py:160} WARNING - calling Clean u_ex100406.log
[2024-04-13T12:53:35.367+0000] {logging_mixin.py:188} INFO - Cleaning  u_ex100406.log
[2024-04-13T12:53:35.367+0000] {w3c.py:117} WARNING - Cleaning u_ex100406.log
[2024-04-13T12:53:35.368+0000] {logging_mixin.py:188} INFO - sort -u /opt/***/data/Staging/DimIP.txt > /opt/***/data/Staging/DimIPUniq.txt
[2024-04-13T12:53:35.380+0000] {w3c.py:160} WARNING - calling Clean u_ex100221.log
[2024-04-13T12:53:35.380+0000] {logging_mixin.py:188} INFO - Cleaning  u_ex100221.log
[2024-04-13T12:53:35.381+0000] {w3c.py:117} WARNING - Cleaning u_ex100221.log
[2024-04-13T12:53:35.381+0000] {logging_mixin.py:188} INFO - sort -u /opt/***/data/Staging/DimIP.txt > /opt/***/data/Staging/DimIPUniq.txt
[2024-04-13T12:53:35.386+0000] {w3c.py:160} WARNING - calling Clean u_ex100113.log
[2024-04-13T12:53:35.386+0000] {logging_mixin.py:188} INFO - Cleaning  u_ex100113.log
[2024-04-13T12:53:35.387+0000] {w3c.py:117} WARNING - Cleaning u_ex100113.log
[2024-04-13T12:53:35.387+0000] {logging_mixin.py:188} INFO - sort -u /opt/***/data/Staging/DimIP.txt > /opt/***/data/Staging/DimIPUniq.txt
[2024-04-13T12:53:35.400+0000] {w3c.py:160} WARNING - calling Clean u_ex101212.log
[2024-04-13T12:53:35.400+0000] {logging_mixin.py:188} INFO - Cleaning  u_ex101212.log
[2024-04-13T12:53:35.401+0000] {w3c.py:117} WARNING - Cleaning u_ex101212.log
[2024-04-13T12:53:35.401+0000] {logging_mixin.py:188} INFO - sort -u /opt/***/data/Staging/DimIP.txt > /opt/***/data/Staging/DimIPUniq.txt
[2024-04-13T12:53:35.410+0000] {w3c.py:160} WARNING - calling Clean u_ex100302.log
[2024-04-13T12:53:35.410+0000] {logging_mixin.py:188} INFO - Cleaning  u_ex100302.log
[2024-04-13T12:53:35.411+0000] {w3c.py:117} WARNING - Cleaning u_ex100302.log
[2024-04-13T12:53:35.411+0000] {logging_mixin.py:188} INFO - sort -u /opt/***/data/Staging/DimIP.txt > /opt/***/data/Staging/DimIPUniq.txt
[2024-04-13T12:53:35.423+0000] {w3c.py:160} WARNING - calling Clean u_ex100630.log
[2024-04-13T12:53:35.424+0000] {logging_mixin.py:188} INFO - Cleaning  u_ex100630.log
[2024-04-13T12:53:35.424+0000] {w3c.py:117} WARNING - Cleaning u_ex100630.log
[2024-04-13T12:53:35.425+0000] {logging_mixin.py:188} INFO - sort -u /opt/***/data/Staging/DimIP.txt > /opt/***/data/Staging/DimIPUniq.txt
[2024-04-13T12:53:35.430+0000] {w3c.py:160} WARNING - calling Clean u_ex100615.log
[2024-04-13T12:53:35.430+0000] {logging_mixin.py:188} INFO - Cleaning  u_ex100615.log
[2024-04-13T12:53:35.431+0000] {w3c.py:117} WARNING - Cleaning u_ex100615.log
[2024-04-13T12:53:35.431+0000] {logging_mixin.py:188} INFO - sort -u /opt/***/data/Staging/DimIP.txt > /opt/***/data/Staging/DimIPUniq.txt
[2024-04-13T12:53:35.436+0000] {w3c.py:160} WARNING - calling Clean u_ex091120.log
[2024-04-13T12:53:35.436+0000] {logging_mixin.py:188} INFO - Cleaning  u_ex091120.log
[2024-04-13T12:53:35.437+0000] {w3c.py:117} WARNING - Cleaning u_ex091120.log
[2024-04-13T12:53:35.437+0000] {logging_mixin.py:188} INFO - sort -u /opt/***/data/Staging/DimIP.txt > /opt/***/data/Staging/DimIPUniq.txt
[2024-04-13T12:53:35.445+0000] {w3c.py:160} WARNING - calling Clean u_ex110504.log
[2024-04-13T12:53:35.445+0000] {logging_mixin.py:188} INFO - Cleaning  u_ex110504.log
[2024-04-13T12:53:35.445+0000] {w3c.py:117} WARNING - Cleaning u_ex110504.log
[2024-04-13T12:53:35.446+0000] {logging_mixin.py:188} INFO - sort -u /opt/***/data/Staging/DimIP.txt > /opt/***/data/Staging/DimIPUniq.txt
[2024-04-13T12:53:35.454+0000] {w3c.py:160} WARNING - calling Clean u_ex100622.log
[2024-04-13T12:53:35.455+0000] {logging_mixin.py:188} INFO - Cleaning  u_ex100622.log
[2024-04-13T12:53:35.455+0000] {w3c.py:117} WARNING - Cleaning u_ex100622.log
[2024-04-13T12:53:35.455+0000] {logging_mixin.py:188} INFO - sort -u /opt/***/data/Staging/DimIP.txt > /opt/***/data/Staging/DimIPUniq.txt
[2024-04-13T12:53:35.463+0000] {w3c.py:160} WARNING - calling Clean u_ex100801.log
[2024-04-13T12:53:35.464+0000] {logging_mixin.py:188} INFO - Cleaning  u_ex100801.log
[2024-04-13T12:53:35.464+0000] {w3c.py:117} WARNING - Cleaning u_ex100801.log
[2024-04-13T12:53:35.465+0000] {logging_mixin.py:188} INFO - sort -u /opt/***/data/Staging/DimIP.txt > /opt/***/data/Staging/DimIPUniq.txt
[2024-04-13T12:53:35.470+0000] {w3c.py:160} WARNING - calling Clean u_ex110407.log
[2024-04-13T12:53:35.470+0000] {logging_mixin.py:188} INFO - Cleaning  u_ex110407.log
[2024-04-13T12:53:35.471+0000] {w3c.py:117} WARNING - Cleaning u_ex110407.log
[2024-04-13T12:53:35.471+0000] {logging_mixin.py:188} INFO - sort -u /opt/***/data/Staging/DimIP.txt > /opt/***/data/Staging/DimIPUniq.txt
[2024-04-13T12:53:35.490+0000] {w3c.py:160} WARNING - calling Clean u_ex100926.log
[2024-04-13T12:53:35.490+0000] {logging_mixin.py:188} INFO - Cleaning  u_ex100926.log
[2024-04-13T12:53:35.491+0000] {w3c.py:117} WARNING - Cleaning u_ex100926.log
[2024-04-13T12:53:35.494+0000] {logging_mixin.py:188} INFO - sort -u /opt/***/data/Staging/DimIP.txt > /opt/***/data/Staging/DimIPUniq.txt
[2024-04-13T12:53:35.507+0000] {w3c.py:160} WARNING - calling Clean u_ex100422.log
[2024-04-13T12:53:35.507+0000] {logging_mixin.py:188} INFO - Cleaning  u_ex100422.log
[2024-04-13T12:53:35.507+0000] {w3c.py:117} WARNING - Cleaning u_ex100422.log
[2024-04-13T12:53:35.508+0000] {logging_mixin.py:188} INFO - sort -u /opt/***/data/Staging/DimIP.txt > /opt/***/data/Staging/DimIPUniq.txt
[2024-04-13T12:53:35.517+0000] {w3c.py:160} WARNING - calling Clean u_ex101111.log
[2024-04-13T12:53:35.517+0000] {logging_mixin.py:188} INFO - Cleaning  u_ex101111.log
[2024-04-13T12:53:35.517+0000] {w3c.py:117} WARNING - Cleaning u_ex101111.log
[2024-04-13T12:53:35.518+0000] {logging_mixin.py:188} INFO - sort -u /opt/***/data/Staging/DimIP.txt > /opt/***/data/Staging/DimIPUniq.txt
[2024-04-13T12:53:35.527+0000] {w3c.py:160} WARNING - calling Clean u_ex100705.log
[2024-04-13T12:53:35.528+0000] {logging_mixin.py:188} INFO - Cleaning  u_ex100705.log
[2024-04-13T12:53:35.528+0000] {w3c.py:117} WARNING - Cleaning u_ex100705.log
[2024-04-13T12:53:35.528+0000] {logging_mixin.py:188} INFO - sort -u /opt/***/data/Staging/DimIP.txt > /opt/***/data/Staging/DimIPUniq.txt
[2024-04-13T12:53:35.535+0000] {w3c.py:160} WARNING - calling Clean u_ex100112.log
[2024-04-13T12:53:35.535+0000] {logging_mixin.py:188} INFO - Cleaning  u_ex100112.log
[2024-04-13T12:53:35.536+0000] {w3c.py:117} WARNING - Cleaning u_ex100112.log
[2024-04-13T12:53:35.536+0000] {logging_mixin.py:188} INFO - sort -u /opt/***/data/Staging/DimIP.txt > /opt/***/data/Staging/DimIPUniq.txt
[2024-04-13T12:53:35.560+0000] {w3c.py:160} WARNING - calling Clean u_ex101027.log
[2024-04-13T12:53:35.561+0000] {logging_mixin.py:188} INFO - Cleaning  u_ex101027.log
[2024-04-13T12:53:35.561+0000] {w3c.py:117} WARNING - Cleaning u_ex101027.log
[2024-04-13T12:53:35.561+0000] {logging_mixin.py:188} INFO - sort -u /opt/***/data/Staging/DimIP.txt > /opt/***/data/Staging/DimIPUniq.txt
[2024-04-13T12:53:35.580+0000] {python.py:237} INFO - Done. Returned value was: None
[2024-04-13T12:53:35.582+0000] {taskinstance.py:441} INFO - ::group::Post task execution logs
[2024-04-13T12:53:35.603+0000] {taskinstance.py:1205} INFO - Marking task as SUCCESS. dag_id=Process_W3_Data, task_id=RemoveHash, execution_date=20240413T125329, start_date=20240413T125333, end_date=20240413T125335
[2024-04-13T12:53:35.642+0000] {local_task_job_runner.py:240} INFO - Task exited with return code 0
[2024-04-13T12:53:35.711+0000] {taskinstance.py:3482} INFO - 1 downstream tasks scheduled from follow-on schedule check
[2024-04-13T12:53:35.713+0000] {local_task_job_runner.py:222} INFO - ::endgroup::
