[2024-04-12T00:00:03.282+0000] {local_task_job_runner.py:120} INFO - ::group::Pre task execution logs
[2024-04-12T00:00:03.308+0000] {taskinstance.py:2073} INFO - Dependencies all met for dep_context=non-requeueable deps ti=<TaskInstance: Process_W3_Data.RemoveHash scheduled__2024-04-11T00:00:00+00:00 [queued]>
[2024-04-12T00:00:03.316+0000] {taskinstance.py:2073} INFO - Dependencies all met for dep_context=requeueable deps ti=<TaskInstance: Process_W3_Data.RemoveHash scheduled__2024-04-11T00:00:00+00:00 [queued]>
[2024-04-12T00:00:03.317+0000] {taskinstance.py:2303} INFO - Starting attempt 1 of 1
[2024-04-12T00:00:03.332+0000] {taskinstance.py:2327} INFO - Executing <Task(PythonOperator): RemoveHash> on 2024-04-11 00:00:00+00:00
[2024-04-12T00:00:03.343+0000] {warnings.py:110} WARNING - /home/***/.local/lib/python3.12/site-packages/***/task/task_runner/standard_task_runner.py:61: DeprecationWarning: This process (pid=28346) is multi-threaded, use of fork() may lead to deadlocks in the child.
  pid = os.fork()

[2024-04-12T00:00:03.346+0000] {standard_task_runner.py:63} INFO - Started process 28348 to run task
[2024-04-12T00:00:03.347+0000] {standard_task_runner.py:90} INFO - Running: ['***', 'tasks', 'run', 'Process_W3_Data', 'RemoveHash', 'scheduled__2024-04-11T00:00:00+00:00', '--job-id', '205', '--raw', '--subdir', 'DAGS_FOLDER/w3c.py', '--cfg-path', '/tmp/tmpazuqdymz']
[2024-04-12T00:00:03.351+0000] {standard_task_runner.py:91} INFO - Job 205: Subtask RemoveHash
[2024-04-12T00:00:03.422+0000] {task_command.py:426} INFO - Running <TaskInstance: Process_W3_Data.RemoveHash scheduled__2024-04-11T00:00:00+00:00 [running]> on host 426f0b9f9d71
[2024-04-12T00:00:03.628+0000] {taskinstance.py:2644} INFO - Exporting env vars: AIRFLOW_CTX_DAG_OWNER='***' AIRFLOW_CTX_DAG_ID='Process_W3_Data' AIRFLOW_CTX_TASK_ID='RemoveHash' AIRFLOW_CTX_EXECUTION_DATE='2024-04-11T00:00:00+00:00' AIRFLOW_CTX_TRY_NUMBER='1' AIRFLOW_CTX_DAG_RUN_ID='scheduled__2024-04-11T00:00:00+00:00'
[2024-04-12T00:00:03.633+0000] {taskinstance.py:430} INFO - ::endgroup::
[2024-04-12T00:00:03.634+0000] {w3c.py:184} WARNING - Starting List Filesu_ex101031.log,u_ex110411.log,u_ex100626.log,u_ex100105.log,u_ex091103.log,u_ex110510.log,u_ex100708.log,u_ex100315.log,u_ex110306.log,u_ex100528.log,u_ex100204.log,u_ex110218.log,u_ex100104.log,u_ex110209.log,u_ex100916.log,u_ex100520.log,u_ex101126.log,u_ex100205.log,u_ex110405.log,u_ex110212.log,u_ex100430.log,u_ex100830.log,u_ex110130.log,u_ex100526.log,u_ex091207.log,u_ex100923.log,u_ex110119.log,u_ex110424.log,u_ex100619.log,u_ex100714.log,u_ex100106.log,u_ex091024.log,u_ex101020.log,u_ex110205.log,u_ex100809.log,u_ex091106.log,u_ex091211.log,u_ex100322.log,u_ex100117.log,u_ex101225.log,u_ex100424.log,u_ex091102.log,u_ex091123.log,u_ex100629.log,u_ex100612.log,u_ex100912.log,u_ex101215.log,u_ex100131.log,u_ex101223.log,u_ex110427.log,u_ex101008.log,u_ex100423.log,u_ex100808.log,u_ex100519.log,u_ex091213.log,u_ex101202.log,u_ex100718.log,u_ex100314.log,u_ex100425.log,u_ex100304.log,u_ex100419.log,u_ex101023.log,u_ex101025.log,u_ex101101.log,u_ex100906.log,u_ex101113.log,u_ex100924.log,u_ex101118.log,u_ex091130.log,u_ex100309.log,u_ex100725.log,u_ex091025.log,u_ex100307.log,u_ex110516.log,u_ex100628.log,u_ex100406.log,u_ex100221.log,u_ex100113.log,u_ex101212.log,u_ex100302.log,u_ex100630.log,u_ex100615.log,u_ex091120.log,u_ex110504.log,u_ex100622.log,u_ex100801.log,u_ex110407.log,u_ex100926.log,u_ex100422.log,u_ex101111.log,u_ex100705.log,u_ex100112.log,u_ex101027.log
[2024-04-12T00:00:03.638+0000] {w3c.py:187} WARNING - calling Clean u_ex101031.log
[2024-04-12T00:00:03.639+0000] {logging_mixin.py:188} INFO - Cleaning  u_ex101031.log
[2024-04-12T00:00:03.639+0000] {w3c.py:144} WARNING - Cleaning u_ex101031.log
[2024-04-12T00:00:03.640+0000] {logging_mixin.py:188} INFO - sort -u /opt/***/data/Staging/DimIP.txt > /opt/***/data/Staging/DimIPUniq.txt
[2024-04-12T00:00:03.651+0000] {w3c.py:187} WARNING - calling Clean u_ex110411.log
[2024-04-12T00:00:03.656+0000] {logging_mixin.py:188} INFO - Cleaning  u_ex110411.log
[2024-04-12T00:00:03.658+0000] {w3c.py:144} WARNING - Cleaning u_ex110411.log
[2024-04-12T00:00:03.658+0000] {logging_mixin.py:188} INFO - sort -u /opt/***/data/Staging/DimIP.txt > /opt/***/data/Staging/DimIPUniq.txt
[2024-04-12T00:00:03.684+0000] {w3c.py:187} WARNING - calling Clean u_ex100626.log
[2024-04-12T00:00:03.685+0000] {logging_mixin.py:188} INFO - Cleaning  u_ex100626.log
[2024-04-12T00:00:03.685+0000] {w3c.py:144} WARNING - Cleaning u_ex100626.log
[2024-04-12T00:00:03.685+0000] {logging_mixin.py:188} INFO - sort -u /opt/***/data/Staging/DimIP.txt > /opt/***/data/Staging/DimIPUniq.txt
[2024-04-12T00:00:03.705+0000] {w3c.py:187} WARNING - calling Clean u_ex100105.log
[2024-04-12T00:00:03.705+0000] {logging_mixin.py:188} INFO - Cleaning  u_ex100105.log
[2024-04-12T00:00:03.706+0000] {w3c.py:144} WARNING - Cleaning u_ex100105.log
[2024-04-12T00:00:03.706+0000] {logging_mixin.py:188} INFO - sort -u /opt/***/data/Staging/DimIP.txt > /opt/***/data/Staging/DimIPUniq.txt
[2024-04-12T00:00:03.748+0000] {w3c.py:187} WARNING - calling Clean u_ex091103.log
[2024-04-12T00:00:03.748+0000] {logging_mixin.py:188} INFO - Cleaning  u_ex091103.log
[2024-04-12T00:00:03.749+0000] {w3c.py:144} WARNING - Cleaning u_ex091103.log
[2024-04-12T00:00:03.749+0000] {logging_mixin.py:188} INFO - sort -u /opt/***/data/Staging/DimIP.txt > /opt/***/data/Staging/DimIPUniq.txt
[2024-04-12T00:00:03.792+0000] {w3c.py:187} WARNING - calling Clean u_ex110510.log
[2024-04-12T00:00:03.792+0000] {logging_mixin.py:188} INFO - Cleaning  u_ex110510.log
[2024-04-12T00:00:03.793+0000] {w3c.py:144} WARNING - Cleaning u_ex110510.log
[2024-04-12T00:00:03.793+0000] {logging_mixin.py:188} INFO - sort -u /opt/***/data/Staging/DimIP.txt > /opt/***/data/Staging/DimIPUniq.txt
[2024-04-12T00:00:03.833+0000] {w3c.py:187} WARNING - calling Clean u_ex100708.log
[2024-04-12T00:00:03.834+0000] {logging_mixin.py:188} INFO - Cleaning  u_ex100708.log
[2024-04-12T00:00:03.834+0000] {w3c.py:144} WARNING - Cleaning u_ex100708.log
[2024-04-12T00:00:03.835+0000] {logging_mixin.py:188} INFO - sort -u /opt/***/data/Staging/DimIP.txt > /opt/***/data/Staging/DimIPUniq.txt
[2024-04-12T00:00:03.861+0000] {w3c.py:187} WARNING - calling Clean u_ex100315.log
[2024-04-12T00:00:03.861+0000] {logging_mixin.py:188} INFO - Cleaning  u_ex100315.log
[2024-04-12T00:00:03.862+0000] {w3c.py:144} WARNING - Cleaning u_ex100315.log
[2024-04-12T00:00:03.862+0000] {logging_mixin.py:188} INFO - sort -u /opt/***/data/Staging/DimIP.txt > /opt/***/data/Staging/DimIPUniq.txt
[2024-04-12T00:00:03.904+0000] {w3c.py:187} WARNING - calling Clean u_ex110306.log
[2024-04-12T00:00:03.905+0000] {logging_mixin.py:188} INFO - Cleaning  u_ex110306.log
[2024-04-12T00:00:03.905+0000] {w3c.py:144} WARNING - Cleaning u_ex110306.log
[2024-04-12T00:00:03.905+0000] {logging_mixin.py:188} INFO - sort -u /opt/***/data/Staging/DimIP.txt > /opt/***/data/Staging/DimIPUniq.txt
[2024-04-12T00:00:03.927+0000] {w3c.py:187} WARNING - calling Clean u_ex100528.log
[2024-04-12T00:00:03.928+0000] {logging_mixin.py:188} INFO - Cleaning  u_ex100528.log
[2024-04-12T00:00:03.928+0000] {w3c.py:144} WARNING - Cleaning u_ex100528.log
[2024-04-12T00:00:03.929+0000] {logging_mixin.py:188} INFO - sort -u /opt/***/data/Staging/DimIP.txt > /opt/***/data/Staging/DimIPUniq.txt
[2024-04-12T00:00:03.945+0000] {w3c.py:187} WARNING - calling Clean u_ex100204.log
[2024-04-12T00:00:03.946+0000] {logging_mixin.py:188} INFO - Cleaning  u_ex100204.log
[2024-04-12T00:00:03.946+0000] {w3c.py:144} WARNING - Cleaning u_ex100204.log
[2024-04-12T00:00:03.946+0000] {logging_mixin.py:188} INFO - sort -u /opt/***/data/Staging/DimIP.txt > /opt/***/data/Staging/DimIPUniq.txt
[2024-04-12T00:00:03.973+0000] {w3c.py:187} WARNING - calling Clean u_ex110218.log
[2024-04-12T00:00:03.974+0000] {logging_mixin.py:188} INFO - Cleaning  u_ex110218.log
[2024-04-12T00:00:03.974+0000] {w3c.py:144} WARNING - Cleaning u_ex110218.log
[2024-04-12T00:00:03.974+0000] {logging_mixin.py:188} INFO - sort -u /opt/***/data/Staging/DimIP.txt > /opt/***/data/Staging/DimIPUniq.txt
[2024-04-12T00:00:03.989+0000] {w3c.py:187} WARNING - calling Clean u_ex100104.log
[2024-04-12T00:00:03.990+0000] {logging_mixin.py:188} INFO - Cleaning  u_ex100104.log
[2024-04-12T00:00:03.990+0000] {w3c.py:144} WARNING - Cleaning u_ex100104.log
[2024-04-12T00:00:03.991+0000] {logging_mixin.py:188} INFO - sort -u /opt/***/data/Staging/DimIP.txt > /opt/***/data/Staging/DimIPUniq.txt
[2024-04-12T00:00:04.004+0000] {w3c.py:187} WARNING - calling Clean u_ex110209.log
[2024-04-12T00:00:04.005+0000] {logging_mixin.py:188} INFO - Cleaning  u_ex110209.log
[2024-04-12T00:00:04.005+0000] {w3c.py:144} WARNING - Cleaning u_ex110209.log
[2024-04-12T00:00:04.005+0000] {logging_mixin.py:188} INFO - sort -u /opt/***/data/Staging/DimIP.txt > /opt/***/data/Staging/DimIPUniq.txt
[2024-04-12T00:00:04.043+0000] {w3c.py:187} WARNING - calling Clean u_ex100916.log
[2024-04-12T00:00:04.043+0000] {logging_mixin.py:188} INFO - Cleaning  u_ex100916.log
[2024-04-12T00:00:04.044+0000] {w3c.py:144} WARNING - Cleaning u_ex100916.log
[2024-04-12T00:00:04.044+0000] {logging_mixin.py:188} INFO - sort -u /opt/***/data/Staging/DimIP.txt > /opt/***/data/Staging/DimIPUniq.txt
[2024-04-12T00:00:04.067+0000] {w3c.py:187} WARNING - calling Clean u_ex100520.log
[2024-04-12T00:00:04.076+0000] {logging_mixin.py:188} INFO - Cleaning  u_ex100520.log
[2024-04-12T00:00:04.076+0000] {w3c.py:144} WARNING - Cleaning u_ex100520.log
[2024-04-12T00:00:04.076+0000] {logging_mixin.py:188} INFO - sort -u /opt/***/data/Staging/DimIP.txt > /opt/***/data/Staging/DimIPUniq.txt
[2024-04-12T00:00:04.083+0000] {w3c.py:187} WARNING - calling Clean u_ex101126.log
[2024-04-12T00:00:04.083+0000] {logging_mixin.py:188} INFO - Cleaning  u_ex101126.log
[2024-04-12T00:00:04.087+0000] {w3c.py:144} WARNING - Cleaning u_ex101126.log
[2024-04-12T00:00:04.088+0000] {logging_mixin.py:188} INFO - sort -u /opt/***/data/Staging/DimIP.txt > /opt/***/data/Staging/DimIPUniq.txt
[2024-04-12T00:00:04.108+0000] {w3c.py:187} WARNING - calling Clean u_ex100205.log
[2024-04-12T00:00:04.109+0000] {logging_mixin.py:188} INFO - Cleaning  u_ex100205.log
[2024-04-12T00:00:04.110+0000] {w3c.py:144} WARNING - Cleaning u_ex100205.log
[2024-04-12T00:00:04.110+0000] {logging_mixin.py:188} INFO - sort -u /opt/***/data/Staging/DimIP.txt > /opt/***/data/Staging/DimIPUniq.txt
[2024-04-12T00:00:04.121+0000] {w3c.py:187} WARNING - calling Clean u_ex110405.log
[2024-04-12T00:00:04.121+0000] {logging_mixin.py:188} INFO - Cleaning  u_ex110405.log
[2024-04-12T00:00:04.122+0000] {w3c.py:144} WARNING - Cleaning u_ex110405.log
[2024-04-12T00:00:04.122+0000] {logging_mixin.py:188} INFO - sort -u /opt/***/data/Staging/DimIP.txt > /opt/***/data/Staging/DimIPUniq.txt
[2024-04-12T00:00:04.141+0000] {w3c.py:187} WARNING - calling Clean u_ex110212.log
[2024-04-12T00:00:04.141+0000] {logging_mixin.py:188} INFO - Cleaning  u_ex110212.log
[2024-04-12T00:00:04.142+0000] {w3c.py:144} WARNING - Cleaning u_ex110212.log
[2024-04-12T00:00:04.142+0000] {logging_mixin.py:188} INFO - sort -u /opt/***/data/Staging/DimIP.txt > /opt/***/data/Staging/DimIPUniq.txt
[2024-04-12T00:00:04.163+0000] {w3c.py:187} WARNING - calling Clean u_ex100430.log
[2024-04-12T00:00:04.164+0000] {logging_mixin.py:188} INFO - Cleaning  u_ex100430.log
[2024-04-12T00:00:04.164+0000] {w3c.py:144} WARNING - Cleaning u_ex100430.log
[2024-04-12T00:00:04.164+0000] {logging_mixin.py:188} INFO - sort -u /opt/***/data/Staging/DimIP.txt > /opt/***/data/Staging/DimIPUniq.txt
[2024-04-12T00:00:04.193+0000] {w3c.py:187} WARNING - calling Clean u_ex100830.log
[2024-04-12T00:00:04.194+0000] {logging_mixin.py:188} INFO - Cleaning  u_ex100830.log
[2024-04-12T00:00:04.194+0000] {w3c.py:144} WARNING - Cleaning u_ex100830.log
[2024-04-12T00:00:04.195+0000] {logging_mixin.py:188} INFO - sort -u /opt/***/data/Staging/DimIP.txt > /opt/***/data/Staging/DimIPUniq.txt
[2024-04-12T00:00:04.216+0000] {w3c.py:187} WARNING - calling Clean u_ex110130.log
[2024-04-12T00:00:04.217+0000] {logging_mixin.py:188} INFO - Cleaning  u_ex110130.log
[2024-04-12T00:00:04.217+0000] {w3c.py:144} WARNING - Cleaning u_ex110130.log
[2024-04-12T00:00:04.218+0000] {logging_mixin.py:188} INFO - sort -u /opt/***/data/Staging/DimIP.txt > /opt/***/data/Staging/DimIPUniq.txt
[2024-04-12T00:00:04.233+0000] {w3c.py:187} WARNING - calling Clean u_ex100526.log
[2024-04-12T00:00:04.234+0000] {logging_mixin.py:188} INFO - Cleaning  u_ex100526.log
[2024-04-12T00:00:04.234+0000] {w3c.py:144} WARNING - Cleaning u_ex100526.log
[2024-04-12T00:00:04.235+0000] {logging_mixin.py:188} INFO - sort -u /opt/***/data/Staging/DimIP.txt > /opt/***/data/Staging/DimIPUniq.txt
[2024-04-12T00:00:04.244+0000] {w3c.py:187} WARNING - calling Clean u_ex091207.log
[2024-04-12T00:00:04.245+0000] {logging_mixin.py:188} INFO - Cleaning  u_ex091207.log
[2024-04-12T00:00:04.245+0000] {w3c.py:144} WARNING - Cleaning u_ex091207.log
[2024-04-12T00:00:04.246+0000] {logging_mixin.py:188} INFO - sort -u /opt/***/data/Staging/DimIP.txt > /opt/***/data/Staging/DimIPUniq.txt
[2024-04-12T00:00:04.273+0000] {w3c.py:187} WARNING - calling Clean u_ex100923.log
[2024-04-12T00:00:04.274+0000] {logging_mixin.py:188} INFO - Cleaning  u_ex100923.log
[2024-04-12T00:00:04.274+0000] {w3c.py:144} WARNING - Cleaning u_ex100923.log
[2024-04-12T00:00:04.275+0000] {logging_mixin.py:188} INFO - sort -u /opt/***/data/Staging/DimIP.txt > /opt/***/data/Staging/DimIPUniq.txt
[2024-04-12T00:00:04.305+0000] {w3c.py:187} WARNING - calling Clean u_ex110119.log
[2024-04-12T00:00:04.306+0000] {logging_mixin.py:188} INFO - Cleaning  u_ex110119.log
[2024-04-12T00:00:04.306+0000] {w3c.py:144} WARNING - Cleaning u_ex110119.log
[2024-04-12T00:00:04.306+0000] {logging_mixin.py:188} INFO - sort -u /opt/***/data/Staging/DimIP.txt > /opt/***/data/Staging/DimIPUniq.txt
[2024-04-12T00:00:04.344+0000] {w3c.py:187} WARNING - calling Clean u_ex110424.log
[2024-04-12T00:00:04.344+0000] {logging_mixin.py:188} INFO - Cleaning  u_ex110424.log
[2024-04-12T00:00:04.345+0000] {w3c.py:144} WARNING - Cleaning u_ex110424.log
[2024-04-12T00:00:04.345+0000] {logging_mixin.py:188} INFO - sort -u /opt/***/data/Staging/DimIP.txt > /opt/***/data/Staging/DimIPUniq.txt
[2024-04-12T00:00:04.368+0000] {w3c.py:187} WARNING - calling Clean u_ex100619.log
[2024-04-12T00:00:04.369+0000] {logging_mixin.py:188} INFO - Cleaning  u_ex100619.log
[2024-04-12T00:00:04.369+0000] {w3c.py:144} WARNING - Cleaning u_ex100619.log
[2024-04-12T00:00:04.369+0000] {logging_mixin.py:188} INFO - sort -u /opt/***/data/Staging/DimIP.txt > /opt/***/data/Staging/DimIPUniq.txt
[2024-04-12T00:00:04.380+0000] {w3c.py:187} WARNING - calling Clean u_ex100714.log
[2024-04-12T00:00:04.380+0000] {logging_mixin.py:188} INFO - Cleaning  u_ex100714.log
[2024-04-12T00:00:04.380+0000] {w3c.py:144} WARNING - Cleaning u_ex100714.log
[2024-04-12T00:00:04.381+0000] {logging_mixin.py:188} INFO - sort -u /opt/***/data/Staging/DimIP.txt > /opt/***/data/Staging/DimIPUniq.txt
[2024-04-12T00:00:04.406+0000] {w3c.py:187} WARNING - calling Clean u_ex100106.log
[2024-04-12T00:00:04.406+0000] {logging_mixin.py:188} INFO - Cleaning  u_ex100106.log
[2024-04-12T00:00:04.407+0000] {w3c.py:144} WARNING - Cleaning u_ex100106.log
[2024-04-12T00:00:04.407+0000] {logging_mixin.py:188} INFO - sort -u /opt/***/data/Staging/DimIP.txt > /opt/***/data/Staging/DimIPUniq.txt
[2024-04-12T00:00:04.434+0000] {w3c.py:187} WARNING - calling Clean u_ex091024.log
[2024-04-12T00:00:04.435+0000] {logging_mixin.py:188} INFO - Cleaning  u_ex091024.log
[2024-04-12T00:00:04.448+0000] {w3c.py:144} WARNING - Cleaning u_ex091024.log
[2024-04-12T00:00:04.448+0000] {logging_mixin.py:188} INFO - sort -u /opt/***/data/Staging/DimIP.txt > /opt/***/data/Staging/DimIPUniq.txt
[2024-04-12T00:00:04.449+0000] {w3c.py:187} WARNING - calling Clean u_ex101020.log
[2024-04-12T00:00:04.449+0000] {logging_mixin.py:188} INFO - Cleaning  u_ex101020.log
[2024-04-12T00:00:04.450+0000] {w3c.py:144} WARNING - Cleaning u_ex101020.log
[2024-04-12T00:00:04.450+0000] {logging_mixin.py:188} INFO - sort -u /opt/***/data/Staging/DimIP.txt > /opt/***/data/Staging/DimIPUniq.txt
[2024-04-12T00:00:04.466+0000] {w3c.py:187} WARNING - calling Clean u_ex110205.log
[2024-04-12T00:00:04.467+0000] {logging_mixin.py:188} INFO - Cleaning  u_ex110205.log
[2024-04-12T00:00:04.475+0000] {w3c.py:144} WARNING - Cleaning u_ex110205.log
[2024-04-12T00:00:04.476+0000] {logging_mixin.py:188} INFO - sort -u /opt/***/data/Staging/DimIP.txt > /opt/***/data/Staging/DimIPUniq.txt
[2024-04-12T00:00:04.481+0000] {w3c.py:187} WARNING - calling Clean u_ex100809.log
[2024-04-12T00:00:04.482+0000] {logging_mixin.py:188} INFO - Cleaning  u_ex100809.log
[2024-04-12T00:00:04.482+0000] {w3c.py:144} WARNING - Cleaning u_ex100809.log
[2024-04-12T00:00:04.483+0000] {logging_mixin.py:188} INFO - sort -u /opt/***/data/Staging/DimIP.txt > /opt/***/data/Staging/DimIPUniq.txt
[2024-04-12T00:00:04.499+0000] {w3c.py:187} WARNING - calling Clean u_ex091106.log
[2024-04-12T00:00:04.500+0000] {logging_mixin.py:188} INFO - Cleaning  u_ex091106.log
[2024-04-12T00:00:04.500+0000] {w3c.py:144} WARNING - Cleaning u_ex091106.log
[2024-04-12T00:00:04.512+0000] {logging_mixin.py:188} INFO - sort -u /opt/***/data/Staging/DimIP.txt > /opt/***/data/Staging/DimIPUniq.txt
[2024-04-12T00:00:04.513+0000] {w3c.py:187} WARNING - calling Clean u_ex091211.log
[2024-04-12T00:00:04.514+0000] {logging_mixin.py:188} INFO - Cleaning  u_ex091211.log
[2024-04-12T00:00:04.514+0000] {w3c.py:144} WARNING - Cleaning u_ex091211.log
[2024-04-12T00:00:04.514+0000] {logging_mixin.py:188} INFO - sort -u /opt/***/data/Staging/DimIP.txt > /opt/***/data/Staging/DimIPUniq.txt
[2024-04-12T00:00:04.519+0000] {w3c.py:187} WARNING - calling Clean u_ex100322.log
[2024-04-12T00:00:04.520+0000] {logging_mixin.py:188} INFO - Cleaning  u_ex100322.log
[2024-04-12T00:00:04.520+0000] {w3c.py:144} WARNING - Cleaning u_ex100322.log
[2024-04-12T00:00:04.520+0000] {logging_mixin.py:188} INFO - sort -u /opt/***/data/Staging/DimIP.txt > /opt/***/data/Staging/DimIPUniq.txt
[2024-04-12T00:00:04.544+0000] {w3c.py:187} WARNING - calling Clean u_ex100117.log
[2024-04-12T00:00:04.544+0000] {logging_mixin.py:188} INFO - Cleaning  u_ex100117.log
[2024-04-12T00:00:04.545+0000] {w3c.py:144} WARNING - Cleaning u_ex100117.log
[2024-04-12T00:00:04.545+0000] {logging_mixin.py:188} INFO - sort -u /opt/***/data/Staging/DimIP.txt > /opt/***/data/Staging/DimIPUniq.txt
[2024-04-12T00:00:04.565+0000] {w3c.py:187} WARNING - calling Clean u_ex101225.log
[2024-04-12T00:00:04.565+0000] {logging_mixin.py:188} INFO - Cleaning  u_ex101225.log
[2024-04-12T00:00:04.566+0000] {w3c.py:144} WARNING - Cleaning u_ex101225.log
[2024-04-12T00:00:04.566+0000] {logging_mixin.py:188} INFO - sort -u /opt/***/data/Staging/DimIP.txt > /opt/***/data/Staging/DimIPUniq.txt
[2024-04-12T00:00:04.575+0000] {w3c.py:187} WARNING - calling Clean u_ex100424.log
[2024-04-12T00:00:04.576+0000] {logging_mixin.py:188} INFO - Cleaning  u_ex100424.log
[2024-04-12T00:00:04.576+0000] {w3c.py:144} WARNING - Cleaning u_ex100424.log
[2024-04-12T00:00:04.576+0000] {logging_mixin.py:188} INFO - sort -u /opt/***/data/Staging/DimIP.txt > /opt/***/data/Staging/DimIPUniq.txt
[2024-04-12T00:00:04.591+0000] {w3c.py:187} WARNING - calling Clean u_ex091102.log
[2024-04-12T00:00:04.592+0000] {logging_mixin.py:188} INFO - Cleaning  u_ex091102.log
[2024-04-12T00:00:04.592+0000] {w3c.py:144} WARNING - Cleaning u_ex091102.log
[2024-04-12T00:00:04.593+0000] {logging_mixin.py:188} INFO - sort -u /opt/***/data/Staging/DimIP.txt > /opt/***/data/Staging/DimIPUniq.txt
[2024-04-12T00:00:04.624+0000] {w3c.py:187} WARNING - calling Clean u_ex091123.log
[2024-04-12T00:00:04.625+0000] {logging_mixin.py:188} INFO - Cleaning  u_ex091123.log
[2024-04-12T00:00:04.625+0000] {w3c.py:144} WARNING - Cleaning u_ex091123.log
[2024-04-12T00:00:04.625+0000] {logging_mixin.py:188} INFO - sort -u /opt/***/data/Staging/DimIP.txt > /opt/***/data/Staging/DimIPUniq.txt
[2024-04-12T00:00:04.638+0000] {w3c.py:187} WARNING - calling Clean u_ex100629.log
[2024-04-12T00:00:04.638+0000] {logging_mixin.py:188} INFO - Cleaning  u_ex100629.log
[2024-04-12T00:00:04.639+0000] {w3c.py:144} WARNING - Cleaning u_ex100629.log
[2024-04-12T00:00:04.639+0000] {logging_mixin.py:188} INFO - sort -u /opt/***/data/Staging/DimIP.txt > /opt/***/data/Staging/DimIPUniq.txt
[2024-04-12T00:00:04.654+0000] {w3c.py:187} WARNING - calling Clean u_ex100612.log
[2024-04-12T00:00:04.654+0000] {logging_mixin.py:188} INFO - Cleaning  u_ex100612.log
[2024-04-12T00:00:04.654+0000] {w3c.py:144} WARNING - Cleaning u_ex100612.log
[2024-04-12T00:00:04.655+0000] {logging_mixin.py:188} INFO - sort -u /opt/***/data/Staging/DimIP.txt > /opt/***/data/Staging/DimIPUniq.txt
[2024-04-12T00:00:04.669+0000] {w3c.py:187} WARNING - calling Clean u_ex100912.log
[2024-04-12T00:00:04.670+0000] {logging_mixin.py:188} INFO - Cleaning  u_ex100912.log
[2024-04-12T00:00:04.670+0000] {w3c.py:144} WARNING - Cleaning u_ex100912.log
[2024-04-12T00:00:04.671+0000] {logging_mixin.py:188} INFO - sort -u /opt/***/data/Staging/DimIP.txt > /opt/***/data/Staging/DimIPUniq.txt
[2024-04-12T00:00:04.689+0000] {w3c.py:187} WARNING - calling Clean u_ex101215.log
[2024-04-12T00:00:04.689+0000] {logging_mixin.py:188} INFO - Cleaning  u_ex101215.log
[2024-04-12T00:00:04.690+0000] {w3c.py:144} WARNING - Cleaning u_ex101215.log
[2024-04-12T00:00:04.690+0000] {logging_mixin.py:188} INFO - sort -u /opt/***/data/Staging/DimIP.txt > /opt/***/data/Staging/DimIPUniq.txt
[2024-04-12T00:00:04.710+0000] {w3c.py:187} WARNING - calling Clean u_ex100131.log
[2024-04-12T00:00:04.710+0000] {logging_mixin.py:188} INFO - Cleaning  u_ex100131.log
[2024-04-12T00:00:04.711+0000] {w3c.py:144} WARNING - Cleaning u_ex100131.log
[2024-04-12T00:00:04.719+0000] {logging_mixin.py:188} INFO - sort -u /opt/***/data/Staging/DimIP.txt > /opt/***/data/Staging/DimIPUniq.txt
[2024-04-12T00:00:04.725+0000] {w3c.py:187} WARNING - calling Clean u_ex101223.log
[2024-04-12T00:00:04.725+0000] {logging_mixin.py:188} INFO - Cleaning  u_ex101223.log
[2024-04-12T00:00:04.726+0000] {w3c.py:144} WARNING - Cleaning u_ex101223.log
[2024-04-12T00:00:04.726+0000] {logging_mixin.py:188} INFO - sort -u /opt/***/data/Staging/DimIP.txt > /opt/***/data/Staging/DimIPUniq.txt
[2024-04-12T00:00:04.744+0000] {w3c.py:187} WARNING - calling Clean u_ex110427.log
[2024-04-12T00:00:04.745+0000] {logging_mixin.py:188} INFO - Cleaning  u_ex110427.log
[2024-04-12T00:00:04.745+0000] {w3c.py:144} WARNING - Cleaning u_ex110427.log
[2024-04-12T00:00:04.746+0000] {logging_mixin.py:188} INFO - sort -u /opt/***/data/Staging/DimIP.txt > /opt/***/data/Staging/DimIPUniq.txt
[2024-04-12T00:00:04.764+0000] {w3c.py:187} WARNING - calling Clean u_ex101008.log
[2024-04-12T00:00:04.764+0000] {logging_mixin.py:188} INFO - Cleaning  u_ex101008.log
[2024-04-12T00:00:04.765+0000] {w3c.py:144} WARNING - Cleaning u_ex101008.log
[2024-04-12T00:00:04.765+0000] {logging_mixin.py:188} INFO - sort -u /opt/***/data/Staging/DimIP.txt > /opt/***/data/Staging/DimIPUniq.txt
[2024-04-12T00:00:04.790+0000] {w3c.py:187} WARNING - calling Clean u_ex100423.log
[2024-04-12T00:00:04.790+0000] {logging_mixin.py:188} INFO - Cleaning  u_ex100423.log
[2024-04-12T00:00:04.791+0000] {w3c.py:144} WARNING - Cleaning u_ex100423.log
[2024-04-12T00:00:04.791+0000] {logging_mixin.py:188} INFO - sort -u /opt/***/data/Staging/DimIP.txt > /opt/***/data/Staging/DimIPUniq.txt
[2024-04-12T00:00:04.834+0000] {w3c.py:187} WARNING - calling Clean u_ex100808.log
[2024-04-12T00:00:04.834+0000] {logging_mixin.py:188} INFO - Cleaning  u_ex100808.log
[2024-04-12T00:00:04.835+0000] {w3c.py:144} WARNING - Cleaning u_ex100808.log
[2024-04-12T00:00:04.835+0000] {logging_mixin.py:188} INFO - sort -u /opt/***/data/Staging/DimIP.txt > /opt/***/data/Staging/DimIPUniq.txt
[2024-04-12T00:00:04.849+0000] {w3c.py:187} WARNING - calling Clean u_ex100519.log
[2024-04-12T00:00:04.850+0000] {logging_mixin.py:188} INFO - Cleaning  u_ex100519.log
[2024-04-12T00:00:04.850+0000] {w3c.py:144} WARNING - Cleaning u_ex100519.log
[2024-04-12T00:00:04.850+0000] {logging_mixin.py:188} INFO - sort -u /opt/***/data/Staging/DimIP.txt > /opt/***/data/Staging/DimIPUniq.txt
[2024-04-12T00:00:04.874+0000] {w3c.py:187} WARNING - calling Clean u_ex091213.log
[2024-04-12T00:00:04.874+0000] {logging_mixin.py:188} INFO - Cleaning  u_ex091213.log
[2024-04-12T00:00:04.875+0000] {w3c.py:144} WARNING - Cleaning u_ex091213.log
[2024-04-12T00:00:04.875+0000] {logging_mixin.py:188} INFO - sort -u /opt/***/data/Staging/DimIP.txt > /opt/***/data/Staging/DimIPUniq.txt
[2024-04-12T00:00:04.894+0000] {w3c.py:187} WARNING - calling Clean u_ex101202.log
[2024-04-12T00:00:04.894+0000] {logging_mixin.py:188} INFO - Cleaning  u_ex101202.log
[2024-04-12T00:00:04.895+0000] {w3c.py:144} WARNING - Cleaning u_ex101202.log
[2024-04-12T00:00:04.896+0000] {logging_mixin.py:188} INFO - sort -u /opt/***/data/Staging/DimIP.txt > /opt/***/data/Staging/DimIPUniq.txt
[2024-04-12T00:00:04.910+0000] {w3c.py:187} WARNING - calling Clean u_ex100718.log
[2024-04-12T00:00:04.911+0000] {logging_mixin.py:188} INFO - Cleaning  u_ex100718.log
[2024-04-12T00:00:04.911+0000] {w3c.py:144} WARNING - Cleaning u_ex100718.log
[2024-04-12T00:00:04.912+0000] {logging_mixin.py:188} INFO - sort -u /opt/***/data/Staging/DimIP.txt > /opt/***/data/Staging/DimIPUniq.txt
[2024-04-12T00:00:04.943+0000] {w3c.py:187} WARNING - calling Clean u_ex100314.log
[2024-04-12T00:00:04.944+0000] {logging_mixin.py:188} INFO - Cleaning  u_ex100314.log
[2024-04-12T00:00:04.944+0000] {w3c.py:144} WARNING - Cleaning u_ex100314.log
[2024-04-12T00:00:04.944+0000] {logging_mixin.py:188} INFO - sort -u /opt/***/data/Staging/DimIP.txt > /opt/***/data/Staging/DimIPUniq.txt
[2024-04-12T00:00:04.966+0000] {w3c.py:187} WARNING - calling Clean u_ex100425.log
[2024-04-12T00:00:04.966+0000] {logging_mixin.py:188} INFO - Cleaning  u_ex100425.log
[2024-04-12T00:00:04.967+0000] {w3c.py:144} WARNING - Cleaning u_ex100425.log
[2024-04-12T00:00:04.969+0000] {logging_mixin.py:188} INFO - sort -u /opt/***/data/Staging/DimIP.txt > /opt/***/data/Staging/DimIPUniq.txt
[2024-04-12T00:00:04.987+0000] {w3c.py:187} WARNING - calling Clean u_ex100304.log
[2024-04-12T00:00:04.987+0000] {logging_mixin.py:188} INFO - Cleaning  u_ex100304.log
[2024-04-12T00:00:04.988+0000] {w3c.py:144} WARNING - Cleaning u_ex100304.log
[2024-04-12T00:00:04.988+0000] {logging_mixin.py:188} INFO - sort -u /opt/***/data/Staging/DimIP.txt > /opt/***/data/Staging/DimIPUniq.txt
[2024-04-12T00:00:05.004+0000] {w3c.py:187} WARNING - calling Clean u_ex100419.log
[2024-04-12T00:00:05.005+0000] {logging_mixin.py:188} INFO - Cleaning  u_ex100419.log
[2024-04-12T00:00:05.005+0000] {w3c.py:144} WARNING - Cleaning u_ex100419.log
[2024-04-12T00:00:05.005+0000] {logging_mixin.py:188} INFO - sort -u /opt/***/data/Staging/DimIP.txt > /opt/***/data/Staging/DimIPUniq.txt
[2024-04-12T00:00:05.020+0000] {w3c.py:187} WARNING - calling Clean u_ex101023.log
[2024-04-12T00:00:05.021+0000] {logging_mixin.py:188} INFO - Cleaning  u_ex101023.log
[2024-04-12T00:00:05.021+0000] {w3c.py:144} WARNING - Cleaning u_ex101023.log
[2024-04-12T00:00:05.021+0000] {logging_mixin.py:188} INFO - sort -u /opt/***/data/Staging/DimIP.txt > /opt/***/data/Staging/DimIPUniq.txt
[2024-04-12T00:00:05.048+0000] {w3c.py:187} WARNING - calling Clean u_ex101025.log
[2024-04-12T00:00:05.048+0000] {logging_mixin.py:188} INFO - Cleaning  u_ex101025.log
[2024-04-12T00:00:05.049+0000] {w3c.py:144} WARNING - Cleaning u_ex101025.log
[2024-04-12T00:00:05.049+0000] {logging_mixin.py:188} INFO - sort -u /opt/***/data/Staging/DimIP.txt > /opt/***/data/Staging/DimIPUniq.txt
[2024-04-12T00:00:05.058+0000] {w3c.py:187} WARNING - calling Clean u_ex101101.log
[2024-04-12T00:00:05.058+0000] {logging_mixin.py:188} INFO - Cleaning  u_ex101101.log
[2024-04-12T00:00:05.059+0000] {w3c.py:144} WARNING - Cleaning u_ex101101.log
[2024-04-12T00:00:05.059+0000] {logging_mixin.py:188} INFO - sort -u /opt/***/data/Staging/DimIP.txt > /opt/***/data/Staging/DimIPUniq.txt
[2024-04-12T00:00:05.073+0000] {w3c.py:187} WARNING - calling Clean u_ex100906.log
[2024-04-12T00:00:05.074+0000] {logging_mixin.py:188} INFO - Cleaning  u_ex100906.log
[2024-04-12T00:00:05.074+0000] {w3c.py:144} WARNING - Cleaning u_ex100906.log
[2024-04-12T00:00:05.075+0000] {logging_mixin.py:188} INFO - sort -u /opt/***/data/Staging/DimIP.txt > /opt/***/data/Staging/DimIPUniq.txt
[2024-04-12T00:00:05.081+0000] {w3c.py:187} WARNING - calling Clean u_ex101113.log
[2024-04-12T00:00:05.081+0000] {logging_mixin.py:188} INFO - Cleaning  u_ex101113.log
[2024-04-12T00:00:05.081+0000] {w3c.py:144} WARNING - Cleaning u_ex101113.log
[2024-04-12T00:00:05.082+0000] {logging_mixin.py:188} INFO - sort -u /opt/***/data/Staging/DimIP.txt > /opt/***/data/Staging/DimIPUniq.txt
[2024-04-12T00:00:05.091+0000] {w3c.py:187} WARNING - calling Clean u_ex100924.log
[2024-04-12T00:00:05.092+0000] {logging_mixin.py:188} INFO - Cleaning  u_ex100924.log
[2024-04-12T00:00:05.092+0000] {w3c.py:144} WARNING - Cleaning u_ex100924.log
[2024-04-12T00:00:05.092+0000] {logging_mixin.py:188} INFO - sort -u /opt/***/data/Staging/DimIP.txt > /opt/***/data/Staging/DimIPUniq.txt
[2024-04-12T00:00:05.101+0000] {w3c.py:187} WARNING - calling Clean u_ex101118.log
[2024-04-12T00:00:05.102+0000] {logging_mixin.py:188} INFO - Cleaning  u_ex101118.log
[2024-04-12T00:00:05.102+0000] {w3c.py:144} WARNING - Cleaning u_ex101118.log
[2024-04-12T00:00:05.103+0000] {logging_mixin.py:188} INFO - sort -u /opt/***/data/Staging/DimIP.txt > /opt/***/data/Staging/DimIPUniq.txt
[2024-04-12T00:00:05.111+0000] {w3c.py:187} WARNING - calling Clean u_ex091130.log
[2024-04-12T00:00:05.112+0000] {logging_mixin.py:188} INFO - Cleaning  u_ex091130.log
[2024-04-12T00:00:05.112+0000] {w3c.py:144} WARNING - Cleaning u_ex091130.log
[2024-04-12T00:00:05.112+0000] {logging_mixin.py:188} INFO - sort -u /opt/***/data/Staging/DimIP.txt > /opt/***/data/Staging/DimIPUniq.txt
[2024-04-12T00:00:05.118+0000] {logging_mixin.py:188} INFO - Fault 26
[2024-04-12T00:00:05.123+0000] {logging_mixin.py:188} INFO - Fault 10
[2024-04-12T00:00:05.127+0000] {logging_mixin.py:188} INFO - Fault 6
[2024-04-12T00:00:05.128+0000] {w3c.py:187} WARNING - calling Clean u_ex100309.log
[2024-04-12T00:00:05.128+0000] {logging_mixin.py:188} INFO - Cleaning  u_ex100309.log
[2024-04-12T00:00:05.129+0000] {w3c.py:144} WARNING - Cleaning u_ex100309.log
[2024-04-12T00:00:05.129+0000] {logging_mixin.py:188} INFO - sort -u /opt/***/data/Staging/DimIP.txt > /opt/***/data/Staging/DimIPUniq.txt
[2024-04-12T00:00:05.135+0000] {w3c.py:187} WARNING - calling Clean u_ex100725.log
[2024-04-12T00:00:05.135+0000] {logging_mixin.py:188} INFO - Cleaning  u_ex100725.log
[2024-04-12T00:00:05.135+0000] {w3c.py:144} WARNING - Cleaning u_ex100725.log
[2024-04-12T00:00:05.136+0000] {logging_mixin.py:188} INFO - sort -u /opt/***/data/Staging/DimIP.txt > /opt/***/data/Staging/DimIPUniq.txt
[2024-04-12T00:00:05.144+0000] {w3c.py:187} WARNING - calling Clean u_ex091025.log
[2024-04-12T00:00:05.145+0000] {logging_mixin.py:188} INFO - Cleaning  u_ex091025.log
[2024-04-12T00:00:05.145+0000] {w3c.py:144} WARNING - Cleaning u_ex091025.log
[2024-04-12T00:00:05.146+0000] {logging_mixin.py:188} INFO - sort -u /opt/***/data/Staging/DimIP.txt > /opt/***/data/Staging/DimIPUniq.txt
[2024-04-12T00:00:05.147+0000] {w3c.py:187} WARNING - calling Clean u_ex100307.log
[2024-04-12T00:00:05.147+0000] {logging_mixin.py:188} INFO - Cleaning  u_ex100307.log
[2024-04-12T00:00:05.147+0000] {w3c.py:144} WARNING - Cleaning u_ex100307.log
[2024-04-12T00:00:05.148+0000] {logging_mixin.py:188} INFO - sort -u /opt/***/data/Staging/DimIP.txt > /opt/***/data/Staging/DimIPUniq.txt
[2024-04-12T00:00:05.152+0000] {w3c.py:187} WARNING - calling Clean u_ex110516.log
[2024-04-12T00:00:05.152+0000] {logging_mixin.py:188} INFO - Cleaning  u_ex110516.log
[2024-04-12T00:00:05.152+0000] {w3c.py:144} WARNING - Cleaning u_ex110516.log
[2024-04-12T00:00:05.153+0000] {logging_mixin.py:188} INFO - sort -u /opt/***/data/Staging/DimIP.txt > /opt/***/data/Staging/DimIPUniq.txt
[2024-04-12T00:00:05.186+0000] {w3c.py:187} WARNING - calling Clean u_ex100628.log
[2024-04-12T00:00:05.186+0000] {logging_mixin.py:188} INFO - Cleaning  u_ex100628.log
[2024-04-12T00:00:05.199+0000] {w3c.py:144} WARNING - Cleaning u_ex100628.log
[2024-04-12T00:00:05.200+0000] {logging_mixin.py:188} INFO - sort -u /opt/***/data/Staging/DimIP.txt > /opt/***/data/Staging/DimIPUniq.txt
[2024-04-12T00:00:05.216+0000] {w3c.py:187} WARNING - calling Clean u_ex100406.log
[2024-04-12T00:00:05.217+0000] {logging_mixin.py:188} INFO - Cleaning  u_ex100406.log
[2024-04-12T00:00:05.217+0000] {w3c.py:144} WARNING - Cleaning u_ex100406.log
[2024-04-12T00:00:05.218+0000] {logging_mixin.py:188} INFO - sort -u /opt/***/data/Staging/DimIP.txt > /opt/***/data/Staging/DimIPUniq.txt
[2024-04-12T00:00:05.248+0000] {w3c.py:187} WARNING - calling Clean u_ex100221.log
[2024-04-12T00:00:05.249+0000] {logging_mixin.py:188} INFO - Cleaning  u_ex100221.log
[2024-04-12T00:00:05.249+0000] {w3c.py:144} WARNING - Cleaning u_ex100221.log
[2024-04-12T00:00:05.249+0000] {logging_mixin.py:188} INFO - sort -u /opt/***/data/Staging/DimIP.txt > /opt/***/data/Staging/DimIPUniq.txt
[2024-04-12T00:00:05.254+0000] {w3c.py:187} WARNING - calling Clean u_ex100113.log
[2024-04-12T00:00:05.254+0000] {logging_mixin.py:188} INFO - Cleaning  u_ex100113.log
[2024-04-12T00:00:05.254+0000] {w3c.py:144} WARNING - Cleaning u_ex100113.log
[2024-04-12T00:00:05.255+0000] {logging_mixin.py:188} INFO - sort -u /opt/***/data/Staging/DimIP.txt > /opt/***/data/Staging/DimIPUniq.txt
[2024-04-12T00:00:05.266+0000] {w3c.py:187} WARNING - calling Clean u_ex101212.log
[2024-04-12T00:00:05.266+0000] {logging_mixin.py:188} INFO - Cleaning  u_ex101212.log
[2024-04-12T00:00:05.266+0000] {w3c.py:144} WARNING - Cleaning u_ex101212.log
[2024-04-12T00:00:05.267+0000] {logging_mixin.py:188} INFO - sort -u /opt/***/data/Staging/DimIP.txt > /opt/***/data/Staging/DimIPUniq.txt
[2024-04-12T00:00:05.281+0000] {w3c.py:187} WARNING - calling Clean u_ex100302.log
[2024-04-12T00:00:05.282+0000] {logging_mixin.py:188} INFO - Cleaning  u_ex100302.log
[2024-04-12T00:00:05.282+0000] {w3c.py:144} WARNING - Cleaning u_ex100302.log
[2024-04-12T00:00:05.282+0000] {logging_mixin.py:188} INFO - sort -u /opt/***/data/Staging/DimIP.txt > /opt/***/data/Staging/DimIPUniq.txt
[2024-04-12T00:00:05.293+0000] {w3c.py:187} WARNING - calling Clean u_ex100630.log
[2024-04-12T00:00:05.294+0000] {logging_mixin.py:188} INFO - Cleaning  u_ex100630.log
[2024-04-12T00:00:05.294+0000] {w3c.py:144} WARNING - Cleaning u_ex100630.log
[2024-04-12T00:00:05.295+0000] {logging_mixin.py:188} INFO - sort -u /opt/***/data/Staging/DimIP.txt > /opt/***/data/Staging/DimIPUniq.txt
[2024-04-12T00:00:05.301+0000] {w3c.py:187} WARNING - calling Clean u_ex100615.log
[2024-04-12T00:00:05.302+0000] {logging_mixin.py:188} INFO - Cleaning  u_ex100615.log
[2024-04-12T00:00:05.302+0000] {w3c.py:144} WARNING - Cleaning u_ex100615.log
[2024-04-12T00:00:05.302+0000] {logging_mixin.py:188} INFO - sort -u /opt/***/data/Staging/DimIP.txt > /opt/***/data/Staging/DimIPUniq.txt
[2024-04-12T00:00:05.308+0000] {w3c.py:187} WARNING - calling Clean u_ex091120.log
[2024-04-12T00:00:05.309+0000] {logging_mixin.py:188} INFO - Cleaning  u_ex091120.log
[2024-04-12T00:00:05.309+0000] {w3c.py:144} WARNING - Cleaning u_ex091120.log
[2024-04-12T00:00:05.309+0000] {logging_mixin.py:188} INFO - sort -u /opt/***/data/Staging/DimIP.txt > /opt/***/data/Staging/DimIPUniq.txt
[2024-04-12T00:00:05.314+0000] {w3c.py:187} WARNING - calling Clean u_ex110504.log
[2024-04-12T00:00:05.314+0000] {logging_mixin.py:188} INFO - Cleaning  u_ex110504.log
[2024-04-12T00:00:05.314+0000] {w3c.py:144} WARNING - Cleaning u_ex110504.log
[2024-04-12T00:00:05.315+0000] {logging_mixin.py:188} INFO - sort -u /opt/***/data/Staging/DimIP.txt > /opt/***/data/Staging/DimIPUniq.txt
[2024-04-12T00:00:05.324+0000] {w3c.py:187} WARNING - calling Clean u_ex100622.log
[2024-04-12T00:00:05.324+0000] {logging_mixin.py:188} INFO - Cleaning  u_ex100622.log
[2024-04-12T00:00:05.325+0000] {w3c.py:144} WARNING - Cleaning u_ex100622.log
[2024-04-12T00:00:05.325+0000] {logging_mixin.py:188} INFO - sort -u /opt/***/data/Staging/DimIP.txt > /opt/***/data/Staging/DimIPUniq.txt
[2024-04-12T00:00:05.334+0000] {w3c.py:187} WARNING - calling Clean u_ex100801.log
[2024-04-12T00:00:05.334+0000] {logging_mixin.py:188} INFO - Cleaning  u_ex100801.log
[2024-04-12T00:00:05.334+0000] {w3c.py:144} WARNING - Cleaning u_ex100801.log
[2024-04-12T00:00:05.335+0000] {logging_mixin.py:188} INFO - sort -u /opt/***/data/Staging/DimIP.txt > /opt/***/data/Staging/DimIPUniq.txt
[2024-04-12T00:00:05.340+0000] {w3c.py:187} WARNING - calling Clean u_ex110407.log
[2024-04-12T00:00:05.340+0000] {logging_mixin.py:188} INFO - Cleaning  u_ex110407.log
[2024-04-12T00:00:05.341+0000] {w3c.py:144} WARNING - Cleaning u_ex110407.log
[2024-04-12T00:00:05.341+0000] {logging_mixin.py:188} INFO - sort -u /opt/***/data/Staging/DimIP.txt > /opt/***/data/Staging/DimIPUniq.txt
[2024-04-12T00:00:05.354+0000] {w3c.py:187} WARNING - calling Clean u_ex100926.log
[2024-04-12T00:00:05.354+0000] {logging_mixin.py:188} INFO - Cleaning  u_ex100926.log
[2024-04-12T00:00:05.355+0000] {w3c.py:144} WARNING - Cleaning u_ex100926.log
[2024-04-12T00:00:05.355+0000] {logging_mixin.py:188} INFO - sort -u /opt/***/data/Staging/DimIP.txt > /opt/***/data/Staging/DimIPUniq.txt
[2024-04-12T00:00:05.364+0000] {w3c.py:187} WARNING - calling Clean u_ex100422.log
[2024-04-12T00:00:05.365+0000] {logging_mixin.py:188} INFO - Cleaning  u_ex100422.log
[2024-04-12T00:00:05.365+0000] {w3c.py:144} WARNING - Cleaning u_ex100422.log
[2024-04-12T00:00:05.365+0000] {logging_mixin.py:188} INFO - sort -u /opt/***/data/Staging/DimIP.txt > /opt/***/data/Staging/DimIPUniq.txt
[2024-04-12T00:00:05.379+0000] {w3c.py:187} WARNING - calling Clean u_ex101111.log
[2024-04-12T00:00:05.379+0000] {logging_mixin.py:188} INFO - Cleaning  u_ex101111.log
[2024-04-12T00:00:05.380+0000] {w3c.py:144} WARNING - Cleaning u_ex101111.log
[2024-04-12T00:00:05.380+0000] {logging_mixin.py:188} INFO - sort -u /opt/***/data/Staging/DimIP.txt > /opt/***/data/Staging/DimIPUniq.txt
[2024-04-12T00:00:05.391+0000] {w3c.py:187} WARNING - calling Clean u_ex100705.log
[2024-04-12T00:00:05.392+0000] {logging_mixin.py:188} INFO - Cleaning  u_ex100705.log
[2024-04-12T00:00:05.392+0000] {w3c.py:144} WARNING - Cleaning u_ex100705.log
[2024-04-12T00:00:05.392+0000] {logging_mixin.py:188} INFO - sort -u /opt/***/data/Staging/DimIP.txt > /opt/***/data/Staging/DimIPUniq.txt
[2024-04-12T00:00:05.399+0000] {w3c.py:187} WARNING - calling Clean u_ex100112.log
[2024-04-12T00:00:05.399+0000] {logging_mixin.py:188} INFO - Cleaning  u_ex100112.log
[2024-04-12T00:00:05.400+0000] {w3c.py:144} WARNING - Cleaning u_ex100112.log
[2024-04-12T00:00:05.400+0000] {logging_mixin.py:188} INFO - sort -u /opt/***/data/Staging/DimIP.txt > /opt/***/data/Staging/DimIPUniq.txt
[2024-04-12T00:00:05.417+0000] {w3c.py:187} WARNING - calling Clean u_ex101027.log
[2024-04-12T00:00:05.418+0000] {logging_mixin.py:188} INFO - Cleaning  u_ex101027.log
[2024-04-12T00:00:05.418+0000] {w3c.py:144} WARNING - Cleaning u_ex101027.log
[2024-04-12T00:00:05.419+0000] {logging_mixin.py:188} INFO - sort -u /opt/***/data/Staging/DimIP.txt > /opt/***/data/Staging/DimIPUniq.txt
[2024-04-12T00:00:05.441+0000] {python.py:237} INFO - Done. Returned value was: None
[2024-04-12T00:00:05.442+0000] {taskinstance.py:441} INFO - ::group::Post task execution logs
[2024-04-12T00:00:05.459+0000] {taskinstance.py:1205} INFO - Marking task as SUCCESS. dag_id=Process_W3_Data, task_id=RemoveHash, execution_date=20240411T000000, start_date=20240412T000003, end_date=20240412T000005
[2024-04-12T00:00:05.495+0000] {local_task_job_runner.py:240} INFO - Task exited with return code 0
[2024-04-12T00:00:05.554+0000] {taskinstance.py:3482} INFO - 1 downstream tasks scheduled from follow-on schedule check
[2024-04-12T00:00:05.561+0000] {local_task_job_runner.py:222} INFO - ::endgroup::
