[2024-04-12T15:51:14.752+0000] {local_task_job_runner.py:120} INFO - ::group::Pre task execution logs
[2024-04-12T15:51:14.811+0000] {taskinstance.py:2073} INFO - Dependencies all met for dep_context=non-requeueable deps ti=<TaskInstance: Process_W3_Data.RemoveHash manual__2024-04-12T15:51:06.272583+00:00 [queued]>
[2024-04-12T15:51:14.832+0000] {taskinstance.py:2073} INFO - Dependencies all met for dep_context=requeueable deps ti=<TaskInstance: Process_W3_Data.RemoveHash manual__2024-04-12T15:51:06.272583+00:00 [queued]>
[2024-04-12T15:51:14.832+0000] {taskinstance.py:2303} INFO - Starting attempt 1 of 1
[2024-04-12T15:51:14.874+0000] {taskinstance.py:2327} INFO - Executing <Task(PythonOperator): RemoveHash> on 2024-04-12 15:51:06.272583+00:00
[2024-04-12T15:51:14.891+0000] {warnings.py:110} WARNING - /home/***/.local/lib/python3.12/site-packages/***/task/task_runner/standard_task_runner.py:61: DeprecationWarning: This process (pid=40251) is multi-threaded, use of fork() may lead to deadlocks in the child.
  pid = os.fork()

[2024-04-12T15:51:14.894+0000] {standard_task_runner.py:63} INFO - Started process 40253 to run task
[2024-04-12T15:51:14.902+0000] {standard_task_runner.py:90} INFO - Running: ['***', 'tasks', 'run', 'Process_W3_Data', 'RemoveHash', 'manual__2024-04-12T15:51:06.272583+00:00', '--job-id', '216', '--raw', '--subdir', 'DAGS_FOLDER/w3c.py', '--cfg-path', '/tmp/tmpi6likmqk']
[2024-04-12T15:51:14.908+0000] {standard_task_runner.py:91} INFO - Job 216: Subtask RemoveHash
[2024-04-12T15:51:15.024+0000] {task_command.py:426} INFO - Running <TaskInstance: Process_W3_Data.RemoveHash manual__2024-04-12T15:51:06.272583+00:00 [running]> on host 426f0b9f9d71
[2024-04-12T15:51:15.265+0000] {taskinstance.py:2644} INFO - Exporting env vars: AIRFLOW_CTX_DAG_OWNER='***' AIRFLOW_CTX_DAG_ID='Process_W3_Data' AIRFLOW_CTX_TASK_ID='RemoveHash' AIRFLOW_CTX_EXECUTION_DATE='2024-04-12T15:51:06.272583+00:00' AIRFLOW_CTX_TRY_NUMBER='1' AIRFLOW_CTX_DAG_RUN_ID='manual__2024-04-12T15:51:06.272583+00:00'
[2024-04-12T15:51:15.268+0000] {taskinstance.py:430} INFO - ::endgroup::
[2024-04-12T15:51:15.270+0000] {w3c.py:157} WARNING - Starting List Filesu_ex101031.log,u_ex110411.log,u_ex100626.log,u_ex100105.log,u_ex091103.log,u_ex110510.log,u_ex100708.log,u_ex100315.log,u_ex110306.log,u_ex100528.log,u_ex100204.log,u_ex110218.log,u_ex100104.log,u_ex110209.log,u_ex100916.log,u_ex100520.log,u_ex101126.log,u_ex100205.log,u_ex110405.log,u_ex110212.log,u_ex100430.log,u_ex100830.log,u_ex110130.log,u_ex100526.log,u_ex091207.log,u_ex100923.log,u_ex110119.log,u_ex110424.log,u_ex100619.log,u_ex100714.log,u_ex100106.log,u_ex091024.log,u_ex101020.log,u_ex110205.log,u_ex100809.log,u_ex091106.log,u_ex091211.log,u_ex100322.log,u_ex100117.log,u_ex101225.log,u_ex100424.log,u_ex091102.log,u_ex091123.log,u_ex100629.log,u_ex100612.log,u_ex100912.log,u_ex101215.log,u_ex100131.log,u_ex101223.log,u_ex110427.log,u_ex101008.log,u_ex100423.log,u_ex100808.log,u_ex100519.log,u_ex091213.log,u_ex101202.log,u_ex100718.log,u_ex100314.log,u_ex100425.log,u_ex100304.log,u_ex100419.log,u_ex101023.log,u_ex101025.log,u_ex101101.log,u_ex100906.log,u_ex101113.log,u_ex100924.log,u_ex101118.log,u_ex091130.log,u_ex100309.log,u_ex100725.log,u_ex091025.log,u_ex100307.log,u_ex110516.log,u_ex100628.log,u_ex100406.log,u_ex100221.log,u_ex100113.log,u_ex101212.log,u_ex100302.log,u_ex100630.log,u_ex100615.log,u_ex091120.log,u_ex110504.log,u_ex100622.log,u_ex100801.log,u_ex110407.log,u_ex100926.log,u_ex100422.log,u_ex101111.log,u_ex100705.log,u_ex100112.log,u_ex101027.log
[2024-04-12T15:51:15.287+0000] {w3c.py:160} WARNING - calling Clean u_ex101031.log
[2024-04-12T15:51:15.290+0000] {logging_mixin.py:188} INFO - Cleaning  u_ex101031.log
[2024-04-12T15:51:15.290+0000] {w3c.py:117} WARNING - Cleaning u_ex101031.log
[2024-04-12T15:51:15.291+0000] {logging_mixin.py:188} INFO - sort -u /opt/***/data/Staging/DimIP.txt > /opt/***/data/Staging/DimIPUniq.txt
[2024-04-12T15:51:15.308+0000] {w3c.py:160} WARNING - calling Clean u_ex110411.log
[2024-04-12T15:51:15.309+0000] {logging_mixin.py:188} INFO - Cleaning  u_ex110411.log
[2024-04-12T15:51:15.309+0000] {w3c.py:117} WARNING - Cleaning u_ex110411.log
[2024-04-12T15:51:15.309+0000] {logging_mixin.py:188} INFO - sort -u /opt/***/data/Staging/DimIP.txt > /opt/***/data/Staging/DimIPUniq.txt
[2024-04-12T15:51:15.327+0000] {w3c.py:160} WARNING - calling Clean u_ex100626.log
[2024-04-12T15:51:15.327+0000] {logging_mixin.py:188} INFO - Cleaning  u_ex100626.log
[2024-04-12T15:51:15.328+0000] {w3c.py:117} WARNING - Cleaning u_ex100626.log
[2024-04-12T15:51:15.328+0000] {logging_mixin.py:188} INFO - sort -u /opt/***/data/Staging/DimIP.txt > /opt/***/data/Staging/DimIPUniq.txt
[2024-04-12T15:51:15.339+0000] {w3c.py:160} WARNING - calling Clean u_ex100105.log
[2024-04-12T15:51:15.340+0000] {logging_mixin.py:188} INFO - Cleaning  u_ex100105.log
[2024-04-12T15:51:15.340+0000] {w3c.py:117} WARNING - Cleaning u_ex100105.log
[2024-04-12T15:51:15.341+0000] {logging_mixin.py:188} INFO - sort -u /opt/***/data/Staging/DimIP.txt > /opt/***/data/Staging/DimIPUniq.txt
[2024-04-12T15:51:15.353+0000] {w3c.py:160} WARNING - calling Clean u_ex091103.log
[2024-04-12T15:51:15.354+0000] {logging_mixin.py:188} INFO - Cleaning  u_ex091103.log
[2024-04-12T15:51:15.354+0000] {w3c.py:117} WARNING - Cleaning u_ex091103.log
[2024-04-12T15:51:15.355+0000] {logging_mixin.py:188} INFO - sort -u /opt/***/data/Staging/DimIP.txt > /opt/***/data/Staging/DimIPUniq.txt
[2024-04-12T15:51:15.379+0000] {w3c.py:160} WARNING - calling Clean u_ex110510.log
[2024-04-12T15:51:15.379+0000] {logging_mixin.py:188} INFO - Cleaning  u_ex110510.log
[2024-04-12T15:51:15.380+0000] {w3c.py:117} WARNING - Cleaning u_ex110510.log
[2024-04-12T15:51:15.380+0000] {logging_mixin.py:188} INFO - sort -u /opt/***/data/Staging/DimIP.txt > /opt/***/data/Staging/DimIPUniq.txt
[2024-04-12T15:51:15.412+0000] {w3c.py:160} WARNING - calling Clean u_ex100708.log
[2024-04-12T15:51:15.413+0000] {logging_mixin.py:188} INFO - Cleaning  u_ex100708.log
[2024-04-12T15:51:15.413+0000] {w3c.py:117} WARNING - Cleaning u_ex100708.log
[2024-04-12T15:51:15.414+0000] {logging_mixin.py:188} INFO - sort -u /opt/***/data/Staging/DimIP.txt > /opt/***/data/Staging/DimIPUniq.txt
[2024-04-12T15:51:15.428+0000] {w3c.py:160} WARNING - calling Clean u_ex100315.log
[2024-04-12T15:51:15.429+0000] {logging_mixin.py:188} INFO - Cleaning  u_ex100315.log
[2024-04-12T15:51:15.429+0000] {w3c.py:117} WARNING - Cleaning u_ex100315.log
[2024-04-12T15:51:15.429+0000] {logging_mixin.py:188} INFO - sort -u /opt/***/data/Staging/DimIP.txt > /opt/***/data/Staging/DimIPUniq.txt
[2024-04-12T15:51:15.454+0000] {w3c.py:160} WARNING - calling Clean u_ex110306.log
[2024-04-12T15:51:15.455+0000] {logging_mixin.py:188} INFO - Cleaning  u_ex110306.log
[2024-04-12T15:51:15.455+0000] {w3c.py:117} WARNING - Cleaning u_ex110306.log
[2024-04-12T15:51:15.457+0000] {logging_mixin.py:188} INFO - sort -u /opt/***/data/Staging/DimIP.txt > /opt/***/data/Staging/DimIPUniq.txt
[2024-04-12T15:51:15.472+0000] {w3c.py:160} WARNING - calling Clean u_ex100528.log
[2024-04-12T15:51:15.472+0000] {logging_mixin.py:188} INFO - Cleaning  u_ex100528.log
[2024-04-12T15:51:15.473+0000] {w3c.py:117} WARNING - Cleaning u_ex100528.log
[2024-04-12T15:51:15.477+0000] {logging_mixin.py:188} INFO - sort -u /opt/***/data/Staging/DimIP.txt > /opt/***/data/Staging/DimIPUniq.txt
[2024-04-12T15:51:15.487+0000] {w3c.py:160} WARNING - calling Clean u_ex100204.log
[2024-04-12T15:51:15.489+0000] {logging_mixin.py:188} INFO - Cleaning  u_ex100204.log
[2024-04-12T15:51:15.489+0000] {w3c.py:117} WARNING - Cleaning u_ex100204.log
[2024-04-12T15:51:15.489+0000] {logging_mixin.py:188} INFO - sort -u /opt/***/data/Staging/DimIP.txt > /opt/***/data/Staging/DimIPUniq.txt
[2024-04-12T15:51:15.503+0000] {w3c.py:160} WARNING - calling Clean u_ex110218.log
[2024-04-12T15:51:15.503+0000] {logging_mixin.py:188} INFO - Cleaning  u_ex110218.log
[2024-04-12T15:51:15.504+0000] {w3c.py:117} WARNING - Cleaning u_ex110218.log
[2024-04-12T15:51:15.504+0000] {logging_mixin.py:188} INFO - sort -u /opt/***/data/Staging/DimIP.txt > /opt/***/data/Staging/DimIPUniq.txt
[2024-04-12T15:51:15.527+0000] {w3c.py:160} WARNING - calling Clean u_ex100104.log
[2024-04-12T15:51:15.527+0000] {logging_mixin.py:188} INFO - Cleaning  u_ex100104.log
[2024-04-12T15:51:15.528+0000] {w3c.py:117} WARNING - Cleaning u_ex100104.log
[2024-04-12T15:51:15.528+0000] {logging_mixin.py:188} INFO - sort -u /opt/***/data/Staging/DimIP.txt > /opt/***/data/Staging/DimIPUniq.txt
[2024-04-12T15:51:15.536+0000] {w3c.py:160} WARNING - calling Clean u_ex110209.log
[2024-04-12T15:51:15.537+0000] {logging_mixin.py:188} INFO - Cleaning  u_ex110209.log
[2024-04-12T15:51:15.537+0000] {w3c.py:117} WARNING - Cleaning u_ex110209.log
[2024-04-12T15:51:15.538+0000] {logging_mixin.py:188} INFO - sort -u /opt/***/data/Staging/DimIP.txt > /opt/***/data/Staging/DimIPUniq.txt
[2024-04-12T15:51:15.566+0000] {w3c.py:160} WARNING - calling Clean u_ex100916.log
[2024-04-12T15:51:15.566+0000] {logging_mixin.py:188} INFO - Cleaning  u_ex100916.log
[2024-04-12T15:51:15.567+0000] {w3c.py:117} WARNING - Cleaning u_ex100916.log
[2024-04-12T15:51:15.571+0000] {logging_mixin.py:188} INFO - sort -u /opt/***/data/Staging/DimIP.txt > /opt/***/data/Staging/DimIPUniq.txt
[2024-04-12T15:51:15.592+0000] {w3c.py:160} WARNING - calling Clean u_ex100520.log
[2024-04-12T15:51:15.592+0000] {logging_mixin.py:188} INFO - Cleaning  u_ex100520.log
[2024-04-12T15:51:15.600+0000] {w3c.py:117} WARNING - Cleaning u_ex100520.log
[2024-04-12T15:51:15.600+0000] {logging_mixin.py:188} INFO - sort -u /opt/***/data/Staging/DimIP.txt > /opt/***/data/Staging/DimIPUniq.txt
[2024-04-12T15:51:15.609+0000] {w3c.py:160} WARNING - calling Clean u_ex101126.log
[2024-04-12T15:51:15.610+0000] {logging_mixin.py:188} INFO - Cleaning  u_ex101126.log
[2024-04-12T15:51:15.610+0000] {w3c.py:117} WARNING - Cleaning u_ex101126.log
[2024-04-12T15:51:15.611+0000] {logging_mixin.py:188} INFO - sort -u /opt/***/data/Staging/DimIP.txt > /opt/***/data/Staging/DimIPUniq.txt
[2024-04-12T15:51:15.633+0000] {w3c.py:160} WARNING - calling Clean u_ex100205.log
[2024-04-12T15:51:15.633+0000] {logging_mixin.py:188} INFO - Cleaning  u_ex100205.log
[2024-04-12T15:51:15.634+0000] {w3c.py:117} WARNING - Cleaning u_ex100205.log
[2024-04-12T15:51:15.634+0000] {logging_mixin.py:188} INFO - sort -u /opt/***/data/Staging/DimIP.txt > /opt/***/data/Staging/DimIPUniq.txt
[2024-04-12T15:51:15.666+0000] {w3c.py:160} WARNING - calling Clean u_ex110405.log
[2024-04-12T15:51:15.667+0000] {logging_mixin.py:188} INFO - Cleaning  u_ex110405.log
[2024-04-12T15:51:15.667+0000] {w3c.py:117} WARNING - Cleaning u_ex110405.log
[2024-04-12T15:51:15.668+0000] {logging_mixin.py:188} INFO - sort -u /opt/***/data/Staging/DimIP.txt > /opt/***/data/Staging/DimIPUniq.txt
[2024-04-12T15:51:15.694+0000] {w3c.py:160} WARNING - calling Clean u_ex110212.log
[2024-04-12T15:51:15.695+0000] {logging_mixin.py:188} INFO - Cleaning  u_ex110212.log
[2024-04-12T15:51:15.696+0000] {w3c.py:117} WARNING - Cleaning u_ex110212.log
[2024-04-12T15:51:15.696+0000] {logging_mixin.py:188} INFO - sort -u /opt/***/data/Staging/DimIP.txt > /opt/***/data/Staging/DimIPUniq.txt
[2024-04-12T15:51:15.706+0000] {w3c.py:160} WARNING - calling Clean u_ex100430.log
[2024-04-12T15:51:15.707+0000] {logging_mixin.py:188} INFO - Cleaning  u_ex100430.log
[2024-04-12T15:51:15.707+0000] {w3c.py:117} WARNING - Cleaning u_ex100430.log
[2024-04-12T15:51:15.711+0000] {logging_mixin.py:188} INFO - sort -u /opt/***/data/Staging/DimIP.txt > /opt/***/data/Staging/DimIPUniq.txt
[2024-04-12T15:51:15.720+0000] {w3c.py:160} WARNING - calling Clean u_ex100830.log
[2024-04-12T15:51:15.721+0000] {logging_mixin.py:188} INFO - Cleaning  u_ex100830.log
[2024-04-12T15:51:15.721+0000] {w3c.py:117} WARNING - Cleaning u_ex100830.log
[2024-04-12T15:51:15.722+0000] {logging_mixin.py:188} INFO - sort -u /opt/***/data/Staging/DimIP.txt > /opt/***/data/Staging/DimIPUniq.txt
[2024-04-12T15:51:15.735+0000] {w3c.py:160} WARNING - calling Clean u_ex110130.log
[2024-04-12T15:51:15.736+0000] {logging_mixin.py:188} INFO - Cleaning  u_ex110130.log
[2024-04-12T15:51:15.736+0000] {w3c.py:117} WARNING - Cleaning u_ex110130.log
[2024-04-12T15:51:15.737+0000] {logging_mixin.py:188} INFO - sort -u /opt/***/data/Staging/DimIP.txt > /opt/***/data/Staging/DimIPUniq.txt
[2024-04-12T15:51:15.750+0000] {w3c.py:160} WARNING - calling Clean u_ex100526.log
[2024-04-12T15:51:15.751+0000] {logging_mixin.py:188} INFO - Cleaning  u_ex100526.log
[2024-04-12T15:51:15.751+0000] {w3c.py:117} WARNING - Cleaning u_ex100526.log
[2024-04-12T15:51:15.752+0000] {logging_mixin.py:188} INFO - sort -u /opt/***/data/Staging/DimIP.txt > /opt/***/data/Staging/DimIPUniq.txt
[2024-04-12T15:51:15.765+0000] {w3c.py:160} WARNING - calling Clean u_ex091207.log
[2024-04-12T15:51:15.766+0000] {logging_mixin.py:188} INFO - Cleaning  u_ex091207.log
[2024-04-12T15:51:15.766+0000] {w3c.py:117} WARNING - Cleaning u_ex091207.log
[2024-04-12T15:51:15.767+0000] {logging_mixin.py:188} INFO - sort -u /opt/***/data/Staging/DimIP.txt > /opt/***/data/Staging/DimIPUniq.txt
[2024-04-12T15:51:15.795+0000] {w3c.py:160} WARNING - calling Clean u_ex100923.log
[2024-04-12T15:51:15.796+0000] {logging_mixin.py:188} INFO - Cleaning  u_ex100923.log
[2024-04-12T15:51:15.796+0000] {w3c.py:117} WARNING - Cleaning u_ex100923.log
[2024-04-12T15:51:15.796+0000] {logging_mixin.py:188} INFO - sort -u /opt/***/data/Staging/DimIP.txt > /opt/***/data/Staging/DimIPUniq.txt
[2024-04-12T15:51:15.815+0000] {w3c.py:160} WARNING - calling Clean u_ex110119.log
[2024-04-12T15:51:15.816+0000] {logging_mixin.py:188} INFO - Cleaning  u_ex110119.log
[2024-04-12T15:51:15.816+0000] {w3c.py:117} WARNING - Cleaning u_ex110119.log
[2024-04-12T15:51:15.817+0000] {logging_mixin.py:188} INFO - sort -u /opt/***/data/Staging/DimIP.txt > /opt/***/data/Staging/DimIPUniq.txt
[2024-04-12T15:51:15.837+0000] {w3c.py:160} WARNING - calling Clean u_ex110424.log
[2024-04-12T15:51:15.837+0000] {logging_mixin.py:188} INFO - Cleaning  u_ex110424.log
[2024-04-12T15:51:15.838+0000] {w3c.py:117} WARNING - Cleaning u_ex110424.log
[2024-04-12T15:51:15.838+0000] {logging_mixin.py:188} INFO - sort -u /opt/***/data/Staging/DimIP.txt > /opt/***/data/Staging/DimIPUniq.txt
[2024-04-12T15:51:15.855+0000] {w3c.py:160} WARNING - calling Clean u_ex100619.log
[2024-04-12T15:51:15.857+0000] {logging_mixin.py:188} INFO - Cleaning  u_ex100619.log
[2024-04-12T15:51:15.857+0000] {w3c.py:117} WARNING - Cleaning u_ex100619.log
[2024-04-12T15:51:15.858+0000] {logging_mixin.py:188} INFO - sort -u /opt/***/data/Staging/DimIP.txt > /opt/***/data/Staging/DimIPUniq.txt
[2024-04-12T15:51:15.866+0000] {w3c.py:160} WARNING - calling Clean u_ex100714.log
[2024-04-12T15:51:15.867+0000] {logging_mixin.py:188} INFO - Cleaning  u_ex100714.log
[2024-04-12T15:51:15.867+0000] {w3c.py:117} WARNING - Cleaning u_ex100714.log
[2024-04-12T15:51:15.867+0000] {logging_mixin.py:188} INFO - sort -u /opt/***/data/Staging/DimIP.txt > /opt/***/data/Staging/DimIPUniq.txt
[2024-04-12T15:51:15.880+0000] {w3c.py:160} WARNING - calling Clean u_ex100106.log
[2024-04-12T15:51:15.881+0000] {logging_mixin.py:188} INFO - Cleaning  u_ex100106.log
[2024-04-12T15:51:15.881+0000] {w3c.py:117} WARNING - Cleaning u_ex100106.log
[2024-04-12T15:51:15.881+0000] {logging_mixin.py:188} INFO - sort -u /opt/***/data/Staging/DimIP.txt > /opt/***/data/Staging/DimIPUniq.txt
[2024-04-12T15:51:15.909+0000] {w3c.py:160} WARNING - calling Clean u_ex091024.log
[2024-04-12T15:51:15.910+0000] {logging_mixin.py:188} INFO - Cleaning  u_ex091024.log
[2024-04-12T15:51:15.910+0000] {w3c.py:117} WARNING - Cleaning u_ex091024.log
[2024-04-12T15:51:15.911+0000] {logging_mixin.py:188} INFO - sort -u /opt/***/data/Staging/DimIP.txt > /opt/***/data/Staging/DimIPUniq.txt
[2024-04-12T15:51:15.912+0000] {w3c.py:160} WARNING - calling Clean u_ex101020.log
[2024-04-12T15:51:15.912+0000] {logging_mixin.py:188} INFO - Cleaning  u_ex101020.log
[2024-04-12T15:51:15.912+0000] {w3c.py:117} WARNING - Cleaning u_ex101020.log
[2024-04-12T15:51:15.913+0000] {logging_mixin.py:188} INFO - sort -u /opt/***/data/Staging/DimIP.txt > /opt/***/data/Staging/DimIPUniq.txt
[2024-04-12T15:51:15.924+0000] {w3c.py:160} WARNING - calling Clean u_ex110205.log
[2024-04-12T15:51:15.925+0000] {logging_mixin.py:188} INFO - Cleaning  u_ex110205.log
[2024-04-12T15:51:15.925+0000] {w3c.py:117} WARNING - Cleaning u_ex110205.log
[2024-04-12T15:51:15.925+0000] {logging_mixin.py:188} INFO - sort -u /opt/***/data/Staging/DimIP.txt > /opt/***/data/Staging/DimIPUniq.txt
[2024-04-12T15:51:15.934+0000] {w3c.py:160} WARNING - calling Clean u_ex100809.log
[2024-04-12T15:51:15.935+0000] {logging_mixin.py:188} INFO - Cleaning  u_ex100809.log
[2024-04-12T15:51:15.935+0000] {w3c.py:117} WARNING - Cleaning u_ex100809.log
[2024-04-12T15:51:15.935+0000] {logging_mixin.py:188} INFO - sort -u /opt/***/data/Staging/DimIP.txt > /opt/***/data/Staging/DimIPUniq.txt
[2024-04-12T15:51:15.957+0000] {w3c.py:160} WARNING - calling Clean u_ex091106.log
[2024-04-12T15:51:15.958+0000] {logging_mixin.py:188} INFO - Cleaning  u_ex091106.log
[2024-04-12T15:51:15.958+0000] {w3c.py:117} WARNING - Cleaning u_ex091106.log
[2024-04-12T15:51:15.959+0000] {logging_mixin.py:188} INFO - sort -u /opt/***/data/Staging/DimIP.txt > /opt/***/data/Staging/DimIPUniq.txt
[2024-04-12T15:51:15.961+0000] {w3c.py:160} WARNING - calling Clean u_ex091211.log
[2024-04-12T15:51:15.961+0000] {logging_mixin.py:188} INFO - Cleaning  u_ex091211.log
[2024-04-12T15:51:15.961+0000] {w3c.py:117} WARNING - Cleaning u_ex091211.log
[2024-04-12T15:51:15.962+0000] {logging_mixin.py:188} INFO - sort -u /opt/***/data/Staging/DimIP.txt > /opt/***/data/Staging/DimIPUniq.txt
[2024-04-12T15:51:15.968+0000] {w3c.py:160} WARNING - calling Clean u_ex100322.log
[2024-04-12T15:51:15.968+0000] {logging_mixin.py:188} INFO - Cleaning  u_ex100322.log
[2024-04-12T15:51:15.970+0000] {w3c.py:117} WARNING - Cleaning u_ex100322.log
[2024-04-12T15:51:15.970+0000] {logging_mixin.py:188} INFO - sort -u /opt/***/data/Staging/DimIP.txt > /opt/***/data/Staging/DimIPUniq.txt
[2024-04-12T15:51:15.981+0000] {w3c.py:160} WARNING - calling Clean u_ex100117.log
[2024-04-12T15:51:15.982+0000] {logging_mixin.py:188} INFO - Cleaning  u_ex100117.log
[2024-04-12T15:51:15.982+0000] {w3c.py:117} WARNING - Cleaning u_ex100117.log
[2024-04-12T15:51:15.983+0000] {logging_mixin.py:188} INFO - sort -u /opt/***/data/Staging/DimIP.txt > /opt/***/data/Staging/DimIPUniq.txt
[2024-04-12T15:51:15.996+0000] {w3c.py:160} WARNING - calling Clean u_ex101225.log
[2024-04-12T15:51:15.997+0000] {logging_mixin.py:188} INFO - Cleaning  u_ex101225.log
[2024-04-12T15:51:15.997+0000] {w3c.py:117} WARNING - Cleaning u_ex101225.log
[2024-04-12T15:51:15.997+0000] {logging_mixin.py:188} INFO - sort -u /opt/***/data/Staging/DimIP.txt > /opt/***/data/Staging/DimIPUniq.txt
[2024-04-12T15:51:16.002+0000] {w3c.py:160} WARNING - calling Clean u_ex100424.log
[2024-04-12T15:51:16.002+0000] {logging_mixin.py:188} INFO - Cleaning  u_ex100424.log
[2024-04-12T15:51:16.003+0000] {w3c.py:117} WARNING - Cleaning u_ex100424.log
[2024-04-12T15:51:16.003+0000] {logging_mixin.py:188} INFO - sort -u /opt/***/data/Staging/DimIP.txt > /opt/***/data/Staging/DimIPUniq.txt
[2024-04-12T15:51:16.008+0000] {w3c.py:160} WARNING - calling Clean u_ex091102.log
[2024-04-12T15:51:16.008+0000] {logging_mixin.py:188} INFO - Cleaning  u_ex091102.log
[2024-04-12T15:51:16.008+0000] {w3c.py:117} WARNING - Cleaning u_ex091102.log
[2024-04-12T15:51:16.009+0000] {logging_mixin.py:188} INFO - sort -u /opt/***/data/Staging/DimIP.txt > /opt/***/data/Staging/DimIPUniq.txt
[2024-04-12T15:51:16.029+0000] {w3c.py:160} WARNING - calling Clean u_ex091123.log
[2024-04-12T15:51:16.030+0000] {logging_mixin.py:188} INFO - Cleaning  u_ex091123.log
[2024-04-12T15:51:16.030+0000] {w3c.py:117} WARNING - Cleaning u_ex091123.log
[2024-04-12T15:51:16.030+0000] {logging_mixin.py:188} INFO - sort -u /opt/***/data/Staging/DimIP.txt > /opt/***/data/Staging/DimIPUniq.txt
[2024-04-12T15:51:16.041+0000] {w3c.py:160} WARNING - calling Clean u_ex100629.log
[2024-04-12T15:51:16.041+0000] {logging_mixin.py:188} INFO - Cleaning  u_ex100629.log
[2024-04-12T15:51:16.042+0000] {w3c.py:117} WARNING - Cleaning u_ex100629.log
[2024-04-12T15:51:16.042+0000] {logging_mixin.py:188} INFO - sort -u /opt/***/data/Staging/DimIP.txt > /opt/***/data/Staging/DimIPUniq.txt
[2024-04-12T15:51:16.047+0000] {w3c.py:160} WARNING - calling Clean u_ex100612.log
[2024-04-12T15:51:16.048+0000] {logging_mixin.py:188} INFO - Cleaning  u_ex100612.log
[2024-04-12T15:51:16.049+0000] {w3c.py:117} WARNING - Cleaning u_ex100612.log
[2024-04-12T15:51:16.049+0000] {logging_mixin.py:188} INFO - sort -u /opt/***/data/Staging/DimIP.txt > /opt/***/data/Staging/DimIPUniq.txt
[2024-04-12T15:51:16.053+0000] {w3c.py:160} WARNING - calling Clean u_ex100912.log
[2024-04-12T15:51:16.054+0000] {logging_mixin.py:188} INFO - Cleaning  u_ex100912.log
[2024-04-12T15:51:16.054+0000] {w3c.py:117} WARNING - Cleaning u_ex100912.log
[2024-04-12T15:51:16.055+0000] {logging_mixin.py:188} INFO - sort -u /opt/***/data/Staging/DimIP.txt > /opt/***/data/Staging/DimIPUniq.txt
[2024-04-12T15:51:16.064+0000] {w3c.py:160} WARNING - calling Clean u_ex101215.log
[2024-04-12T15:51:16.065+0000] {logging_mixin.py:188} INFO - Cleaning  u_ex101215.log
[2024-04-12T15:51:16.065+0000] {w3c.py:117} WARNING - Cleaning u_ex101215.log
[2024-04-12T15:51:16.066+0000] {logging_mixin.py:188} INFO - sort -u /opt/***/data/Staging/DimIP.txt > /opt/***/data/Staging/DimIPUniq.txt
[2024-04-12T15:51:16.080+0000] {w3c.py:160} WARNING - calling Clean u_ex100131.log
[2024-04-12T15:51:16.081+0000] {logging_mixin.py:188} INFO - Cleaning  u_ex100131.log
[2024-04-12T15:51:16.082+0000] {w3c.py:117} WARNING - Cleaning u_ex100131.log
[2024-04-12T15:51:16.082+0000] {logging_mixin.py:188} INFO - sort -u /opt/***/data/Staging/DimIP.txt > /opt/***/data/Staging/DimIPUniq.txt
[2024-04-12T15:51:16.090+0000] {w3c.py:160} WARNING - calling Clean u_ex101223.log
[2024-04-12T15:51:16.090+0000] {logging_mixin.py:188} INFO - Cleaning  u_ex101223.log
[2024-04-12T15:51:16.091+0000] {w3c.py:117} WARNING - Cleaning u_ex101223.log
[2024-04-12T15:51:16.091+0000] {logging_mixin.py:188} INFO - sort -u /opt/***/data/Staging/DimIP.txt > /opt/***/data/Staging/DimIPUniq.txt
[2024-04-12T15:51:16.100+0000] {w3c.py:160} WARNING - calling Clean u_ex110427.log
[2024-04-12T15:51:16.101+0000] {logging_mixin.py:188} INFO - Cleaning  u_ex110427.log
[2024-04-12T15:51:16.101+0000] {w3c.py:117} WARNING - Cleaning u_ex110427.log
[2024-04-12T15:51:16.101+0000] {logging_mixin.py:188} INFO - sort -u /opt/***/data/Staging/DimIP.txt > /opt/***/data/Staging/DimIPUniq.txt
[2024-04-12T15:51:16.113+0000] {w3c.py:160} WARNING - calling Clean u_ex101008.log
[2024-04-12T15:51:16.114+0000] {logging_mixin.py:188} INFO - Cleaning  u_ex101008.log
[2024-04-12T15:51:16.114+0000] {w3c.py:117} WARNING - Cleaning u_ex101008.log
[2024-04-12T15:51:16.115+0000] {logging_mixin.py:188} INFO - sort -u /opt/***/data/Staging/DimIP.txt > /opt/***/data/Staging/DimIPUniq.txt
[2024-04-12T15:51:16.132+0000] {w3c.py:160} WARNING - calling Clean u_ex100423.log
[2024-04-12T15:51:16.133+0000] {logging_mixin.py:188} INFO - Cleaning  u_ex100423.log
[2024-04-12T15:51:16.133+0000] {w3c.py:117} WARNING - Cleaning u_ex100423.log
[2024-04-12T15:51:16.133+0000] {logging_mixin.py:188} INFO - sort -u /opt/***/data/Staging/DimIP.txt > /opt/***/data/Staging/DimIPUniq.txt
[2024-04-12T15:51:16.143+0000] {w3c.py:160} WARNING - calling Clean u_ex100808.log
[2024-04-12T15:51:16.144+0000] {logging_mixin.py:188} INFO - Cleaning  u_ex100808.log
[2024-04-12T15:51:16.144+0000] {w3c.py:117} WARNING - Cleaning u_ex100808.log
[2024-04-12T15:51:16.144+0000] {logging_mixin.py:188} INFO - sort -u /opt/***/data/Staging/DimIP.txt > /opt/***/data/Staging/DimIPUniq.txt
[2024-04-12T15:51:16.149+0000] {w3c.py:160} WARNING - calling Clean u_ex100519.log
[2024-04-12T15:51:16.150+0000] {logging_mixin.py:188} INFO - Cleaning  u_ex100519.log
[2024-04-12T15:51:16.150+0000] {w3c.py:117} WARNING - Cleaning u_ex100519.log
[2024-04-12T15:51:16.150+0000] {logging_mixin.py:188} INFO - sort -u /opt/***/data/Staging/DimIP.txt > /opt/***/data/Staging/DimIPUniq.txt
[2024-04-12T15:51:16.157+0000] {w3c.py:160} WARNING - calling Clean u_ex091213.log
[2024-04-12T15:51:16.158+0000] {logging_mixin.py:188} INFO - Cleaning  u_ex091213.log
[2024-04-12T15:51:16.158+0000] {w3c.py:117} WARNING - Cleaning u_ex091213.log
[2024-04-12T15:51:16.158+0000] {logging_mixin.py:188} INFO - sort -u /opt/***/data/Staging/DimIP.txt > /opt/***/data/Staging/DimIPUniq.txt
[2024-04-12T15:51:16.166+0000] {w3c.py:160} WARNING - calling Clean u_ex101202.log
[2024-04-12T15:51:16.166+0000] {logging_mixin.py:188} INFO - Cleaning  u_ex101202.log
[2024-04-12T15:51:16.168+0000] {w3c.py:117} WARNING - Cleaning u_ex101202.log
[2024-04-12T15:51:16.168+0000] {logging_mixin.py:188} INFO - sort -u /opt/***/data/Staging/DimIP.txt > /opt/***/data/Staging/DimIPUniq.txt
[2024-04-12T15:51:16.174+0000] {w3c.py:160} WARNING - calling Clean u_ex100718.log
[2024-04-12T15:51:16.175+0000] {logging_mixin.py:188} INFO - Cleaning  u_ex100718.log
[2024-04-12T15:51:16.175+0000] {w3c.py:117} WARNING - Cleaning u_ex100718.log
[2024-04-12T15:51:16.176+0000] {logging_mixin.py:188} INFO - sort -u /opt/***/data/Staging/DimIP.txt > /opt/***/data/Staging/DimIPUniq.txt
[2024-04-12T15:51:16.185+0000] {w3c.py:160} WARNING - calling Clean u_ex100314.log
[2024-04-12T15:51:16.186+0000] {logging_mixin.py:188} INFO - Cleaning  u_ex100314.log
[2024-04-12T15:51:16.186+0000] {w3c.py:117} WARNING - Cleaning u_ex100314.log
[2024-04-12T15:51:16.187+0000] {logging_mixin.py:188} INFO - sort -u /opt/***/data/Staging/DimIP.txt > /opt/***/data/Staging/DimIPUniq.txt
[2024-04-12T15:51:16.195+0000] {w3c.py:160} WARNING - calling Clean u_ex100425.log
[2024-04-12T15:51:16.196+0000] {logging_mixin.py:188} INFO - Cleaning  u_ex100425.log
[2024-04-12T15:51:16.196+0000] {w3c.py:117} WARNING - Cleaning u_ex100425.log
[2024-04-12T15:51:16.197+0000] {logging_mixin.py:188} INFO - sort -u /opt/***/data/Staging/DimIP.txt > /opt/***/data/Staging/DimIPUniq.txt
[2024-04-12T15:51:16.204+0000] {w3c.py:160} WARNING - calling Clean u_ex100304.log
[2024-04-12T15:51:16.205+0000] {logging_mixin.py:188} INFO - Cleaning  u_ex100304.log
[2024-04-12T15:51:16.205+0000] {w3c.py:117} WARNING - Cleaning u_ex100304.log
[2024-04-12T15:51:16.206+0000] {logging_mixin.py:188} INFO - sort -u /opt/***/data/Staging/DimIP.txt > /opt/***/data/Staging/DimIPUniq.txt
[2024-04-12T15:51:16.213+0000] {w3c.py:160} WARNING - calling Clean u_ex100419.log
[2024-04-12T15:51:16.214+0000] {logging_mixin.py:188} INFO - Cleaning  u_ex100419.log
[2024-04-12T15:51:16.214+0000] {w3c.py:117} WARNING - Cleaning u_ex100419.log
[2024-04-12T15:51:16.214+0000] {logging_mixin.py:188} INFO - sort -u /opt/***/data/Staging/DimIP.txt > /opt/***/data/Staging/DimIPUniq.txt
[2024-04-12T15:51:16.223+0000] {w3c.py:160} WARNING - calling Clean u_ex101023.log
[2024-04-12T15:51:16.223+0000] {logging_mixin.py:188} INFO - Cleaning  u_ex101023.log
[2024-04-12T15:51:16.224+0000] {w3c.py:117} WARNING - Cleaning u_ex101023.log
[2024-04-12T15:51:16.224+0000] {logging_mixin.py:188} INFO - sort -u /opt/***/data/Staging/DimIP.txt > /opt/***/data/Staging/DimIPUniq.txt
[2024-04-12T15:51:16.234+0000] {w3c.py:160} WARNING - calling Clean u_ex101025.log
[2024-04-12T15:51:16.235+0000] {logging_mixin.py:188} INFO - Cleaning  u_ex101025.log
[2024-04-12T15:51:16.235+0000] {w3c.py:117} WARNING - Cleaning u_ex101025.log
[2024-04-12T15:51:16.235+0000] {logging_mixin.py:188} INFO - sort -u /opt/***/data/Staging/DimIP.txt > /opt/***/data/Staging/DimIPUniq.txt
[2024-04-12T15:51:16.243+0000] {w3c.py:160} WARNING - calling Clean u_ex101101.log
[2024-04-12T15:51:16.244+0000] {logging_mixin.py:188} INFO - Cleaning  u_ex101101.log
[2024-04-12T15:51:16.244+0000] {w3c.py:117} WARNING - Cleaning u_ex101101.log
[2024-04-12T15:51:16.245+0000] {logging_mixin.py:188} INFO - sort -u /opt/***/data/Staging/DimIP.txt > /opt/***/data/Staging/DimIPUniq.txt
[2024-04-12T15:51:16.257+0000] {w3c.py:160} WARNING - calling Clean u_ex100906.log
[2024-04-12T15:51:16.258+0000] {logging_mixin.py:188} INFO - Cleaning  u_ex100906.log
[2024-04-12T15:51:16.258+0000] {w3c.py:117} WARNING - Cleaning u_ex100906.log
[2024-04-12T15:51:16.259+0000] {logging_mixin.py:188} INFO - sort -u /opt/***/data/Staging/DimIP.txt > /opt/***/data/Staging/DimIPUniq.txt
[2024-04-12T15:51:16.263+0000] {w3c.py:160} WARNING - calling Clean u_ex101113.log
[2024-04-12T15:51:16.264+0000] {logging_mixin.py:188} INFO - Cleaning  u_ex101113.log
[2024-04-12T15:51:16.264+0000] {w3c.py:117} WARNING - Cleaning u_ex101113.log
[2024-04-12T15:51:16.265+0000] {logging_mixin.py:188} INFO - sort -u /opt/***/data/Staging/DimIP.txt > /opt/***/data/Staging/DimIPUniq.txt
[2024-04-12T15:51:16.272+0000] {w3c.py:160} WARNING - calling Clean u_ex100924.log
[2024-04-12T15:51:16.272+0000] {logging_mixin.py:188} INFO - Cleaning  u_ex100924.log
[2024-04-12T15:51:16.273+0000] {w3c.py:117} WARNING - Cleaning u_ex100924.log
[2024-04-12T15:51:16.273+0000] {logging_mixin.py:188} INFO - sort -u /opt/***/data/Staging/DimIP.txt > /opt/***/data/Staging/DimIPUniq.txt
[2024-04-12T15:51:16.281+0000] {w3c.py:160} WARNING - calling Clean u_ex101118.log
[2024-04-12T15:51:16.281+0000] {logging_mixin.py:188} INFO - Cleaning  u_ex101118.log
[2024-04-12T15:51:16.282+0000] {w3c.py:117} WARNING - Cleaning u_ex101118.log
[2024-04-12T15:51:16.282+0000] {logging_mixin.py:188} INFO - sort -u /opt/***/data/Staging/DimIP.txt > /opt/***/data/Staging/DimIPUniq.txt
[2024-04-12T15:51:16.289+0000] {w3c.py:160} WARNING - calling Clean u_ex091130.log
[2024-04-12T15:51:16.289+0000] {logging_mixin.py:188} INFO - Cleaning  u_ex091130.log
[2024-04-12T15:51:16.290+0000] {w3c.py:117} WARNING - Cleaning u_ex091130.log
[2024-04-12T15:51:16.290+0000] {logging_mixin.py:188} INFO - sort -u /opt/***/data/Staging/DimIP.txt > /opt/***/data/Staging/DimIPUniq.txt
[2024-04-12T15:51:16.299+0000] {logging_mixin.py:188} INFO - Fault 26
[2024-04-12T15:51:16.306+0000] {logging_mixin.py:188} INFO - Fault 10
[2024-04-12T15:51:16.312+0000] {logging_mixin.py:188} INFO - Fault 6
[2024-04-12T15:51:16.314+0000] {w3c.py:160} WARNING - calling Clean u_ex100309.log
[2024-04-12T15:51:16.314+0000] {logging_mixin.py:188} INFO - Cleaning  u_ex100309.log
[2024-04-12T15:51:16.314+0000] {w3c.py:117} WARNING - Cleaning u_ex100309.log
[2024-04-12T15:51:16.315+0000] {logging_mixin.py:188} INFO - sort -u /opt/***/data/Staging/DimIP.txt > /opt/***/data/Staging/DimIPUniq.txt
[2024-04-12T15:51:16.324+0000] {w3c.py:160} WARNING - calling Clean u_ex100725.log
[2024-04-12T15:51:16.325+0000] {logging_mixin.py:188} INFO - Cleaning  u_ex100725.log
[2024-04-12T15:51:16.325+0000] {w3c.py:117} WARNING - Cleaning u_ex100725.log
[2024-04-12T15:51:16.326+0000] {logging_mixin.py:188} INFO - sort -u /opt/***/data/Staging/DimIP.txt > /opt/***/data/Staging/DimIPUniq.txt
[2024-04-12T15:51:16.335+0000] {w3c.py:160} WARNING - calling Clean u_ex091025.log
[2024-04-12T15:51:16.336+0000] {logging_mixin.py:188} INFO - Cleaning  u_ex091025.log
[2024-04-12T15:51:16.336+0000] {w3c.py:117} WARNING - Cleaning u_ex091025.log
[2024-04-12T15:51:16.337+0000] {logging_mixin.py:188} INFO - sort -u /opt/***/data/Staging/DimIP.txt > /opt/***/data/Staging/DimIPUniq.txt
[2024-04-12T15:51:16.338+0000] {w3c.py:160} WARNING - calling Clean u_ex100307.log
[2024-04-12T15:51:16.338+0000] {logging_mixin.py:188} INFO - Cleaning  u_ex100307.log
[2024-04-12T15:51:16.339+0000] {w3c.py:117} WARNING - Cleaning u_ex100307.log
[2024-04-12T15:51:16.339+0000] {logging_mixin.py:188} INFO - sort -u /opt/***/data/Staging/DimIP.txt > /opt/***/data/Staging/DimIPUniq.txt
[2024-04-12T15:51:16.345+0000] {w3c.py:160} WARNING - calling Clean u_ex110516.log
[2024-04-12T15:51:16.345+0000] {logging_mixin.py:188} INFO - Cleaning  u_ex110516.log
[2024-04-12T15:51:16.345+0000] {w3c.py:117} WARNING - Cleaning u_ex110516.log
[2024-04-12T15:51:16.346+0000] {logging_mixin.py:188} INFO - sort -u /opt/***/data/Staging/DimIP.txt > /opt/***/data/Staging/DimIPUniq.txt
[2024-04-12T15:51:16.362+0000] {w3c.py:160} WARNING - calling Clean u_ex100628.log
[2024-04-12T15:51:16.363+0000] {logging_mixin.py:188} INFO - Cleaning  u_ex100628.log
[2024-04-12T15:51:16.363+0000] {w3c.py:117} WARNING - Cleaning u_ex100628.log
[2024-04-12T15:51:16.364+0000] {logging_mixin.py:188} INFO - sort -u /opt/***/data/Staging/DimIP.txt > /opt/***/data/Staging/DimIPUniq.txt
[2024-04-12T15:51:16.370+0000] {w3c.py:160} WARNING - calling Clean u_ex100406.log
[2024-04-12T15:51:16.370+0000] {logging_mixin.py:188} INFO - Cleaning  u_ex100406.log
[2024-04-12T15:51:16.371+0000] {w3c.py:117} WARNING - Cleaning u_ex100406.log
[2024-04-12T15:51:16.371+0000] {logging_mixin.py:188} INFO - sort -u /opt/***/data/Staging/DimIP.txt > /opt/***/data/Staging/DimIPUniq.txt
[2024-04-12T15:51:16.389+0000] {w3c.py:160} WARNING - calling Clean u_ex100221.log
[2024-04-12T15:51:16.389+0000] {logging_mixin.py:188} INFO - Cleaning  u_ex100221.log
[2024-04-12T15:51:16.390+0000] {w3c.py:117} WARNING - Cleaning u_ex100221.log
[2024-04-12T15:51:16.390+0000] {logging_mixin.py:188} INFO - sort -u /opt/***/data/Staging/DimIP.txt > /opt/***/data/Staging/DimIPUniq.txt
[2024-04-12T15:51:16.396+0000] {w3c.py:160} WARNING - calling Clean u_ex100113.log
[2024-04-12T15:51:16.396+0000] {logging_mixin.py:188} INFO - Cleaning  u_ex100113.log
[2024-04-12T15:51:16.397+0000] {w3c.py:117} WARNING - Cleaning u_ex100113.log
[2024-04-12T15:51:16.397+0000] {logging_mixin.py:188} INFO - sort -u /opt/***/data/Staging/DimIP.txt > /opt/***/data/Staging/DimIPUniq.txt
[2024-04-12T15:51:16.419+0000] {w3c.py:160} WARNING - calling Clean u_ex101212.log
[2024-04-12T15:51:16.420+0000] {logging_mixin.py:188} INFO - Cleaning  u_ex101212.log
[2024-04-12T15:51:16.420+0000] {w3c.py:117} WARNING - Cleaning u_ex101212.log
[2024-04-12T15:51:16.420+0000] {logging_mixin.py:188} INFO - sort -u /opt/***/data/Staging/DimIP.txt > /opt/***/data/Staging/DimIPUniq.txt
[2024-04-12T15:51:16.431+0000] {w3c.py:160} WARNING - calling Clean u_ex100302.log
[2024-04-12T15:51:16.431+0000] {logging_mixin.py:188} INFO - Cleaning  u_ex100302.log
[2024-04-12T15:51:16.432+0000] {w3c.py:117} WARNING - Cleaning u_ex100302.log
[2024-04-12T15:51:16.432+0000] {logging_mixin.py:188} INFO - sort -u /opt/***/data/Staging/DimIP.txt > /opt/***/data/Staging/DimIPUniq.txt
[2024-04-12T15:51:16.447+0000] {w3c.py:160} WARNING - calling Clean u_ex100630.log
[2024-04-12T15:51:16.447+0000] {logging_mixin.py:188} INFO - Cleaning  u_ex100630.log
[2024-04-12T15:51:16.448+0000] {w3c.py:117} WARNING - Cleaning u_ex100630.log
[2024-04-12T15:51:16.448+0000] {logging_mixin.py:188} INFO - sort -u /opt/***/data/Staging/DimIP.txt > /opt/***/data/Staging/DimIPUniq.txt
[2024-04-12T15:51:16.453+0000] {w3c.py:160} WARNING - calling Clean u_ex100615.log
[2024-04-12T15:51:16.454+0000] {logging_mixin.py:188} INFO - Cleaning  u_ex100615.log
[2024-04-12T15:51:16.454+0000] {w3c.py:117} WARNING - Cleaning u_ex100615.log
[2024-04-12T15:51:16.454+0000] {logging_mixin.py:188} INFO - sort -u /opt/***/data/Staging/DimIP.txt > /opt/***/data/Staging/DimIPUniq.txt
[2024-04-12T15:51:16.461+0000] {w3c.py:160} WARNING - calling Clean u_ex091120.log
[2024-04-12T15:51:16.461+0000] {logging_mixin.py:188} INFO - Cleaning  u_ex091120.log
[2024-04-12T15:51:16.462+0000] {w3c.py:117} WARNING - Cleaning u_ex091120.log
[2024-04-12T15:51:16.462+0000] {logging_mixin.py:188} INFO - sort -u /opt/***/data/Staging/DimIP.txt > /opt/***/data/Staging/DimIPUniq.txt
[2024-04-12T15:51:16.469+0000] {w3c.py:160} WARNING - calling Clean u_ex110504.log
[2024-04-12T15:51:16.469+0000] {logging_mixin.py:188} INFO - Cleaning  u_ex110504.log
[2024-04-12T15:51:16.470+0000] {w3c.py:117} WARNING - Cleaning u_ex110504.log
[2024-04-12T15:51:16.470+0000] {logging_mixin.py:188} INFO - sort -u /opt/***/data/Staging/DimIP.txt > /opt/***/data/Staging/DimIPUniq.txt
[2024-04-12T15:51:16.484+0000] {w3c.py:160} WARNING - calling Clean u_ex100622.log
[2024-04-12T15:51:16.485+0000] {logging_mixin.py:188} INFO - Cleaning  u_ex100622.log
[2024-04-12T15:51:16.485+0000] {w3c.py:117} WARNING - Cleaning u_ex100622.log
[2024-04-12T15:51:16.486+0000] {logging_mixin.py:188} INFO - sort -u /opt/***/data/Staging/DimIP.txt > /opt/***/data/Staging/DimIPUniq.txt
[2024-04-12T15:51:16.495+0000] {w3c.py:160} WARNING - calling Clean u_ex100801.log
[2024-04-12T15:51:16.495+0000] {logging_mixin.py:188} INFO - Cleaning  u_ex100801.log
[2024-04-12T15:51:16.496+0000] {w3c.py:117} WARNING - Cleaning u_ex100801.log
[2024-04-12T15:51:16.496+0000] {logging_mixin.py:188} INFO - sort -u /opt/***/data/Staging/DimIP.txt > /opt/***/data/Staging/DimIPUniq.txt
[2024-04-12T15:51:16.501+0000] {w3c.py:160} WARNING - calling Clean u_ex110407.log
[2024-04-12T15:51:16.502+0000] {logging_mixin.py:188} INFO - Cleaning  u_ex110407.log
[2024-04-12T15:51:16.502+0000] {w3c.py:117} WARNING - Cleaning u_ex110407.log
[2024-04-12T15:51:16.502+0000] {logging_mixin.py:188} INFO - sort -u /opt/***/data/Staging/DimIP.txt > /opt/***/data/Staging/DimIPUniq.txt
[2024-04-12T15:51:16.514+0000] {w3c.py:160} WARNING - calling Clean u_ex100926.log
[2024-04-12T15:51:16.515+0000] {logging_mixin.py:188} INFO - Cleaning  u_ex100926.log
[2024-04-12T15:51:16.516+0000] {w3c.py:117} WARNING - Cleaning u_ex100926.log
[2024-04-12T15:51:16.516+0000] {logging_mixin.py:188} INFO - sort -u /opt/***/data/Staging/DimIP.txt > /opt/***/data/Staging/DimIPUniq.txt
[2024-04-12T15:51:16.524+0000] {w3c.py:160} WARNING - calling Clean u_ex100422.log
[2024-04-12T15:51:16.525+0000] {logging_mixin.py:188} INFO - Cleaning  u_ex100422.log
[2024-04-12T15:51:16.525+0000] {w3c.py:117} WARNING - Cleaning u_ex100422.log
[2024-04-12T15:51:16.526+0000] {logging_mixin.py:188} INFO - sort -u /opt/***/data/Staging/DimIP.txt > /opt/***/data/Staging/DimIPUniq.txt
[2024-04-12T15:51:16.543+0000] {w3c.py:160} WARNING - calling Clean u_ex101111.log
[2024-04-12T15:51:16.543+0000] {logging_mixin.py:188} INFO - Cleaning  u_ex101111.log
[2024-04-12T15:51:16.544+0000] {w3c.py:117} WARNING - Cleaning u_ex101111.log
[2024-04-12T15:51:16.544+0000] {logging_mixin.py:188} INFO - sort -u /opt/***/data/Staging/DimIP.txt > /opt/***/data/Staging/DimIPUniq.txt
[2024-04-12T15:51:16.553+0000] {w3c.py:160} WARNING - calling Clean u_ex100705.log
[2024-04-12T15:51:16.554+0000] {logging_mixin.py:188} INFO - Cleaning  u_ex100705.log
[2024-04-12T15:51:16.554+0000] {w3c.py:117} WARNING - Cleaning u_ex100705.log
[2024-04-12T15:51:16.555+0000] {logging_mixin.py:188} INFO - sort -u /opt/***/data/Staging/DimIP.txt > /opt/***/data/Staging/DimIPUniq.txt
[2024-04-12T15:51:16.560+0000] {w3c.py:160} WARNING - calling Clean u_ex100112.log
[2024-04-12T15:51:16.560+0000] {logging_mixin.py:188} INFO - Cleaning  u_ex100112.log
[2024-04-12T15:51:16.561+0000] {w3c.py:117} WARNING - Cleaning u_ex100112.log
[2024-04-12T15:51:16.561+0000] {logging_mixin.py:188} INFO - sort -u /opt/***/data/Staging/DimIP.txt > /opt/***/data/Staging/DimIPUniq.txt
[2024-04-12T15:51:16.583+0000] {w3c.py:160} WARNING - calling Clean u_ex101027.log
[2024-04-12T15:51:16.583+0000] {logging_mixin.py:188} INFO - Cleaning  u_ex101027.log
[2024-04-12T15:51:16.584+0000] {w3c.py:117} WARNING - Cleaning u_ex101027.log
[2024-04-12T15:51:16.584+0000] {logging_mixin.py:188} INFO - sort -u /opt/***/data/Staging/DimIP.txt > /opt/***/data/Staging/DimIPUniq.txt
[2024-04-12T15:51:16.601+0000] {python.py:237} INFO - Done. Returned value was: None
[2024-04-12T15:51:16.603+0000] {taskinstance.py:441} INFO - ::group::Post task execution logs
[2024-04-12T15:51:16.625+0000] {taskinstance.py:1205} INFO - Marking task as SUCCESS. dag_id=Process_W3_Data, task_id=RemoveHash, execution_date=20240412T155106, start_date=20240412T155114, end_date=20240412T155116
[2024-04-12T15:51:16.702+0000] {local_task_job_runner.py:240} INFO - Task exited with return code 0
[2024-04-12T15:51:16.827+0000] {taskinstance.py:3482} INFO - 0 downstream tasks scheduled from follow-on schedule check
[2024-04-12T15:51:16.832+0000] {local_task_job_runner.py:222} INFO - ::endgroup::
