[2024-04-11T16:33:13.751+0000] {local_task_job_runner.py:120} INFO - ::group::Pre task execution logs
[2024-04-11T16:33:13.817+0000] {taskinstance.py:2073} INFO - Dependencies all met for dep_context=non-requeueable deps ti=<TaskInstance: Process_W3_Data.uniqDate manual__2024-04-11T16:32:47.581109+00:00 [queued]>
[2024-04-11T16:33:13.854+0000] {taskinstance.py:2073} INFO - Dependencies all met for dep_context=requeueable deps ti=<TaskInstance: Process_W3_Data.uniqDate manual__2024-04-11T16:32:47.581109+00:00 [queued]>
[2024-04-11T16:33:13.855+0000] {taskinstance.py:2303} INFO - Starting attempt 1 of 1
[2024-04-11T16:33:13.914+0000] {taskinstance.py:2327} INFO - Executing <Task(BashOperator): uniqDate> on 2024-04-11 16:32:47.581109+00:00
[2024-04-11T16:33:13.950+0000] {warnings.py:110} WARNING - /home/***/.local/lib/python3.12/site-packages/***/task/task_runner/standard_task_runner.py:61: DeprecationWarning: This process (pid=22555) is multi-threaded, use of fork() may lead to deadlocks in the child.
  pid = os.fork()

[2024-04-11T16:33:13.960+0000] {standard_task_runner.py:63} INFO - Started process 22559 to run task
[2024-04-11T16:33:13.976+0000] {standard_task_runner.py:90} INFO - Running: ['***', 'tasks', 'run', 'Process_W3_Data', 'uniqDate', 'manual__2024-04-11T16:32:47.581109+00:00', '--job-id', '158', '--raw', '--subdir', 'DAGS_FOLDER/w3c.py', '--cfg-path', '/tmp/tmprwdnv8ed']
[2024-04-11T16:33:13.992+0000] {standard_task_runner.py:91} INFO - Job 158: Subtask uniqDate
[2024-04-11T16:33:14.165+0000] {task_command.py:426} INFO - Running <TaskInstance: Process_W3_Data.uniqDate manual__2024-04-11T16:32:47.581109+00:00 [running]> on host 426f0b9f9d71
[2024-04-11T16:33:14.511+0000] {taskinstance.py:2644} INFO - Exporting env vars: AIRFLOW_CTX_DAG_OWNER='***' AIRFLOW_CTX_DAG_ID='Process_W3_Data' AIRFLOW_CTX_TASK_ID='uniqDate' AIRFLOW_CTX_EXECUTION_DATE='2024-04-11T16:32:47.581109+00:00' AIRFLOW_CTX_TRY_NUMBER='1' AIRFLOW_CTX_DAG_RUN_ID='manual__2024-04-11T16:32:47.581109+00:00'
[2024-04-11T16:33:14.514+0000] {taskinstance.py:430} INFO - ::endgroup::
[2024-04-11T16:33:14.516+0000] {subprocess.py:63} INFO - Tmp dir root location: /tmp
[2024-04-11T16:33:14.517+0000] {subprocess.py:75} INFO - Running command: ['/usr/bin/bash', '-c', 'sort -u /opt/***/data/Staging/DimDate.txt > /opt/***/data/Staging/DimDateUniq.txt']
[2024-04-11T16:33:14.558+0000] {subprocess.py:86} INFO - Output:
[2024-04-11T16:33:14.626+0000] {subprocess.py:97} INFO - Command exited with return code 0
[2024-04-11T16:33:14.627+0000] {taskinstance.py:441} INFO - ::group::Post task execution logs
[2024-04-11T16:33:14.677+0000] {taskinstance.py:1205} INFO - Marking task as SUCCESS. dag_id=Process_W3_Data, task_id=uniqDate, execution_date=20240411T163247, start_date=20240411T163313, end_date=20240411T163314
[2024-04-11T16:33:14.735+0000] {local_task_job_runner.py:240} INFO - Task exited with return code 0
[2024-04-11T16:33:14.772+0000] {taskinstance.py:3482} INFO - 1 downstream tasks scheduled from follow-on schedule check
[2024-04-11T16:33:14.774+0000] {local_task_job_runner.py:222} INFO - ::endgroup::
