[2024-04-11T15:40:21.953+0000] {local_task_job_runner.py:120} INFO - ::group::Pre task execution logs
[2024-04-11T15:40:22.008+0000] {taskinstance.py:2073} INFO - Dependencies all met for dep_context=non-requeueable deps ti=<TaskInstance: Process_W3_Data.copyfact manual__2024-04-11T15:39:42.458503+00:00 [queued]>
[2024-04-11T15:40:22.022+0000] {taskinstance.py:2073} INFO - Dependencies all met for dep_context=requeueable deps ti=<TaskInstance: Process_W3_Data.copyfact manual__2024-04-11T15:39:42.458503+00:00 [queued]>
[2024-04-11T15:40:22.022+0000] {taskinstance.py:2303} INFO - Starting attempt 1 of 1
[2024-04-11T15:40:22.050+0000] {taskinstance.py:2327} INFO - Executing <Task(BashOperator): copyfact> on 2024-04-11 15:39:42.458503+00:00
[2024-04-11T15:40:22.064+0000] {warnings.py:110} WARNING - /home/***/.local/lib/python3.12/site-packages/***/task/task_runner/standard_task_runner.py:61: DeprecationWarning: This process (pid=21687) is multi-threaded, use of fork() may lead to deadlocks in the child.
  pid = os.fork()

[2024-04-11T15:40:22.067+0000] {standard_task_runner.py:63} INFO - Started process 21689 to run task
[2024-04-11T15:40:22.073+0000] {standard_task_runner.py:90} INFO - Running: ['***', 'tasks', 'run', 'Process_W3_Data', 'copyfact', 'manual__2024-04-11T15:39:42.458503+00:00', '--job-id', '92', '--raw', '--subdir', 'DAGS_FOLDER/w3c.py', '--cfg-path', '/tmp/tmp11v9_89v']
[2024-04-11T15:40:22.080+0000] {standard_task_runner.py:91} INFO - Job 92: Subtask copyfact
[2024-04-11T15:40:22.176+0000] {task_command.py:426} INFO - Running <TaskInstance: Process_W3_Data.copyfact manual__2024-04-11T15:39:42.458503+00:00 [running]> on host 426f0b9f9d71
[2024-04-11T15:40:22.352+0000] {taskinstance.py:2644} INFO - Exporting env vars: AIRFLOW_CTX_DAG_OWNER='***' AIRFLOW_CTX_DAG_ID='Process_W3_Data' AIRFLOW_CTX_TASK_ID='copyfact' AIRFLOW_CTX_EXECUTION_DATE='2024-04-11T15:39:42.458503+00:00' AIRFLOW_CTX_TRY_NUMBER='1' AIRFLOW_CTX_DAG_RUN_ID='manual__2024-04-11T15:39:42.458503+00:00'
[2024-04-11T15:40:22.355+0000] {taskinstance.py:430} INFO - ::endgroup::
[2024-04-11T15:40:22.357+0000] {subprocess.py:63} INFO - Tmp dir root location: /tmp
[2024-04-11T15:40:22.358+0000] {subprocess.py:75} INFO - Running command: ['/usr/bin/bash', '-c', 'cp /opt/***/data/Staging/OutFact1.txt /opt/***/data/StarSchema/OutFact1.txt']
[2024-04-11T15:40:22.383+0000] {subprocess.py:86} INFO - Output:
[2024-04-11T15:40:22.432+0000] {subprocess.py:97} INFO - Command exited with return code 0
[2024-04-11T15:40:22.434+0000] {taskinstance.py:441} INFO - ::group::Post task execution logs
[2024-04-11T15:40:22.481+0000] {taskinstance.py:1205} INFO - Marking task as SUCCESS. dag_id=Process_W3_Data, task_id=copyfact, execution_date=20240411T153942, start_date=20240411T154022, end_date=20240411T154022
[2024-04-11T15:40:22.536+0000] {local_task_job_runner.py:240} INFO - Task exited with return code 0
[2024-04-11T15:40:22.572+0000] {taskinstance.py:3482} INFO - 0 downstream tasks scheduled from follow-on schedule check
[2024-04-11T15:40:22.580+0000] {local_task_job_runner.py:222} INFO - ::endgroup::
