[2024-04-11T17:32:01.151+0000] {local_task_job_runner.py:120} INFO - ::group::Pre task execution logs
[2024-04-11T17:32:01.178+0000] {taskinstance.py:2073} INFO - Dependencies all met for dep_context=non-requeueable deps ti=<TaskInstance: Process_W3_Data.RemoveHash manual__2024-04-11T17:31:57.072023+00:00 [queued]>
[2024-04-11T17:32:01.187+0000] {taskinstance.py:2073} INFO - Dependencies all met for dep_context=requeueable deps ti=<TaskInstance: Process_W3_Data.RemoveHash manual__2024-04-11T17:31:57.072023+00:00 [queued]>
[2024-04-11T17:32:01.188+0000] {taskinstance.py:2303} INFO - Starting attempt 1 of 1
[2024-04-11T17:32:01.202+0000] {taskinstance.py:2327} INFO - Executing <Task(PythonOperator): RemoveHash> on 2024-04-11 17:31:57.072023+00:00
[2024-04-11T17:32:01.213+0000] {warnings.py:110} WARNING - /home/***/.local/lib/python3.12/site-packages/***/task/task_runner/standard_task_runner.py:61: DeprecationWarning: This process (pid=23422) is multi-threaded, use of fork() may lead to deadlocks in the child.
  pid = os.fork()

[2024-04-11T17:32:01.216+0000] {standard_task_runner.py:63} INFO - Started process 23424 to run task
[2024-04-11T17:32:01.216+0000] {standard_task_runner.py:90} INFO - Running: ['***', 'tasks', 'run', 'Process_W3_Data', 'RemoveHash', 'manual__2024-04-11T17:31:57.072023+00:00', '--job-id', '194', '--raw', '--subdir', 'DAGS_FOLDER/w3c.py', '--cfg-path', '/tmp/tmp7c05m2pp']
[2024-04-11T17:32:01.221+0000] {standard_task_runner.py:91} INFO - Job 194: Subtask RemoveHash
[2024-04-11T17:32:01.284+0000] {task_command.py:426} INFO - Running <TaskInstance: Process_W3_Data.RemoveHash manual__2024-04-11T17:31:57.072023+00:00 [running]> on host 426f0b9f9d71
[2024-04-11T17:32:01.405+0000] {taskinstance.py:2644} INFO - Exporting env vars: AIRFLOW_CTX_DAG_OWNER='***' AIRFLOW_CTX_DAG_ID='Process_W3_Data' AIRFLOW_CTX_TASK_ID='RemoveHash' AIRFLOW_CTX_EXECUTION_DATE='2024-04-11T17:31:57.072023+00:00' AIRFLOW_CTX_TRY_NUMBER='1' AIRFLOW_CTX_DAG_RUN_ID='manual__2024-04-11T17:31:57.072023+00:00'
[2024-04-11T17:32:01.408+0000] {taskinstance.py:430} INFO - ::endgroup::
[2024-04-11T17:32:01.409+0000] {w3c.py:184} WARNING - Starting List Filesu_ex101031.log,u_ex110411.log,u_ex100626.log,u_ex100105.log,u_ex091103.log,u_ex110510.log,u_ex100708.log,u_ex100315.log,u_ex110306.log,u_ex100528.log,u_ex100204.log,u_ex110218.log,u_ex100104.log,u_ex110209.log,u_ex100916.log,u_ex100520.log,u_ex101126.log,u_ex100205.log,u_ex110405.log,u_ex110212.log,u_ex100430.log,u_ex100830.log,u_ex110130.log,u_ex100526.log,u_ex091207.log,u_ex100923.log,u_ex110119.log,u_ex110424.log,u_ex100619.log,u_ex100714.log,u_ex100106.log,u_ex091024.log,u_ex101020.log,u_ex110205.log,u_ex100809.log,u_ex091106.log,u_ex091211.log,u_ex100322.log,u_ex100117.log,u_ex101225.log,u_ex100424.log,u_ex091102.log,u_ex091123.log,u_ex100629.log,u_ex100612.log,u_ex100912.log,u_ex101215.log,u_ex100131.log,u_ex101223.log,u_ex110427.log,u_ex101008.log,u_ex100423.log,u_ex100808.log,u_ex100519.log,u_ex091213.log,u_ex101202.log,u_ex100718.log,u_ex100314.log,u_ex100425.log,u_ex100304.log,u_ex100419.log,u_ex101023.log,u_ex101025.log,u_ex101101.log,u_ex100906.log,u_ex101113.log,u_ex100924.log,u_ex101118.log,u_ex091130.log,u_ex100309.log,u_ex100725.log,u_ex091025.log,u_ex100307.log,u_ex110516.log,u_ex100628.log,u_ex100406.log,u_ex100221.log,u_ex100113.log,u_ex101212.log,u_ex100302.log,u_ex100630.log,u_ex100615.log,u_ex091120.log,u_ex110504.log,u_ex100622.log,u_ex100801.log,u_ex110407.log,u_ex100926.log,u_ex100422.log,u_ex101111.log,u_ex100705.log,u_ex100112.log,u_ex101027.log
[2024-04-11T17:32:01.418+0000] {w3c.py:187} WARNING - calling Clean u_ex101031.log
[2024-04-11T17:32:01.418+0000] {logging_mixin.py:188} INFO - Cleaning  u_ex101031.log
[2024-04-11T17:32:01.418+0000] {w3c.py:144} WARNING - Cleaning u_ex101031.log
[2024-04-11T17:32:01.419+0000] {logging_mixin.py:188} INFO - sort -u /opt/***/data/Staging/DimIP.txt > /opt/***/data/Staging/DimIPUniq.txt
[2024-04-11T17:32:01.422+0000] {w3c.py:187} WARNING - calling Clean u_ex110411.log
[2024-04-11T17:32:01.422+0000] {logging_mixin.py:188} INFO - Cleaning  u_ex110411.log
[2024-04-11T17:32:01.423+0000] {w3c.py:144} WARNING - Cleaning u_ex110411.log
[2024-04-11T17:32:01.423+0000] {logging_mixin.py:188} INFO - sort -u /opt/***/data/Staging/DimIP.txt > /opt/***/data/Staging/DimIPUniq.txt
[2024-04-11T17:32:01.430+0000] {w3c.py:187} WARNING - calling Clean u_ex100626.log
[2024-04-11T17:32:01.430+0000] {logging_mixin.py:188} INFO - Cleaning  u_ex100626.log
[2024-04-11T17:32:01.430+0000] {w3c.py:144} WARNING - Cleaning u_ex100626.log
[2024-04-11T17:32:01.430+0000] {logging_mixin.py:188} INFO - sort -u /opt/***/data/Staging/DimIP.txt > /opt/***/data/Staging/DimIPUniq.txt
[2024-04-11T17:32:01.433+0000] {w3c.py:187} WARNING - calling Clean u_ex100105.log
[2024-04-11T17:32:01.433+0000] {logging_mixin.py:188} INFO - Cleaning  u_ex100105.log
[2024-04-11T17:32:01.433+0000] {w3c.py:144} WARNING - Cleaning u_ex100105.log
[2024-04-11T17:32:01.433+0000] {logging_mixin.py:188} INFO - sort -u /opt/***/data/Staging/DimIP.txt > /opt/***/data/Staging/DimIPUniq.txt
[2024-04-11T17:32:01.437+0000] {w3c.py:187} WARNING - calling Clean u_ex091103.log
[2024-04-11T17:32:01.437+0000] {logging_mixin.py:188} INFO - Cleaning  u_ex091103.log
[2024-04-11T17:32:01.437+0000] {w3c.py:144} WARNING - Cleaning u_ex091103.log
[2024-04-11T17:32:01.437+0000] {logging_mixin.py:188} INFO - sort -u /opt/***/data/Staging/DimIP.txt > /opt/***/data/Staging/DimIPUniq.txt
[2024-04-11T17:32:01.445+0000] {w3c.py:187} WARNING - calling Clean u_ex110510.log
[2024-04-11T17:32:01.446+0000] {logging_mixin.py:188} INFO - Cleaning  u_ex110510.log
[2024-04-11T17:32:01.446+0000] {w3c.py:144} WARNING - Cleaning u_ex110510.log
[2024-04-11T17:32:01.446+0000] {logging_mixin.py:188} INFO - sort -u /opt/***/data/Staging/DimIP.txt > /opt/***/data/Staging/DimIPUniq.txt
[2024-04-11T17:32:01.455+0000] {w3c.py:187} WARNING - calling Clean u_ex100708.log
[2024-04-11T17:32:01.455+0000] {logging_mixin.py:188} INFO - Cleaning  u_ex100708.log
[2024-04-11T17:32:01.455+0000] {w3c.py:144} WARNING - Cleaning u_ex100708.log
[2024-04-11T17:32:01.456+0000] {logging_mixin.py:188} INFO - sort -u /opt/***/data/Staging/DimIP.txt > /opt/***/data/Staging/DimIPUniq.txt
[2024-04-11T17:32:01.459+0000] {w3c.py:187} WARNING - calling Clean u_ex100315.log
[2024-04-11T17:32:01.459+0000] {logging_mixin.py:188} INFO - Cleaning  u_ex100315.log
[2024-04-11T17:32:01.460+0000] {w3c.py:144} WARNING - Cleaning u_ex100315.log
[2024-04-11T17:32:01.460+0000] {logging_mixin.py:188} INFO - sort -u /opt/***/data/Staging/DimIP.txt > /opt/***/data/Staging/DimIPUniq.txt
[2024-04-11T17:32:01.466+0000] {w3c.py:187} WARNING - calling Clean u_ex110306.log
[2024-04-11T17:32:01.467+0000] {logging_mixin.py:188} INFO - Cleaning  u_ex110306.log
[2024-04-11T17:32:01.467+0000] {w3c.py:144} WARNING - Cleaning u_ex110306.log
[2024-04-11T17:32:01.467+0000] {logging_mixin.py:188} INFO - sort -u /opt/***/data/Staging/DimIP.txt > /opt/***/data/Staging/DimIPUniq.txt
[2024-04-11T17:32:01.470+0000] {w3c.py:187} WARNING - calling Clean u_ex100528.log
[2024-04-11T17:32:01.470+0000] {logging_mixin.py:188} INFO - Cleaning  u_ex100528.log
[2024-04-11T17:32:01.471+0000] {w3c.py:144} WARNING - Cleaning u_ex100528.log
[2024-04-11T17:32:01.471+0000] {logging_mixin.py:188} INFO - sort -u /opt/***/data/Staging/DimIP.txt > /opt/***/data/Staging/DimIPUniq.txt
[2024-04-11T17:32:01.474+0000] {w3c.py:187} WARNING - calling Clean u_ex100204.log
[2024-04-11T17:32:01.474+0000] {logging_mixin.py:188} INFO - Cleaning  u_ex100204.log
[2024-04-11T17:32:01.474+0000] {w3c.py:144} WARNING - Cleaning u_ex100204.log
[2024-04-11T17:32:01.474+0000] {logging_mixin.py:188} INFO - sort -u /opt/***/data/Staging/DimIP.txt > /opt/***/data/Staging/DimIPUniq.txt
[2024-04-11T17:32:01.481+0000] {w3c.py:187} WARNING - calling Clean u_ex110218.log
[2024-04-11T17:32:01.482+0000] {logging_mixin.py:188} INFO - Cleaning  u_ex110218.log
[2024-04-11T17:32:01.482+0000] {w3c.py:144} WARNING - Cleaning u_ex110218.log
[2024-04-11T17:32:01.482+0000] {logging_mixin.py:188} INFO - sort -u /opt/***/data/Staging/DimIP.txt > /opt/***/data/Staging/DimIPUniq.txt
[2024-04-11T17:32:01.487+0000] {w3c.py:187} WARNING - calling Clean u_ex100104.log
[2024-04-11T17:32:01.488+0000] {logging_mixin.py:188} INFO - Cleaning  u_ex100104.log
[2024-04-11T17:32:01.488+0000] {w3c.py:144} WARNING - Cleaning u_ex100104.log
[2024-04-11T17:32:01.488+0000] {logging_mixin.py:188} INFO - sort -u /opt/***/data/Staging/DimIP.txt > /opt/***/data/Staging/DimIPUniq.txt
[2024-04-11T17:32:01.491+0000] {w3c.py:187} WARNING - calling Clean u_ex110209.log
[2024-04-11T17:32:01.491+0000] {logging_mixin.py:188} INFO - Cleaning  u_ex110209.log
[2024-04-11T17:32:01.492+0000] {w3c.py:144} WARNING - Cleaning u_ex110209.log
[2024-04-11T17:32:01.492+0000] {logging_mixin.py:188} INFO - sort -u /opt/***/data/Staging/DimIP.txt > /opt/***/data/Staging/DimIPUniq.txt
[2024-04-11T17:32:01.498+0000] {w3c.py:187} WARNING - calling Clean u_ex100916.log
[2024-04-11T17:32:01.498+0000] {logging_mixin.py:188} INFO - Cleaning  u_ex100916.log
[2024-04-11T17:32:01.499+0000] {w3c.py:144} WARNING - Cleaning u_ex100916.log
[2024-04-11T17:32:01.499+0000] {logging_mixin.py:188} INFO - sort -u /opt/***/data/Staging/DimIP.txt > /opt/***/data/Staging/DimIPUniq.txt
[2024-04-11T17:32:01.504+0000] {w3c.py:187} WARNING - calling Clean u_ex100520.log
[2024-04-11T17:32:01.504+0000] {logging_mixin.py:188} INFO - Cleaning  u_ex100520.log
[2024-04-11T17:32:01.504+0000] {w3c.py:144} WARNING - Cleaning u_ex100520.log
[2024-04-11T17:32:01.504+0000] {logging_mixin.py:188} INFO - sort -u /opt/***/data/Staging/DimIP.txt > /opt/***/data/Staging/DimIPUniq.txt
[2024-04-11T17:32:01.507+0000] {w3c.py:187} WARNING - calling Clean u_ex101126.log
[2024-04-11T17:32:01.507+0000] {logging_mixin.py:188} INFO - Cleaning  u_ex101126.log
[2024-04-11T17:32:01.507+0000] {w3c.py:144} WARNING - Cleaning u_ex101126.log
[2024-04-11T17:32:01.508+0000] {logging_mixin.py:188} INFO - sort -u /opt/***/data/Staging/DimIP.txt > /opt/***/data/Staging/DimIPUniq.txt
[2024-04-11T17:32:01.513+0000] {w3c.py:187} WARNING - calling Clean u_ex100205.log
[2024-04-11T17:32:01.513+0000] {logging_mixin.py:188} INFO - Cleaning  u_ex100205.log
[2024-04-11T17:32:01.513+0000] {w3c.py:144} WARNING - Cleaning u_ex100205.log
[2024-04-11T17:32:01.514+0000] {logging_mixin.py:188} INFO - sort -u /opt/***/data/Staging/DimIP.txt > /opt/***/data/Staging/DimIPUniq.txt
[2024-04-11T17:32:01.517+0000] {w3c.py:187} WARNING - calling Clean u_ex110405.log
[2024-04-11T17:32:01.518+0000] {logging_mixin.py:188} INFO - Cleaning  u_ex110405.log
[2024-04-11T17:32:01.518+0000] {w3c.py:144} WARNING - Cleaning u_ex110405.log
[2024-04-11T17:32:01.519+0000] {logging_mixin.py:188} INFO - sort -u /opt/***/data/Staging/DimIP.txt > /opt/***/data/Staging/DimIPUniq.txt
[2024-04-11T17:32:01.528+0000] {w3c.py:187} WARNING - calling Clean u_ex110212.log
[2024-04-11T17:32:01.529+0000] {logging_mixin.py:188} INFO - Cleaning  u_ex110212.log
[2024-04-11T17:32:01.529+0000] {w3c.py:144} WARNING - Cleaning u_ex110212.log
[2024-04-11T17:32:01.529+0000] {logging_mixin.py:188} INFO - sort -u /opt/***/data/Staging/DimIP.txt > /opt/***/data/Staging/DimIPUniq.txt
[2024-04-11T17:32:01.534+0000] {w3c.py:187} WARNING - calling Clean u_ex100430.log
[2024-04-11T17:32:01.534+0000] {logging_mixin.py:188} INFO - Cleaning  u_ex100430.log
[2024-04-11T17:32:01.534+0000] {w3c.py:144} WARNING - Cleaning u_ex100430.log
[2024-04-11T17:32:01.535+0000] {logging_mixin.py:188} INFO - sort -u /opt/***/data/Staging/DimIP.txt > /opt/***/data/Staging/DimIPUniq.txt
[2024-04-11T17:32:01.541+0000] {w3c.py:187} WARNING - calling Clean u_ex100830.log
[2024-04-11T17:32:01.541+0000] {logging_mixin.py:188} INFO - Cleaning  u_ex100830.log
[2024-04-11T17:32:01.542+0000] {w3c.py:144} WARNING - Cleaning u_ex100830.log
[2024-04-11T17:32:01.542+0000] {logging_mixin.py:188} INFO - sort -u /opt/***/data/Staging/DimIP.txt > /opt/***/data/Staging/DimIPUniq.txt
[2024-04-11T17:32:01.546+0000] {w3c.py:187} WARNING - calling Clean u_ex110130.log
[2024-04-11T17:32:01.547+0000] {logging_mixin.py:188} INFO - Cleaning  u_ex110130.log
[2024-04-11T17:32:01.547+0000] {w3c.py:144} WARNING - Cleaning u_ex110130.log
[2024-04-11T17:32:01.547+0000] {logging_mixin.py:188} INFO - sort -u /opt/***/data/Staging/DimIP.txt > /opt/***/data/Staging/DimIPUniq.txt
[2024-04-11T17:32:01.551+0000] {w3c.py:187} WARNING - calling Clean u_ex100526.log
[2024-04-11T17:32:01.552+0000] {logging_mixin.py:188} INFO - Cleaning  u_ex100526.log
[2024-04-11T17:32:01.552+0000] {w3c.py:144} WARNING - Cleaning u_ex100526.log
[2024-04-11T17:32:01.552+0000] {logging_mixin.py:188} INFO - sort -u /opt/***/data/Staging/DimIP.txt > /opt/***/data/Staging/DimIPUniq.txt
[2024-04-11T17:32:01.556+0000] {w3c.py:187} WARNING - calling Clean u_ex091207.log
[2024-04-11T17:32:01.557+0000] {logging_mixin.py:188} INFO - Cleaning  u_ex091207.log
[2024-04-11T17:32:01.557+0000] {w3c.py:144} WARNING - Cleaning u_ex091207.log
[2024-04-11T17:32:01.557+0000] {logging_mixin.py:188} INFO - sort -u /opt/***/data/Staging/DimIP.txt > /opt/***/data/Staging/DimIPUniq.txt
[2024-04-11T17:32:01.567+0000] {w3c.py:187} WARNING - calling Clean u_ex100923.log
[2024-04-11T17:32:01.568+0000] {logging_mixin.py:188} INFO - Cleaning  u_ex100923.log
[2024-04-11T17:32:01.568+0000] {w3c.py:144} WARNING - Cleaning u_ex100923.log
[2024-04-11T17:32:01.569+0000] {logging_mixin.py:188} INFO - sort -u /opt/***/data/Staging/DimIP.txt > /opt/***/data/Staging/DimIPUniq.txt
[2024-04-11T17:32:01.578+0000] {w3c.py:187} WARNING - calling Clean u_ex110119.log
[2024-04-11T17:32:01.579+0000] {logging_mixin.py:188} INFO - Cleaning  u_ex110119.log
[2024-04-11T17:32:01.579+0000] {w3c.py:144} WARNING - Cleaning u_ex110119.log
[2024-04-11T17:32:01.580+0000] {logging_mixin.py:188} INFO - sort -u /opt/***/data/Staging/DimIP.txt > /opt/***/data/Staging/DimIPUniq.txt
[2024-04-11T17:32:01.589+0000] {w3c.py:187} WARNING - calling Clean u_ex110424.log
[2024-04-11T17:32:01.590+0000] {logging_mixin.py:188} INFO - Cleaning  u_ex110424.log
[2024-04-11T17:32:01.590+0000] {w3c.py:144} WARNING - Cleaning u_ex110424.log
[2024-04-11T17:32:01.590+0000] {logging_mixin.py:188} INFO - sort -u /opt/***/data/Staging/DimIP.txt > /opt/***/data/Staging/DimIPUniq.txt
[2024-04-11T17:32:01.594+0000] {w3c.py:187} WARNING - calling Clean u_ex100619.log
[2024-04-11T17:32:01.594+0000] {logging_mixin.py:188} INFO - Cleaning  u_ex100619.log
[2024-04-11T17:32:01.594+0000] {w3c.py:144} WARNING - Cleaning u_ex100619.log
[2024-04-11T17:32:01.594+0000] {logging_mixin.py:188} INFO - sort -u /opt/***/data/Staging/DimIP.txt > /opt/***/data/Staging/DimIPUniq.txt
[2024-04-11T17:32:01.597+0000] {w3c.py:187} WARNING - calling Clean u_ex100714.log
[2024-04-11T17:32:01.597+0000] {logging_mixin.py:188} INFO - Cleaning  u_ex100714.log
[2024-04-11T17:32:01.597+0000] {w3c.py:144} WARNING - Cleaning u_ex100714.log
[2024-04-11T17:32:01.597+0000] {logging_mixin.py:188} INFO - sort -u /opt/***/data/Staging/DimIP.txt > /opt/***/data/Staging/DimIPUniq.txt
[2024-04-11T17:32:01.600+0000] {w3c.py:187} WARNING - calling Clean u_ex100106.log
[2024-04-11T17:32:01.600+0000] {logging_mixin.py:188} INFO - Cleaning  u_ex100106.log
[2024-04-11T17:32:01.600+0000] {w3c.py:144} WARNING - Cleaning u_ex100106.log
[2024-04-11T17:32:01.600+0000] {logging_mixin.py:188} INFO - sort -u /opt/***/data/Staging/DimIP.txt > /opt/***/data/Staging/DimIPUniq.txt
[2024-04-11T17:32:01.607+0000] {w3c.py:187} WARNING - calling Clean u_ex091024.log
[2024-04-11T17:32:01.607+0000] {logging_mixin.py:188} INFO - Cleaning  u_ex091024.log
[2024-04-11T17:32:01.607+0000] {w3c.py:144} WARNING - Cleaning u_ex091024.log
[2024-04-11T17:32:01.607+0000] {logging_mixin.py:188} INFO - sort -u /opt/***/data/Staging/DimIP.txt > /opt/***/data/Staging/DimIPUniq.txt
[2024-04-11T17:32:01.608+0000] {w3c.py:187} WARNING - calling Clean u_ex101020.log
[2024-04-11T17:32:01.608+0000] {logging_mixin.py:188} INFO - Cleaning  u_ex101020.log
[2024-04-11T17:32:01.608+0000] {w3c.py:144} WARNING - Cleaning u_ex101020.log
[2024-04-11T17:32:01.608+0000] {logging_mixin.py:188} INFO - sort -u /opt/***/data/Staging/DimIP.txt > /opt/***/data/Staging/DimIPUniq.txt
[2024-04-11T17:32:01.612+0000] {w3c.py:187} WARNING - calling Clean u_ex110205.log
[2024-04-11T17:32:01.612+0000] {logging_mixin.py:188} INFO - Cleaning  u_ex110205.log
[2024-04-11T17:32:01.613+0000] {w3c.py:144} WARNING - Cleaning u_ex110205.log
[2024-04-11T17:32:01.613+0000] {logging_mixin.py:188} INFO - sort -u /opt/***/data/Staging/DimIP.txt > /opt/***/data/Staging/DimIPUniq.txt
[2024-04-11T17:32:01.615+0000] {w3c.py:187} WARNING - calling Clean u_ex100809.log
[2024-04-11T17:32:01.615+0000] {logging_mixin.py:188} INFO - Cleaning  u_ex100809.log
[2024-04-11T17:32:01.616+0000] {w3c.py:144} WARNING - Cleaning u_ex100809.log
[2024-04-11T17:32:01.616+0000] {logging_mixin.py:188} INFO - sort -u /opt/***/data/Staging/DimIP.txt > /opt/***/data/Staging/DimIPUniq.txt
[2024-04-11T17:32:01.621+0000] {w3c.py:187} WARNING - calling Clean u_ex091106.log
[2024-04-11T17:32:01.621+0000] {logging_mixin.py:188} INFO - Cleaning  u_ex091106.log
[2024-04-11T17:32:01.621+0000] {w3c.py:144} WARNING - Cleaning u_ex091106.log
[2024-04-11T17:32:01.622+0000] {logging_mixin.py:188} INFO - sort -u /opt/***/data/Staging/DimIP.txt > /opt/***/data/Staging/DimIPUniq.txt
[2024-04-11T17:32:01.623+0000] {w3c.py:187} WARNING - calling Clean u_ex091211.log
[2024-04-11T17:32:01.623+0000] {logging_mixin.py:188} INFO - Cleaning  u_ex091211.log
[2024-04-11T17:32:01.623+0000] {w3c.py:144} WARNING - Cleaning u_ex091211.log
[2024-04-11T17:32:01.623+0000] {logging_mixin.py:188} INFO - sort -u /opt/***/data/Staging/DimIP.txt > /opt/***/data/Staging/DimIPUniq.txt
[2024-04-11T17:32:01.625+0000] {w3c.py:187} WARNING - calling Clean u_ex100322.log
[2024-04-11T17:32:01.626+0000] {logging_mixin.py:188} INFO - Cleaning  u_ex100322.log
[2024-04-11T17:32:01.626+0000] {w3c.py:144} WARNING - Cleaning u_ex100322.log
[2024-04-11T17:32:01.626+0000] {logging_mixin.py:188} INFO - sort -u /opt/***/data/Staging/DimIP.txt > /opt/***/data/Staging/DimIPUniq.txt
[2024-04-11T17:32:01.630+0000] {w3c.py:187} WARNING - calling Clean u_ex100117.log
[2024-04-11T17:32:01.630+0000] {logging_mixin.py:188} INFO - Cleaning  u_ex100117.log
[2024-04-11T17:32:01.630+0000] {w3c.py:144} WARNING - Cleaning u_ex100117.log
[2024-04-11T17:32:01.631+0000] {logging_mixin.py:188} INFO - sort -u /opt/***/data/Staging/DimIP.txt > /opt/***/data/Staging/DimIPUniq.txt
[2024-04-11T17:32:01.636+0000] {w3c.py:187} WARNING - calling Clean u_ex101225.log
[2024-04-11T17:32:01.636+0000] {logging_mixin.py:188} INFO - Cleaning  u_ex101225.log
[2024-04-11T17:32:01.636+0000] {w3c.py:144} WARNING - Cleaning u_ex101225.log
[2024-04-11T17:32:01.636+0000] {logging_mixin.py:188} INFO - sort -u /opt/***/data/Staging/DimIP.txt > /opt/***/data/Staging/DimIPUniq.txt
[2024-04-11T17:32:01.638+0000] {w3c.py:187} WARNING - calling Clean u_ex100424.log
[2024-04-11T17:32:01.639+0000] {logging_mixin.py:188} INFO - Cleaning  u_ex100424.log
[2024-04-11T17:32:01.639+0000] {w3c.py:144} WARNING - Cleaning u_ex100424.log
[2024-04-11T17:32:01.639+0000] {logging_mixin.py:188} INFO - sort -u /opt/***/data/Staging/DimIP.txt > /opt/***/data/Staging/DimIPUniq.txt
[2024-04-11T17:32:01.641+0000] {w3c.py:187} WARNING - calling Clean u_ex091102.log
[2024-04-11T17:32:01.642+0000] {logging_mixin.py:188} INFO - Cleaning  u_ex091102.log
[2024-04-11T17:32:01.642+0000] {w3c.py:144} WARNING - Cleaning u_ex091102.log
[2024-04-11T17:32:01.642+0000] {logging_mixin.py:188} INFO - sort -u /opt/***/data/Staging/DimIP.txt > /opt/***/data/Staging/DimIPUniq.txt
[2024-04-11T17:32:01.649+0000] {w3c.py:187} WARNING - calling Clean u_ex091123.log
[2024-04-11T17:32:01.649+0000] {logging_mixin.py:188} INFO - Cleaning  u_ex091123.log
[2024-04-11T17:32:01.650+0000] {w3c.py:144} WARNING - Cleaning u_ex091123.log
[2024-04-11T17:32:01.650+0000] {logging_mixin.py:188} INFO - sort -u /opt/***/data/Staging/DimIP.txt > /opt/***/data/Staging/DimIPUniq.txt
[2024-04-11T17:32:01.654+0000] {w3c.py:187} WARNING - calling Clean u_ex100629.log
[2024-04-11T17:32:01.654+0000] {logging_mixin.py:188} INFO - Cleaning  u_ex100629.log
[2024-04-11T17:32:01.655+0000] {w3c.py:144} WARNING - Cleaning u_ex100629.log
[2024-04-11T17:32:01.655+0000] {logging_mixin.py:188} INFO - sort -u /opt/***/data/Staging/DimIP.txt > /opt/***/data/Staging/DimIPUniq.txt
[2024-04-11T17:32:01.657+0000] {w3c.py:187} WARNING - calling Clean u_ex100612.log
[2024-04-11T17:32:01.657+0000] {logging_mixin.py:188} INFO - Cleaning  u_ex100612.log
[2024-04-11T17:32:01.657+0000] {w3c.py:144} WARNING - Cleaning u_ex100612.log
[2024-04-11T17:32:01.658+0000] {logging_mixin.py:188} INFO - sort -u /opt/***/data/Staging/DimIP.txt > /opt/***/data/Staging/DimIPUniq.txt
[2024-04-11T17:32:01.660+0000] {w3c.py:187} WARNING - calling Clean u_ex100912.log
[2024-04-11T17:32:01.660+0000] {logging_mixin.py:188} INFO - Cleaning  u_ex100912.log
[2024-04-11T17:32:01.660+0000] {w3c.py:144} WARNING - Cleaning u_ex100912.log
[2024-04-11T17:32:01.660+0000] {logging_mixin.py:188} INFO - sort -u /opt/***/data/Staging/DimIP.txt > /opt/***/data/Staging/DimIPUniq.txt
[2024-04-11T17:32:01.664+0000] {w3c.py:187} WARNING - calling Clean u_ex101215.log
[2024-04-11T17:32:01.664+0000] {logging_mixin.py:188} INFO - Cleaning  u_ex101215.log
[2024-04-11T17:32:01.664+0000] {w3c.py:144} WARNING - Cleaning u_ex101215.log
[2024-04-11T17:32:01.664+0000] {logging_mixin.py:188} INFO - sort -u /opt/***/data/Staging/DimIP.txt > /opt/***/data/Staging/DimIPUniq.txt
[2024-04-11T17:32:01.668+0000] {w3c.py:187} WARNING - calling Clean u_ex100131.log
[2024-04-11T17:32:01.668+0000] {logging_mixin.py:188} INFO - Cleaning  u_ex100131.log
[2024-04-11T17:32:01.669+0000] {w3c.py:144} WARNING - Cleaning u_ex100131.log
[2024-04-11T17:32:01.669+0000] {logging_mixin.py:188} INFO - sort -u /opt/***/data/Staging/DimIP.txt > /opt/***/data/Staging/DimIPUniq.txt
[2024-04-11T17:32:01.672+0000] {w3c.py:187} WARNING - calling Clean u_ex101223.log
[2024-04-11T17:32:01.672+0000] {logging_mixin.py:188} INFO - Cleaning  u_ex101223.log
[2024-04-11T17:32:01.672+0000] {w3c.py:144} WARNING - Cleaning u_ex101223.log
[2024-04-11T17:32:01.673+0000] {logging_mixin.py:188} INFO - sort -u /opt/***/data/Staging/DimIP.txt > /opt/***/data/Staging/DimIPUniq.txt
[2024-04-11T17:32:01.676+0000] {w3c.py:187} WARNING - calling Clean u_ex110427.log
[2024-04-11T17:32:01.676+0000] {logging_mixin.py:188} INFO - Cleaning  u_ex110427.log
[2024-04-11T17:32:01.676+0000] {w3c.py:144} WARNING - Cleaning u_ex110427.log
[2024-04-11T17:32:01.676+0000] {logging_mixin.py:188} INFO - sort -u /opt/***/data/Staging/DimIP.txt > /opt/***/data/Staging/DimIPUniq.txt
[2024-04-11T17:32:01.681+0000] {w3c.py:187} WARNING - calling Clean u_ex101008.log
[2024-04-11T17:32:01.681+0000] {logging_mixin.py:188} INFO - Cleaning  u_ex101008.log
[2024-04-11T17:32:01.681+0000] {w3c.py:144} WARNING - Cleaning u_ex101008.log
[2024-04-11T17:32:01.681+0000] {logging_mixin.py:188} INFO - sort -u /opt/***/data/Staging/DimIP.txt > /opt/***/data/Staging/DimIPUniq.txt
[2024-04-11T17:32:01.687+0000] {w3c.py:187} WARNING - calling Clean u_ex100423.log
[2024-04-11T17:32:01.688+0000] {logging_mixin.py:188} INFO - Cleaning  u_ex100423.log
[2024-04-11T17:32:01.688+0000] {w3c.py:144} WARNING - Cleaning u_ex100423.log
[2024-04-11T17:32:01.688+0000] {logging_mixin.py:188} INFO - sort -u /opt/***/data/Staging/DimIP.txt > /opt/***/data/Staging/DimIPUniq.txt
[2024-04-11T17:32:01.692+0000] {w3c.py:187} WARNING - calling Clean u_ex100808.log
[2024-04-11T17:32:01.692+0000] {logging_mixin.py:188} INFO - Cleaning  u_ex100808.log
[2024-04-11T17:32:01.693+0000] {w3c.py:144} WARNING - Cleaning u_ex100808.log
[2024-04-11T17:32:01.693+0000] {logging_mixin.py:188} INFO - sort -u /opt/***/data/Staging/DimIP.txt > /opt/***/data/Staging/DimIPUniq.txt
[2024-04-11T17:32:01.695+0000] {w3c.py:187} WARNING - calling Clean u_ex100519.log
[2024-04-11T17:32:01.695+0000] {logging_mixin.py:188} INFO - Cleaning  u_ex100519.log
[2024-04-11T17:32:01.696+0000] {w3c.py:144} WARNING - Cleaning u_ex100519.log
[2024-04-11T17:32:01.696+0000] {logging_mixin.py:188} INFO - sort -u /opt/***/data/Staging/DimIP.txt > /opt/***/data/Staging/DimIPUniq.txt
[2024-04-11T17:32:01.699+0000] {w3c.py:187} WARNING - calling Clean u_ex091213.log
[2024-04-11T17:32:01.699+0000] {logging_mixin.py:188} INFO - Cleaning  u_ex091213.log
[2024-04-11T17:32:01.699+0000] {w3c.py:144} WARNING - Cleaning u_ex091213.log
[2024-04-11T17:32:01.699+0000] {logging_mixin.py:188} INFO - sort -u /opt/***/data/Staging/DimIP.txt > /opt/***/data/Staging/DimIPUniq.txt
[2024-04-11T17:32:01.702+0000] {w3c.py:187} WARNING - calling Clean u_ex101202.log
[2024-04-11T17:32:01.702+0000] {logging_mixin.py:188} INFO - Cleaning  u_ex101202.log
[2024-04-11T17:32:01.703+0000] {w3c.py:144} WARNING - Cleaning u_ex101202.log
[2024-04-11T17:32:01.703+0000] {logging_mixin.py:188} INFO - sort -u /opt/***/data/Staging/DimIP.txt > /opt/***/data/Staging/DimIPUniq.txt
[2024-04-11T17:32:01.705+0000] {w3c.py:187} WARNING - calling Clean u_ex100718.log
[2024-04-11T17:32:01.705+0000] {logging_mixin.py:188} INFO - Cleaning  u_ex100718.log
[2024-04-11T17:32:01.706+0000] {w3c.py:144} WARNING - Cleaning u_ex100718.log
[2024-04-11T17:32:01.706+0000] {logging_mixin.py:188} INFO - sort -u /opt/***/data/Staging/DimIP.txt > /opt/***/data/Staging/DimIPUniq.txt
[2024-04-11T17:32:01.710+0000] {w3c.py:187} WARNING - calling Clean u_ex100314.log
[2024-04-11T17:32:01.710+0000] {logging_mixin.py:188} INFO - Cleaning  u_ex100314.log
[2024-04-11T17:32:01.710+0000] {w3c.py:144} WARNING - Cleaning u_ex100314.log
[2024-04-11T17:32:01.711+0000] {logging_mixin.py:188} INFO - sort -u /opt/***/data/Staging/DimIP.txt > /opt/***/data/Staging/DimIPUniq.txt
[2024-04-11T17:32:01.714+0000] {w3c.py:187} WARNING - calling Clean u_ex100425.log
[2024-04-11T17:32:01.714+0000] {logging_mixin.py:188} INFO - Cleaning  u_ex100425.log
[2024-04-11T17:32:01.715+0000] {w3c.py:144} WARNING - Cleaning u_ex100425.log
[2024-04-11T17:32:01.715+0000] {logging_mixin.py:188} INFO - sort -u /opt/***/data/Staging/DimIP.txt > /opt/***/data/Staging/DimIPUniq.txt
[2024-04-11T17:32:01.718+0000] {w3c.py:187} WARNING - calling Clean u_ex100304.log
[2024-04-11T17:32:01.718+0000] {logging_mixin.py:188} INFO - Cleaning  u_ex100304.log
[2024-04-11T17:32:01.719+0000] {w3c.py:144} WARNING - Cleaning u_ex100304.log
[2024-04-11T17:32:01.719+0000] {logging_mixin.py:188} INFO - sort -u /opt/***/data/Staging/DimIP.txt > /opt/***/data/Staging/DimIPUniq.txt
[2024-04-11T17:32:01.722+0000] {w3c.py:187} WARNING - calling Clean u_ex100419.log
[2024-04-11T17:32:01.722+0000] {logging_mixin.py:188} INFO - Cleaning  u_ex100419.log
[2024-04-11T17:32:01.723+0000] {w3c.py:144} WARNING - Cleaning u_ex100419.log
[2024-04-11T17:32:01.723+0000] {logging_mixin.py:188} INFO - sort -u /opt/***/data/Staging/DimIP.txt > /opt/***/data/Staging/DimIPUniq.txt
[2024-04-11T17:32:01.726+0000] {w3c.py:187} WARNING - calling Clean u_ex101023.log
[2024-04-11T17:32:01.726+0000] {logging_mixin.py:188} INFO - Cleaning  u_ex101023.log
[2024-04-11T17:32:01.727+0000] {w3c.py:144} WARNING - Cleaning u_ex101023.log
[2024-04-11T17:32:01.727+0000] {logging_mixin.py:188} INFO - sort -u /opt/***/data/Staging/DimIP.txt > /opt/***/data/Staging/DimIPUniq.txt
[2024-04-11T17:32:01.731+0000] {w3c.py:187} WARNING - calling Clean u_ex101025.log
[2024-04-11T17:32:01.732+0000] {logging_mixin.py:188} INFO - Cleaning  u_ex101025.log
[2024-04-11T17:32:01.732+0000] {w3c.py:144} WARNING - Cleaning u_ex101025.log
[2024-04-11T17:32:01.732+0000] {logging_mixin.py:188} INFO - sort -u /opt/***/data/Staging/DimIP.txt > /opt/***/data/Staging/DimIPUniq.txt
[2024-04-11T17:32:01.737+0000] {w3c.py:187} WARNING - calling Clean u_ex101101.log
[2024-04-11T17:32:01.738+0000] {logging_mixin.py:188} INFO - Cleaning  u_ex101101.log
[2024-04-11T17:32:01.738+0000] {w3c.py:144} WARNING - Cleaning u_ex101101.log
[2024-04-11T17:32:01.738+0000] {logging_mixin.py:188} INFO - sort -u /opt/***/data/Staging/DimIP.txt > /opt/***/data/Staging/DimIPUniq.txt
[2024-04-11T17:32:01.744+0000] {w3c.py:187} WARNING - calling Clean u_ex100906.log
[2024-04-11T17:32:01.744+0000] {logging_mixin.py:188} INFO - Cleaning  u_ex100906.log
[2024-04-11T17:32:01.745+0000] {w3c.py:144} WARNING - Cleaning u_ex100906.log
[2024-04-11T17:32:01.745+0000] {logging_mixin.py:188} INFO - sort -u /opt/***/data/Staging/DimIP.txt > /opt/***/data/Staging/DimIPUniq.txt
[2024-04-11T17:32:01.747+0000] {w3c.py:187} WARNING - calling Clean u_ex101113.log
[2024-04-11T17:32:01.747+0000] {logging_mixin.py:188} INFO - Cleaning  u_ex101113.log
[2024-04-11T17:32:01.747+0000] {w3c.py:144} WARNING - Cleaning u_ex101113.log
[2024-04-11T17:32:01.748+0000] {logging_mixin.py:188} INFO - sort -u /opt/***/data/Staging/DimIP.txt > /opt/***/data/Staging/DimIPUniq.txt
[2024-04-11T17:32:01.751+0000] {w3c.py:187} WARNING - calling Clean u_ex100924.log
[2024-04-11T17:32:01.751+0000] {logging_mixin.py:188} INFO - Cleaning  u_ex100924.log
[2024-04-11T17:32:01.751+0000] {w3c.py:144} WARNING - Cleaning u_ex100924.log
[2024-04-11T17:32:01.752+0000] {logging_mixin.py:188} INFO - sort -u /opt/***/data/Staging/DimIP.txt > /opt/***/data/Staging/DimIPUniq.txt
[2024-04-11T17:32:01.755+0000] {w3c.py:187} WARNING - calling Clean u_ex101118.log
[2024-04-11T17:32:01.755+0000] {logging_mixin.py:188} INFO - Cleaning  u_ex101118.log
[2024-04-11T17:32:01.756+0000] {w3c.py:144} WARNING - Cleaning u_ex101118.log
[2024-04-11T17:32:01.756+0000] {logging_mixin.py:188} INFO - sort -u /opt/***/data/Staging/DimIP.txt > /opt/***/data/Staging/DimIPUniq.txt
[2024-04-11T17:32:01.759+0000] {w3c.py:187} WARNING - calling Clean u_ex091130.log
[2024-04-11T17:32:01.759+0000] {logging_mixin.py:188} INFO - Cleaning  u_ex091130.log
[2024-04-11T17:32:01.759+0000] {w3c.py:144} WARNING - Cleaning u_ex091130.log
[2024-04-11T17:32:01.760+0000] {logging_mixin.py:188} INFO - sort -u /opt/***/data/Staging/DimIP.txt > /opt/***/data/Staging/DimIPUniq.txt
[2024-04-11T17:32:01.762+0000] {logging_mixin.py:188} INFO - Fault 26
[2024-04-11T17:32:01.765+0000] {logging_mixin.py:188} INFO - Fault 10
[2024-04-11T17:32:01.768+0000] {logging_mixin.py:188} INFO - Fault 6
[2024-04-11T17:32:01.768+0000] {w3c.py:187} WARNING - calling Clean u_ex100309.log
[2024-04-11T17:32:01.768+0000] {logging_mixin.py:188} INFO - Cleaning  u_ex100309.log
[2024-04-11T17:32:01.768+0000] {w3c.py:144} WARNING - Cleaning u_ex100309.log
[2024-04-11T17:32:01.769+0000] {logging_mixin.py:188} INFO - sort -u /opt/***/data/Staging/DimIP.txt > /opt/***/data/Staging/DimIPUniq.txt
[2024-04-11T17:32:01.772+0000] {w3c.py:187} WARNING - calling Clean u_ex100725.log
[2024-04-11T17:32:01.772+0000] {logging_mixin.py:188} INFO - Cleaning  u_ex100725.log
[2024-04-11T17:32:01.772+0000] {w3c.py:144} WARNING - Cleaning u_ex100725.log
[2024-04-11T17:32:01.772+0000] {logging_mixin.py:188} INFO - sort -u /opt/***/data/Staging/DimIP.txt > /opt/***/data/Staging/DimIPUniq.txt
[2024-04-11T17:32:01.776+0000] {w3c.py:187} WARNING - calling Clean u_ex091025.log
[2024-04-11T17:32:01.776+0000] {logging_mixin.py:188} INFO - Cleaning  u_ex091025.log
[2024-04-11T17:32:01.776+0000] {w3c.py:144} WARNING - Cleaning u_ex091025.log
[2024-04-11T17:32:01.776+0000] {logging_mixin.py:188} INFO - sort -u /opt/***/data/Staging/DimIP.txt > /opt/***/data/Staging/DimIPUniq.txt
[2024-04-11T17:32:01.777+0000] {w3c.py:187} WARNING - calling Clean u_ex100307.log
[2024-04-11T17:32:01.777+0000] {logging_mixin.py:188} INFO - Cleaning  u_ex100307.log
[2024-04-11T17:32:01.777+0000] {w3c.py:144} WARNING - Cleaning u_ex100307.log
[2024-04-11T17:32:01.777+0000] {logging_mixin.py:188} INFO - sort -u /opt/***/data/Staging/DimIP.txt > /opt/***/data/Staging/DimIPUniq.txt
[2024-04-11T17:32:01.780+0000] {w3c.py:187} WARNING - calling Clean u_ex110516.log
[2024-04-11T17:32:01.780+0000] {logging_mixin.py:188} INFO - Cleaning  u_ex110516.log
[2024-04-11T17:32:01.780+0000] {w3c.py:144} WARNING - Cleaning u_ex110516.log
[2024-04-11T17:32:01.780+0000] {logging_mixin.py:188} INFO - sort -u /opt/***/data/Staging/DimIP.txt > /opt/***/data/Staging/DimIPUniq.txt
[2024-04-11T17:32:01.784+0000] {w3c.py:187} WARNING - calling Clean u_ex100628.log
[2024-04-11T17:32:01.784+0000] {logging_mixin.py:188} INFO - Cleaning  u_ex100628.log
[2024-04-11T17:32:01.785+0000] {w3c.py:144} WARNING - Cleaning u_ex100628.log
[2024-04-11T17:32:01.785+0000] {logging_mixin.py:188} INFO - sort -u /opt/***/data/Staging/DimIP.txt > /opt/***/data/Staging/DimIPUniq.txt
[2024-04-11T17:32:01.788+0000] {w3c.py:187} WARNING - calling Clean u_ex100406.log
[2024-04-11T17:32:01.788+0000] {logging_mixin.py:188} INFO - Cleaning  u_ex100406.log
[2024-04-11T17:32:01.788+0000] {w3c.py:144} WARNING - Cleaning u_ex100406.log
[2024-04-11T17:32:01.788+0000] {logging_mixin.py:188} INFO - sort -u /opt/***/data/Staging/DimIP.txt > /opt/***/data/Staging/DimIPUniq.txt
[2024-04-11T17:32:01.796+0000] {w3c.py:187} WARNING - calling Clean u_ex100221.log
[2024-04-11T17:32:01.796+0000] {logging_mixin.py:188} INFO - Cleaning  u_ex100221.log
[2024-04-11T17:32:01.797+0000] {w3c.py:144} WARNING - Cleaning u_ex100221.log
[2024-04-11T17:32:01.797+0000] {logging_mixin.py:188} INFO - sort -u /opt/***/data/Staging/DimIP.txt > /opt/***/data/Staging/DimIPUniq.txt
[2024-04-11T17:32:01.799+0000] {w3c.py:187} WARNING - calling Clean u_ex100113.log
[2024-04-11T17:32:01.799+0000] {logging_mixin.py:188} INFO - Cleaning  u_ex100113.log
[2024-04-11T17:32:01.800+0000] {w3c.py:144} WARNING - Cleaning u_ex100113.log
[2024-04-11T17:32:01.800+0000] {logging_mixin.py:188} INFO - sort -u /opt/***/data/Staging/DimIP.txt > /opt/***/data/Staging/DimIPUniq.txt
[2024-04-11T17:32:01.806+0000] {w3c.py:187} WARNING - calling Clean u_ex101212.log
[2024-04-11T17:32:01.806+0000] {logging_mixin.py:188} INFO - Cleaning  u_ex101212.log
[2024-04-11T17:32:01.806+0000] {w3c.py:144} WARNING - Cleaning u_ex101212.log
[2024-04-11T17:32:01.806+0000] {logging_mixin.py:188} INFO - sort -u /opt/***/data/Staging/DimIP.txt > /opt/***/data/Staging/DimIPUniq.txt
[2024-04-11T17:32:01.810+0000] {w3c.py:187} WARNING - calling Clean u_ex100302.log
[2024-04-11T17:32:01.810+0000] {logging_mixin.py:188} INFO - Cleaning  u_ex100302.log
[2024-04-11T17:32:01.811+0000] {w3c.py:144} WARNING - Cleaning u_ex100302.log
[2024-04-11T17:32:01.811+0000] {logging_mixin.py:188} INFO - sort -u /opt/***/data/Staging/DimIP.txt > /opt/***/data/Staging/DimIPUniq.txt
[2024-04-11T17:32:01.816+0000] {w3c.py:187} WARNING - calling Clean u_ex100630.log
[2024-04-11T17:32:01.817+0000] {logging_mixin.py:188} INFO - Cleaning  u_ex100630.log
[2024-04-11T17:32:01.817+0000] {w3c.py:144} WARNING - Cleaning u_ex100630.log
[2024-04-11T17:32:01.817+0000] {logging_mixin.py:188} INFO - sort -u /opt/***/data/Staging/DimIP.txt > /opt/***/data/Staging/DimIPUniq.txt
[2024-04-11T17:32:01.819+0000] {w3c.py:187} WARNING - calling Clean u_ex100615.log
[2024-04-11T17:32:01.820+0000] {logging_mixin.py:188} INFO - Cleaning  u_ex100615.log
[2024-04-11T17:32:01.820+0000] {w3c.py:144} WARNING - Cleaning u_ex100615.log
[2024-04-11T17:32:01.820+0000] {logging_mixin.py:188} INFO - sort -u /opt/***/data/Staging/DimIP.txt > /opt/***/data/Staging/DimIPUniq.txt
[2024-04-11T17:32:01.822+0000] {w3c.py:187} WARNING - calling Clean u_ex091120.log
[2024-04-11T17:32:01.823+0000] {logging_mixin.py:188} INFO - Cleaning  u_ex091120.log
[2024-04-11T17:32:01.823+0000] {w3c.py:144} WARNING - Cleaning u_ex091120.log
[2024-04-11T17:32:01.823+0000] {logging_mixin.py:188} INFO - sort -u /opt/***/data/Staging/DimIP.txt > /opt/***/data/Staging/DimIPUniq.txt
[2024-04-11T17:32:01.825+0000] {w3c.py:187} WARNING - calling Clean u_ex110504.log
[2024-04-11T17:32:01.826+0000] {logging_mixin.py:188} INFO - Cleaning  u_ex110504.log
[2024-04-11T17:32:01.826+0000] {w3c.py:144} WARNING - Cleaning u_ex110504.log
[2024-04-11T17:32:01.826+0000] {logging_mixin.py:188} INFO - sort -u /opt/***/data/Staging/DimIP.txt > /opt/***/data/Staging/DimIPUniq.txt
[2024-04-11T17:32:01.830+0000] {w3c.py:187} WARNING - calling Clean u_ex100622.log
[2024-04-11T17:32:01.830+0000] {logging_mixin.py:188} INFO - Cleaning  u_ex100622.log
[2024-04-11T17:32:01.830+0000] {w3c.py:144} WARNING - Cleaning u_ex100622.log
[2024-04-11T17:32:01.831+0000] {logging_mixin.py:188} INFO - sort -u /opt/***/data/Staging/DimIP.txt > /opt/***/data/Staging/DimIPUniq.txt
[2024-04-11T17:32:01.834+0000] {w3c.py:187} WARNING - calling Clean u_ex100801.log
[2024-04-11T17:32:01.834+0000] {logging_mixin.py:188} INFO - Cleaning  u_ex100801.log
[2024-04-11T17:32:01.834+0000] {w3c.py:144} WARNING - Cleaning u_ex100801.log
[2024-04-11T17:32:01.834+0000] {logging_mixin.py:188} INFO - sort -u /opt/***/data/Staging/DimIP.txt > /opt/***/data/Staging/DimIPUniq.txt
[2024-04-11T17:32:01.837+0000] {w3c.py:187} WARNING - calling Clean u_ex110407.log
[2024-04-11T17:32:01.837+0000] {logging_mixin.py:188} INFO - Cleaning  u_ex110407.log
[2024-04-11T17:32:01.837+0000] {w3c.py:144} WARNING - Cleaning u_ex110407.log
[2024-04-11T17:32:01.837+0000] {logging_mixin.py:188} INFO - sort -u /opt/***/data/Staging/DimIP.txt > /opt/***/data/Staging/DimIPUniq.txt
[2024-04-11T17:32:01.842+0000] {w3c.py:187} WARNING - calling Clean u_ex100926.log
[2024-04-11T17:32:01.842+0000] {logging_mixin.py:188} INFO - Cleaning  u_ex100926.log
[2024-04-11T17:32:01.842+0000] {w3c.py:144} WARNING - Cleaning u_ex100926.log
[2024-04-11T17:32:01.843+0000] {logging_mixin.py:188} INFO - sort -u /opt/***/data/Staging/DimIP.txt > /opt/***/data/Staging/DimIPUniq.txt
[2024-04-11T17:32:01.846+0000] {w3c.py:187} WARNING - calling Clean u_ex100422.log
[2024-04-11T17:32:01.846+0000] {logging_mixin.py:188} INFO - Cleaning  u_ex100422.log
[2024-04-11T17:32:01.846+0000] {w3c.py:144} WARNING - Cleaning u_ex100422.log
[2024-04-11T17:32:01.847+0000] {logging_mixin.py:188} INFO - sort -u /opt/***/data/Staging/DimIP.txt > /opt/***/data/Staging/DimIPUniq.txt
[2024-04-11T17:32:01.850+0000] {w3c.py:187} WARNING - calling Clean u_ex101111.log
[2024-04-11T17:32:01.851+0000] {logging_mixin.py:188} INFO - Cleaning  u_ex101111.log
[2024-04-11T17:32:01.851+0000] {w3c.py:144} WARNING - Cleaning u_ex101111.log
[2024-04-11T17:32:01.851+0000] {logging_mixin.py:188} INFO - sort -u /opt/***/data/Staging/DimIP.txt > /opt/***/data/Staging/DimIPUniq.txt
[2024-04-11T17:32:01.857+0000] {w3c.py:187} WARNING - calling Clean u_ex100705.log
[2024-04-11T17:32:01.857+0000] {logging_mixin.py:188} INFO - Cleaning  u_ex100705.log
[2024-04-11T17:32:01.858+0000] {w3c.py:144} WARNING - Cleaning u_ex100705.log
[2024-04-11T17:32:01.858+0000] {logging_mixin.py:188} INFO - sort -u /opt/***/data/Staging/DimIP.txt > /opt/***/data/Staging/DimIPUniq.txt
[2024-04-11T17:32:01.862+0000] {w3c.py:187} WARNING - calling Clean u_ex100112.log
[2024-04-11T17:32:01.862+0000] {logging_mixin.py:188} INFO - Cleaning  u_ex100112.log
[2024-04-11T17:32:01.862+0000] {w3c.py:144} WARNING - Cleaning u_ex100112.log
[2024-04-11T17:32:01.862+0000] {logging_mixin.py:188} INFO - sort -u /opt/***/data/Staging/DimIP.txt > /opt/***/data/Staging/DimIPUniq.txt
[2024-04-11T17:32:01.872+0000] {w3c.py:187} WARNING - calling Clean u_ex101027.log
[2024-04-11T17:32:01.872+0000] {logging_mixin.py:188} INFO - Cleaning  u_ex101027.log
[2024-04-11T17:32:01.873+0000] {w3c.py:144} WARNING - Cleaning u_ex101027.log
[2024-04-11T17:32:01.873+0000] {logging_mixin.py:188} INFO - sort -u /opt/***/data/Staging/DimIP.txt > /opt/***/data/Staging/DimIPUniq.txt
[2024-04-11T17:32:01.879+0000] {python.py:237} INFO - Done. Returned value was: None
[2024-04-11T17:32:01.880+0000] {taskinstance.py:441} INFO - ::group::Post task execution logs
[2024-04-11T17:32:01.892+0000] {taskinstance.py:1205} INFO - Marking task as SUCCESS. dag_id=Process_W3_Data, task_id=RemoveHash, execution_date=20240411T173157, start_date=20240411T173201, end_date=20240411T173201
[2024-04-11T17:32:01.915+0000] {local_task_job_runner.py:240} INFO - Task exited with return code 0
[2024-04-11T17:32:01.957+0000] {taskinstance.py:3482} INFO - 1 downstream tasks scheduled from follow-on schedule check
[2024-04-11T17:32:01.969+0000] {local_task_job_runner.py:222} INFO - ::endgroup::
