[2024-04-12T00:00:37.122+0000] {local_task_job_runner.py:120} INFO - ::group::Pre task execution logs
[2024-04-12T00:00:37.149+0000] {taskinstance.py:2073} INFO - Dependencies all met for dep_context=non-requeueable deps ti=<TaskInstance: Process_W3_Data.copyfact scheduled__2024-04-11T00:00:00+00:00 [queued]>
[2024-04-12T00:00:37.158+0000] {taskinstance.py:2073} INFO - Dependencies all met for dep_context=requeueable deps ti=<TaskInstance: Process_W3_Data.copyfact scheduled__2024-04-11T00:00:00+00:00 [queued]>
[2024-04-12T00:00:37.159+0000] {taskinstance.py:2303} INFO - Starting attempt 1 of 1
[2024-04-12T00:00:37.176+0000] {taskinstance.py:2327} INFO - Executing <Task(BashOperator): copyfact> on 2024-04-11 00:00:00+00:00
[2024-04-12T00:00:37.187+0000] {warnings.py:110} WARNING - /home/***/.local/lib/python3.12/site-packages/***/task/task_runner/standard_task_runner.py:61: DeprecationWarning: This process (pid=28381) is multi-threaded, use of fork() may lead to deadlocks in the child.
  pid = os.fork()

[2024-04-12T00:00:37.190+0000] {standard_task_runner.py:63} INFO - Started process 28383 to run task
[2024-04-12T00:00:37.190+0000] {standard_task_runner.py:90} INFO - Running: ['***', 'tasks', 'run', 'Process_W3_Data', 'copyfact', 'scheduled__2024-04-11T00:00:00+00:00', '--job-id', '213', '--raw', '--subdir', 'DAGS_FOLDER/w3c.py', '--cfg-path', '/tmp/tmpdme55nwj']
[2024-04-12T00:00:37.195+0000] {standard_task_runner.py:91} INFO - Job 213: Subtask copyfact
[2024-04-12T00:00:37.262+0000] {task_command.py:426} INFO - Running <TaskInstance: Process_W3_Data.copyfact scheduled__2024-04-11T00:00:00+00:00 [running]> on host 426f0b9f9d71
[2024-04-12T00:00:37.393+0000] {taskinstance.py:2644} INFO - Exporting env vars: AIRFLOW_CTX_DAG_OWNER='***' AIRFLOW_CTX_DAG_ID='Process_W3_Data' AIRFLOW_CTX_TASK_ID='copyfact' AIRFLOW_CTX_EXECUTION_DATE='2024-04-11T00:00:00+00:00' AIRFLOW_CTX_TRY_NUMBER='1' AIRFLOW_CTX_DAG_RUN_ID='scheduled__2024-04-11T00:00:00+00:00'
[2024-04-12T00:00:37.396+0000] {taskinstance.py:430} INFO - ::endgroup::
[2024-04-12T00:00:37.397+0000] {subprocess.py:63} INFO - Tmp dir root location: /tmp
[2024-04-12T00:00:37.398+0000] {subprocess.py:75} INFO - Running command: ['/usr/bin/bash', '-c', 'cp /opt/***/data/Staging/OutFact1.txt /opt/***/data/StarSchema/OutFact1.txt']
[2024-04-12T00:00:37.442+0000] {subprocess.py:86} INFO - Output:
[2024-04-12T00:00:37.592+0000] {subprocess.py:97} INFO - Command exited with return code 0
[2024-04-12T00:00:37.593+0000] {taskinstance.py:441} INFO - ::group::Post task execution logs
[2024-04-12T00:00:37.648+0000] {taskinstance.py:1205} INFO - Marking task as SUCCESS. dag_id=Process_W3_Data, task_id=copyfact, execution_date=20240411T000000, start_date=20240412T000037, end_date=20240412T000037
[2024-04-12T00:00:37.727+0000] {local_task_job_runner.py:240} INFO - Task exited with return code 0
[2024-04-12T00:00:37.805+0000] {taskinstance.py:3482} INFO - 1 downstream tasks scheduled from follow-on schedule check
[2024-04-12T00:00:37.811+0000] {local_task_job_runner.py:222} INFO - ::endgroup::
