[2024-04-11T00:00:36.083+0000] {local_task_job_runner.py:120} INFO - ::group::Pre task execution logs
[2024-04-11T00:00:36.124+0000] {taskinstance.py:2073} INFO - Dependencies all met for dep_context=non-requeueable deps ti=<TaskInstance: Process_W3_Data.IPTable scheduled__2024-04-10T00:00:00+00:00 [queued]>
[2024-04-11T00:00:36.137+0000] {taskinstance.py:2073} INFO - Dependencies all met for dep_context=requeueable deps ti=<TaskInstance: Process_W3_Data.IPTable scheduled__2024-04-10T00:00:00+00:00 [queued]>
[2024-04-11T00:00:36.137+0000] {taskinstance.py:2303} INFO - Starting attempt 1 of 1
[2024-04-11T00:00:36.167+0000] {taskinstance.py:2327} INFO - Executing <Task(PythonOperator): IPTable> on 2024-04-10 00:00:00+00:00
[2024-04-11T00:00:36.179+0000] {warnings.py:110} WARNING - /home/***/.local/lib/python3.12/site-packages/***/task/task_runner/standard_task_runner.py:61: DeprecationWarning: This process (pid=9650) is multi-threaded, use of fork() may lead to deadlocks in the child.
  pid = os.fork()

[2024-04-11T00:00:36.182+0000] {standard_task_runner.py:63} INFO - Started process 9654 to run task
[2024-04-11T00:00:36.190+0000] {standard_task_runner.py:90} INFO - Running: ['***', 'tasks', 'run', 'Process_W3_Data', 'IPTable', 'scheduled__2024-04-10T00:00:00+00:00', '--job-id', '32', '--raw', '--subdir', 'DAGS_FOLDER/w3c.py', '--cfg-path', '/tmp/tmpm14ohtyd']
[2024-04-11T00:00:36.196+0000] {standard_task_runner.py:91} INFO - Job 32: Subtask IPTable
[2024-04-11T00:00:36.286+0000] {task_command.py:426} INFO - Running <TaskInstance: Process_W3_Data.IPTable scheduled__2024-04-10T00:00:00+00:00 [running]> on host 426f0b9f9d71
[2024-04-11T00:00:36.462+0000] {taskinstance.py:2644} INFO - Exporting env vars: AIRFLOW_CTX_DAG_OWNER='***' AIRFLOW_CTX_DAG_ID='Process_W3_Data' AIRFLOW_CTX_TASK_ID='IPTable' AIRFLOW_CTX_EXECUTION_DATE='2024-04-10T00:00:00+00:00' AIRFLOW_CTX_TRY_NUMBER='1' AIRFLOW_CTX_DAG_RUN_ID='scheduled__2024-04-10T00:00:00+00:00'
[2024-04-11T00:00:36.465+0000] {taskinstance.py:430} INFO - ::endgroup::
[2024-04-11T00:00:36.470+0000] {logging_mixin.py:188} INFO - Dim IP Table Exists
[2024-04-11T00:00:36.471+0000] {python.py:237} INFO - Done. Returned value was: None
[2024-04-11T00:00:36.472+0000] {taskinstance.py:441} INFO - ::group::Post task execution logs
[2024-04-11T00:00:36.488+0000] {taskinstance.py:1205} INFO - Marking task as SUCCESS. dag_id=Process_W3_Data, task_id=IPTable, execution_date=20240410T000000, start_date=20240411T000036, end_date=20240411T000036
[2024-04-11T00:00:36.529+0000] {local_task_job_runner.py:240} INFO - Task exited with return code 0
[2024-04-11T00:00:36.574+0000] {taskinstance.py:3482} INFO - 0 downstream tasks scheduled from follow-on schedule check
[2024-04-11T00:00:36.580+0000] {local_task_job_runner.py:222} INFO - ::endgroup::
