[2024-04-12T15:58:07.188+0000] {local_task_job_runner.py:120} INFO - ::group::Pre task execution logs
[2024-04-12T15:58:07.338+0000] {taskinstance.py:2073} INFO - Dependencies all met for dep_context=non-requeueable deps ti=<TaskInstance: Process_W3_Data.BuildDimDate manual__2024-04-12T15:57:31.781886+00:00 [queued]>
[2024-04-12T15:58:07.397+0000] {taskinstance.py:2073} INFO - Dependencies all met for dep_context=requeueable deps ti=<TaskInstance: Process_W3_Data.BuildDimDate manual__2024-04-12T15:57:31.781886+00:00 [queued]>
[2024-04-12T15:58:07.398+0000] {taskinstance.py:2303} INFO - Starting attempt 1 of 1
[2024-04-12T15:58:07.485+0000] {taskinstance.py:2327} INFO - Executing <Task(PythonOperator): BuildDimDate> on 2024-04-12 15:57:31.781886+00:00
[2024-04-12T15:58:07.554+0000] {warnings.py:110} WARNING - /home/***/.local/lib/python3.12/site-packages/***/task/task_runner/standard_task_runner.py:61: DeprecationWarning: This process (pid=40399) is multi-threaded, use of fork() may lead to deadlocks in the child.
  pid = os.fork()

[2024-04-12T15:58:07.573+0000] {standard_task_runner.py:63} INFO - Started process 40403 to run task
[2024-04-12T15:58:07.578+0000] {standard_task_runner.py:90} INFO - Running: ['***', 'tasks', 'run', 'Process_W3_Data', 'BuildDimDate', 'manual__2024-04-12T15:57:31.781886+00:00', '--job-id', '233', '--raw', '--subdir', 'DAGS_FOLDER/w3c.py', '--cfg-path', '/tmp/tmp63ag0qin']
[2024-04-12T15:58:07.611+0000] {standard_task_runner.py:91} INFO - Job 233: Subtask BuildDimDate
[2024-04-12T15:58:07.885+0000] {task_command.py:426} INFO - Running <TaskInstance: Process_W3_Data.BuildDimDate manual__2024-04-12T15:57:31.781886+00:00 [running]> on host 426f0b9f9d71
[2024-04-12T15:58:08.357+0000] {taskinstance.py:2644} INFO - Exporting env vars: AIRFLOW_CTX_DAG_OWNER='***' AIRFLOW_CTX_DAG_ID='Process_W3_Data' AIRFLOW_CTX_TASK_ID='BuildDimDate' AIRFLOW_CTX_EXECUTION_DATE='2024-04-12T15:57:31.781886+00:00' AIRFLOW_CTX_TRY_NUMBER='1' AIRFLOW_CTX_DAG_RUN_ID='manual__2024-04-12T15:57:31.781886+00:00'
[2024-04-12T15:58:08.364+0000] {taskinstance.py:430} INFO - ::endgroup::
[2024-04-12T15:58:08.366+0000] {logging_mixin.py:188} INFO - 2009-10-24
[2024-04-12T15:58:08.372+0000] {logging_mixin.py:188} INFO - 2009-10-25
[2024-04-12T15:58:08.373+0000] {logging_mixin.py:188} INFO - 2009-11-02
[2024-04-12T15:58:08.373+0000] {logging_mixin.py:188} INFO - 2009-11-03
[2024-04-12T15:58:08.374+0000] {logging_mixin.py:188} INFO - 2009-11-06
[2024-04-12T15:58:08.374+0000] {logging_mixin.py:188} INFO - 2009-11-20
[2024-04-12T15:58:08.375+0000] {logging_mixin.py:188} INFO - 2009-11-23
[2024-04-12T15:58:08.375+0000] {logging_mixin.py:188} INFO - 2009-11-30
[2024-04-12T15:58:08.376+0000] {logging_mixin.py:188} INFO - 2009-12-07
[2024-04-12T15:58:08.376+0000] {logging_mixin.py:188} INFO - 2009-12-11
[2024-04-12T15:58:08.377+0000] {logging_mixin.py:188} INFO - 2009-12-13
[2024-04-12T15:58:08.400+0000] {logging_mixin.py:188} INFO - 2010-01-04
[2024-04-12T15:58:08.401+0000] {logging_mixin.py:188} INFO - 2010-01-05
[2024-04-12T15:58:08.401+0000] {logging_mixin.py:188} INFO - 2010-01-06
[2024-04-12T15:58:08.418+0000] {logging_mixin.py:188} INFO - 2010-01-12
[2024-04-12T15:58:08.419+0000] {logging_mixin.py:188} INFO - 2010-01-13
[2024-04-12T15:58:08.419+0000] {logging_mixin.py:188} INFO - 2010-01-17
[2024-04-12T15:58:08.420+0000] {logging_mixin.py:188} INFO - 2010-01-31
[2024-04-12T15:58:08.420+0000] {logging_mixin.py:188} INFO - 2010-02-04
[2024-04-12T15:58:08.435+0000] {logging_mixin.py:188} INFO - 2010-02-05
[2024-04-12T15:58:08.436+0000] {logging_mixin.py:188} INFO - 2010-02-21
[2024-04-12T15:58:08.436+0000] {logging_mixin.py:188} INFO - 2010-03-02
[2024-04-12T15:58:08.437+0000] {logging_mixin.py:188} INFO - 2010-03-04
[2024-04-12T15:58:08.437+0000] {logging_mixin.py:188} INFO - 2010-03-07
[2024-04-12T15:58:08.438+0000] {logging_mixin.py:188} INFO - 2010-03-09
[2024-04-12T15:58:08.438+0000] {logging_mixin.py:188} INFO - 2010-03-14
[2024-04-12T15:58:08.443+0000] {logging_mixin.py:188} INFO - 2010-03-15
[2024-04-12T15:58:08.444+0000] {logging_mixin.py:188} INFO - 2010-03-22
[2024-04-12T15:58:08.444+0000] {logging_mixin.py:188} INFO - 2010-04-06
[2024-04-12T15:58:08.445+0000] {logging_mixin.py:188} INFO - 2010-04-19
[2024-04-12T15:58:08.445+0000] {logging_mixin.py:188} INFO - 2010-04-22
[2024-04-12T15:58:08.446+0000] {logging_mixin.py:188} INFO - 2010-04-23
[2024-04-12T15:58:08.446+0000] {logging_mixin.py:188} INFO - 2010-04-24
[2024-04-12T15:58:08.446+0000] {logging_mixin.py:188} INFO - 2010-04-25
[2024-04-12T15:58:08.447+0000] {logging_mixin.py:188} INFO - 2010-04-30
[2024-04-12T15:58:08.456+0000] {logging_mixin.py:188} INFO - 2010-05-19
[2024-04-12T15:58:08.471+0000] {logging_mixin.py:188} INFO - 2010-05-20
[2024-04-12T15:58:08.471+0000] {logging_mixin.py:188} INFO - 2010-05-26
[2024-04-12T15:58:08.472+0000] {logging_mixin.py:188} INFO - 2010-05-28
[2024-04-12T15:58:08.472+0000] {logging_mixin.py:188} INFO - 2010-06-12
[2024-04-12T15:58:08.473+0000] {logging_mixin.py:188} INFO - 2010-06-15
[2024-04-12T15:58:08.473+0000] {logging_mixin.py:188} INFO - 2010-06-19
[2024-04-12T15:58:08.473+0000] {logging_mixin.py:188} INFO - 2010-06-22
[2024-04-12T15:58:08.474+0000] {logging_mixin.py:188} INFO - 2010-06-26
[2024-04-12T15:58:08.474+0000] {logging_mixin.py:188} INFO - 2010-06-28
[2024-04-12T15:58:08.475+0000] {logging_mixin.py:188} INFO - 2010-06-29
[2024-04-12T15:58:08.493+0000] {logging_mixin.py:188} INFO - 2010-06-30
[2024-04-12T15:58:08.494+0000] {logging_mixin.py:188} INFO - 2010-07-05
[2024-04-12T15:58:08.494+0000] {logging_mixin.py:188} INFO - 2010-07-08
[2024-04-12T15:58:08.495+0000] {logging_mixin.py:188} INFO - 2010-07-14
[2024-04-12T15:58:08.495+0000] {logging_mixin.py:188} INFO - 2010-10-31
[2024-04-12T15:58:08.496+0000] {logging_mixin.py:188} INFO - Date
[2024-04-12T15:58:08.496+0000] {logging_mixin.py:188} INFO - Error with Date
[2024-04-12T15:58:08.497+0000] {python.py:237} INFO - Done. Returned value was: None
[2024-04-12T15:58:08.498+0000] {taskinstance.py:441} INFO - ::group::Post task execution logs
[2024-04-12T15:58:08.552+0000] {taskinstance.py:1205} INFO - Marking task as SUCCESS. dag_id=Process_W3_Data, task_id=BuildDimDate, execution_date=20240412T155731, start_date=20240412T155807, end_date=20240412T155808
[2024-04-12T15:58:08.664+0000] {local_task_job_runner.py:240} INFO - Task exited with return code 0
[2024-04-12T15:58:08.978+0000] {taskinstance.py:3482} INFO - 0 downstream tasks scheduled from follow-on schedule check
[2024-04-12T15:58:08.985+0000] {local_task_job_runner.py:222} INFO - ::endgroup::
