[2024-04-13T00:00:06.615+0000] {local_task_job_runner.py:120} INFO - ::group::Pre task execution logs
[2024-04-13T00:00:06.658+0000] {taskinstance.py:2073} INFO - Dependencies all met for dep_context=non-requeueable deps ti=<TaskInstance: Process_W3_Data.RemoveHash scheduled__2024-04-12T00:00:00+00:00 [queued]>
[2024-04-13T00:00:06.671+0000] {taskinstance.py:2073} INFO - Dependencies all met for dep_context=requeueable deps ti=<TaskInstance: Process_W3_Data.RemoveHash scheduled__2024-04-12T00:00:00+00:00 [queued]>
[2024-04-13T00:00:06.672+0000] {taskinstance.py:2303} INFO - Starting attempt 1 of 1
[2024-04-13T00:00:06.699+0000] {taskinstance.py:2327} INFO - Executing <Task(PythonOperator): RemoveHash> on 2024-04-12 00:00:00+00:00
[2024-04-13T00:00:06.713+0000] {warnings.py:110} WARNING - /home/***/.local/lib/python3.12/site-packages/***/task/task_runner/standard_task_runner.py:61: DeprecationWarning: This process (pid=46504) is multi-threaded, use of fork() may lead to deadlocks in the child.
  pid = os.fork()

[2024-04-13T00:00:06.716+0000] {standard_task_runner.py:63} INFO - Started process 46513 to run task
[2024-04-13T00:00:06.723+0000] {standard_task_runner.py:90} INFO - Running: ['***', 'tasks', 'run', 'Process_W3_Data', 'RemoveHash', 'scheduled__2024-04-12T00:00:00+00:00', '--job-id', '249', '--raw', '--subdir', 'DAGS_FOLDER/w3c.py', '--cfg-path', '/tmp/tmpzwg98mwn']
[2024-04-13T00:00:06.728+0000] {standard_task_runner.py:91} INFO - Job 249: Subtask RemoveHash
[2024-04-13T00:00:06.823+0000] {task_command.py:426} INFO - Running <TaskInstance: Process_W3_Data.RemoveHash scheduled__2024-04-12T00:00:00+00:00 [running]> on host 426f0b9f9d71
[2024-04-13T00:00:06.997+0000] {taskinstance.py:2644} INFO - Exporting env vars: AIRFLOW_CTX_DAG_OWNER='***' AIRFLOW_CTX_DAG_ID='Process_W3_Data' AIRFLOW_CTX_TASK_ID='RemoveHash' AIRFLOW_CTX_EXECUTION_DATE='2024-04-12T00:00:00+00:00' AIRFLOW_CTX_TRY_NUMBER='1' AIRFLOW_CTX_DAG_RUN_ID='scheduled__2024-04-12T00:00:00+00:00'
[2024-04-13T00:00:07.001+0000] {taskinstance.py:430} INFO - ::endgroup::
[2024-04-13T00:00:07.002+0000] {w3c.py:157} WARNING - Starting List Filesu_ex101031.log,u_ex110411.log,u_ex100626.log,u_ex100105.log,u_ex091103.log,u_ex110510.log,u_ex100708.log,u_ex100315.log,u_ex110306.log,u_ex100528.log,u_ex100204.log,u_ex110218.log,u_ex100104.log,u_ex110209.log,u_ex100916.log,u_ex100520.log,u_ex101126.log,u_ex100205.log,u_ex110405.log,u_ex110212.log,u_ex100430.log,u_ex100830.log,u_ex110130.log,u_ex100526.log,u_ex091207.log,u_ex100923.log,u_ex110119.log,u_ex110424.log,u_ex100619.log,u_ex100714.log,u_ex100106.log,u_ex091024.log,u_ex101020.log,u_ex110205.log,u_ex100809.log,u_ex091106.log,u_ex091211.log,u_ex100322.log,u_ex100117.log,u_ex101225.log,u_ex100424.log,u_ex091102.log,u_ex091123.log,u_ex100629.log,u_ex100612.log,u_ex100912.log,u_ex101215.log,u_ex100131.log,u_ex101223.log,u_ex110427.log,u_ex101008.log,u_ex100423.log,u_ex100808.log,u_ex100519.log,u_ex091213.log,u_ex101202.log,u_ex100718.log,u_ex100314.log,u_ex100425.log,u_ex100304.log,u_ex100419.log,u_ex101023.log,u_ex101025.log,u_ex101101.log,u_ex100906.log,u_ex101113.log,u_ex100924.log,u_ex101118.log,u_ex091130.log,u_ex100309.log,u_ex100725.log,u_ex091025.log,u_ex100307.log,u_ex110516.log,u_ex100628.log,u_ex100406.log,u_ex100221.log,u_ex100113.log,u_ex101212.log,u_ex100302.log,u_ex100630.log,u_ex100615.log,u_ex091120.log,u_ex110504.log,u_ex100622.log,u_ex100801.log,u_ex110407.log,u_ex100926.log,u_ex100422.log,u_ex101111.log,u_ex100705.log,u_ex100112.log,u_ex101027.log
[2024-04-13T00:00:07.005+0000] {w3c.py:160} WARNING - calling Clean u_ex101031.log
[2024-04-13T00:00:07.005+0000] {logging_mixin.py:188} INFO - Cleaning  u_ex101031.log
[2024-04-13T00:00:07.006+0000] {w3c.py:117} WARNING - Cleaning u_ex101031.log
[2024-04-13T00:00:07.006+0000] {logging_mixin.py:188} INFO - sort -u /opt/***/data/Staging/DimIP.txt > /opt/***/data/Staging/DimIPUniq.txt
[2024-04-13T00:00:07.013+0000] {w3c.py:160} WARNING - calling Clean u_ex110411.log
[2024-04-13T00:00:07.014+0000] {logging_mixin.py:188} INFO - Cleaning  u_ex110411.log
[2024-04-13T00:00:07.014+0000] {w3c.py:117} WARNING - Cleaning u_ex110411.log
[2024-04-13T00:00:07.014+0000] {logging_mixin.py:188} INFO - sort -u /opt/***/data/Staging/DimIP.txt > /opt/***/data/Staging/DimIPUniq.txt
[2024-04-13T00:00:07.029+0000] {w3c.py:160} WARNING - calling Clean u_ex100626.log
[2024-04-13T00:00:07.030+0000] {logging_mixin.py:188} INFO - Cleaning  u_ex100626.log
[2024-04-13T00:00:07.030+0000] {w3c.py:117} WARNING - Cleaning u_ex100626.log
[2024-04-13T00:00:07.031+0000] {logging_mixin.py:188} INFO - sort -u /opt/***/data/Staging/DimIP.txt > /opt/***/data/Staging/DimIPUniq.txt
[2024-04-13T00:00:07.035+0000] {w3c.py:160} WARNING - calling Clean u_ex100105.log
[2024-04-13T00:00:07.036+0000] {logging_mixin.py:188} INFO - Cleaning  u_ex100105.log
[2024-04-13T00:00:07.036+0000] {w3c.py:117} WARNING - Cleaning u_ex100105.log
[2024-04-13T00:00:07.037+0000] {logging_mixin.py:188} INFO - sort -u /opt/***/data/Staging/DimIP.txt > /opt/***/data/Staging/DimIPUniq.txt
[2024-04-13T00:00:07.044+0000] {w3c.py:160} WARNING - calling Clean u_ex091103.log
[2024-04-13T00:00:07.044+0000] {logging_mixin.py:188} INFO - Cleaning  u_ex091103.log
[2024-04-13T00:00:07.045+0000] {w3c.py:117} WARNING - Cleaning u_ex091103.log
[2024-04-13T00:00:07.045+0000] {logging_mixin.py:188} INFO - sort -u /opt/***/data/Staging/DimIP.txt > /opt/***/data/Staging/DimIPUniq.txt
[2024-04-13T00:00:07.062+0000] {w3c.py:160} WARNING - calling Clean u_ex110510.log
[2024-04-13T00:00:07.063+0000] {logging_mixin.py:188} INFO - Cleaning  u_ex110510.log
[2024-04-13T00:00:07.064+0000] {w3c.py:117} WARNING - Cleaning u_ex110510.log
[2024-04-13T00:00:07.065+0000] {logging_mixin.py:188} INFO - sort -u /opt/***/data/Staging/DimIP.txt > /opt/***/data/Staging/DimIPUniq.txt
[2024-04-13T00:00:07.083+0000] {w3c.py:160} WARNING - calling Clean u_ex100708.log
[2024-04-13T00:00:07.083+0000] {logging_mixin.py:188} INFO - Cleaning  u_ex100708.log
[2024-04-13T00:00:07.084+0000] {w3c.py:117} WARNING - Cleaning u_ex100708.log
[2024-04-13T00:00:07.084+0000] {logging_mixin.py:188} INFO - sort -u /opt/***/data/Staging/DimIP.txt > /opt/***/data/Staging/DimIPUniq.txt
[2024-04-13T00:00:07.091+0000] {w3c.py:160} WARNING - calling Clean u_ex100315.log
[2024-04-13T00:00:07.092+0000] {logging_mixin.py:188} INFO - Cleaning  u_ex100315.log
[2024-04-13T00:00:07.092+0000] {w3c.py:117} WARNING - Cleaning u_ex100315.log
[2024-04-13T00:00:07.092+0000] {logging_mixin.py:188} INFO - sort -u /opt/***/data/Staging/DimIP.txt > /opt/***/data/Staging/DimIPUniq.txt
[2024-04-13T00:00:07.107+0000] {w3c.py:160} WARNING - calling Clean u_ex110306.log
[2024-04-13T00:00:07.107+0000] {logging_mixin.py:188} INFO - Cleaning  u_ex110306.log
[2024-04-13T00:00:07.108+0000] {w3c.py:117} WARNING - Cleaning u_ex110306.log
[2024-04-13T00:00:07.108+0000] {logging_mixin.py:188} INFO - sort -u /opt/***/data/Staging/DimIP.txt > /opt/***/data/Staging/DimIPUniq.txt
[2024-04-13T00:00:07.115+0000] {w3c.py:160} WARNING - calling Clean u_ex100528.log
[2024-04-13T00:00:07.116+0000] {logging_mixin.py:188} INFO - Cleaning  u_ex100528.log
[2024-04-13T00:00:07.116+0000] {w3c.py:117} WARNING - Cleaning u_ex100528.log
[2024-04-13T00:00:07.116+0000] {logging_mixin.py:188} INFO - sort -u /opt/***/data/Staging/DimIP.txt > /opt/***/data/Staging/DimIPUniq.txt
[2024-04-13T00:00:07.123+0000] {w3c.py:160} WARNING - calling Clean u_ex100204.log
[2024-04-13T00:00:07.124+0000] {logging_mixin.py:188} INFO - Cleaning  u_ex100204.log
[2024-04-13T00:00:07.124+0000] {w3c.py:117} WARNING - Cleaning u_ex100204.log
[2024-04-13T00:00:07.124+0000] {logging_mixin.py:188} INFO - sort -u /opt/***/data/Staging/DimIP.txt > /opt/***/data/Staging/DimIPUniq.txt
[2024-04-13T00:00:07.136+0000] {w3c.py:160} WARNING - calling Clean u_ex110218.log
[2024-04-13T00:00:07.137+0000] {logging_mixin.py:188} INFO - Cleaning  u_ex110218.log
[2024-04-13T00:00:07.137+0000] {w3c.py:117} WARNING - Cleaning u_ex110218.log
[2024-04-13T00:00:07.137+0000] {logging_mixin.py:188} INFO - sort -u /opt/***/data/Staging/DimIP.txt > /opt/***/data/Staging/DimIPUniq.txt
[2024-04-13T00:00:07.149+0000] {w3c.py:160} WARNING - calling Clean u_ex100104.log
[2024-04-13T00:00:07.150+0000] {logging_mixin.py:188} INFO - Cleaning  u_ex100104.log
[2024-04-13T00:00:07.150+0000] {w3c.py:117} WARNING - Cleaning u_ex100104.log
[2024-04-13T00:00:07.150+0000] {logging_mixin.py:188} INFO - sort -u /opt/***/data/Staging/DimIP.txt > /opt/***/data/Staging/DimIPUniq.txt
[2024-04-13T00:00:07.157+0000] {w3c.py:160} WARNING - calling Clean u_ex110209.log
[2024-04-13T00:00:07.157+0000] {logging_mixin.py:188} INFO - Cleaning  u_ex110209.log
[2024-04-13T00:00:07.158+0000] {w3c.py:117} WARNING - Cleaning u_ex110209.log
[2024-04-13T00:00:07.158+0000] {logging_mixin.py:188} INFO - sort -u /opt/***/data/Staging/DimIP.txt > /opt/***/data/Staging/DimIPUniq.txt
[2024-04-13T00:00:07.173+0000] {w3c.py:160} WARNING - calling Clean u_ex100916.log
[2024-04-13T00:00:07.174+0000] {logging_mixin.py:188} INFO - Cleaning  u_ex100916.log
[2024-04-13T00:00:07.174+0000] {w3c.py:117} WARNING - Cleaning u_ex100916.log
[2024-04-13T00:00:07.174+0000] {logging_mixin.py:188} INFO - sort -u /opt/***/data/Staging/DimIP.txt > /opt/***/data/Staging/DimIPUniq.txt
[2024-04-13T00:00:07.185+0000] {w3c.py:160} WARNING - calling Clean u_ex100520.log
[2024-04-13T00:00:07.185+0000] {logging_mixin.py:188} INFO - Cleaning  u_ex100520.log
[2024-04-13T00:00:07.186+0000] {w3c.py:117} WARNING - Cleaning u_ex100520.log
[2024-04-13T00:00:07.186+0000] {logging_mixin.py:188} INFO - sort -u /opt/***/data/Staging/DimIP.txt > /opt/***/data/Staging/DimIPUniq.txt
[2024-04-13T00:00:07.191+0000] {w3c.py:160} WARNING - calling Clean u_ex101126.log
[2024-04-13T00:00:07.191+0000] {logging_mixin.py:188} INFO - Cleaning  u_ex101126.log
[2024-04-13T00:00:07.192+0000] {w3c.py:117} WARNING - Cleaning u_ex101126.log
[2024-04-13T00:00:07.192+0000] {logging_mixin.py:188} INFO - sort -u /opt/***/data/Staging/DimIP.txt > /opt/***/data/Staging/DimIPUniq.txt
[2024-04-13T00:00:07.205+0000] {w3c.py:160} WARNING - calling Clean u_ex100205.log
[2024-04-13T00:00:07.205+0000] {logging_mixin.py:188} INFO - Cleaning  u_ex100205.log
[2024-04-13T00:00:07.206+0000] {w3c.py:117} WARNING - Cleaning u_ex100205.log
[2024-04-13T00:00:07.206+0000] {logging_mixin.py:188} INFO - sort -u /opt/***/data/Staging/DimIP.txt > /opt/***/data/Staging/DimIPUniq.txt
[2024-04-13T00:00:07.210+0000] {w3c.py:160} WARNING - calling Clean u_ex110405.log
[2024-04-13T00:00:07.210+0000] {logging_mixin.py:188} INFO - Cleaning  u_ex110405.log
[2024-04-13T00:00:07.210+0000] {w3c.py:117} WARNING - Cleaning u_ex110405.log
[2024-04-13T00:00:07.211+0000] {logging_mixin.py:188} INFO - sort -u /opt/***/data/Staging/DimIP.txt > /opt/***/data/Staging/DimIPUniq.txt
[2024-04-13T00:00:07.223+0000] {w3c.py:160} WARNING - calling Clean u_ex110212.log
[2024-04-13T00:00:07.224+0000] {logging_mixin.py:188} INFO - Cleaning  u_ex110212.log
[2024-04-13T00:00:07.224+0000] {w3c.py:117} WARNING - Cleaning u_ex110212.log
[2024-04-13T00:00:07.224+0000] {logging_mixin.py:188} INFO - sort -u /opt/***/data/Staging/DimIP.txt > /opt/***/data/Staging/DimIPUniq.txt
[2024-04-13T00:00:07.242+0000] {w3c.py:160} WARNING - calling Clean u_ex100430.log
[2024-04-13T00:00:07.242+0000] {logging_mixin.py:188} INFO - Cleaning  u_ex100430.log
[2024-04-13T00:00:07.243+0000] {w3c.py:117} WARNING - Cleaning u_ex100430.log
[2024-04-13T00:00:07.252+0000] {logging_mixin.py:188} INFO - sort -u /opt/***/data/Staging/DimIP.txt > /opt/***/data/Staging/DimIPUniq.txt
[2024-04-13T00:00:07.261+0000] {w3c.py:160} WARNING - calling Clean u_ex100830.log
[2024-04-13T00:00:07.261+0000] {logging_mixin.py:188} INFO - Cleaning  u_ex100830.log
[2024-04-13T00:00:07.262+0000] {w3c.py:117} WARNING - Cleaning u_ex100830.log
[2024-04-13T00:00:07.262+0000] {logging_mixin.py:188} INFO - sort -u /opt/***/data/Staging/DimIP.txt > /opt/***/data/Staging/DimIPUniq.txt
[2024-04-13T00:00:07.268+0000] {w3c.py:160} WARNING - calling Clean u_ex110130.log
[2024-04-13T00:00:07.268+0000] {logging_mixin.py:188} INFO - Cleaning  u_ex110130.log
[2024-04-13T00:00:07.269+0000] {w3c.py:117} WARNING - Cleaning u_ex110130.log
[2024-04-13T00:00:07.269+0000] {logging_mixin.py:188} INFO - sort -u /opt/***/data/Staging/DimIP.txt > /opt/***/data/Staging/DimIPUniq.txt
[2024-04-13T00:00:07.274+0000] {w3c.py:160} WARNING - calling Clean u_ex100526.log
[2024-04-13T00:00:07.275+0000] {logging_mixin.py:188} INFO - Cleaning  u_ex100526.log
[2024-04-13T00:00:07.275+0000] {w3c.py:117} WARNING - Cleaning u_ex100526.log
[2024-04-13T00:00:07.276+0000] {logging_mixin.py:188} INFO - sort -u /opt/***/data/Staging/DimIP.txt > /opt/***/data/Staging/DimIPUniq.txt
[2024-04-13T00:00:07.282+0000] {w3c.py:160} WARNING - calling Clean u_ex091207.log
[2024-04-13T00:00:07.282+0000] {logging_mixin.py:188} INFO - Cleaning  u_ex091207.log
[2024-04-13T00:00:07.282+0000] {w3c.py:117} WARNING - Cleaning u_ex091207.log
[2024-04-13T00:00:07.283+0000] {logging_mixin.py:188} INFO - sort -u /opt/***/data/Staging/DimIP.txt > /opt/***/data/Staging/DimIPUniq.txt
[2024-04-13T00:00:07.296+0000] {w3c.py:160} WARNING - calling Clean u_ex100923.log
[2024-04-13T00:00:07.296+0000] {logging_mixin.py:188} INFO - Cleaning  u_ex100923.log
[2024-04-13T00:00:07.297+0000] {w3c.py:117} WARNING - Cleaning u_ex100923.log
[2024-04-13T00:00:07.297+0000] {logging_mixin.py:188} INFO - sort -u /opt/***/data/Staging/DimIP.txt > /opt/***/data/Staging/DimIPUniq.txt
[2024-04-13T00:00:07.309+0000] {w3c.py:160} WARNING - calling Clean u_ex110119.log
[2024-04-13T00:00:07.309+0000] {logging_mixin.py:188} INFO - Cleaning  u_ex110119.log
[2024-04-13T00:00:07.310+0000] {w3c.py:117} WARNING - Cleaning u_ex110119.log
[2024-04-13T00:00:07.310+0000] {logging_mixin.py:188} INFO - sort -u /opt/***/data/Staging/DimIP.txt > /opt/***/data/Staging/DimIPUniq.txt
[2024-04-13T00:00:07.320+0000] {w3c.py:160} WARNING - calling Clean u_ex110424.log
[2024-04-13T00:00:07.321+0000] {logging_mixin.py:188} INFO - Cleaning  u_ex110424.log
[2024-04-13T00:00:07.321+0000] {w3c.py:117} WARNING - Cleaning u_ex110424.log
[2024-04-13T00:00:07.321+0000] {logging_mixin.py:188} INFO - sort -u /opt/***/data/Staging/DimIP.txt > /opt/***/data/Staging/DimIPUniq.txt
[2024-04-13T00:00:07.328+0000] {w3c.py:160} WARNING - calling Clean u_ex100619.log
[2024-04-13T00:00:07.328+0000] {logging_mixin.py:188} INFO - Cleaning  u_ex100619.log
[2024-04-13T00:00:07.328+0000] {w3c.py:117} WARNING - Cleaning u_ex100619.log
[2024-04-13T00:00:07.329+0000] {logging_mixin.py:188} INFO - sort -u /opt/***/data/Staging/DimIP.txt > /opt/***/data/Staging/DimIPUniq.txt
[2024-04-13T00:00:07.332+0000] {w3c.py:160} WARNING - calling Clean u_ex100714.log
[2024-04-13T00:00:07.333+0000] {logging_mixin.py:188} INFO - Cleaning  u_ex100714.log
[2024-04-13T00:00:07.333+0000] {w3c.py:117} WARNING - Cleaning u_ex100714.log
[2024-04-13T00:00:07.333+0000] {logging_mixin.py:188} INFO - sort -u /opt/***/data/Staging/DimIP.txt > /opt/***/data/Staging/DimIPUniq.txt
[2024-04-13T00:00:07.337+0000] {w3c.py:160} WARNING - calling Clean u_ex100106.log
[2024-04-13T00:00:07.337+0000] {logging_mixin.py:188} INFO - Cleaning  u_ex100106.log
[2024-04-13T00:00:07.337+0000] {w3c.py:117} WARNING - Cleaning u_ex100106.log
[2024-04-13T00:00:07.338+0000] {logging_mixin.py:188} INFO - sort -u /opt/***/data/Staging/DimIP.txt > /opt/***/data/Staging/DimIPUniq.txt
[2024-04-13T00:00:07.351+0000] {w3c.py:160} WARNING - calling Clean u_ex091024.log
[2024-04-13T00:00:07.351+0000] {logging_mixin.py:188} INFO - Cleaning  u_ex091024.log
[2024-04-13T00:00:07.352+0000] {w3c.py:117} WARNING - Cleaning u_ex091024.log
[2024-04-13T00:00:07.352+0000] {logging_mixin.py:188} INFO - sort -u /opt/***/data/Staging/DimIP.txt > /opt/***/data/Staging/DimIPUniq.txt
[2024-04-13T00:00:07.353+0000] {w3c.py:160} WARNING - calling Clean u_ex101020.log
[2024-04-13T00:00:07.353+0000] {logging_mixin.py:188} INFO - Cleaning  u_ex101020.log
[2024-04-13T00:00:07.353+0000] {w3c.py:117} WARNING - Cleaning u_ex101020.log
[2024-04-13T00:00:07.354+0000] {logging_mixin.py:188} INFO - sort -u /opt/***/data/Staging/DimIP.txt > /opt/***/data/Staging/DimIPUniq.txt
[2024-04-13T00:00:07.362+0000] {w3c.py:160} WARNING - calling Clean u_ex110205.log
[2024-04-13T00:00:07.363+0000] {logging_mixin.py:188} INFO - Cleaning  u_ex110205.log
[2024-04-13T00:00:07.363+0000] {w3c.py:117} WARNING - Cleaning u_ex110205.log
[2024-04-13T00:00:07.364+0000] {logging_mixin.py:188} INFO - sort -u /opt/***/data/Staging/DimIP.txt > /opt/***/data/Staging/DimIPUniq.txt
[2024-04-13T00:00:07.370+0000] {w3c.py:160} WARNING - calling Clean u_ex100809.log
[2024-04-13T00:00:07.371+0000] {logging_mixin.py:188} INFO - Cleaning  u_ex100809.log
[2024-04-13T00:00:07.371+0000] {w3c.py:117} WARNING - Cleaning u_ex100809.log
[2024-04-13T00:00:07.371+0000] {logging_mixin.py:188} INFO - sort -u /opt/***/data/Staging/DimIP.txt > /opt/***/data/Staging/DimIPUniq.txt
[2024-04-13T00:00:07.386+0000] {w3c.py:160} WARNING - calling Clean u_ex091106.log
[2024-04-13T00:00:07.386+0000] {logging_mixin.py:188} INFO - Cleaning  u_ex091106.log
[2024-04-13T00:00:07.387+0000] {w3c.py:117} WARNING - Cleaning u_ex091106.log
[2024-04-13T00:00:07.387+0000] {logging_mixin.py:188} INFO - sort -u /opt/***/data/Staging/DimIP.txt > /opt/***/data/Staging/DimIPUniq.txt
[2024-04-13T00:00:07.389+0000] {w3c.py:160} WARNING - calling Clean u_ex091211.log
[2024-04-13T00:00:07.391+0000] {logging_mixin.py:188} INFO - Cleaning  u_ex091211.log
[2024-04-13T00:00:07.391+0000] {w3c.py:117} WARNING - Cleaning u_ex091211.log
[2024-04-13T00:00:07.391+0000] {logging_mixin.py:188} INFO - sort -u /opt/***/data/Staging/DimIP.txt > /opt/***/data/Staging/DimIPUniq.txt
[2024-04-13T00:00:07.396+0000] {w3c.py:160} WARNING - calling Clean u_ex100322.log
[2024-04-13T00:00:07.397+0000] {logging_mixin.py:188} INFO - Cleaning  u_ex100322.log
[2024-04-13T00:00:07.398+0000] {w3c.py:117} WARNING - Cleaning u_ex100322.log
[2024-04-13T00:00:07.398+0000] {logging_mixin.py:188} INFO - sort -u /opt/***/data/Staging/DimIP.txt > /opt/***/data/Staging/DimIPUniq.txt
[2024-04-13T00:00:07.406+0000] {w3c.py:160} WARNING - calling Clean u_ex100117.log
[2024-04-13T00:00:07.407+0000] {logging_mixin.py:188} INFO - Cleaning  u_ex100117.log
[2024-04-13T00:00:07.407+0000] {w3c.py:117} WARNING - Cleaning u_ex100117.log
[2024-04-13T00:00:07.408+0000] {logging_mixin.py:188} INFO - sort -u /opt/***/data/Staging/DimIP.txt > /opt/***/data/Staging/DimIPUniq.txt
[2024-04-13T00:00:07.424+0000] {w3c.py:160} WARNING - calling Clean u_ex101225.log
[2024-04-13T00:00:07.424+0000] {logging_mixin.py:188} INFO - Cleaning  u_ex101225.log
[2024-04-13T00:00:07.425+0000] {w3c.py:117} WARNING - Cleaning u_ex101225.log
[2024-04-13T00:00:07.427+0000] {logging_mixin.py:188} INFO - sort -u /opt/***/data/Staging/DimIP.txt > /opt/***/data/Staging/DimIPUniq.txt
[2024-04-13T00:00:07.434+0000] {w3c.py:160} WARNING - calling Clean u_ex100424.log
[2024-04-13T00:00:07.435+0000] {logging_mixin.py:188} INFO - Cleaning  u_ex100424.log
[2024-04-13T00:00:07.435+0000] {w3c.py:117} WARNING - Cleaning u_ex100424.log
[2024-04-13T00:00:07.436+0000] {logging_mixin.py:188} INFO - sort -u /opt/***/data/Staging/DimIP.txt > /opt/***/data/Staging/DimIPUniq.txt
[2024-04-13T00:00:07.440+0000] {w3c.py:160} WARNING - calling Clean u_ex091102.log
[2024-04-13T00:00:07.444+0000] {logging_mixin.py:188} INFO - Cleaning  u_ex091102.log
[2024-04-13T00:00:07.445+0000] {w3c.py:117} WARNING - Cleaning u_ex091102.log
[2024-04-13T00:00:07.445+0000] {logging_mixin.py:188} INFO - sort -u /opt/***/data/Staging/DimIP.txt > /opt/***/data/Staging/DimIPUniq.txt
[2024-04-13T00:00:07.462+0000] {w3c.py:160} WARNING - calling Clean u_ex091123.log
[2024-04-13T00:00:07.462+0000] {logging_mixin.py:188} INFO - Cleaning  u_ex091123.log
[2024-04-13T00:00:07.462+0000] {w3c.py:117} WARNING - Cleaning u_ex091123.log
[2024-04-13T00:00:07.463+0000] {logging_mixin.py:188} INFO - sort -u /opt/***/data/Staging/DimIP.txt > /opt/***/data/Staging/DimIPUniq.txt
[2024-04-13T00:00:07.472+0000] {w3c.py:160} WARNING - calling Clean u_ex100629.log
[2024-04-13T00:00:07.472+0000] {logging_mixin.py:188} INFO - Cleaning  u_ex100629.log
[2024-04-13T00:00:07.472+0000] {w3c.py:117} WARNING - Cleaning u_ex100629.log
[2024-04-13T00:00:07.473+0000] {logging_mixin.py:188} INFO - sort -u /opt/***/data/Staging/DimIP.txt > /opt/***/data/Staging/DimIPUniq.txt
[2024-04-13T00:00:07.478+0000] {w3c.py:160} WARNING - calling Clean u_ex100612.log
[2024-04-13T00:00:07.478+0000] {logging_mixin.py:188} INFO - Cleaning  u_ex100612.log
[2024-04-13T00:00:07.478+0000] {w3c.py:117} WARNING - Cleaning u_ex100612.log
[2024-04-13T00:00:07.479+0000] {logging_mixin.py:188} INFO - sort -u /opt/***/data/Staging/DimIP.txt > /opt/***/data/Staging/DimIPUniq.txt
[2024-04-13T00:00:07.483+0000] {w3c.py:160} WARNING - calling Clean u_ex100912.log
[2024-04-13T00:00:07.483+0000] {logging_mixin.py:188} INFO - Cleaning  u_ex100912.log
[2024-04-13T00:00:07.484+0000] {w3c.py:117} WARNING - Cleaning u_ex100912.log
[2024-04-13T00:00:07.484+0000] {logging_mixin.py:188} INFO - sort -u /opt/***/data/Staging/DimIP.txt > /opt/***/data/Staging/DimIPUniq.txt
[2024-04-13T00:00:07.492+0000] {w3c.py:160} WARNING - calling Clean u_ex101215.log
[2024-04-13T00:00:07.492+0000] {logging_mixin.py:188} INFO - Cleaning  u_ex101215.log
[2024-04-13T00:00:07.493+0000] {w3c.py:117} WARNING - Cleaning u_ex101215.log
[2024-04-13T00:00:07.493+0000] {logging_mixin.py:188} INFO - sort -u /opt/***/data/Staging/DimIP.txt > /opt/***/data/Staging/DimIPUniq.txt
[2024-04-13T00:00:07.501+0000] {w3c.py:160} WARNING - calling Clean u_ex100131.log
[2024-04-13T00:00:07.502+0000] {logging_mixin.py:188} INFO - Cleaning  u_ex100131.log
[2024-04-13T00:00:07.502+0000] {w3c.py:117} WARNING - Cleaning u_ex100131.log
[2024-04-13T00:00:07.502+0000] {logging_mixin.py:188} INFO - sort -u /opt/***/data/Staging/DimIP.txt > /opt/***/data/Staging/DimIPUniq.txt
[2024-04-13T00:00:07.509+0000] {w3c.py:160} WARNING - calling Clean u_ex101223.log
[2024-04-13T00:00:07.509+0000] {logging_mixin.py:188} INFO - Cleaning  u_ex101223.log
[2024-04-13T00:00:07.509+0000] {w3c.py:117} WARNING - Cleaning u_ex101223.log
[2024-04-13T00:00:07.510+0000] {logging_mixin.py:188} INFO - sort -u /opt/***/data/Staging/DimIP.txt > /opt/***/data/Staging/DimIPUniq.txt
[2024-04-13T00:00:07.517+0000] {w3c.py:160} WARNING - calling Clean u_ex110427.log
[2024-04-13T00:00:07.517+0000] {logging_mixin.py:188} INFO - Cleaning  u_ex110427.log
[2024-04-13T00:00:07.517+0000] {w3c.py:117} WARNING - Cleaning u_ex110427.log
[2024-04-13T00:00:07.518+0000] {logging_mixin.py:188} INFO - sort -u /opt/***/data/Staging/DimIP.txt > /opt/***/data/Staging/DimIPUniq.txt
[2024-04-13T00:00:07.529+0000] {w3c.py:160} WARNING - calling Clean u_ex101008.log
[2024-04-13T00:00:07.530+0000] {logging_mixin.py:188} INFO - Cleaning  u_ex101008.log
[2024-04-13T00:00:07.530+0000] {w3c.py:117} WARNING - Cleaning u_ex101008.log
[2024-04-13T00:00:07.531+0000] {logging_mixin.py:188} INFO - sort -u /opt/***/data/Staging/DimIP.txt > /opt/***/data/Staging/DimIPUniq.txt
[2024-04-13T00:00:07.544+0000] {w3c.py:160} WARNING - calling Clean u_ex100423.log
[2024-04-13T00:00:07.545+0000] {logging_mixin.py:188} INFO - Cleaning  u_ex100423.log
[2024-04-13T00:00:07.545+0000] {w3c.py:117} WARNING - Cleaning u_ex100423.log
[2024-04-13T00:00:07.545+0000] {logging_mixin.py:188} INFO - sort -u /opt/***/data/Staging/DimIP.txt > /opt/***/data/Staging/DimIPUniq.txt
[2024-04-13T00:00:07.554+0000] {w3c.py:160} WARNING - calling Clean u_ex100808.log
[2024-04-13T00:00:07.555+0000] {logging_mixin.py:188} INFO - Cleaning  u_ex100808.log
[2024-04-13T00:00:07.555+0000] {w3c.py:117} WARNING - Cleaning u_ex100808.log
[2024-04-13T00:00:07.556+0000] {logging_mixin.py:188} INFO - sort -u /opt/***/data/Staging/DimIP.txt > /opt/***/data/Staging/DimIPUniq.txt
[2024-04-13T00:00:07.560+0000] {w3c.py:160} WARNING - calling Clean u_ex100519.log
[2024-04-13T00:00:07.560+0000] {logging_mixin.py:188} INFO - Cleaning  u_ex100519.log
[2024-04-13T00:00:07.561+0000] {w3c.py:117} WARNING - Cleaning u_ex100519.log
[2024-04-13T00:00:07.561+0000] {logging_mixin.py:188} INFO - sort -u /opt/***/data/Staging/DimIP.txt > /opt/***/data/Staging/DimIPUniq.txt
[2024-04-13T00:00:07.568+0000] {w3c.py:160} WARNING - calling Clean u_ex091213.log
[2024-04-13T00:00:07.568+0000] {logging_mixin.py:188} INFO - Cleaning  u_ex091213.log
[2024-04-13T00:00:07.569+0000] {w3c.py:117} WARNING - Cleaning u_ex091213.log
[2024-04-13T00:00:07.569+0000] {logging_mixin.py:188} INFO - sort -u /opt/***/data/Staging/DimIP.txt > /opt/***/data/Staging/DimIPUniq.txt
[2024-04-13T00:00:07.575+0000] {w3c.py:160} WARNING - calling Clean u_ex101202.log
[2024-04-13T00:00:07.576+0000] {logging_mixin.py:188} INFO - Cleaning  u_ex101202.log
[2024-04-13T00:00:07.576+0000] {w3c.py:117} WARNING - Cleaning u_ex101202.log
[2024-04-13T00:00:07.576+0000] {logging_mixin.py:188} INFO - sort -u /opt/***/data/Staging/DimIP.txt > /opt/***/data/Staging/DimIPUniq.txt
[2024-04-13T00:00:07.581+0000] {w3c.py:160} WARNING - calling Clean u_ex100718.log
[2024-04-13T00:00:07.582+0000] {logging_mixin.py:188} INFO - Cleaning  u_ex100718.log
[2024-04-13T00:00:07.582+0000] {w3c.py:117} WARNING - Cleaning u_ex100718.log
[2024-04-13T00:00:07.582+0000] {logging_mixin.py:188} INFO - sort -u /opt/***/data/Staging/DimIP.txt > /opt/***/data/Staging/DimIPUniq.txt
[2024-04-13T00:00:07.595+0000] {w3c.py:160} WARNING - calling Clean u_ex100314.log
[2024-04-13T00:00:07.596+0000] {logging_mixin.py:188} INFO - Cleaning  u_ex100314.log
[2024-04-13T00:00:07.596+0000] {w3c.py:117} WARNING - Cleaning u_ex100314.log
[2024-04-13T00:00:07.596+0000] {logging_mixin.py:188} INFO - sort -u /opt/***/data/Staging/DimIP.txt > /opt/***/data/Staging/DimIPUniq.txt
[2024-04-13T00:00:07.605+0000] {w3c.py:160} WARNING - calling Clean u_ex100425.log
[2024-04-13T00:00:07.605+0000] {logging_mixin.py:188} INFO - Cleaning  u_ex100425.log
[2024-04-13T00:00:07.606+0000] {w3c.py:117} WARNING - Cleaning u_ex100425.log
[2024-04-13T00:00:07.606+0000] {logging_mixin.py:188} INFO - sort -u /opt/***/data/Staging/DimIP.txt > /opt/***/data/Staging/DimIPUniq.txt
[2024-04-13T00:00:07.613+0000] {w3c.py:160} WARNING - calling Clean u_ex100304.log
[2024-04-13T00:00:07.614+0000] {logging_mixin.py:188} INFO - Cleaning  u_ex100304.log
[2024-04-13T00:00:07.614+0000] {w3c.py:117} WARNING - Cleaning u_ex100304.log
[2024-04-13T00:00:07.614+0000] {logging_mixin.py:188} INFO - sort -u /opt/***/data/Staging/DimIP.txt > /opt/***/data/Staging/DimIPUniq.txt
[2024-04-13T00:00:07.622+0000] {w3c.py:160} WARNING - calling Clean u_ex100419.log
[2024-04-13T00:00:07.622+0000] {logging_mixin.py:188} INFO - Cleaning  u_ex100419.log
[2024-04-13T00:00:07.622+0000] {w3c.py:117} WARNING - Cleaning u_ex100419.log
[2024-04-13T00:00:07.623+0000] {logging_mixin.py:188} INFO - sort -u /opt/***/data/Staging/DimIP.txt > /opt/***/data/Staging/DimIPUniq.txt
[2024-04-13T00:00:07.631+0000] {w3c.py:160} WARNING - calling Clean u_ex101023.log
[2024-04-13T00:00:07.631+0000] {logging_mixin.py:188} INFO - Cleaning  u_ex101023.log
[2024-04-13T00:00:07.631+0000] {w3c.py:117} WARNING - Cleaning u_ex101023.log
[2024-04-13T00:00:07.632+0000] {logging_mixin.py:188} INFO - sort -u /opt/***/data/Staging/DimIP.txt > /opt/***/data/Staging/DimIPUniq.txt
[2024-04-13T00:00:07.642+0000] {w3c.py:160} WARNING - calling Clean u_ex101025.log
[2024-04-13T00:00:07.642+0000] {logging_mixin.py:188} INFO - Cleaning  u_ex101025.log
[2024-04-13T00:00:07.643+0000] {w3c.py:117} WARNING - Cleaning u_ex101025.log
[2024-04-13T00:00:07.643+0000] {logging_mixin.py:188} INFO - sort -u /opt/***/data/Staging/DimIP.txt > /opt/***/data/Staging/DimIPUniq.txt
[2024-04-13T00:00:07.653+0000] {w3c.py:160} WARNING - calling Clean u_ex101101.log
[2024-04-13T00:00:07.654+0000] {logging_mixin.py:188} INFO - Cleaning  u_ex101101.log
[2024-04-13T00:00:07.654+0000] {w3c.py:117} WARNING - Cleaning u_ex101101.log
[2024-04-13T00:00:07.654+0000] {logging_mixin.py:188} INFO - sort -u /opt/***/data/Staging/DimIP.txt > /opt/***/data/Staging/DimIPUniq.txt
[2024-04-13T00:00:07.667+0000] {w3c.py:160} WARNING - calling Clean u_ex100906.log
[2024-04-13T00:00:07.668+0000] {logging_mixin.py:188} INFO - Cleaning  u_ex100906.log
[2024-04-13T00:00:07.668+0000] {w3c.py:117} WARNING - Cleaning u_ex100906.log
[2024-04-13T00:00:07.668+0000] {logging_mixin.py:188} INFO - sort -u /opt/***/data/Staging/DimIP.txt > /opt/***/data/Staging/DimIPUniq.txt
[2024-04-13T00:00:07.673+0000] {w3c.py:160} WARNING - calling Clean u_ex101113.log
[2024-04-13T00:00:07.673+0000] {logging_mixin.py:188} INFO - Cleaning  u_ex101113.log
[2024-04-13T00:00:07.674+0000] {w3c.py:117} WARNING - Cleaning u_ex101113.log
[2024-04-13T00:00:07.674+0000] {logging_mixin.py:188} INFO - sort -u /opt/***/data/Staging/DimIP.txt > /opt/***/data/Staging/DimIPUniq.txt
[2024-04-13T00:00:07.682+0000] {w3c.py:160} WARNING - calling Clean u_ex100924.log
[2024-04-13T00:00:07.682+0000] {logging_mixin.py:188} INFO - Cleaning  u_ex100924.log
[2024-04-13T00:00:07.682+0000] {w3c.py:117} WARNING - Cleaning u_ex100924.log
[2024-04-13T00:00:07.683+0000] {logging_mixin.py:188} INFO - sort -u /opt/***/data/Staging/DimIP.txt > /opt/***/data/Staging/DimIPUniq.txt
[2024-04-13T00:00:07.690+0000] {w3c.py:160} WARNING - calling Clean u_ex101118.log
[2024-04-13T00:00:07.690+0000] {logging_mixin.py:188} INFO - Cleaning  u_ex101118.log
[2024-04-13T00:00:07.691+0000] {w3c.py:117} WARNING - Cleaning u_ex101118.log
[2024-04-13T00:00:07.691+0000] {logging_mixin.py:188} INFO - sort -u /opt/***/data/Staging/DimIP.txt > /opt/***/data/Staging/DimIPUniq.txt
[2024-04-13T00:00:07.698+0000] {w3c.py:160} WARNING - calling Clean u_ex091130.log
[2024-04-13T00:00:07.699+0000] {logging_mixin.py:188} INFO - Cleaning  u_ex091130.log
[2024-04-13T00:00:07.699+0000] {w3c.py:117} WARNING - Cleaning u_ex091130.log
[2024-04-13T00:00:07.699+0000] {logging_mixin.py:188} INFO - sort -u /opt/***/data/Staging/DimIP.txt > /opt/***/data/Staging/DimIPUniq.txt
[2024-04-13T00:00:07.707+0000] {logging_mixin.py:188} INFO - Fault 26
[2024-04-13T00:00:07.713+0000] {logging_mixin.py:188} INFO - Fault 10
[2024-04-13T00:00:07.717+0000] {logging_mixin.py:188} INFO - Fault 6
[2024-04-13T00:00:07.718+0000] {w3c.py:160} WARNING - calling Clean u_ex100309.log
[2024-04-13T00:00:07.718+0000] {logging_mixin.py:188} INFO - Cleaning  u_ex100309.log
[2024-04-13T00:00:07.718+0000] {w3c.py:117} WARNING - Cleaning u_ex100309.log
[2024-04-13T00:00:07.719+0000] {logging_mixin.py:188} INFO - sort -u /opt/***/data/Staging/DimIP.txt > /opt/***/data/Staging/DimIPUniq.txt
[2024-04-13T00:00:07.726+0000] {w3c.py:160} WARNING - calling Clean u_ex100725.log
[2024-04-13T00:00:07.726+0000] {logging_mixin.py:188} INFO - Cleaning  u_ex100725.log
[2024-04-13T00:00:07.726+0000] {w3c.py:117} WARNING - Cleaning u_ex100725.log
[2024-04-13T00:00:07.727+0000] {logging_mixin.py:188} INFO - sort -u /opt/***/data/Staging/DimIP.txt > /opt/***/data/Staging/DimIPUniq.txt
[2024-04-13T00:00:07.734+0000] {w3c.py:160} WARNING - calling Clean u_ex091025.log
[2024-04-13T00:00:07.735+0000] {logging_mixin.py:188} INFO - Cleaning  u_ex091025.log
[2024-04-13T00:00:07.735+0000] {w3c.py:117} WARNING - Cleaning u_ex091025.log
[2024-04-13T00:00:07.735+0000] {logging_mixin.py:188} INFO - sort -u /opt/***/data/Staging/DimIP.txt > /opt/***/data/Staging/DimIPUniq.txt
[2024-04-13T00:00:07.736+0000] {w3c.py:160} WARNING - calling Clean u_ex100307.log
[2024-04-13T00:00:07.737+0000] {logging_mixin.py:188} INFO - Cleaning  u_ex100307.log
[2024-04-13T00:00:07.737+0000] {w3c.py:117} WARNING - Cleaning u_ex100307.log
[2024-04-13T00:00:07.737+0000] {logging_mixin.py:188} INFO - sort -u /opt/***/data/Staging/DimIP.txt > /opt/***/data/Staging/DimIPUniq.txt
[2024-04-13T00:00:07.742+0000] {w3c.py:160} WARNING - calling Clean u_ex110516.log
[2024-04-13T00:00:07.743+0000] {logging_mixin.py:188} INFO - Cleaning  u_ex110516.log
[2024-04-13T00:00:07.743+0000] {w3c.py:117} WARNING - Cleaning u_ex110516.log
[2024-04-13T00:00:07.743+0000] {logging_mixin.py:188} INFO - sort -u /opt/***/data/Staging/DimIP.txt > /opt/***/data/Staging/DimIPUniq.txt
[2024-04-13T00:00:07.752+0000] {w3c.py:160} WARNING - calling Clean u_ex100628.log
[2024-04-13T00:00:07.752+0000] {logging_mixin.py:188} INFO - Cleaning  u_ex100628.log
[2024-04-13T00:00:07.753+0000] {w3c.py:117} WARNING - Cleaning u_ex100628.log
[2024-04-13T00:00:07.753+0000] {logging_mixin.py:188} INFO - sort -u /opt/***/data/Staging/DimIP.txt > /opt/***/data/Staging/DimIPUniq.txt
[2024-04-13T00:00:07.758+0000] {w3c.py:160} WARNING - calling Clean u_ex100406.log
[2024-04-13T00:00:07.759+0000] {logging_mixin.py:188} INFO - Cleaning  u_ex100406.log
[2024-04-13T00:00:07.759+0000] {w3c.py:117} WARNING - Cleaning u_ex100406.log
[2024-04-13T00:00:07.759+0000] {logging_mixin.py:188} INFO - sort -u /opt/***/data/Staging/DimIP.txt > /opt/***/data/Staging/DimIPUniq.txt
[2024-04-13T00:00:07.770+0000] {w3c.py:160} WARNING - calling Clean u_ex100221.log
[2024-04-13T00:00:07.771+0000] {logging_mixin.py:188} INFO - Cleaning  u_ex100221.log
[2024-04-13T00:00:07.771+0000] {w3c.py:117} WARNING - Cleaning u_ex100221.log
[2024-04-13T00:00:07.771+0000] {logging_mixin.py:188} INFO - sort -u /opt/***/data/Staging/DimIP.txt > /opt/***/data/Staging/DimIPUniq.txt
[2024-04-13T00:00:07.776+0000] {w3c.py:160} WARNING - calling Clean u_ex100113.log
[2024-04-13T00:00:07.777+0000] {logging_mixin.py:188} INFO - Cleaning  u_ex100113.log
[2024-04-13T00:00:07.777+0000] {w3c.py:117} WARNING - Cleaning u_ex100113.log
[2024-04-13T00:00:07.777+0000] {logging_mixin.py:188} INFO - sort -u /opt/***/data/Staging/DimIP.txt > /opt/***/data/Staging/DimIPUniq.txt
[2024-04-13T00:00:07.790+0000] {w3c.py:160} WARNING - calling Clean u_ex101212.log
[2024-04-13T00:00:07.790+0000] {logging_mixin.py:188} INFO - Cleaning  u_ex101212.log
[2024-04-13T00:00:07.791+0000] {w3c.py:117} WARNING - Cleaning u_ex101212.log
[2024-04-13T00:00:07.791+0000] {logging_mixin.py:188} INFO - sort -u /opt/***/data/Staging/DimIP.txt > /opt/***/data/Staging/DimIPUniq.txt
[2024-04-13T00:00:07.799+0000] {w3c.py:160} WARNING - calling Clean u_ex100302.log
[2024-04-13T00:00:07.799+0000] {logging_mixin.py:188} INFO - Cleaning  u_ex100302.log
[2024-04-13T00:00:07.799+0000] {w3c.py:117} WARNING - Cleaning u_ex100302.log
[2024-04-13T00:00:07.800+0000] {logging_mixin.py:188} INFO - sort -u /opt/***/data/Staging/DimIP.txt > /opt/***/data/Staging/DimIPUniq.txt
[2024-04-13T00:00:07.812+0000] {w3c.py:160} WARNING - calling Clean u_ex100630.log
[2024-04-13T00:00:07.813+0000] {logging_mixin.py:188} INFO - Cleaning  u_ex100630.log
[2024-04-13T00:00:07.813+0000] {w3c.py:117} WARNING - Cleaning u_ex100630.log
[2024-04-13T00:00:07.813+0000] {logging_mixin.py:188} INFO - sort -u /opt/***/data/Staging/DimIP.txt > /opt/***/data/Staging/DimIPUniq.txt
[2024-04-13T00:00:07.818+0000] {w3c.py:160} WARNING - calling Clean u_ex100615.log
[2024-04-13T00:00:07.818+0000] {logging_mixin.py:188} INFO - Cleaning  u_ex100615.log
[2024-04-13T00:00:07.819+0000] {w3c.py:117} WARNING - Cleaning u_ex100615.log
[2024-04-13T00:00:07.819+0000] {logging_mixin.py:188} INFO - sort -u /opt/***/data/Staging/DimIP.txt > /opt/***/data/Staging/DimIPUniq.txt
[2024-04-13T00:00:07.824+0000] {w3c.py:160} WARNING - calling Clean u_ex091120.log
[2024-04-13T00:00:07.824+0000] {logging_mixin.py:188} INFO - Cleaning  u_ex091120.log
[2024-04-13T00:00:07.825+0000] {w3c.py:117} WARNING - Cleaning u_ex091120.log
[2024-04-13T00:00:07.825+0000] {logging_mixin.py:188} INFO - sort -u /opt/***/data/Staging/DimIP.txt > /opt/***/data/Staging/DimIPUniq.txt
[2024-04-13T00:00:07.830+0000] {w3c.py:160} WARNING - calling Clean u_ex110504.log
[2024-04-13T00:00:07.830+0000] {logging_mixin.py:188} INFO - Cleaning  u_ex110504.log
[2024-04-13T00:00:07.830+0000] {w3c.py:117} WARNING - Cleaning u_ex110504.log
[2024-04-13T00:00:07.831+0000] {logging_mixin.py:188} INFO - sort -u /opt/***/data/Staging/DimIP.txt > /opt/***/data/Staging/DimIPUniq.txt
[2024-04-13T00:00:07.839+0000] {w3c.py:160} WARNING - calling Clean u_ex100622.log
[2024-04-13T00:00:07.840+0000] {logging_mixin.py:188} INFO - Cleaning  u_ex100622.log
[2024-04-13T00:00:07.841+0000] {w3c.py:117} WARNING - Cleaning u_ex100622.log
[2024-04-13T00:00:07.841+0000] {logging_mixin.py:188} INFO - sort -u /opt/***/data/Staging/DimIP.txt > /opt/***/data/Staging/DimIPUniq.txt
[2024-04-13T00:00:07.848+0000] {w3c.py:160} WARNING - calling Clean u_ex100801.log
[2024-04-13T00:00:07.849+0000] {logging_mixin.py:188} INFO - Cleaning  u_ex100801.log
[2024-04-13T00:00:07.849+0000] {w3c.py:117} WARNING - Cleaning u_ex100801.log
[2024-04-13T00:00:07.849+0000] {logging_mixin.py:188} INFO - sort -u /opt/***/data/Staging/DimIP.txt > /opt/***/data/Staging/DimIPUniq.txt
[2024-04-13T00:00:07.854+0000] {w3c.py:160} WARNING - calling Clean u_ex110407.log
[2024-04-13T00:00:07.855+0000] {logging_mixin.py:188} INFO - Cleaning  u_ex110407.log
[2024-04-13T00:00:07.855+0000] {w3c.py:117} WARNING - Cleaning u_ex110407.log
[2024-04-13T00:00:07.855+0000] {logging_mixin.py:188} INFO - sort -u /opt/***/data/Staging/DimIP.txt > /opt/***/data/Staging/DimIPUniq.txt
[2024-04-13T00:00:07.866+0000] {w3c.py:160} WARNING - calling Clean u_ex100926.log
[2024-04-13T00:00:07.866+0000] {logging_mixin.py:188} INFO - Cleaning  u_ex100926.log
[2024-04-13T00:00:07.867+0000] {w3c.py:117} WARNING - Cleaning u_ex100926.log
[2024-04-13T00:00:07.867+0000] {logging_mixin.py:188} INFO - sort -u /opt/***/data/Staging/DimIP.txt > /opt/***/data/Staging/DimIPUniq.txt
[2024-04-13T00:00:07.874+0000] {w3c.py:160} WARNING - calling Clean u_ex100422.log
[2024-04-13T00:00:07.874+0000] {logging_mixin.py:188} INFO - Cleaning  u_ex100422.log
[2024-04-13T00:00:07.875+0000] {w3c.py:117} WARNING - Cleaning u_ex100422.log
[2024-04-13T00:00:07.875+0000] {logging_mixin.py:188} INFO - sort -u /opt/***/data/Staging/DimIP.txt > /opt/***/data/Staging/DimIPUniq.txt
[2024-04-13T00:00:07.883+0000] {w3c.py:160} WARNING - calling Clean u_ex101111.log
[2024-04-13T00:00:07.884+0000] {logging_mixin.py:188} INFO - Cleaning  u_ex101111.log
[2024-04-13T00:00:07.884+0000] {w3c.py:117} WARNING - Cleaning u_ex101111.log
[2024-04-13T00:00:07.884+0000] {logging_mixin.py:188} INFO - sort -u /opt/***/data/Staging/DimIP.txt > /opt/***/data/Staging/DimIPUniq.txt
[2024-04-13T00:00:07.893+0000] {w3c.py:160} WARNING - calling Clean u_ex100705.log
[2024-04-13T00:00:07.893+0000] {logging_mixin.py:188} INFO - Cleaning  u_ex100705.log
[2024-04-13T00:00:07.893+0000] {w3c.py:117} WARNING - Cleaning u_ex100705.log
[2024-04-13T00:00:07.894+0000] {logging_mixin.py:188} INFO - sort -u /opt/***/data/Staging/DimIP.txt > /opt/***/data/Staging/DimIPUniq.txt
[2024-04-13T00:00:07.898+0000] {w3c.py:160} WARNING - calling Clean u_ex100112.log
[2024-04-13T00:00:07.899+0000] {logging_mixin.py:188} INFO - Cleaning  u_ex100112.log
[2024-04-13T00:00:07.899+0000] {w3c.py:117} WARNING - Cleaning u_ex100112.log
[2024-04-13T00:00:07.899+0000] {logging_mixin.py:188} INFO - sort -u /opt/***/data/Staging/DimIP.txt > /opt/***/data/Staging/DimIPUniq.txt
[2024-04-13T00:00:07.921+0000] {w3c.py:160} WARNING - calling Clean u_ex101027.log
[2024-04-13T00:00:07.921+0000] {logging_mixin.py:188} INFO - Cleaning  u_ex101027.log
[2024-04-13T00:00:07.922+0000] {w3c.py:117} WARNING - Cleaning u_ex101027.log
[2024-04-13T00:00:07.922+0000] {logging_mixin.py:188} INFO - sort -u /opt/***/data/Staging/DimIP.txt > /opt/***/data/Staging/DimIPUniq.txt
[2024-04-13T00:00:07.937+0000] {python.py:237} INFO - Done. Returned value was: None
[2024-04-13T00:00:07.938+0000] {taskinstance.py:441} INFO - ::group::Post task execution logs
[2024-04-13T00:00:07.955+0000] {taskinstance.py:1205} INFO - Marking task as SUCCESS. dag_id=Process_W3_Data, task_id=RemoveHash, execution_date=20240412T000000, start_date=20240413T000006, end_date=20240413T000007
[2024-04-13T00:00:08.023+0000] {local_task_job_runner.py:240} INFO - Task exited with return code 0
[2024-04-13T00:00:08.081+0000] {taskinstance.py:3482} INFO - 1 downstream tasks scheduled from follow-on schedule check
[2024-04-13T00:00:08.086+0000] {local_task_job_runner.py:222} INFO - ::endgroup::
