[2024-04-11T15:39:47.101+0000] {local_task_job_runner.py:120} INFO - ::group::Pre task execution logs
[2024-04-11T15:39:47.221+0000] {taskinstance.py:2073} INFO - Dependencies all met for dep_context=non-requeueable deps ti=<TaskInstance: Process_W3_Data.RemoveHash manual__2024-04-11T15:39:42.458503+00:00 [queued]>
[2024-04-11T15:39:47.254+0000] {taskinstance.py:2073} INFO - Dependencies all met for dep_context=requeueable deps ti=<TaskInstance: Process_W3_Data.RemoveHash manual__2024-04-11T15:39:42.458503+00:00 [queued]>
[2024-04-11T15:39:47.254+0000] {taskinstance.py:2303} INFO - Starting attempt 1 of 1
[2024-04-11T15:39:47.298+0000] {taskinstance.py:2327} INFO - Executing <Task(PythonOperator): RemoveHash> on 2024-04-11 15:39:42.458503+00:00
[2024-04-11T15:39:47.335+0000] {warnings.py:110} WARNING - /home/***/.local/lib/python3.12/site-packages/***/task/task_runner/standard_task_runner.py:61: DeprecationWarning: This process (pid=21649) is multi-threaded, use of fork() may lead to deadlocks in the child.
  pid = os.fork()

[2024-04-11T15:39:47.338+0000] {standard_task_runner.py:63} INFO - Started process 21653 to run task
[2024-04-11T15:39:47.358+0000] {standard_task_runner.py:90} INFO - Running: ['***', 'tasks', 'run', 'Process_W3_Data', 'RemoveHash', 'manual__2024-04-11T15:39:42.458503+00:00', '--job-id', '83', '--raw', '--subdir', 'DAGS_FOLDER/w3c.py', '--cfg-path', '/tmp/tmpu0msik26']
[2024-04-11T15:39:47.380+0000] {standard_task_runner.py:91} INFO - Job 83: Subtask RemoveHash
[2024-04-11T15:39:47.605+0000] {task_command.py:426} INFO - Running <TaskInstance: Process_W3_Data.RemoveHash manual__2024-04-11T15:39:42.458503+00:00 [running]> on host 426f0b9f9d71
[2024-04-11T15:39:47.944+0000] {taskinstance.py:2644} INFO - Exporting env vars: AIRFLOW_CTX_DAG_OWNER='***' AIRFLOW_CTX_DAG_ID='Process_W3_Data' AIRFLOW_CTX_TASK_ID='RemoveHash' AIRFLOW_CTX_EXECUTION_DATE='2024-04-11T15:39:42.458503+00:00' AIRFLOW_CTX_TRY_NUMBER='1' AIRFLOW_CTX_DAG_RUN_ID='manual__2024-04-11T15:39:42.458503+00:00'
[2024-04-11T15:39:47.948+0000] {taskinstance.py:430} INFO - ::endgroup::
[2024-04-11T15:39:47.949+0000] {w3c.py:128} WARNING - Starting List Filesu_ex101031.log,u_ex110411.log,u_ex100626.log,u_ex100105.log,u_ex091103.log,u_ex110510.log,u_ex100708.log,u_ex100315.log,u_ex110306.log,u_ex100528.log,u_ex100204.log,u_ex110218.log,u_ex100104.log,u_ex110209.log,u_ex100916.log,u_ex100520.log,u_ex101126.log,u_ex100205.log,u_ex110405.log,u_ex110212.log,u_ex100430.log,u_ex100830.log,u_ex110130.log,u_ex100526.log,u_ex091207.log,u_ex100923.log,u_ex110119.log,u_ex110424.log,u_ex100619.log,u_ex100714.log,u_ex100106.log,u_ex091024.log,u_ex101020.log,u_ex110205.log,u_ex100809.log,u_ex091106.log,u_ex091211.log,u_ex100322.log,u_ex100117.log,u_ex101225.log,u_ex100424.log,u_ex091102.log,u_ex091123.log,u_ex100629.log,u_ex100612.log,u_ex100912.log,u_ex101215.log,u_ex100131.log,u_ex101223.log,u_ex110427.log,u_ex101008.log,u_ex100423.log,u_ex100808.log,u_ex100519.log,u_ex091213.log,u_ex101202.log,u_ex100718.log,u_ex100314.log,u_ex100425.log,u_ex100304.log,u_ex100419.log,u_ex101023.log,u_ex101025.log,u_ex101101.log,u_ex100906.log,u_ex101113.log,u_ex100924.log,u_ex101118.log,u_ex091130.log,u_ex100309.log,u_ex100725.log,u_ex091025.log,u_ex100307.log,u_ex110516.log,u_ex100628.log,u_ex100406.log,u_ex100221.log,u_ex100113.log,u_ex101212.log,u_ex100302.log,u_ex100630.log,u_ex100615.log,u_ex091120.log,u_ex110504.log,u_ex100622.log,u_ex100801.log,u_ex110407.log,u_ex100926.log,u_ex100422.log,u_ex101111.log,u_ex100705.log,u_ex100112.log,u_ex101027.log
[2024-04-11T15:39:47.981+0000] {w3c.py:131} WARNING - calling Clean u_ex101031.log
[2024-04-11T15:39:47.982+0000] {logging_mixin.py:188} INFO - Cleaning  u_ex101031.log
[2024-04-11T15:39:47.982+0000] {w3c.py:88} WARNING - Cleaning u_ex101031.log
[2024-04-11T15:39:47.986+0000] {logging_mixin.py:188} INFO - sort -u /opt/***/data/Staging/DimIP.txt > /opt/***/data/Staging/DimIPUniq.txt
[2024-04-11T15:39:47.993+0000] {w3c.py:131} WARNING - calling Clean u_ex110411.log
[2024-04-11T15:39:47.993+0000] {logging_mixin.py:188} INFO - Cleaning  u_ex110411.log
[2024-04-11T15:39:47.994+0000] {w3c.py:88} WARNING - Cleaning u_ex110411.log
[2024-04-11T15:39:47.994+0000] {logging_mixin.py:188} INFO - sort -u /opt/***/data/Staging/DimIP.txt > /opt/***/data/Staging/DimIPUniq.txt
[2024-04-11T15:39:48.008+0000] {w3c.py:131} WARNING - calling Clean u_ex100626.log
[2024-04-11T15:39:48.008+0000] {logging_mixin.py:188} INFO - Cleaning  u_ex100626.log
[2024-04-11T15:39:48.009+0000] {w3c.py:88} WARNING - Cleaning u_ex100626.log
[2024-04-11T15:39:48.009+0000] {logging_mixin.py:188} INFO - sort -u /opt/***/data/Staging/DimIP.txt > /opt/***/data/Staging/DimIPUniq.txt
[2024-04-11T15:39:48.012+0000] {w3c.py:131} WARNING - calling Clean u_ex100105.log
[2024-04-11T15:39:48.013+0000] {logging_mixin.py:188} INFO - Cleaning  u_ex100105.log
[2024-04-11T15:39:48.013+0000] {w3c.py:88} WARNING - Cleaning u_ex100105.log
[2024-04-11T15:39:48.014+0000] {logging_mixin.py:188} INFO - sort -u /opt/***/data/Staging/DimIP.txt > /opt/***/data/Staging/DimIPUniq.txt
[2024-04-11T15:39:48.019+0000] {w3c.py:131} WARNING - calling Clean u_ex091103.log
[2024-04-11T15:39:48.019+0000] {logging_mixin.py:188} INFO - Cleaning  u_ex091103.log
[2024-04-11T15:39:48.020+0000] {w3c.py:88} WARNING - Cleaning u_ex091103.log
[2024-04-11T15:39:48.020+0000] {logging_mixin.py:188} INFO - sort -u /opt/***/data/Staging/DimIP.txt > /opt/***/data/Staging/DimIPUniq.txt
[2024-04-11T15:39:48.034+0000] {w3c.py:131} WARNING - calling Clean u_ex110510.log
[2024-04-11T15:39:48.035+0000] {logging_mixin.py:188} INFO - Cleaning  u_ex110510.log
[2024-04-11T15:39:48.035+0000] {w3c.py:88} WARNING - Cleaning u_ex110510.log
[2024-04-11T15:39:48.035+0000] {logging_mixin.py:188} INFO - sort -u /opt/***/data/Staging/DimIP.txt > /opt/***/data/Staging/DimIPUniq.txt
[2024-04-11T15:39:48.063+0000] {w3c.py:131} WARNING - calling Clean u_ex100708.log
[2024-04-11T15:39:48.064+0000] {logging_mixin.py:188} INFO - Cleaning  u_ex100708.log
[2024-04-11T15:39:48.065+0000] {w3c.py:88} WARNING - Cleaning u_ex100708.log
[2024-04-11T15:39:48.065+0000] {logging_mixin.py:188} INFO - sort -u /opt/***/data/Staging/DimIP.txt > /opt/***/data/Staging/DimIPUniq.txt
[2024-04-11T15:39:48.078+0000] {w3c.py:131} WARNING - calling Clean u_ex100315.log
[2024-04-11T15:39:48.078+0000] {logging_mixin.py:188} INFO - Cleaning  u_ex100315.log
[2024-04-11T15:39:48.078+0000] {w3c.py:88} WARNING - Cleaning u_ex100315.log
[2024-04-11T15:39:48.079+0000] {logging_mixin.py:188} INFO - sort -u /opt/***/data/Staging/DimIP.txt > /opt/***/data/Staging/DimIPUniq.txt
[2024-04-11T15:39:48.101+0000] {w3c.py:131} WARNING - calling Clean u_ex110306.log
[2024-04-11T15:39:48.101+0000] {logging_mixin.py:188} INFO - Cleaning  u_ex110306.log
[2024-04-11T15:39:48.102+0000] {w3c.py:88} WARNING - Cleaning u_ex110306.log
[2024-04-11T15:39:48.102+0000] {logging_mixin.py:188} INFO - sort -u /opt/***/data/Staging/DimIP.txt > /opt/***/data/Staging/DimIPUniq.txt
[2024-04-11T15:39:48.117+0000] {w3c.py:131} WARNING - calling Clean u_ex100528.log
[2024-04-11T15:39:48.117+0000] {logging_mixin.py:188} INFO - Cleaning  u_ex100528.log
[2024-04-11T15:39:48.118+0000] {w3c.py:88} WARNING - Cleaning u_ex100528.log
[2024-04-11T15:39:48.118+0000] {logging_mixin.py:188} INFO - sort -u /opt/***/data/Staging/DimIP.txt > /opt/***/data/Staging/DimIPUniq.txt
[2024-04-11T15:39:48.131+0000] {w3c.py:131} WARNING - calling Clean u_ex100204.log
[2024-04-11T15:39:48.132+0000] {logging_mixin.py:188} INFO - Cleaning  u_ex100204.log
[2024-04-11T15:39:48.132+0000] {w3c.py:88} WARNING - Cleaning u_ex100204.log
[2024-04-11T15:39:48.133+0000] {logging_mixin.py:188} INFO - sort -u /opt/***/data/Staging/DimIP.txt > /opt/***/data/Staging/DimIPUniq.txt
[2024-04-11T15:39:48.148+0000] {w3c.py:131} WARNING - calling Clean u_ex110218.log
[2024-04-11T15:39:48.148+0000] {logging_mixin.py:188} INFO - Cleaning  u_ex110218.log
[2024-04-11T15:39:48.149+0000] {w3c.py:88} WARNING - Cleaning u_ex110218.log
[2024-04-11T15:39:48.149+0000] {logging_mixin.py:188} INFO - sort -u /opt/***/data/Staging/DimIP.txt > /opt/***/data/Staging/DimIPUniq.txt
[2024-04-11T15:39:48.160+0000] {w3c.py:131} WARNING - calling Clean u_ex100104.log
[2024-04-11T15:39:48.161+0000] {logging_mixin.py:188} INFO - Cleaning  u_ex100104.log
[2024-04-11T15:39:48.161+0000] {w3c.py:88} WARNING - Cleaning u_ex100104.log
[2024-04-11T15:39:48.162+0000] {logging_mixin.py:188} INFO - sort -u /opt/***/data/Staging/DimIP.txt > /opt/***/data/Staging/DimIPUniq.txt
[2024-04-11T15:39:48.168+0000] {w3c.py:131} WARNING - calling Clean u_ex110209.log
[2024-04-11T15:39:48.168+0000] {logging_mixin.py:188} INFO - Cleaning  u_ex110209.log
[2024-04-11T15:39:48.169+0000] {w3c.py:88} WARNING - Cleaning u_ex110209.log
[2024-04-11T15:39:48.169+0000] {logging_mixin.py:188} INFO - sort -u /opt/***/data/Staging/DimIP.txt > /opt/***/data/Staging/DimIPUniq.txt
[2024-04-11T15:39:48.194+0000] {w3c.py:131} WARNING - calling Clean u_ex100916.log
[2024-04-11T15:39:48.195+0000] {logging_mixin.py:188} INFO - Cleaning  u_ex100916.log
[2024-04-11T15:39:48.195+0000] {w3c.py:88} WARNING - Cleaning u_ex100916.log
[2024-04-11T15:39:48.196+0000] {logging_mixin.py:188} INFO - sort -u /opt/***/data/Staging/DimIP.txt > /opt/***/data/Staging/DimIPUniq.txt
[2024-04-11T15:39:48.205+0000] {w3c.py:131} WARNING - calling Clean u_ex100520.log
[2024-04-11T15:39:48.205+0000] {logging_mixin.py:188} INFO - Cleaning  u_ex100520.log
[2024-04-11T15:39:48.206+0000] {w3c.py:88} WARNING - Cleaning u_ex100520.log
[2024-04-11T15:39:48.206+0000] {logging_mixin.py:188} INFO - sort -u /opt/***/data/Staging/DimIP.txt > /opt/***/data/Staging/DimIPUniq.txt
[2024-04-11T15:39:48.211+0000] {w3c.py:131} WARNING - calling Clean u_ex101126.log
[2024-04-11T15:39:48.211+0000] {logging_mixin.py:188} INFO - Cleaning  u_ex101126.log
[2024-04-11T15:39:48.212+0000] {w3c.py:88} WARNING - Cleaning u_ex101126.log
[2024-04-11T15:39:48.212+0000] {logging_mixin.py:188} INFO - sort -u /opt/***/data/Staging/DimIP.txt > /opt/***/data/Staging/DimIPUniq.txt
[2024-04-11T15:39:48.221+0000] {w3c.py:131} WARNING - calling Clean u_ex100205.log
[2024-04-11T15:39:48.222+0000] {logging_mixin.py:188} INFO - Cleaning  u_ex100205.log
[2024-04-11T15:39:48.222+0000] {w3c.py:88} WARNING - Cleaning u_ex100205.log
[2024-04-11T15:39:48.223+0000] {logging_mixin.py:188} INFO - sort -u /opt/***/data/Staging/DimIP.txt > /opt/***/data/Staging/DimIPUniq.txt
[2024-04-11T15:39:48.227+0000] {w3c.py:131} WARNING - calling Clean u_ex110405.log
[2024-04-11T15:39:48.227+0000] {logging_mixin.py:188} INFO - Cleaning  u_ex110405.log
[2024-04-11T15:39:48.228+0000] {w3c.py:88} WARNING - Cleaning u_ex110405.log
[2024-04-11T15:39:48.228+0000] {logging_mixin.py:188} INFO - sort -u /opt/***/data/Staging/DimIP.txt > /opt/***/data/Staging/DimIPUniq.txt
[2024-04-11T15:39:48.243+0000] {w3c.py:131} WARNING - calling Clean u_ex110212.log
[2024-04-11T15:39:48.244+0000] {logging_mixin.py:188} INFO - Cleaning  u_ex110212.log
[2024-04-11T15:39:48.244+0000] {w3c.py:88} WARNING - Cleaning u_ex110212.log
[2024-04-11T15:39:48.244+0000] {logging_mixin.py:188} INFO - sort -u /opt/***/data/Staging/DimIP.txt > /opt/***/data/Staging/DimIPUniq.txt
[2024-04-11T15:39:48.251+0000] {w3c.py:131} WARNING - calling Clean u_ex100430.log
[2024-04-11T15:39:48.251+0000] {logging_mixin.py:188} INFO - Cleaning  u_ex100430.log
[2024-04-11T15:39:48.252+0000] {w3c.py:88} WARNING - Cleaning u_ex100430.log
[2024-04-11T15:39:48.252+0000] {logging_mixin.py:188} INFO - sort -u /opt/***/data/Staging/DimIP.txt > /opt/***/data/Staging/DimIPUniq.txt
[2024-04-11T15:39:48.259+0000] {w3c.py:131} WARNING - calling Clean u_ex100830.log
[2024-04-11T15:39:48.259+0000] {logging_mixin.py:188} INFO - Cleaning  u_ex100830.log
[2024-04-11T15:39:48.260+0000] {w3c.py:88} WARNING - Cleaning u_ex100830.log
[2024-04-11T15:39:48.260+0000] {logging_mixin.py:188} INFO - sort -u /opt/***/data/Staging/DimIP.txt > /opt/***/data/Staging/DimIPUniq.txt
[2024-04-11T15:39:48.265+0000] {w3c.py:131} WARNING - calling Clean u_ex110130.log
[2024-04-11T15:39:48.266+0000] {logging_mixin.py:188} INFO - Cleaning  u_ex110130.log
[2024-04-11T15:39:48.266+0000] {w3c.py:88} WARNING - Cleaning u_ex110130.log
[2024-04-11T15:39:48.267+0000] {logging_mixin.py:188} INFO - sort -u /opt/***/data/Staging/DimIP.txt > /opt/***/data/Staging/DimIPUniq.txt
[2024-04-11T15:39:48.271+0000] {w3c.py:131} WARNING - calling Clean u_ex100526.log
[2024-04-11T15:39:48.271+0000] {logging_mixin.py:188} INFO - Cleaning  u_ex100526.log
[2024-04-11T15:39:48.272+0000] {w3c.py:88} WARNING - Cleaning u_ex100526.log
[2024-04-11T15:39:48.272+0000] {logging_mixin.py:188} INFO - sort -u /opt/***/data/Staging/DimIP.txt > /opt/***/data/Staging/DimIPUniq.txt
[2024-04-11T15:39:48.288+0000] {w3c.py:131} WARNING - calling Clean u_ex091207.log
[2024-04-11T15:39:48.289+0000] {logging_mixin.py:188} INFO - Cleaning  u_ex091207.log
[2024-04-11T15:39:48.289+0000] {w3c.py:88} WARNING - Cleaning u_ex091207.log
[2024-04-11T15:39:48.289+0000] {logging_mixin.py:188} INFO - sort -u /opt/***/data/Staging/DimIP.txt > /opt/***/data/Staging/DimIPUniq.txt
[2024-04-11T15:39:48.312+0000] {w3c.py:131} WARNING - calling Clean u_ex100923.log
[2024-04-11T15:39:48.312+0000] {logging_mixin.py:188} INFO - Cleaning  u_ex100923.log
[2024-04-11T15:39:48.313+0000] {w3c.py:88} WARNING - Cleaning u_ex100923.log
[2024-04-11T15:39:48.313+0000] {logging_mixin.py:188} INFO - sort -u /opt/***/data/Staging/DimIP.txt > /opt/***/data/Staging/DimIPUniq.txt
[2024-04-11T15:39:48.335+0000] {w3c.py:131} WARNING - calling Clean u_ex110119.log
[2024-04-11T15:39:48.335+0000] {logging_mixin.py:188} INFO - Cleaning  u_ex110119.log
[2024-04-11T15:39:48.336+0000] {w3c.py:88} WARNING - Cleaning u_ex110119.log
[2024-04-11T15:39:48.336+0000] {logging_mixin.py:188} INFO - sort -u /opt/***/data/Staging/DimIP.txt > /opt/***/data/Staging/DimIPUniq.txt
[2024-04-11T15:39:48.356+0000] {w3c.py:131} WARNING - calling Clean u_ex110424.log
[2024-04-11T15:39:48.356+0000] {logging_mixin.py:188} INFO - Cleaning  u_ex110424.log
[2024-04-11T15:39:48.357+0000] {w3c.py:88} WARNING - Cleaning u_ex110424.log
[2024-04-11T15:39:48.357+0000] {logging_mixin.py:188} INFO - sort -u /opt/***/data/Staging/DimIP.txt > /opt/***/data/Staging/DimIPUniq.txt
[2024-04-11T15:39:48.363+0000] {w3c.py:131} WARNING - calling Clean u_ex100619.log
[2024-04-11T15:39:48.383+0000] {logging_mixin.py:188} INFO - Cleaning  u_ex100619.log
[2024-04-11T15:39:48.384+0000] {w3c.py:88} WARNING - Cleaning u_ex100619.log
[2024-04-11T15:39:48.384+0000] {logging_mixin.py:188} INFO - sort -u /opt/***/data/Staging/DimIP.txt > /opt/***/data/Staging/DimIPUniq.txt
[2024-04-11T15:39:48.388+0000] {w3c.py:131} WARNING - calling Clean u_ex100714.log
[2024-04-11T15:39:48.389+0000] {logging_mixin.py:188} INFO - Cleaning  u_ex100714.log
[2024-04-11T15:39:48.389+0000] {w3c.py:88} WARNING - Cleaning u_ex100714.log
[2024-04-11T15:39:48.389+0000] {logging_mixin.py:188} INFO - sort -u /opt/***/data/Staging/DimIP.txt > /opt/***/data/Staging/DimIPUniq.txt
[2024-04-11T15:39:48.397+0000] {w3c.py:131} WARNING - calling Clean u_ex100106.log
[2024-04-11T15:39:48.397+0000] {logging_mixin.py:188} INFO - Cleaning  u_ex100106.log
[2024-04-11T15:39:48.397+0000] {w3c.py:88} WARNING - Cleaning u_ex100106.log
[2024-04-11T15:39:48.398+0000] {logging_mixin.py:188} INFO - sort -u /opt/***/data/Staging/DimIP.txt > /opt/***/data/Staging/DimIPUniq.txt
[2024-04-11T15:39:48.427+0000] {w3c.py:131} WARNING - calling Clean u_ex091024.log
[2024-04-11T15:39:48.428+0000] {logging_mixin.py:188} INFO - Cleaning  u_ex091024.log
[2024-04-11T15:39:48.428+0000] {w3c.py:88} WARNING - Cleaning u_ex091024.log
[2024-04-11T15:39:48.429+0000] {logging_mixin.py:188} INFO - sort -u /opt/***/data/Staging/DimIP.txt > /opt/***/data/Staging/DimIPUniq.txt
[2024-04-11T15:39:48.430+0000] {w3c.py:131} WARNING - calling Clean u_ex101020.log
[2024-04-11T15:39:48.430+0000] {logging_mixin.py:188} INFO - Cleaning  u_ex101020.log
[2024-04-11T15:39:48.431+0000] {w3c.py:88} WARNING - Cleaning u_ex101020.log
[2024-04-11T15:39:48.431+0000] {logging_mixin.py:188} INFO - sort -u /opt/***/data/Staging/DimIP.txt > /opt/***/data/Staging/DimIPUniq.txt
[2024-04-11T15:39:48.439+0000] {w3c.py:131} WARNING - calling Clean u_ex110205.log
[2024-04-11T15:39:48.445+0000] {logging_mixin.py:188} INFO - Cleaning  u_ex110205.log
[2024-04-11T15:39:48.446+0000] {w3c.py:88} WARNING - Cleaning u_ex110205.log
[2024-04-11T15:39:48.447+0000] {logging_mixin.py:188} INFO - sort -u /opt/***/data/Staging/DimIP.txt > /opt/***/data/Staging/DimIPUniq.txt
[2024-04-11T15:39:48.454+0000] {w3c.py:131} WARNING - calling Clean u_ex100809.log
[2024-04-11T15:39:48.455+0000] {logging_mixin.py:188} INFO - Cleaning  u_ex100809.log
[2024-04-11T15:39:48.455+0000] {w3c.py:88} WARNING - Cleaning u_ex100809.log
[2024-04-11T15:39:48.455+0000] {logging_mixin.py:188} INFO - sort -u /opt/***/data/Staging/DimIP.txt > /opt/***/data/Staging/DimIPUniq.txt
[2024-04-11T15:39:48.472+0000] {w3c.py:131} WARNING - calling Clean u_ex091106.log
[2024-04-11T15:39:48.473+0000] {logging_mixin.py:188} INFO - Cleaning  u_ex091106.log
[2024-04-11T15:39:48.473+0000] {w3c.py:88} WARNING - Cleaning u_ex091106.log
[2024-04-11T15:39:48.473+0000] {logging_mixin.py:188} INFO - sort -u /opt/***/data/Staging/DimIP.txt > /opt/***/data/Staging/DimIPUniq.txt
[2024-04-11T15:39:48.476+0000] {w3c.py:131} WARNING - calling Clean u_ex091211.log
[2024-04-11T15:39:48.477+0000] {logging_mixin.py:188} INFO - Cleaning  u_ex091211.log
[2024-04-11T15:39:48.477+0000] {w3c.py:88} WARNING - Cleaning u_ex091211.log
[2024-04-11T15:39:48.477+0000] {logging_mixin.py:188} INFO - sort -u /opt/***/data/Staging/DimIP.txt > /opt/***/data/Staging/DimIPUniq.txt
[2024-04-11T15:39:48.483+0000] {w3c.py:131} WARNING - calling Clean u_ex100322.log
[2024-04-11T15:39:48.483+0000] {logging_mixin.py:188} INFO - Cleaning  u_ex100322.log
[2024-04-11T15:39:48.484+0000] {w3c.py:88} WARNING - Cleaning u_ex100322.log
[2024-04-11T15:39:48.484+0000] {logging_mixin.py:188} INFO - sort -u /opt/***/data/Staging/DimIP.txt > /opt/***/data/Staging/DimIPUniq.txt
[2024-04-11T15:39:48.499+0000] {w3c.py:131} WARNING - calling Clean u_ex100117.log
[2024-04-11T15:39:48.500+0000] {logging_mixin.py:188} INFO - Cleaning  u_ex100117.log
[2024-04-11T15:39:48.500+0000] {w3c.py:88} WARNING - Cleaning u_ex100117.log
[2024-04-11T15:39:48.501+0000] {logging_mixin.py:188} INFO - sort -u /opt/***/data/Staging/DimIP.txt > /opt/***/data/Staging/DimIPUniq.txt
[2024-04-11T15:39:48.533+0000] {w3c.py:131} WARNING - calling Clean u_ex101225.log
[2024-04-11T15:39:48.534+0000] {logging_mixin.py:188} INFO - Cleaning  u_ex101225.log
[2024-04-11T15:39:48.534+0000] {w3c.py:88} WARNING - Cleaning u_ex101225.log
[2024-04-11T15:39:48.534+0000] {logging_mixin.py:188} INFO - sort -u /opt/***/data/Staging/DimIP.txt > /opt/***/data/Staging/DimIPUniq.txt
[2024-04-11T15:39:48.544+0000] {w3c.py:131} WARNING - calling Clean u_ex100424.log
[2024-04-11T15:39:48.544+0000] {logging_mixin.py:188} INFO - Cleaning  u_ex100424.log
[2024-04-11T15:39:48.545+0000] {w3c.py:88} WARNING - Cleaning u_ex100424.log
[2024-04-11T15:39:48.545+0000] {logging_mixin.py:188} INFO - sort -u /opt/***/data/Staging/DimIP.txt > /opt/***/data/Staging/DimIPUniq.txt
[2024-04-11T15:39:48.549+0000] {w3c.py:131} WARNING - calling Clean u_ex091102.log
[2024-04-11T15:39:48.550+0000] {logging_mixin.py:188} INFO - Cleaning  u_ex091102.log
[2024-04-11T15:39:48.550+0000] {w3c.py:88} WARNING - Cleaning u_ex091102.log
[2024-04-11T15:39:48.551+0000] {logging_mixin.py:188} INFO - sort -u /opt/***/data/Staging/DimIP.txt > /opt/***/data/Staging/DimIPUniq.txt
[2024-04-11T15:39:48.601+0000] {w3c.py:131} WARNING - calling Clean u_ex091123.log
[2024-04-11T15:39:48.601+0000] {logging_mixin.py:188} INFO - Cleaning  u_ex091123.log
[2024-04-11T15:39:48.602+0000] {w3c.py:88} WARNING - Cleaning u_ex091123.log
[2024-04-11T15:39:48.602+0000] {logging_mixin.py:188} INFO - sort -u /opt/***/data/Staging/DimIP.txt > /opt/***/data/Staging/DimIPUniq.txt
[2024-04-11T15:39:48.622+0000] {w3c.py:131} WARNING - calling Clean u_ex100629.log
[2024-04-11T15:39:48.622+0000] {logging_mixin.py:188} INFO - Cleaning  u_ex100629.log
[2024-04-11T15:39:48.633+0000] {w3c.py:88} WARNING - Cleaning u_ex100629.log
[2024-04-11T15:39:48.634+0000] {logging_mixin.py:188} INFO - sort -u /opt/***/data/Staging/DimIP.txt > /opt/***/data/Staging/DimIPUniq.txt
[2024-04-11T15:39:48.644+0000] {w3c.py:131} WARNING - calling Clean u_ex100612.log
[2024-04-11T15:39:48.644+0000] {logging_mixin.py:188} INFO - Cleaning  u_ex100612.log
[2024-04-11T15:39:48.645+0000] {w3c.py:88} WARNING - Cleaning u_ex100612.log
[2024-04-11T15:39:48.645+0000] {logging_mixin.py:188} INFO - sort -u /opt/***/data/Staging/DimIP.txt > /opt/***/data/Staging/DimIPUniq.txt
[2024-04-11T15:39:48.651+0000] {w3c.py:131} WARNING - calling Clean u_ex100912.log
[2024-04-11T15:39:48.651+0000] {logging_mixin.py:188} INFO - Cleaning  u_ex100912.log
[2024-04-11T15:39:48.651+0000] {w3c.py:88} WARNING - Cleaning u_ex100912.log
[2024-04-11T15:39:48.652+0000] {logging_mixin.py:188} INFO - sort -u /opt/***/data/Staging/DimIP.txt > /opt/***/data/Staging/DimIPUniq.txt
[2024-04-11T15:39:48.657+0000] {w3c.py:131} WARNING - calling Clean u_ex101215.log
[2024-04-11T15:39:48.657+0000] {logging_mixin.py:188} INFO - Cleaning  u_ex101215.log
[2024-04-11T15:39:48.657+0000] {w3c.py:88} WARNING - Cleaning u_ex101215.log
[2024-04-11T15:39:48.658+0000] {logging_mixin.py:188} INFO - sort -u /opt/***/data/Staging/DimIP.txt > /opt/***/data/Staging/DimIPUniq.txt
[2024-04-11T15:39:48.674+0000] {w3c.py:131} WARNING - calling Clean u_ex100131.log
[2024-04-11T15:39:48.674+0000] {logging_mixin.py:188} INFO - Cleaning  u_ex100131.log
[2024-04-11T15:39:48.674+0000] {w3c.py:88} WARNING - Cleaning u_ex100131.log
[2024-04-11T15:39:48.675+0000] {logging_mixin.py:188} INFO - sort -u /opt/***/data/Staging/DimIP.txt > /opt/***/data/Staging/DimIPUniq.txt
[2024-04-11T15:39:48.688+0000] {w3c.py:131} WARNING - calling Clean u_ex101223.log
[2024-04-11T15:39:48.692+0000] {logging_mixin.py:188} INFO - Cleaning  u_ex101223.log
[2024-04-11T15:39:48.692+0000] {w3c.py:88} WARNING - Cleaning u_ex101223.log
[2024-04-11T15:39:48.693+0000] {logging_mixin.py:188} INFO - sort -u /opt/***/data/Staging/DimIP.txt > /opt/***/data/Staging/DimIPUniq.txt
[2024-04-11T15:39:48.699+0000] {w3c.py:131} WARNING - calling Clean u_ex110427.log
[2024-04-11T15:39:48.699+0000] {logging_mixin.py:188} INFO - Cleaning  u_ex110427.log
[2024-04-11T15:39:48.700+0000] {w3c.py:88} WARNING - Cleaning u_ex110427.log
[2024-04-11T15:39:48.700+0000] {logging_mixin.py:188} INFO - sort -u /opt/***/data/Staging/DimIP.txt > /opt/***/data/Staging/DimIPUniq.txt
[2024-04-11T15:39:48.720+0000] {w3c.py:131} WARNING - calling Clean u_ex101008.log
[2024-04-11T15:39:48.721+0000] {logging_mixin.py:188} INFO - Cleaning  u_ex101008.log
[2024-04-11T15:39:48.722+0000] {w3c.py:88} WARNING - Cleaning u_ex101008.log
[2024-04-11T15:39:48.722+0000] {logging_mixin.py:188} INFO - sort -u /opt/***/data/Staging/DimIP.txt > /opt/***/data/Staging/DimIPUniq.txt
[2024-04-11T15:39:48.763+0000] {w3c.py:131} WARNING - calling Clean u_ex100423.log
[2024-04-11T15:39:48.763+0000] {logging_mixin.py:188} INFO - Cleaning  u_ex100423.log
[2024-04-11T15:39:48.764+0000] {w3c.py:88} WARNING - Cleaning u_ex100423.log
[2024-04-11T15:39:48.765+0000] {logging_mixin.py:188} INFO - sort -u /opt/***/data/Staging/DimIP.txt > /opt/***/data/Staging/DimIPUniq.txt
[2024-04-11T15:39:48.809+0000] {w3c.py:131} WARNING - calling Clean u_ex100808.log
[2024-04-11T15:39:48.809+0000] {logging_mixin.py:188} INFO - Cleaning  u_ex100808.log
[2024-04-11T15:39:48.810+0000] {w3c.py:88} WARNING - Cleaning u_ex100808.log
[2024-04-11T15:39:48.811+0000] {logging_mixin.py:188} INFO - sort -u /opt/***/data/Staging/DimIP.txt > /opt/***/data/Staging/DimIPUniq.txt
[2024-04-11T15:39:48.828+0000] {w3c.py:131} WARNING - calling Clean u_ex100519.log
[2024-04-11T15:39:48.829+0000] {logging_mixin.py:188} INFO - Cleaning  u_ex100519.log
[2024-04-11T15:39:48.832+0000] {w3c.py:88} WARNING - Cleaning u_ex100519.log
[2024-04-11T15:39:48.833+0000] {logging_mixin.py:188} INFO - sort -u /opt/***/data/Staging/DimIP.txt > /opt/***/data/Staging/DimIPUniq.txt
[2024-04-11T15:39:48.846+0000] {w3c.py:131} WARNING - calling Clean u_ex091213.log
[2024-04-11T15:39:48.846+0000] {logging_mixin.py:188} INFO - Cleaning  u_ex091213.log
[2024-04-11T15:39:48.847+0000] {w3c.py:88} WARNING - Cleaning u_ex091213.log
[2024-04-11T15:39:48.847+0000] {logging_mixin.py:188} INFO - sort -u /opt/***/data/Staging/DimIP.txt > /opt/***/data/Staging/DimIPUniq.txt
[2024-04-11T15:39:48.854+0000] {w3c.py:131} WARNING - calling Clean u_ex101202.log
[2024-04-11T15:39:48.855+0000] {logging_mixin.py:188} INFO - Cleaning  u_ex101202.log
[2024-04-11T15:39:48.855+0000] {w3c.py:88} WARNING - Cleaning u_ex101202.log
[2024-04-11T15:39:48.859+0000] {logging_mixin.py:188} INFO - sort -u /opt/***/data/Staging/DimIP.txt > /opt/***/data/Staging/DimIPUniq.txt
[2024-04-11T15:39:48.868+0000] {w3c.py:131} WARNING - calling Clean u_ex100718.log
[2024-04-11T15:39:48.868+0000] {logging_mixin.py:188} INFO - Cleaning  u_ex100718.log
[2024-04-11T15:39:48.868+0000] {w3c.py:88} WARNING - Cleaning u_ex100718.log
[2024-04-11T15:39:48.869+0000] {logging_mixin.py:188} INFO - sort -u /opt/***/data/Staging/DimIP.txt > /opt/***/data/Staging/DimIPUniq.txt
[2024-04-11T15:39:48.884+0000] {w3c.py:131} WARNING - calling Clean u_ex100314.log
[2024-04-11T15:39:48.884+0000] {logging_mixin.py:188} INFO - Cleaning  u_ex100314.log
[2024-04-11T15:39:48.884+0000] {w3c.py:88} WARNING - Cleaning u_ex100314.log
[2024-04-11T15:39:48.885+0000] {logging_mixin.py:188} INFO - sort -u /opt/***/data/Staging/DimIP.txt > /opt/***/data/Staging/DimIPUniq.txt
[2024-04-11T15:39:48.895+0000] {w3c.py:131} WARNING - calling Clean u_ex100425.log
[2024-04-11T15:39:48.896+0000] {logging_mixin.py:188} INFO - Cleaning  u_ex100425.log
[2024-04-11T15:39:48.896+0000] {w3c.py:88} WARNING - Cleaning u_ex100425.log
[2024-04-11T15:39:48.896+0000] {logging_mixin.py:188} INFO - sort -u /opt/***/data/Staging/DimIP.txt > /opt/***/data/Staging/DimIPUniq.txt
[2024-04-11T15:39:48.905+0000] {w3c.py:131} WARNING - calling Clean u_ex100304.log
[2024-04-11T15:39:48.905+0000] {logging_mixin.py:188} INFO - Cleaning  u_ex100304.log
[2024-04-11T15:39:48.906+0000] {w3c.py:88} WARNING - Cleaning u_ex100304.log
[2024-04-11T15:39:48.906+0000] {logging_mixin.py:188} INFO - sort -u /opt/***/data/Staging/DimIP.txt > /opt/***/data/Staging/DimIPUniq.txt
[2024-04-11T15:39:48.911+0000] {w3c.py:131} WARNING - calling Clean u_ex100419.log
[2024-04-11T15:39:48.914+0000] {logging_mixin.py:188} INFO - Cleaning  u_ex100419.log
[2024-04-11T15:39:48.915+0000] {w3c.py:88} WARNING - Cleaning u_ex100419.log
[2024-04-11T15:39:48.915+0000] {logging_mixin.py:188} INFO - sort -u /opt/***/data/Staging/DimIP.txt > /opt/***/data/Staging/DimIPUniq.txt
[2024-04-11T15:39:48.923+0000] {w3c.py:131} WARNING - calling Clean u_ex101023.log
[2024-04-11T15:39:48.923+0000] {logging_mixin.py:188} INFO - Cleaning  u_ex101023.log
[2024-04-11T15:39:48.924+0000] {w3c.py:88} WARNING - Cleaning u_ex101023.log
[2024-04-11T15:39:48.924+0000] {logging_mixin.py:188} INFO - sort -u /opt/***/data/Staging/DimIP.txt > /opt/***/data/Staging/DimIPUniq.txt
[2024-04-11T15:39:48.932+0000] {w3c.py:131} WARNING - calling Clean u_ex101025.log
[2024-04-11T15:39:48.933+0000] {logging_mixin.py:188} INFO - Cleaning  u_ex101025.log
[2024-04-11T15:39:48.933+0000] {w3c.py:88} WARNING - Cleaning u_ex101025.log
[2024-04-11T15:39:48.933+0000] {logging_mixin.py:188} INFO - sort -u /opt/***/data/Staging/DimIP.txt > /opt/***/data/Staging/DimIPUniq.txt
[2024-04-11T15:39:48.939+0000] {w3c.py:131} WARNING - calling Clean u_ex101101.log
[2024-04-11T15:39:48.939+0000] {logging_mixin.py:188} INFO - Cleaning  u_ex101101.log
[2024-04-11T15:39:48.940+0000] {w3c.py:88} WARNING - Cleaning u_ex101101.log
[2024-04-11T15:39:48.940+0000] {logging_mixin.py:188} INFO - sort -u /opt/***/data/Staging/DimIP.txt > /opt/***/data/Staging/DimIPUniq.txt
[2024-04-11T15:39:48.950+0000] {w3c.py:131} WARNING - calling Clean u_ex100906.log
[2024-04-11T15:39:48.950+0000] {logging_mixin.py:188} INFO - Cleaning  u_ex100906.log
[2024-04-11T15:39:48.950+0000] {w3c.py:88} WARNING - Cleaning u_ex100906.log
[2024-04-11T15:39:48.951+0000] {logging_mixin.py:188} INFO - sort -u /opt/***/data/Staging/DimIP.txt > /opt/***/data/Staging/DimIPUniq.txt
[2024-04-11T15:39:48.954+0000] {w3c.py:131} WARNING - calling Clean u_ex101113.log
[2024-04-11T15:39:48.955+0000] {logging_mixin.py:188} INFO - Cleaning  u_ex101113.log
[2024-04-11T15:39:48.955+0000] {w3c.py:88} WARNING - Cleaning u_ex101113.log
[2024-04-11T15:39:48.955+0000] {logging_mixin.py:188} INFO - sort -u /opt/***/data/Staging/DimIP.txt > /opt/***/data/Staging/DimIPUniq.txt
[2024-04-11T15:39:48.961+0000] {w3c.py:131} WARNING - calling Clean u_ex100924.log
[2024-04-11T15:39:48.962+0000] {logging_mixin.py:188} INFO - Cleaning  u_ex100924.log
[2024-04-11T15:39:48.962+0000] {w3c.py:88} WARNING - Cleaning u_ex100924.log
[2024-04-11T15:39:48.962+0000] {logging_mixin.py:188} INFO - sort -u /opt/***/data/Staging/DimIP.txt > /opt/***/data/Staging/DimIPUniq.txt
[2024-04-11T15:39:48.968+0000] {w3c.py:131} WARNING - calling Clean u_ex101118.log
[2024-04-11T15:39:48.969+0000] {logging_mixin.py:188} INFO - Cleaning  u_ex101118.log
[2024-04-11T15:39:48.969+0000] {w3c.py:88} WARNING - Cleaning u_ex101118.log
[2024-04-11T15:39:48.969+0000] {logging_mixin.py:188} INFO - sort -u /opt/***/data/Staging/DimIP.txt > /opt/***/data/Staging/DimIPUniq.txt
[2024-04-11T15:39:48.975+0000] {w3c.py:131} WARNING - calling Clean u_ex091130.log
[2024-04-11T15:39:48.975+0000] {logging_mixin.py:188} INFO - Cleaning  u_ex091130.log
[2024-04-11T15:39:48.975+0000] {w3c.py:88} WARNING - Cleaning u_ex091130.log
[2024-04-11T15:39:48.976+0000] {logging_mixin.py:188} INFO - sort -u /opt/***/data/Staging/DimIP.txt > /opt/***/data/Staging/DimIPUniq.txt
[2024-04-11T15:39:48.980+0000] {logging_mixin.py:188} INFO - Fault 26
[2024-04-11T15:39:48.986+0000] {logging_mixin.py:188} INFO - Fault 10
[2024-04-11T15:39:48.990+0000] {logging_mixin.py:188} INFO - Fault 6
[2024-04-11T15:39:48.990+0000] {w3c.py:131} WARNING - calling Clean u_ex100309.log
[2024-04-11T15:39:48.991+0000] {logging_mixin.py:188} INFO - Cleaning  u_ex100309.log
[2024-04-11T15:39:48.991+0000] {w3c.py:88} WARNING - Cleaning u_ex100309.log
[2024-04-11T15:39:48.991+0000] {logging_mixin.py:188} INFO - sort -u /opt/***/data/Staging/DimIP.txt > /opt/***/data/Staging/DimIPUniq.txt
[2024-04-11T15:39:48.996+0000] {w3c.py:131} WARNING - calling Clean u_ex100725.log
[2024-04-11T15:39:48.997+0000] {logging_mixin.py:188} INFO - Cleaning  u_ex100725.log
[2024-04-11T15:39:48.997+0000] {w3c.py:88} WARNING - Cleaning u_ex100725.log
[2024-04-11T15:39:48.997+0000] {logging_mixin.py:188} INFO - sort -u /opt/***/data/Staging/DimIP.txt > /opt/***/data/Staging/DimIPUniq.txt
[2024-04-11T15:39:49.003+0000] {w3c.py:131} WARNING - calling Clean u_ex091025.log
[2024-04-11T15:39:49.004+0000] {logging_mixin.py:188} INFO - Cleaning  u_ex091025.log
[2024-04-11T15:39:49.004+0000] {w3c.py:88} WARNING - Cleaning u_ex091025.log
[2024-04-11T15:39:49.004+0000] {logging_mixin.py:188} INFO - sort -u /opt/***/data/Staging/DimIP.txt > /opt/***/data/Staging/DimIPUniq.txt
[2024-04-11T15:39:49.005+0000] {w3c.py:131} WARNING - calling Clean u_ex100307.log
[2024-04-11T15:39:49.006+0000] {logging_mixin.py:188} INFO - Cleaning  u_ex100307.log
[2024-04-11T15:39:49.006+0000] {w3c.py:88} WARNING - Cleaning u_ex100307.log
[2024-04-11T15:39:49.006+0000] {logging_mixin.py:188} INFO - sort -u /opt/***/data/Staging/DimIP.txt > /opt/***/data/Staging/DimIPUniq.txt
[2024-04-11T15:39:49.010+0000] {w3c.py:131} WARNING - calling Clean u_ex110516.log
[2024-04-11T15:39:49.010+0000] {logging_mixin.py:188} INFO - Cleaning  u_ex110516.log
[2024-04-11T15:39:49.010+0000] {w3c.py:88} WARNING - Cleaning u_ex110516.log
[2024-04-11T15:39:49.011+0000] {logging_mixin.py:188} INFO - sort -u /opt/***/data/Staging/DimIP.txt > /opt/***/data/Staging/DimIPUniq.txt
[2024-04-11T15:39:49.018+0000] {w3c.py:131} WARNING - calling Clean u_ex100628.log
[2024-04-11T15:39:49.018+0000] {logging_mixin.py:188} INFO - Cleaning  u_ex100628.log
[2024-04-11T15:39:49.019+0000] {w3c.py:88} WARNING - Cleaning u_ex100628.log
[2024-04-11T15:39:49.019+0000] {logging_mixin.py:188} INFO - sort -u /opt/***/data/Staging/DimIP.txt > /opt/***/data/Staging/DimIPUniq.txt
[2024-04-11T15:39:49.023+0000] {w3c.py:131} WARNING - calling Clean u_ex100406.log
[2024-04-11T15:39:49.024+0000] {logging_mixin.py:188} INFO - Cleaning  u_ex100406.log
[2024-04-11T15:39:49.024+0000] {w3c.py:88} WARNING - Cleaning u_ex100406.log
[2024-04-11T15:39:49.025+0000] {logging_mixin.py:188} INFO - sort -u /opt/***/data/Staging/DimIP.txt > /opt/***/data/Staging/DimIPUniq.txt
[2024-04-11T15:39:49.033+0000] {w3c.py:131} WARNING - calling Clean u_ex100221.log
[2024-04-11T15:39:49.034+0000] {logging_mixin.py:188} INFO - Cleaning  u_ex100221.log
[2024-04-11T15:39:49.034+0000] {w3c.py:88} WARNING - Cleaning u_ex100221.log
[2024-04-11T15:39:49.035+0000] {logging_mixin.py:188} INFO - sort -u /opt/***/data/Staging/DimIP.txt > /opt/***/data/Staging/DimIPUniq.txt
[2024-04-11T15:39:49.039+0000] {w3c.py:131} WARNING - calling Clean u_ex100113.log
[2024-04-11T15:39:49.039+0000] {logging_mixin.py:188} INFO - Cleaning  u_ex100113.log
[2024-04-11T15:39:49.039+0000] {w3c.py:88} WARNING - Cleaning u_ex100113.log
[2024-04-11T15:39:49.040+0000] {logging_mixin.py:188} INFO - sort -u /opt/***/data/Staging/DimIP.txt > /opt/***/data/Staging/DimIPUniq.txt
[2024-04-11T15:39:49.054+0000] {w3c.py:131} WARNING - calling Clean u_ex101212.log
[2024-04-11T15:39:49.055+0000] {logging_mixin.py:188} INFO - Cleaning  u_ex101212.log
[2024-04-11T15:39:49.055+0000] {w3c.py:88} WARNING - Cleaning u_ex101212.log
[2024-04-11T15:39:49.055+0000] {logging_mixin.py:188} INFO - sort -u /opt/***/data/Staging/DimIP.txt > /opt/***/data/Staging/DimIPUniq.txt
[2024-04-11T15:39:49.070+0000] {w3c.py:131} WARNING - calling Clean u_ex100302.log
[2024-04-11T15:39:49.070+0000] {logging_mixin.py:188} INFO - Cleaning  u_ex100302.log
[2024-04-11T15:39:49.071+0000] {w3c.py:88} WARNING - Cleaning u_ex100302.log
[2024-04-11T15:39:49.071+0000] {logging_mixin.py:188} INFO - sort -u /opt/***/data/Staging/DimIP.txt > /opt/***/data/Staging/DimIPUniq.txt
[2024-04-11T15:39:49.086+0000] {w3c.py:131} WARNING - calling Clean u_ex100630.log
[2024-04-11T15:39:49.086+0000] {logging_mixin.py:188} INFO - Cleaning  u_ex100630.log
[2024-04-11T15:39:49.087+0000] {w3c.py:88} WARNING - Cleaning u_ex100630.log
[2024-04-11T15:39:49.087+0000] {logging_mixin.py:188} INFO - sort -u /opt/***/data/Staging/DimIP.txt > /opt/***/data/Staging/DimIPUniq.txt
[2024-04-11T15:39:49.091+0000] {w3c.py:131} WARNING - calling Clean u_ex100615.log
[2024-04-11T15:39:49.091+0000] {logging_mixin.py:188} INFO - Cleaning  u_ex100615.log
[2024-04-11T15:39:49.096+0000] {w3c.py:88} WARNING - Cleaning u_ex100615.log
[2024-04-11T15:39:49.096+0000] {logging_mixin.py:188} INFO - sort -u /opt/***/data/Staging/DimIP.txt > /opt/***/data/Staging/DimIPUniq.txt
[2024-04-11T15:39:49.103+0000] {w3c.py:131} WARNING - calling Clean u_ex091120.log
[2024-04-11T15:39:49.104+0000] {logging_mixin.py:188} INFO - Cleaning  u_ex091120.log
[2024-04-11T15:39:49.104+0000] {w3c.py:88} WARNING - Cleaning u_ex091120.log
[2024-04-11T15:39:49.105+0000] {logging_mixin.py:188} INFO - sort -u /opt/***/data/Staging/DimIP.txt > /opt/***/data/Staging/DimIPUniq.txt
[2024-04-11T15:39:49.109+0000] {w3c.py:131} WARNING - calling Clean u_ex110504.log
[2024-04-11T15:39:49.109+0000] {logging_mixin.py:188} INFO - Cleaning  u_ex110504.log
[2024-04-11T15:39:49.109+0000] {w3c.py:88} WARNING - Cleaning u_ex110504.log
[2024-04-11T15:39:49.110+0000] {logging_mixin.py:188} INFO - sort -u /opt/***/data/Staging/DimIP.txt > /opt/***/data/Staging/DimIPUniq.txt
[2024-04-11T15:39:49.117+0000] {w3c.py:131} WARNING - calling Clean u_ex100622.log
[2024-04-11T15:39:49.117+0000] {logging_mixin.py:188} INFO - Cleaning  u_ex100622.log
[2024-04-11T15:39:49.118+0000] {w3c.py:88} WARNING - Cleaning u_ex100622.log
[2024-04-11T15:39:49.118+0000] {logging_mixin.py:188} INFO - sort -u /opt/***/data/Staging/DimIP.txt > /opt/***/data/Staging/DimIPUniq.txt
[2024-04-11T15:39:49.123+0000] {w3c.py:131} WARNING - calling Clean u_ex100801.log
[2024-04-11T15:39:49.124+0000] {logging_mixin.py:188} INFO - Cleaning  u_ex100801.log
[2024-04-11T15:39:49.124+0000] {w3c.py:88} WARNING - Cleaning u_ex100801.log
[2024-04-11T15:39:49.125+0000] {logging_mixin.py:188} INFO - sort -u /opt/***/data/Staging/DimIP.txt > /opt/***/data/Staging/DimIPUniq.txt
[2024-04-11T15:39:49.128+0000] {w3c.py:131} WARNING - calling Clean u_ex110407.log
[2024-04-11T15:39:49.129+0000] {logging_mixin.py:188} INFO - Cleaning  u_ex110407.log
[2024-04-11T15:39:49.129+0000] {w3c.py:88} WARNING - Cleaning u_ex110407.log
[2024-04-11T15:39:49.129+0000] {logging_mixin.py:188} INFO - sort -u /opt/***/data/Staging/DimIP.txt > /opt/***/data/Staging/DimIPUniq.txt
[2024-04-11T15:39:49.138+0000] {w3c.py:131} WARNING - calling Clean u_ex100926.log
[2024-04-11T15:39:49.139+0000] {logging_mixin.py:188} INFO - Cleaning  u_ex100926.log
[2024-04-11T15:39:49.139+0000] {w3c.py:88} WARNING - Cleaning u_ex100926.log
[2024-04-11T15:39:49.139+0000] {logging_mixin.py:188} INFO - sort -u /opt/***/data/Staging/DimIP.txt > /opt/***/data/Staging/DimIPUniq.txt
[2024-04-11T15:39:49.145+0000] {w3c.py:131} WARNING - calling Clean u_ex100422.log
[2024-04-11T15:39:49.145+0000] {logging_mixin.py:188} INFO - Cleaning  u_ex100422.log
[2024-04-11T15:39:49.146+0000] {w3c.py:88} WARNING - Cleaning u_ex100422.log
[2024-04-11T15:39:49.146+0000] {logging_mixin.py:188} INFO - sort -u /opt/***/data/Staging/DimIP.txt > /opt/***/data/Staging/DimIPUniq.txt
[2024-04-11T15:39:49.153+0000] {w3c.py:131} WARNING - calling Clean u_ex101111.log
[2024-04-11T15:39:49.153+0000] {logging_mixin.py:188} INFO - Cleaning  u_ex101111.log
[2024-04-11T15:39:49.154+0000] {w3c.py:88} WARNING - Cleaning u_ex101111.log
[2024-04-11T15:39:49.154+0000] {logging_mixin.py:188} INFO - sort -u /opt/***/data/Staging/DimIP.txt > /opt/***/data/Staging/DimIPUniq.txt
[2024-04-11T15:39:49.160+0000] {w3c.py:131} WARNING - calling Clean u_ex100705.log
[2024-04-11T15:39:49.161+0000] {logging_mixin.py:188} INFO - Cleaning  u_ex100705.log
[2024-04-11T15:39:49.161+0000] {w3c.py:88} WARNING - Cleaning u_ex100705.log
[2024-04-11T15:39:49.161+0000] {logging_mixin.py:188} INFO - sort -u /opt/***/data/Staging/DimIP.txt > /opt/***/data/Staging/DimIPUniq.txt
[2024-04-11T15:39:49.165+0000] {w3c.py:131} WARNING - calling Clean u_ex100112.log
[2024-04-11T15:39:49.166+0000] {logging_mixin.py:188} INFO - Cleaning  u_ex100112.log
[2024-04-11T15:39:49.166+0000] {w3c.py:88} WARNING - Cleaning u_ex100112.log
[2024-04-11T15:39:49.167+0000] {logging_mixin.py:188} INFO - sort -u /opt/***/data/Staging/DimIP.txt > /opt/***/data/Staging/DimIPUniq.txt
[2024-04-11T15:39:49.188+0000] {w3c.py:131} WARNING - calling Clean u_ex101027.log
[2024-04-11T15:39:49.189+0000] {logging_mixin.py:188} INFO - Cleaning  u_ex101027.log
[2024-04-11T15:39:49.189+0000] {w3c.py:88} WARNING - Cleaning u_ex101027.log
[2024-04-11T15:39:49.189+0000] {logging_mixin.py:188} INFO - sort -u /opt/***/data/Staging/DimIP.txt > /opt/***/data/Staging/DimIPUniq.txt
[2024-04-11T15:39:49.203+0000] {python.py:237} INFO - Done. Returned value was: None
[2024-04-11T15:39:49.204+0000] {taskinstance.py:441} INFO - ::group::Post task execution logs
[2024-04-11T15:39:49.236+0000] {taskinstance.py:1205} INFO - Marking task as SUCCESS. dag_id=Process_W3_Data, task_id=RemoveHash, execution_date=20240411T153942, start_date=20240411T153947, end_date=20240411T153949
[2024-04-11T15:39:49.281+0000] {local_task_job_runner.py:240} INFO - Task exited with return code 0
[2024-04-11T15:39:49.362+0000] {taskinstance.py:3482} INFO - 1 downstream tasks scheduled from follow-on schedule check
[2024-04-11T15:39:49.373+0000] {local_task_job_runner.py:222} INFO - ::endgroup::
