[2024-04-11T00:00:39.036+0000] {local_task_job_runner.py:120} INFO - ::group::Pre task execution logs
[2024-04-11T00:00:39.063+0000] {taskinstance.py:2073} INFO - Dependencies all met for dep_context=non-requeueable deps ti=<TaskInstance: Process_W3_Data.copyfact scheduled__2024-04-10T00:00:00+00:00 [queued]>
[2024-04-11T00:00:39.072+0000] {taskinstance.py:2073} INFO - Dependencies all met for dep_context=requeueable deps ti=<TaskInstance: Process_W3_Data.copyfact scheduled__2024-04-10T00:00:00+00:00 [queued]>
[2024-04-11T00:00:39.073+0000] {taskinstance.py:2303} INFO - Starting attempt 1 of 1
[2024-04-11T00:00:39.088+0000] {taskinstance.py:2327} INFO - Executing <Task(BashOperator): copyfact> on 2024-04-10 00:00:00+00:00
[2024-04-11T00:00:39.100+0000] {warnings.py:110} WARNING - /home/***/.local/lib/python3.12/site-packages/***/task/task_runner/standard_task_runner.py:61: DeprecationWarning: This process (pid=9656) is multi-threaded, use of fork() may lead to deadlocks in the child.
  pid = os.fork()

[2024-04-11T00:00:39.103+0000] {standard_task_runner.py:63} INFO - Started process 9658 to run task
[2024-04-11T00:00:39.103+0000] {standard_task_runner.py:90} INFO - Running: ['***', 'tasks', 'run', 'Process_W3_Data', 'copyfact', 'scheduled__2024-04-10T00:00:00+00:00', '--job-id', '34', '--raw', '--subdir', 'DAGS_FOLDER/w3c.py', '--cfg-path', '/tmp/tmpokvf7yop']
[2024-04-11T00:00:39.107+0000] {standard_task_runner.py:91} INFO - Job 34: Subtask copyfact
[2024-04-11T00:00:39.170+0000] {task_command.py:426} INFO - Running <TaskInstance: Process_W3_Data.copyfact scheduled__2024-04-10T00:00:00+00:00 [running]> on host 426f0b9f9d71
[2024-04-11T00:00:39.282+0000] {taskinstance.py:2644} INFO - Exporting env vars: AIRFLOW_CTX_DAG_OWNER='***' AIRFLOW_CTX_DAG_ID='Process_W3_Data' AIRFLOW_CTX_TASK_ID='copyfact' AIRFLOW_CTX_EXECUTION_DATE='2024-04-10T00:00:00+00:00' AIRFLOW_CTX_TRY_NUMBER='1' AIRFLOW_CTX_DAG_RUN_ID='scheduled__2024-04-10T00:00:00+00:00'
[2024-04-11T00:00:39.286+0000] {taskinstance.py:430} INFO - ::endgroup::
[2024-04-11T00:00:39.287+0000] {subprocess.py:63} INFO - Tmp dir root location: /tmp
[2024-04-11T00:00:39.288+0000] {subprocess.py:75} INFO - Running command: ['/usr/bin/bash', '-c', 'cp /opt/***/data/Staging/OutFact1.txt /opt/***/data/StarSchema/OutFact1.txt']
[2024-04-11T00:00:39.315+0000] {subprocess.py:86} INFO - Output:
[2024-04-11T00:00:39.379+0000] {subprocess.py:97} INFO - Command exited with return code 0
[2024-04-11T00:00:39.380+0000] {taskinstance.py:441} INFO - ::group::Post task execution logs
[2024-04-11T00:00:39.441+0000] {taskinstance.py:1205} INFO - Marking task as SUCCESS. dag_id=Process_W3_Data, task_id=copyfact, execution_date=20240410T000000, start_date=20240411T000039, end_date=20240411T000039
[2024-04-11T00:00:39.522+0000] {local_task_job_runner.py:240} INFO - Task exited with return code 0
[2024-04-11T00:00:39.561+0000] {taskinstance.py:3482} INFO - 0 downstream tasks scheduled from follow-on schedule check
[2024-04-11T00:00:39.563+0000] {local_task_job_runner.py:222} INFO - ::endgroup::
