[2024-04-11T15:43:22.574+0000] {local_task_job_runner.py:120} INFO - ::group::Pre task execution logs
[2024-04-11T15:43:22.623+0000] {taskinstance.py:2073} INFO - Dependencies all met for dep_context=non-requeueable deps ti=<TaskInstance: Process_W3_Data.RemoveHash manual__2024-04-11T15:43:12.323315+00:00 [queued]>
[2024-04-11T15:43:22.638+0000] {taskinstance.py:2073} INFO - Dependencies all met for dep_context=requeueable deps ti=<TaskInstance: Process_W3_Data.RemoveHash manual__2024-04-11T15:43:12.323315+00:00 [queued]>
[2024-04-11T15:43:22.638+0000] {taskinstance.py:2303} INFO - Starting attempt 1 of 1
[2024-04-11T15:43:22.674+0000] {taskinstance.py:2327} INFO - Executing <Task(PythonOperator): RemoveHash> on 2024-04-11 15:43:12.323315+00:00
[2024-04-11T15:43:22.701+0000] {warnings.py:110} WARNING - /home/***/.local/lib/python3.12/site-packages/***/task/task_runner/standard_task_runner.py:61: DeprecationWarning: This process (pid=21729) is multi-threaded, use of fork() may lead to deadlocks in the child.
  pid = os.fork()

[2024-04-11T15:43:22.712+0000] {standard_task_runner.py:63} INFO - Started process 21734 to run task
[2024-04-11T15:43:22.726+0000] {standard_task_runner.py:90} INFO - Running: ['***', 'tasks', 'run', 'Process_W3_Data', 'RemoveHash', 'manual__2024-04-11T15:43:12.323315+00:00', '--job-id', '94', '--raw', '--subdir', 'DAGS_FOLDER/w3c.py', '--cfg-path', '/tmp/tmpnantwc5t']
[2024-04-11T15:43:22.733+0000] {standard_task_runner.py:91} INFO - Job 94: Subtask RemoveHash
[2024-04-11T15:43:22.883+0000] {task_command.py:426} INFO - Running <TaskInstance: Process_W3_Data.RemoveHash manual__2024-04-11T15:43:12.323315+00:00 [running]> on host 426f0b9f9d71
[2024-04-11T15:43:23.348+0000] {taskinstance.py:2644} INFO - Exporting env vars: AIRFLOW_CTX_DAG_OWNER='***' AIRFLOW_CTX_DAG_ID='Process_W3_Data' AIRFLOW_CTX_TASK_ID='RemoveHash' AIRFLOW_CTX_EXECUTION_DATE='2024-04-11T15:43:12.323315+00:00' AIRFLOW_CTX_TRY_NUMBER='1' AIRFLOW_CTX_DAG_RUN_ID='manual__2024-04-11T15:43:12.323315+00:00'
[2024-04-11T15:43:23.357+0000] {taskinstance.py:430} INFO - ::endgroup::
[2024-04-11T15:43:23.359+0000] {w3c.py:128} WARNING - Starting List Filesu_ex101031.log,u_ex110411.log,u_ex100626.log,u_ex100105.log,u_ex091103.log,u_ex110510.log,u_ex100708.log,u_ex100315.log,u_ex110306.log,u_ex100528.log,u_ex100204.log,u_ex110218.log,u_ex100104.log,u_ex110209.log,u_ex100916.log,u_ex100520.log,u_ex101126.log,u_ex100205.log,u_ex110405.log,u_ex110212.log,u_ex100430.log,u_ex100830.log,u_ex110130.log,u_ex100526.log,u_ex091207.log,u_ex100923.log,u_ex110119.log,u_ex110424.log,u_ex100619.log,u_ex100714.log,u_ex100106.log,u_ex091024.log,u_ex101020.log,u_ex110205.log,u_ex100809.log,u_ex091106.log,u_ex091211.log,u_ex100322.log,u_ex100117.log,u_ex101225.log,u_ex100424.log,u_ex091102.log,u_ex091123.log,u_ex100629.log,u_ex100612.log,u_ex100912.log,u_ex101215.log,u_ex100131.log,u_ex101223.log,u_ex110427.log,u_ex101008.log,u_ex100423.log,u_ex100808.log,u_ex100519.log,u_ex091213.log,u_ex101202.log,u_ex100718.log,u_ex100314.log,u_ex100425.log,u_ex100304.log,u_ex100419.log,u_ex101023.log,u_ex101025.log,u_ex101101.log,u_ex100906.log,u_ex101113.log,u_ex100924.log,u_ex101118.log,u_ex091130.log,u_ex100309.log,u_ex100725.log,u_ex091025.log,u_ex100307.log,u_ex110516.log,u_ex100628.log,u_ex100406.log,u_ex100221.log,u_ex100113.log,u_ex101212.log,u_ex100302.log,u_ex100630.log,u_ex100615.log,u_ex091120.log,u_ex110504.log,u_ex100622.log,u_ex100801.log,u_ex110407.log,u_ex100926.log,u_ex100422.log,u_ex101111.log,u_ex100705.log,u_ex100112.log,u_ex101027.log
[2024-04-11T15:43:23.408+0000] {w3c.py:131} WARNING - calling Clean u_ex101031.log
[2024-04-11T15:43:23.409+0000] {logging_mixin.py:188} INFO - Cleaning  u_ex101031.log
[2024-04-11T15:43:23.419+0000] {w3c.py:88} WARNING - Cleaning u_ex101031.log
[2024-04-11T15:43:23.420+0000] {logging_mixin.py:188} INFO - sort -u /opt/***/data/Staging/DimIP.txt > /opt/***/data/Staging/DimIPUniq.txt
[2024-04-11T15:43:23.433+0000] {w3c.py:131} WARNING - calling Clean u_ex110411.log
[2024-04-11T15:43:23.433+0000] {logging_mixin.py:188} INFO - Cleaning  u_ex110411.log
[2024-04-11T15:43:23.434+0000] {w3c.py:88} WARNING - Cleaning u_ex110411.log
[2024-04-11T15:43:23.434+0000] {logging_mixin.py:188} INFO - sort -u /opt/***/data/Staging/DimIP.txt > /opt/***/data/Staging/DimIPUniq.txt
[2024-04-11T15:43:23.475+0000] {w3c.py:131} WARNING - calling Clean u_ex100626.log
[2024-04-11T15:43:23.488+0000] {logging_mixin.py:188} INFO - Cleaning  u_ex100626.log
[2024-04-11T15:43:23.488+0000] {w3c.py:88} WARNING - Cleaning u_ex100626.log
[2024-04-11T15:43:23.488+0000] {logging_mixin.py:188} INFO - sort -u /opt/***/data/Staging/DimIP.txt > /opt/***/data/Staging/DimIPUniq.txt
[2024-04-11T15:43:23.500+0000] {w3c.py:131} WARNING - calling Clean u_ex100105.log
[2024-04-11T15:43:23.501+0000] {logging_mixin.py:188} INFO - Cleaning  u_ex100105.log
[2024-04-11T15:43:23.501+0000] {w3c.py:88} WARNING - Cleaning u_ex100105.log
[2024-04-11T15:43:23.502+0000] {logging_mixin.py:188} INFO - sort -u /opt/***/data/Staging/DimIP.txt > /opt/***/data/Staging/DimIPUniq.txt
[2024-04-11T15:43:23.531+0000] {w3c.py:131} WARNING - calling Clean u_ex091103.log
[2024-04-11T15:43:23.532+0000] {logging_mixin.py:188} INFO - Cleaning  u_ex091103.log
[2024-04-11T15:43:23.532+0000] {w3c.py:88} WARNING - Cleaning u_ex091103.log
[2024-04-11T15:43:23.533+0000] {logging_mixin.py:188} INFO - sort -u /opt/***/data/Staging/DimIP.txt > /opt/***/data/Staging/DimIPUniq.txt
[2024-04-11T15:43:23.576+0000] {w3c.py:131} WARNING - calling Clean u_ex110510.log
[2024-04-11T15:43:23.576+0000] {logging_mixin.py:188} INFO - Cleaning  u_ex110510.log
[2024-04-11T15:43:23.577+0000] {w3c.py:88} WARNING - Cleaning u_ex110510.log
[2024-04-11T15:43:23.577+0000] {logging_mixin.py:188} INFO - sort -u /opt/***/data/Staging/DimIP.txt > /opt/***/data/Staging/DimIPUniq.txt
[2024-04-11T15:43:23.628+0000] {w3c.py:131} WARNING - calling Clean u_ex100708.log
[2024-04-11T15:43:23.628+0000] {logging_mixin.py:188} INFO - Cleaning  u_ex100708.log
[2024-04-11T15:43:23.629+0000] {w3c.py:88} WARNING - Cleaning u_ex100708.log
[2024-04-11T15:43:23.629+0000] {logging_mixin.py:188} INFO - sort -u /opt/***/data/Staging/DimIP.txt > /opt/***/data/Staging/DimIPUniq.txt
[2024-04-11T15:43:23.662+0000] {w3c.py:131} WARNING - calling Clean u_ex100315.log
[2024-04-11T15:43:23.663+0000] {logging_mixin.py:188} INFO - Cleaning  u_ex100315.log
[2024-04-11T15:43:23.663+0000] {w3c.py:88} WARNING - Cleaning u_ex100315.log
[2024-04-11T15:43:23.673+0000] {logging_mixin.py:188} INFO - sort -u /opt/***/data/Staging/DimIP.txt > /opt/***/data/Staging/DimIPUniq.txt
[2024-04-11T15:43:23.732+0000] {w3c.py:131} WARNING - calling Clean u_ex110306.log
[2024-04-11T15:43:23.733+0000] {logging_mixin.py:188} INFO - Cleaning  u_ex110306.log
[2024-04-11T15:43:23.733+0000] {w3c.py:88} WARNING - Cleaning u_ex110306.log
[2024-04-11T15:43:23.734+0000] {logging_mixin.py:188} INFO - sort -u /opt/***/data/Staging/DimIP.txt > /opt/***/data/Staging/DimIPUniq.txt
[2024-04-11T15:43:23.749+0000] {w3c.py:131} WARNING - calling Clean u_ex100528.log
[2024-04-11T15:43:23.750+0000] {logging_mixin.py:188} INFO - Cleaning  u_ex100528.log
[2024-04-11T15:43:23.750+0000] {w3c.py:88} WARNING - Cleaning u_ex100528.log
[2024-04-11T15:43:23.750+0000] {logging_mixin.py:188} INFO - sort -u /opt/***/data/Staging/DimIP.txt > /opt/***/data/Staging/DimIPUniq.txt
[2024-04-11T15:43:23.787+0000] {w3c.py:131} WARNING - calling Clean u_ex100204.log
[2024-04-11T15:43:23.788+0000] {logging_mixin.py:188} INFO - Cleaning  u_ex100204.log
[2024-04-11T15:43:23.788+0000] {w3c.py:88} WARNING - Cleaning u_ex100204.log
[2024-04-11T15:43:23.789+0000] {logging_mixin.py:188} INFO - sort -u /opt/***/data/Staging/DimIP.txt > /opt/***/data/Staging/DimIPUniq.txt
[2024-04-11T15:43:23.840+0000] {w3c.py:131} WARNING - calling Clean u_ex110218.log
[2024-04-11T15:43:23.841+0000] {logging_mixin.py:188} INFO - Cleaning  u_ex110218.log
[2024-04-11T15:43:23.841+0000] {w3c.py:88} WARNING - Cleaning u_ex110218.log
[2024-04-11T15:43:23.842+0000] {logging_mixin.py:188} INFO - sort -u /opt/***/data/Staging/DimIP.txt > /opt/***/data/Staging/DimIPUniq.txt
[2024-04-11T15:43:23.875+0000] {w3c.py:131} WARNING - calling Clean u_ex100104.log
[2024-04-11T15:43:23.876+0000] {logging_mixin.py:188} INFO - Cleaning  u_ex100104.log
[2024-04-11T15:43:23.884+0000] {w3c.py:88} WARNING - Cleaning u_ex100104.log
[2024-04-11T15:43:23.884+0000] {logging_mixin.py:188} INFO - sort -u /opt/***/data/Staging/DimIP.txt > /opt/***/data/Staging/DimIPUniq.txt
[2024-04-11T15:43:23.901+0000] {w3c.py:131} WARNING - calling Clean u_ex110209.log
[2024-04-11T15:43:23.902+0000] {logging_mixin.py:188} INFO - Cleaning  u_ex110209.log
[2024-04-11T15:43:23.908+0000] {w3c.py:88} WARNING - Cleaning u_ex110209.log
[2024-04-11T15:43:23.908+0000] {logging_mixin.py:188} INFO - sort -u /opt/***/data/Staging/DimIP.txt > /opt/***/data/Staging/DimIPUniq.txt
[2024-04-11T15:43:23.952+0000] {w3c.py:131} WARNING - calling Clean u_ex100916.log
[2024-04-11T15:43:23.953+0000] {logging_mixin.py:188} INFO - Cleaning  u_ex100916.log
[2024-04-11T15:43:23.953+0000] {w3c.py:88} WARNING - Cleaning u_ex100916.log
[2024-04-11T15:43:23.954+0000] {logging_mixin.py:188} INFO - sort -u /opt/***/data/Staging/DimIP.txt > /opt/***/data/Staging/DimIPUniq.txt
[2024-04-11T15:43:23.997+0000] {w3c.py:131} WARNING - calling Clean u_ex100520.log
[2024-04-11T15:43:23.997+0000] {logging_mixin.py:188} INFO - Cleaning  u_ex100520.log
[2024-04-11T15:43:23.998+0000] {w3c.py:88} WARNING - Cleaning u_ex100520.log
[2024-04-11T15:43:23.998+0000] {logging_mixin.py:188} INFO - sort -u /opt/***/data/Staging/DimIP.txt > /opt/***/data/Staging/DimIPUniq.txt
[2024-04-11T15:43:24.024+0000] {w3c.py:131} WARNING - calling Clean u_ex101126.log
[2024-04-11T15:43:24.025+0000] {logging_mixin.py:188} INFO - Cleaning  u_ex101126.log
[2024-04-11T15:43:24.025+0000] {w3c.py:88} WARNING - Cleaning u_ex101126.log
[2024-04-11T15:43:24.025+0000] {logging_mixin.py:188} INFO - sort -u /opt/***/data/Staging/DimIP.txt > /opt/***/data/Staging/DimIPUniq.txt
[2024-04-11T15:43:24.038+0000] {w3c.py:131} WARNING - calling Clean u_ex100205.log
[2024-04-11T15:43:24.039+0000] {logging_mixin.py:188} INFO - Cleaning  u_ex100205.log
[2024-04-11T15:43:24.047+0000] {w3c.py:88} WARNING - Cleaning u_ex100205.log
[2024-04-11T15:43:24.048+0000] {logging_mixin.py:188} INFO - sort -u /opt/***/data/Staging/DimIP.txt > /opt/***/data/Staging/DimIPUniq.txt
[2024-04-11T15:43:24.051+0000] {w3c.py:131} WARNING - calling Clean u_ex110405.log
[2024-04-11T15:43:24.052+0000] {logging_mixin.py:188} INFO - Cleaning  u_ex110405.log
[2024-04-11T15:43:24.052+0000] {w3c.py:88} WARNING - Cleaning u_ex110405.log
[2024-04-11T15:43:24.052+0000] {logging_mixin.py:188} INFO - sort -u /opt/***/data/Staging/DimIP.txt > /opt/***/data/Staging/DimIPUniq.txt
[2024-04-11T15:43:24.082+0000] {w3c.py:131} WARNING - calling Clean u_ex110212.log
[2024-04-11T15:43:24.083+0000] {logging_mixin.py:188} INFO - Cleaning  u_ex110212.log
[2024-04-11T15:43:24.083+0000] {w3c.py:88} WARNING - Cleaning u_ex110212.log
[2024-04-11T15:43:24.083+0000] {logging_mixin.py:188} INFO - sort -u /opt/***/data/Staging/DimIP.txt > /opt/***/data/Staging/DimIPUniq.txt
[2024-04-11T15:43:24.100+0000] {w3c.py:131} WARNING - calling Clean u_ex100430.log
[2024-04-11T15:43:24.101+0000] {logging_mixin.py:188} INFO - Cleaning  u_ex100430.log
[2024-04-11T15:43:24.101+0000] {w3c.py:88} WARNING - Cleaning u_ex100430.log
[2024-04-11T15:43:24.102+0000] {logging_mixin.py:188} INFO - sort -u /opt/***/data/Staging/DimIP.txt > /opt/***/data/Staging/DimIPUniq.txt
[2024-04-11T15:43:24.132+0000] {w3c.py:131} WARNING - calling Clean u_ex100830.log
[2024-04-11T15:43:24.134+0000] {logging_mixin.py:188} INFO - Cleaning  u_ex100830.log
[2024-04-11T15:43:24.135+0000] {w3c.py:88} WARNING - Cleaning u_ex100830.log
[2024-04-11T15:43:24.135+0000] {logging_mixin.py:188} INFO - sort -u /opt/***/data/Staging/DimIP.txt > /opt/***/data/Staging/DimIPUniq.txt
[2024-04-11T15:43:24.153+0000] {w3c.py:131} WARNING - calling Clean u_ex110130.log
[2024-04-11T15:43:24.154+0000] {logging_mixin.py:188} INFO - Cleaning  u_ex110130.log
[2024-04-11T15:43:24.154+0000] {w3c.py:88} WARNING - Cleaning u_ex110130.log
[2024-04-11T15:43:24.154+0000] {logging_mixin.py:188} INFO - sort -u /opt/***/data/Staging/DimIP.txt > /opt/***/data/Staging/DimIPUniq.txt
[2024-04-11T15:43:24.158+0000] {w3c.py:131} WARNING - calling Clean u_ex100526.log
[2024-04-11T15:43:24.159+0000] {logging_mixin.py:188} INFO - Cleaning  u_ex100526.log
[2024-04-11T15:43:24.164+0000] {w3c.py:88} WARNING - Cleaning u_ex100526.log
[2024-04-11T15:43:24.164+0000] {logging_mixin.py:188} INFO - sort -u /opt/***/data/Staging/DimIP.txt > /opt/***/data/Staging/DimIPUniq.txt
[2024-04-11T15:43:24.183+0000] {w3c.py:131} WARNING - calling Clean u_ex091207.log
[2024-04-11T15:43:24.184+0000] {logging_mixin.py:188} INFO - Cleaning  u_ex091207.log
[2024-04-11T15:43:24.184+0000] {w3c.py:88} WARNING - Cleaning u_ex091207.log
[2024-04-11T15:43:24.185+0000] {logging_mixin.py:188} INFO - sort -u /opt/***/data/Staging/DimIP.txt > /opt/***/data/Staging/DimIPUniq.txt
[2024-04-11T15:43:24.229+0000] {w3c.py:131} WARNING - calling Clean u_ex100923.log
[2024-04-11T15:43:24.247+0000] {logging_mixin.py:188} INFO - Cleaning  u_ex100923.log
[2024-04-11T15:43:24.248+0000] {w3c.py:88} WARNING - Cleaning u_ex100923.log
[2024-04-11T15:43:24.248+0000] {logging_mixin.py:188} INFO - sort -u /opt/***/data/Staging/DimIP.txt > /opt/***/data/Staging/DimIPUniq.txt
[2024-04-11T15:43:24.274+0000] {w3c.py:131} WARNING - calling Clean u_ex110119.log
[2024-04-11T15:43:24.274+0000] {logging_mixin.py:188} INFO - Cleaning  u_ex110119.log
[2024-04-11T15:43:24.275+0000] {w3c.py:88} WARNING - Cleaning u_ex110119.log
[2024-04-11T15:43:24.275+0000] {logging_mixin.py:188} INFO - sort -u /opt/***/data/Staging/DimIP.txt > /opt/***/data/Staging/DimIPUniq.txt
[2024-04-11T15:43:24.299+0000] {w3c.py:131} WARNING - calling Clean u_ex110424.log
[2024-04-11T15:43:24.299+0000] {logging_mixin.py:188} INFO - Cleaning  u_ex110424.log
[2024-04-11T15:43:24.300+0000] {w3c.py:88} WARNING - Cleaning u_ex110424.log
[2024-04-11T15:43:24.300+0000] {logging_mixin.py:188} INFO - sort -u /opt/***/data/Staging/DimIP.txt > /opt/***/data/Staging/DimIPUniq.txt
[2024-04-11T15:43:24.318+0000] {w3c.py:131} WARNING - calling Clean u_ex100619.log
[2024-04-11T15:43:24.318+0000] {logging_mixin.py:188} INFO - Cleaning  u_ex100619.log
[2024-04-11T15:43:24.319+0000] {w3c.py:88} WARNING - Cleaning u_ex100619.log
[2024-04-11T15:43:24.323+0000] {logging_mixin.py:188} INFO - sort -u /opt/***/data/Staging/DimIP.txt > /opt/***/data/Staging/DimIPUniq.txt
[2024-04-11T15:43:24.339+0000] {w3c.py:131} WARNING - calling Clean u_ex100714.log
[2024-04-11T15:43:24.340+0000] {logging_mixin.py:188} INFO - Cleaning  u_ex100714.log
[2024-04-11T15:43:24.340+0000] {w3c.py:88} WARNING - Cleaning u_ex100714.log
[2024-04-11T15:43:24.341+0000] {logging_mixin.py:188} INFO - sort -u /opt/***/data/Staging/DimIP.txt > /opt/***/data/Staging/DimIPUniq.txt
[2024-04-11T15:43:24.344+0000] {w3c.py:131} WARNING - calling Clean u_ex100106.log
[2024-04-11T15:43:24.345+0000] {logging_mixin.py:188} INFO - Cleaning  u_ex100106.log
[2024-04-11T15:43:24.345+0000] {w3c.py:88} WARNING - Cleaning u_ex100106.log
[2024-04-11T15:43:24.345+0000] {logging_mixin.py:188} INFO - sort -u /opt/***/data/Staging/DimIP.txt > /opt/***/data/Staging/DimIPUniq.txt
[2024-04-11T15:43:24.376+0000] {w3c.py:131} WARNING - calling Clean u_ex091024.log
[2024-04-11T15:43:24.377+0000] {logging_mixin.py:188} INFO - Cleaning  u_ex091024.log
[2024-04-11T15:43:24.377+0000] {w3c.py:88} WARNING - Cleaning u_ex091024.log
[2024-04-11T15:43:24.377+0000] {logging_mixin.py:188} INFO - sort -u /opt/***/data/Staging/DimIP.txt > /opt/***/data/Staging/DimIPUniq.txt
[2024-04-11T15:43:24.387+0000] {w3c.py:131} WARNING - calling Clean u_ex101020.log
[2024-04-11T15:43:24.388+0000] {logging_mixin.py:188} INFO - Cleaning  u_ex101020.log
[2024-04-11T15:43:24.388+0000] {w3c.py:88} WARNING - Cleaning u_ex101020.log
[2024-04-11T15:43:24.389+0000] {logging_mixin.py:188} INFO - sort -u /opt/***/data/Staging/DimIP.txt > /opt/***/data/Staging/DimIPUniq.txt
[2024-04-11T15:43:24.395+0000] {w3c.py:131} WARNING - calling Clean u_ex110205.log
[2024-04-11T15:43:24.404+0000] {logging_mixin.py:188} INFO - Cleaning  u_ex110205.log
[2024-04-11T15:43:24.404+0000] {w3c.py:88} WARNING - Cleaning u_ex110205.log
[2024-04-11T15:43:24.404+0000] {logging_mixin.py:188} INFO - sort -u /opt/***/data/Staging/DimIP.txt > /opt/***/data/Staging/DimIPUniq.txt
[2024-04-11T15:43:24.409+0000] {w3c.py:131} WARNING - calling Clean u_ex100809.log
[2024-04-11T15:43:24.409+0000] {logging_mixin.py:188} INFO - Cleaning  u_ex100809.log
[2024-04-11T15:43:24.409+0000] {w3c.py:88} WARNING - Cleaning u_ex100809.log
[2024-04-11T15:43:24.410+0000] {logging_mixin.py:188} INFO - sort -u /opt/***/data/Staging/DimIP.txt > /opt/***/data/Staging/DimIPUniq.txt
[2024-04-11T15:43:24.426+0000] {w3c.py:131} WARNING - calling Clean u_ex091106.log
[2024-04-11T15:43:24.427+0000] {logging_mixin.py:188} INFO - Cleaning  u_ex091106.log
[2024-04-11T15:43:24.427+0000] {w3c.py:88} WARNING - Cleaning u_ex091106.log
[2024-04-11T15:43:24.427+0000] {logging_mixin.py:188} INFO - sort -u /opt/***/data/Staging/DimIP.txt > /opt/***/data/Staging/DimIPUniq.txt
[2024-04-11T15:43:24.429+0000] {w3c.py:131} WARNING - calling Clean u_ex091211.log
[2024-04-11T15:43:24.429+0000] {logging_mixin.py:188} INFO - Cleaning  u_ex091211.log
[2024-04-11T15:43:24.430+0000] {w3c.py:88} WARNING - Cleaning u_ex091211.log
[2024-04-11T15:43:24.430+0000] {logging_mixin.py:188} INFO - sort -u /opt/***/data/Staging/DimIP.txt > /opt/***/data/Staging/DimIPUniq.txt
[2024-04-11T15:43:24.442+0000] {w3c.py:131} WARNING - calling Clean u_ex100322.log
[2024-04-11T15:43:24.442+0000] {logging_mixin.py:188} INFO - Cleaning  u_ex100322.log
[2024-04-11T15:43:24.443+0000] {w3c.py:88} WARNING - Cleaning u_ex100322.log
[2024-04-11T15:43:24.443+0000] {logging_mixin.py:188} INFO - sort -u /opt/***/data/Staging/DimIP.txt > /opt/***/data/Staging/DimIPUniq.txt
[2024-04-11T15:43:24.459+0000] {w3c.py:131} WARNING - calling Clean u_ex100117.log
[2024-04-11T15:43:24.462+0000] {logging_mixin.py:188} INFO - Cleaning  u_ex100117.log
[2024-04-11T15:43:24.462+0000] {w3c.py:88} WARNING - Cleaning u_ex100117.log
[2024-04-11T15:43:24.463+0000] {logging_mixin.py:188} INFO - sort -u /opt/***/data/Staging/DimIP.txt > /opt/***/data/Staging/DimIPUniq.txt
[2024-04-11T15:43:24.488+0000] {w3c.py:131} WARNING - calling Clean u_ex101225.log
[2024-04-11T15:43:24.488+0000] {logging_mixin.py:188} INFO - Cleaning  u_ex101225.log
[2024-04-11T15:43:24.496+0000] {w3c.py:88} WARNING - Cleaning u_ex101225.log
[2024-04-11T15:43:24.497+0000] {logging_mixin.py:188} INFO - sort -u /opt/***/data/Staging/DimIP.txt > /opt/***/data/Staging/DimIPUniq.txt
[2024-04-11T15:43:24.506+0000] {w3c.py:131} WARNING - calling Clean u_ex100424.log
[2024-04-11T15:43:24.506+0000] {logging_mixin.py:188} INFO - Cleaning  u_ex100424.log
[2024-04-11T15:43:24.506+0000] {w3c.py:88} WARNING - Cleaning u_ex100424.log
[2024-04-11T15:43:24.507+0000] {logging_mixin.py:188} INFO - sort -u /opt/***/data/Staging/DimIP.txt > /opt/***/data/Staging/DimIPUniq.txt
[2024-04-11T15:43:24.520+0000] {w3c.py:131} WARNING - calling Clean u_ex091102.log
[2024-04-11T15:43:24.520+0000] {logging_mixin.py:188} INFO - Cleaning  u_ex091102.log
[2024-04-11T15:43:24.521+0000] {w3c.py:88} WARNING - Cleaning u_ex091102.log
[2024-04-11T15:43:24.521+0000] {logging_mixin.py:188} INFO - sort -u /opt/***/data/Staging/DimIP.txt > /opt/***/data/Staging/DimIPUniq.txt
[2024-04-11T15:43:24.553+0000] {w3c.py:131} WARNING - calling Clean u_ex091123.log
[2024-04-11T15:43:24.554+0000] {logging_mixin.py:188} INFO - Cleaning  u_ex091123.log
[2024-04-11T15:43:24.554+0000] {w3c.py:88} WARNING - Cleaning u_ex091123.log
[2024-04-11T15:43:24.554+0000] {logging_mixin.py:188} INFO - sort -u /opt/***/data/Staging/DimIP.txt > /opt/***/data/Staging/DimIPUniq.txt
[2024-04-11T15:43:24.561+0000] {w3c.py:131} WARNING - calling Clean u_ex100629.log
[2024-04-11T15:43:24.562+0000] {logging_mixin.py:188} INFO - Cleaning  u_ex100629.log
[2024-04-11T15:43:24.562+0000] {w3c.py:88} WARNING - Cleaning u_ex100629.log
[2024-04-11T15:43:24.563+0000] {logging_mixin.py:188} INFO - sort -u /opt/***/data/Staging/DimIP.txt > /opt/***/data/Staging/DimIPUniq.txt
[2024-04-11T15:43:24.568+0000] {w3c.py:131} WARNING - calling Clean u_ex100612.log
[2024-04-11T15:43:24.568+0000] {logging_mixin.py:188} INFO - Cleaning  u_ex100612.log
[2024-04-11T15:43:24.568+0000] {w3c.py:88} WARNING - Cleaning u_ex100612.log
[2024-04-11T15:43:24.569+0000] {logging_mixin.py:188} INFO - sort -u /opt/***/data/Staging/DimIP.txt > /opt/***/data/Staging/DimIPUniq.txt
[2024-04-11T15:43:24.572+0000] {w3c.py:131} WARNING - calling Clean u_ex100912.log
[2024-04-11T15:43:24.573+0000] {logging_mixin.py:188} INFO - Cleaning  u_ex100912.log
[2024-04-11T15:43:24.573+0000] {w3c.py:88} WARNING - Cleaning u_ex100912.log
[2024-04-11T15:43:24.573+0000] {logging_mixin.py:188} INFO - sort -u /opt/***/data/Staging/DimIP.txt > /opt/***/data/Staging/DimIPUniq.txt
[2024-04-11T15:43:24.585+0000] {w3c.py:131} WARNING - calling Clean u_ex101215.log
[2024-04-11T15:43:24.586+0000] {logging_mixin.py:188} INFO - Cleaning  u_ex101215.log
[2024-04-11T15:43:24.586+0000] {w3c.py:88} WARNING - Cleaning u_ex101215.log
[2024-04-11T15:43:24.586+0000] {logging_mixin.py:188} INFO - sort -u /opt/***/data/Staging/DimIP.txt > /opt/***/data/Staging/DimIPUniq.txt
[2024-04-11T15:43:24.601+0000] {w3c.py:131} WARNING - calling Clean u_ex100131.log
[2024-04-11T15:43:24.602+0000] {logging_mixin.py:188} INFO - Cleaning  u_ex100131.log
[2024-04-11T15:43:24.602+0000] {w3c.py:88} WARNING - Cleaning u_ex100131.log
[2024-04-11T15:43:24.602+0000] {logging_mixin.py:188} INFO - sort -u /opt/***/data/Staging/DimIP.txt > /opt/***/data/Staging/DimIPUniq.txt
[2024-04-11T15:43:24.612+0000] {w3c.py:131} WARNING - calling Clean u_ex101223.log
[2024-04-11T15:43:24.612+0000] {logging_mixin.py:188} INFO - Cleaning  u_ex101223.log
[2024-04-11T15:43:24.613+0000] {w3c.py:88} WARNING - Cleaning u_ex101223.log
[2024-04-11T15:43:24.613+0000] {logging_mixin.py:188} INFO - sort -u /opt/***/data/Staging/DimIP.txt > /opt/***/data/Staging/DimIPUniq.txt
[2024-04-11T15:43:24.626+0000] {w3c.py:131} WARNING - calling Clean u_ex110427.log
[2024-04-11T15:43:24.627+0000] {logging_mixin.py:188} INFO - Cleaning  u_ex110427.log
[2024-04-11T15:43:24.627+0000] {w3c.py:88} WARNING - Cleaning u_ex110427.log
[2024-04-11T15:43:24.627+0000] {logging_mixin.py:188} INFO - sort -u /opt/***/data/Staging/DimIP.txt > /opt/***/data/Staging/DimIPUniq.txt
[2024-04-11T15:43:24.640+0000] {w3c.py:131} WARNING - calling Clean u_ex101008.log
[2024-04-11T15:43:24.641+0000] {logging_mixin.py:188} INFO - Cleaning  u_ex101008.log
[2024-04-11T15:43:24.641+0000] {w3c.py:88} WARNING - Cleaning u_ex101008.log
[2024-04-11T15:43:24.641+0000] {logging_mixin.py:188} INFO - sort -u /opt/***/data/Staging/DimIP.txt > /opt/***/data/Staging/DimIPUniq.txt
[2024-04-11T15:43:24.661+0000] {w3c.py:131} WARNING - calling Clean u_ex100423.log
[2024-04-11T15:43:24.661+0000] {logging_mixin.py:188} INFO - Cleaning  u_ex100423.log
[2024-04-11T15:43:24.662+0000] {w3c.py:88} WARNING - Cleaning u_ex100423.log
[2024-04-11T15:43:24.662+0000] {logging_mixin.py:188} INFO - sort -u /opt/***/data/Staging/DimIP.txt > /opt/***/data/Staging/DimIPUniq.txt
[2024-04-11T15:43:24.677+0000] {w3c.py:131} WARNING - calling Clean u_ex100808.log
[2024-04-11T15:43:24.677+0000] {logging_mixin.py:188} INFO - Cleaning  u_ex100808.log
[2024-04-11T15:43:24.678+0000] {w3c.py:88} WARNING - Cleaning u_ex100808.log
[2024-04-11T15:43:24.678+0000] {logging_mixin.py:188} INFO - sort -u /opt/***/data/Staging/DimIP.txt > /opt/***/data/Staging/DimIPUniq.txt
[2024-04-11T15:43:24.689+0000] {w3c.py:131} WARNING - calling Clean u_ex100519.log
[2024-04-11T15:43:24.690+0000] {logging_mixin.py:188} INFO - Cleaning  u_ex100519.log
[2024-04-11T15:43:24.690+0000] {w3c.py:88} WARNING - Cleaning u_ex100519.log
[2024-04-11T15:43:24.690+0000] {logging_mixin.py:188} INFO - sort -u /opt/***/data/Staging/DimIP.txt > /opt/***/data/Staging/DimIPUniq.txt
[2024-04-11T15:43:24.695+0000] {w3c.py:131} WARNING - calling Clean u_ex091213.log
[2024-04-11T15:43:24.706+0000] {logging_mixin.py:188} INFO - Cleaning  u_ex091213.log
[2024-04-11T15:43:24.706+0000] {w3c.py:88} WARNING - Cleaning u_ex091213.log
[2024-04-11T15:43:24.707+0000] {logging_mixin.py:188} INFO - sort -u /opt/***/data/Staging/DimIP.txt > /opt/***/data/Staging/DimIPUniq.txt
[2024-04-11T15:43:24.722+0000] {w3c.py:131} WARNING - calling Clean u_ex101202.log
[2024-04-11T15:43:24.722+0000] {logging_mixin.py:188} INFO - Cleaning  u_ex101202.log
[2024-04-11T15:43:24.723+0000] {w3c.py:88} WARNING - Cleaning u_ex101202.log
[2024-04-11T15:43:24.723+0000] {logging_mixin.py:188} INFO - sort -u /opt/***/data/Staging/DimIP.txt > /opt/***/data/Staging/DimIPUniq.txt
[2024-04-11T15:43:24.739+0000] {w3c.py:131} WARNING - calling Clean u_ex100718.log
[2024-04-11T15:43:24.740+0000] {logging_mixin.py:188} INFO - Cleaning  u_ex100718.log
[2024-04-11T15:43:24.741+0000] {w3c.py:88} WARNING - Cleaning u_ex100718.log
[2024-04-11T15:43:24.741+0000] {logging_mixin.py:188} INFO - sort -u /opt/***/data/Staging/DimIP.txt > /opt/***/data/Staging/DimIPUniq.txt
[2024-04-11T15:43:24.774+0000] {w3c.py:131} WARNING - calling Clean u_ex100314.log
[2024-04-11T15:43:24.775+0000] {logging_mixin.py:188} INFO - Cleaning  u_ex100314.log
[2024-04-11T15:43:24.775+0000] {w3c.py:88} WARNING - Cleaning u_ex100314.log
[2024-04-11T15:43:24.776+0000] {logging_mixin.py:188} INFO - sort -u /opt/***/data/Staging/DimIP.txt > /opt/***/data/Staging/DimIPUniq.txt
[2024-04-11T15:43:24.791+0000] {w3c.py:131} WARNING - calling Clean u_ex100425.log
[2024-04-11T15:43:24.792+0000] {logging_mixin.py:188} INFO - Cleaning  u_ex100425.log
[2024-04-11T15:43:24.792+0000] {w3c.py:88} WARNING - Cleaning u_ex100425.log
[2024-04-11T15:43:24.792+0000] {logging_mixin.py:188} INFO - sort -u /opt/***/data/Staging/DimIP.txt > /opt/***/data/Staging/DimIPUniq.txt
[2024-04-11T15:43:24.803+0000] {w3c.py:131} WARNING - calling Clean u_ex100304.log
[2024-04-11T15:43:24.804+0000] {logging_mixin.py:188} INFO - Cleaning  u_ex100304.log
[2024-04-11T15:43:24.807+0000] {w3c.py:88} WARNING - Cleaning u_ex100304.log
[2024-04-11T15:43:24.808+0000] {logging_mixin.py:188} INFO - sort -u /opt/***/data/Staging/DimIP.txt > /opt/***/data/Staging/DimIPUniq.txt
[2024-04-11T15:43:24.822+0000] {w3c.py:131} WARNING - calling Clean u_ex100419.log
[2024-04-11T15:43:24.823+0000] {logging_mixin.py:188} INFO - Cleaning  u_ex100419.log
[2024-04-11T15:43:24.829+0000] {w3c.py:88} WARNING - Cleaning u_ex100419.log
[2024-04-11T15:43:24.829+0000] {logging_mixin.py:188} INFO - sort -u /opt/***/data/Staging/DimIP.txt > /opt/***/data/Staging/DimIPUniq.txt
[2024-04-11T15:43:24.843+0000] {w3c.py:131} WARNING - calling Clean u_ex101023.log
[2024-04-11T15:43:24.844+0000] {logging_mixin.py:188} INFO - Cleaning  u_ex101023.log
[2024-04-11T15:43:24.844+0000] {w3c.py:88} WARNING - Cleaning u_ex101023.log
[2024-04-11T15:43:24.844+0000] {logging_mixin.py:188} INFO - sort -u /opt/***/data/Staging/DimIP.txt > /opt/***/data/Staging/DimIPUniq.txt
[2024-04-11T15:43:24.858+0000] {w3c.py:131} WARNING - calling Clean u_ex101025.log
[2024-04-11T15:43:24.864+0000] {logging_mixin.py:188} INFO - Cleaning  u_ex101025.log
[2024-04-11T15:43:24.865+0000] {w3c.py:88} WARNING - Cleaning u_ex101025.log
[2024-04-11T15:43:24.865+0000] {logging_mixin.py:188} INFO - sort -u /opt/***/data/Staging/DimIP.txt > /opt/***/data/Staging/DimIPUniq.txt
[2024-04-11T15:43:24.879+0000] {w3c.py:131} WARNING - calling Clean u_ex101101.log
[2024-04-11T15:43:24.879+0000] {logging_mixin.py:188} INFO - Cleaning  u_ex101101.log
[2024-04-11T15:43:24.880+0000] {w3c.py:88} WARNING - Cleaning u_ex101101.log
[2024-04-11T15:43:24.880+0000] {logging_mixin.py:188} INFO - sort -u /opt/***/data/Staging/DimIP.txt > /opt/***/data/Staging/DimIPUniq.txt
[2024-04-11T15:43:24.910+0000] {w3c.py:131} WARNING - calling Clean u_ex100906.log
[2024-04-11T15:43:24.910+0000] {logging_mixin.py:188} INFO - Cleaning  u_ex100906.log
[2024-04-11T15:43:24.911+0000] {w3c.py:88} WARNING - Cleaning u_ex100906.log
[2024-04-11T15:43:24.917+0000] {logging_mixin.py:188} INFO - sort -u /opt/***/data/Staging/DimIP.txt > /opt/***/data/Staging/DimIPUniq.txt
[2024-04-11T15:43:24.922+0000] {w3c.py:131} WARNING - calling Clean u_ex101113.log
[2024-04-11T15:43:24.922+0000] {logging_mixin.py:188} INFO - Cleaning  u_ex101113.log
[2024-04-11T15:43:24.923+0000] {w3c.py:88} WARNING - Cleaning u_ex101113.log
[2024-04-11T15:43:24.923+0000] {logging_mixin.py:188} INFO - sort -u /opt/***/data/Staging/DimIP.txt > /opt/***/data/Staging/DimIPUniq.txt
[2024-04-11T15:43:24.938+0000] {w3c.py:131} WARNING - calling Clean u_ex100924.log
[2024-04-11T15:43:24.938+0000] {logging_mixin.py:188} INFO - Cleaning  u_ex100924.log
[2024-04-11T15:43:24.939+0000] {w3c.py:88} WARNING - Cleaning u_ex100924.log
[2024-04-11T15:43:24.939+0000] {logging_mixin.py:188} INFO - sort -u /opt/***/data/Staging/DimIP.txt > /opt/***/data/Staging/DimIPUniq.txt
[2024-04-11T15:43:24.969+0000] {w3c.py:131} WARNING - calling Clean u_ex101118.log
[2024-04-11T15:43:24.969+0000] {logging_mixin.py:188} INFO - Cleaning  u_ex101118.log
[2024-04-11T15:43:24.970+0000] {w3c.py:88} WARNING - Cleaning u_ex101118.log
[2024-04-11T15:43:24.970+0000] {logging_mixin.py:188} INFO - sort -u /opt/***/data/Staging/DimIP.txt > /opt/***/data/Staging/DimIPUniq.txt
[2024-04-11T15:43:24.984+0000] {w3c.py:131} WARNING - calling Clean u_ex091130.log
[2024-04-11T15:43:24.985+0000] {logging_mixin.py:188} INFO - Cleaning  u_ex091130.log
[2024-04-11T15:43:24.985+0000] {w3c.py:88} WARNING - Cleaning u_ex091130.log
[2024-04-11T15:43:24.986+0000] {logging_mixin.py:188} INFO - sort -u /opt/***/data/Staging/DimIP.txt > /opt/***/data/Staging/DimIPUniq.txt
[2024-04-11T15:43:24.990+0000] {logging_mixin.py:188} INFO - Fault 26
[2024-04-11T15:43:25.019+0000] {logging_mixin.py:188} INFO - Fault 10
[2024-04-11T15:43:25.033+0000] {logging_mixin.py:188} INFO - Fault 6
[2024-04-11T15:43:25.034+0000] {w3c.py:131} WARNING - calling Clean u_ex100309.log
[2024-04-11T15:43:25.034+0000] {logging_mixin.py:188} INFO - Cleaning  u_ex100309.log
[2024-04-11T15:43:25.035+0000] {w3c.py:88} WARNING - Cleaning u_ex100309.log
[2024-04-11T15:43:25.035+0000] {logging_mixin.py:188} INFO - sort -u /opt/***/data/Staging/DimIP.txt > /opt/***/data/Staging/DimIPUniq.txt
[2024-04-11T15:43:25.041+0000] {w3c.py:131} WARNING - calling Clean u_ex100725.log
[2024-04-11T15:43:25.041+0000] {logging_mixin.py:188} INFO - Cleaning  u_ex100725.log
[2024-04-11T15:43:25.041+0000] {w3c.py:88} WARNING - Cleaning u_ex100725.log
[2024-04-11T15:43:25.042+0000] {logging_mixin.py:188} INFO - sort -u /opt/***/data/Staging/DimIP.txt > /opt/***/data/Staging/DimIPUniq.txt
[2024-04-11T15:43:25.048+0000] {w3c.py:131} WARNING - calling Clean u_ex091025.log
[2024-04-11T15:43:25.048+0000] {logging_mixin.py:188} INFO - Cleaning  u_ex091025.log
[2024-04-11T15:43:25.049+0000] {w3c.py:88} WARNING - Cleaning u_ex091025.log
[2024-04-11T15:43:25.049+0000] {logging_mixin.py:188} INFO - sort -u /opt/***/data/Staging/DimIP.txt > /opt/***/data/Staging/DimIPUniq.txt
[2024-04-11T15:43:25.050+0000] {w3c.py:131} WARNING - calling Clean u_ex100307.log
[2024-04-11T15:43:25.050+0000] {logging_mixin.py:188} INFO - Cleaning  u_ex100307.log
[2024-04-11T15:43:25.051+0000] {w3c.py:88} WARNING - Cleaning u_ex100307.log
[2024-04-11T15:43:25.051+0000] {logging_mixin.py:188} INFO - sort -u /opt/***/data/Staging/DimIP.txt > /opt/***/data/Staging/DimIPUniq.txt
[2024-04-11T15:43:25.055+0000] {w3c.py:131} WARNING - calling Clean u_ex110516.log
[2024-04-11T15:43:25.055+0000] {logging_mixin.py:188} INFO - Cleaning  u_ex110516.log
[2024-04-11T15:43:25.055+0000] {w3c.py:88} WARNING - Cleaning u_ex110516.log
[2024-04-11T15:43:25.056+0000] {logging_mixin.py:188} INFO - sort -u /opt/***/data/Staging/DimIP.txt > /opt/***/data/Staging/DimIPUniq.txt
[2024-04-11T15:43:25.063+0000] {w3c.py:131} WARNING - calling Clean u_ex100628.log
[2024-04-11T15:43:25.063+0000] {logging_mixin.py:188} INFO - Cleaning  u_ex100628.log
[2024-04-11T15:43:25.064+0000] {w3c.py:88} WARNING - Cleaning u_ex100628.log
[2024-04-11T15:43:25.064+0000] {logging_mixin.py:188} INFO - sort -u /opt/***/data/Staging/DimIP.txt > /opt/***/data/Staging/DimIPUniq.txt
[2024-04-11T15:43:25.068+0000] {w3c.py:131} WARNING - calling Clean u_ex100406.log
[2024-04-11T15:43:25.069+0000] {logging_mixin.py:188} INFO - Cleaning  u_ex100406.log
[2024-04-11T15:43:25.069+0000] {w3c.py:88} WARNING - Cleaning u_ex100406.log
[2024-04-11T15:43:25.069+0000] {logging_mixin.py:188} INFO - sort -u /opt/***/data/Staging/DimIP.txt > /opt/***/data/Staging/DimIPUniq.txt
[2024-04-11T15:43:25.078+0000] {w3c.py:131} WARNING - calling Clean u_ex100221.log
[2024-04-11T15:43:25.079+0000] {logging_mixin.py:188} INFO - Cleaning  u_ex100221.log
[2024-04-11T15:43:25.079+0000] {w3c.py:88} WARNING - Cleaning u_ex100221.log
[2024-04-11T15:43:25.079+0000] {logging_mixin.py:188} INFO - sort -u /opt/***/data/Staging/DimIP.txt > /opt/***/data/Staging/DimIPUniq.txt
[2024-04-11T15:43:25.084+0000] {w3c.py:131} WARNING - calling Clean u_ex100113.log
[2024-04-11T15:43:25.084+0000] {logging_mixin.py:188} INFO - Cleaning  u_ex100113.log
[2024-04-11T15:43:25.085+0000] {w3c.py:88} WARNING - Cleaning u_ex100113.log
[2024-04-11T15:43:25.085+0000] {logging_mixin.py:188} INFO - sort -u /opt/***/data/Staging/DimIP.txt > /opt/***/data/Staging/DimIPUniq.txt
[2024-04-11T15:43:25.095+0000] {w3c.py:131} WARNING - calling Clean u_ex101212.log
[2024-04-11T15:43:25.095+0000] {logging_mixin.py:188} INFO - Cleaning  u_ex101212.log
[2024-04-11T15:43:25.096+0000] {w3c.py:88} WARNING - Cleaning u_ex101212.log
[2024-04-11T15:43:25.096+0000] {logging_mixin.py:188} INFO - sort -u /opt/***/data/Staging/DimIP.txt > /opt/***/data/Staging/DimIPUniq.txt
[2024-04-11T15:43:25.102+0000] {w3c.py:131} WARNING - calling Clean u_ex100302.log
[2024-04-11T15:43:25.102+0000] {logging_mixin.py:188} INFO - Cleaning  u_ex100302.log
[2024-04-11T15:43:25.102+0000] {w3c.py:88} WARNING - Cleaning u_ex100302.log
[2024-04-11T15:43:25.103+0000] {logging_mixin.py:188} INFO - sort -u /opt/***/data/Staging/DimIP.txt > /opt/***/data/Staging/DimIPUniq.txt
[2024-04-11T15:43:25.112+0000] {w3c.py:131} WARNING - calling Clean u_ex100630.log
[2024-04-11T15:43:25.113+0000] {logging_mixin.py:188} INFO - Cleaning  u_ex100630.log
[2024-04-11T15:43:25.113+0000] {w3c.py:88} WARNING - Cleaning u_ex100630.log
[2024-04-11T15:43:25.113+0000] {logging_mixin.py:188} INFO - sort -u /opt/***/data/Staging/DimIP.txt > /opt/***/data/Staging/DimIPUniq.txt
[2024-04-11T15:43:25.117+0000] {w3c.py:131} WARNING - calling Clean u_ex100615.log
[2024-04-11T15:43:25.118+0000] {logging_mixin.py:188} INFO - Cleaning  u_ex100615.log
[2024-04-11T15:43:25.118+0000] {w3c.py:88} WARNING - Cleaning u_ex100615.log
[2024-04-11T15:43:25.118+0000] {logging_mixin.py:188} INFO - sort -u /opt/***/data/Staging/DimIP.txt > /opt/***/data/Staging/DimIPUniq.txt
[2024-04-11T15:43:25.122+0000] {w3c.py:131} WARNING - calling Clean u_ex091120.log
[2024-04-11T15:43:25.123+0000] {logging_mixin.py:188} INFO - Cleaning  u_ex091120.log
[2024-04-11T15:43:25.123+0000] {w3c.py:88} WARNING - Cleaning u_ex091120.log
[2024-04-11T15:43:25.123+0000] {logging_mixin.py:188} INFO - sort -u /opt/***/data/Staging/DimIP.txt > /opt/***/data/Staging/DimIPUniq.txt
[2024-04-11T15:43:25.127+0000] {w3c.py:131} WARNING - calling Clean u_ex110504.log
[2024-04-11T15:43:25.127+0000] {logging_mixin.py:188} INFO - Cleaning  u_ex110504.log
[2024-04-11T15:43:25.128+0000] {w3c.py:88} WARNING - Cleaning u_ex110504.log
[2024-04-11T15:43:25.128+0000] {logging_mixin.py:188} INFO - sort -u /opt/***/data/Staging/DimIP.txt > /opt/***/data/Staging/DimIPUniq.txt
[2024-04-11T15:43:25.142+0000] {w3c.py:131} WARNING - calling Clean u_ex100622.log
[2024-04-11T15:43:25.142+0000] {logging_mixin.py:188} INFO - Cleaning  u_ex100622.log
[2024-04-11T15:43:25.143+0000] {w3c.py:88} WARNING - Cleaning u_ex100622.log
[2024-04-11T15:43:25.143+0000] {logging_mixin.py:188} INFO - sort -u /opt/***/data/Staging/DimIP.txt > /opt/***/data/Staging/DimIPUniq.txt
[2024-04-11T15:43:25.161+0000] {w3c.py:131} WARNING - calling Clean u_ex100801.log
[2024-04-11T15:43:25.161+0000] {logging_mixin.py:188} INFO - Cleaning  u_ex100801.log
[2024-04-11T15:43:25.162+0000] {w3c.py:88} WARNING - Cleaning u_ex100801.log
[2024-04-11T15:43:25.162+0000] {logging_mixin.py:188} INFO - sort -u /opt/***/data/Staging/DimIP.txt > /opt/***/data/Staging/DimIPUniq.txt
[2024-04-11T15:43:25.166+0000] {w3c.py:131} WARNING - calling Clean u_ex110407.log
[2024-04-11T15:43:25.166+0000] {logging_mixin.py:188} INFO - Cleaning  u_ex110407.log
[2024-04-11T15:43:25.166+0000] {w3c.py:88} WARNING - Cleaning u_ex110407.log
[2024-04-11T15:43:25.167+0000] {logging_mixin.py:188} INFO - sort -u /opt/***/data/Staging/DimIP.txt > /opt/***/data/Staging/DimIPUniq.txt
[2024-04-11T15:43:25.184+0000] {w3c.py:131} WARNING - calling Clean u_ex100926.log
[2024-04-11T15:43:25.185+0000] {logging_mixin.py:188} INFO - Cleaning  u_ex100926.log
[2024-04-11T15:43:25.185+0000] {w3c.py:88} WARNING - Cleaning u_ex100926.log
[2024-04-11T15:43:25.185+0000] {logging_mixin.py:188} INFO - sort -u /opt/***/data/Staging/DimIP.txt > /opt/***/data/Staging/DimIPUniq.txt
[2024-04-11T15:43:25.200+0000] {w3c.py:131} WARNING - calling Clean u_ex100422.log
[2024-04-11T15:43:25.202+0000] {logging_mixin.py:188} INFO - Cleaning  u_ex100422.log
[2024-04-11T15:43:25.203+0000] {w3c.py:88} WARNING - Cleaning u_ex100422.log
[2024-04-11T15:43:25.203+0000] {logging_mixin.py:188} INFO - sort -u /opt/***/data/Staging/DimIP.txt > /opt/***/data/Staging/DimIPUniq.txt
[2024-04-11T15:43:25.211+0000] {w3c.py:131} WARNING - calling Clean u_ex101111.log
[2024-04-11T15:43:25.211+0000] {logging_mixin.py:188} INFO - Cleaning  u_ex101111.log
[2024-04-11T15:43:25.212+0000] {w3c.py:88} WARNING - Cleaning u_ex101111.log
[2024-04-11T15:43:25.212+0000] {logging_mixin.py:188} INFO - sort -u /opt/***/data/Staging/DimIP.txt > /opt/***/data/Staging/DimIPUniq.txt
[2024-04-11T15:43:25.229+0000] {w3c.py:131} WARNING - calling Clean u_ex100705.log
[2024-04-11T15:43:25.229+0000] {logging_mixin.py:188} INFO - Cleaning  u_ex100705.log
[2024-04-11T15:43:25.230+0000] {w3c.py:88} WARNING - Cleaning u_ex100705.log
[2024-04-11T15:43:25.230+0000] {logging_mixin.py:188} INFO - sort -u /opt/***/data/Staging/DimIP.txt > /opt/***/data/Staging/DimIPUniq.txt
[2024-04-11T15:43:25.241+0000] {w3c.py:131} WARNING - calling Clean u_ex100112.log
[2024-04-11T15:43:25.242+0000] {logging_mixin.py:188} INFO - Cleaning  u_ex100112.log
[2024-04-11T15:43:25.242+0000] {w3c.py:88} WARNING - Cleaning u_ex100112.log
[2024-04-11T15:43:25.242+0000] {logging_mixin.py:188} INFO - sort -u /opt/***/data/Staging/DimIP.txt > /opt/***/data/Staging/DimIPUniq.txt
[2024-04-11T15:43:25.263+0000] {w3c.py:131} WARNING - calling Clean u_ex101027.log
[2024-04-11T15:43:25.264+0000] {logging_mixin.py:188} INFO - Cleaning  u_ex101027.log
[2024-04-11T15:43:25.264+0000] {w3c.py:88} WARNING - Cleaning u_ex101027.log
[2024-04-11T15:43:25.265+0000] {logging_mixin.py:188} INFO - sort -u /opt/***/data/Staging/DimIP.txt > /opt/***/data/Staging/DimIPUniq.txt
[2024-04-11T15:43:25.276+0000] {python.py:237} INFO - Done. Returned value was: None
[2024-04-11T15:43:25.277+0000] {taskinstance.py:441} INFO - ::group::Post task execution logs
[2024-04-11T15:43:25.308+0000] {taskinstance.py:1205} INFO - Marking task as SUCCESS. dag_id=Process_W3_Data, task_id=RemoveHash, execution_date=20240411T154312, start_date=20240411T154322, end_date=20240411T154325
[2024-04-11T15:43:25.385+0000] {local_task_job_runner.py:240} INFO - Task exited with return code 0
[2024-04-11T15:43:25.448+0000] {taskinstance.py:3482} INFO - 1 downstream tasks scheduled from follow-on schedule check
[2024-04-11T15:43:25.454+0000] {local_task_job_runner.py:222} INFO - ::endgroup::
