[2024-04-13T13:16:01.046+0000] {local_task_job_runner.py:120} INFO - ::group::Pre task execution logs
[2024-04-13T13:16:01.120+0000] {taskinstance.py:2073} INFO - Dependencies all met for dep_context=non-requeueable deps ti=<TaskInstance: Process_W3_Data.uniqDate manual__2024-04-13T13:15:36.585448+00:00 [queued]>
[2024-04-13T13:16:01.134+0000] {taskinstance.py:2073} INFO - Dependencies all met for dep_context=requeueable deps ti=<TaskInstance: Process_W3_Data.uniqDate manual__2024-04-13T13:15:36.585448+00:00 [queued]>
[2024-04-13T13:16:01.135+0000] {taskinstance.py:2303} INFO - Starting attempt 1 of 1
[2024-04-13T13:16:01.162+0000] {taskinstance.py:2327} INFO - Executing <Task(BashOperator): uniqDate> on 2024-04-13 13:15:36.585448+00:00
[2024-04-13T13:16:01.176+0000] {warnings.py:110} WARNING - /home/***/.local/lib/python3.12/site-packages/***/task/task_runner/standard_task_runner.py:61: DeprecationWarning: This process (pid=105) is multi-threaded, use of fork() may lead to deadlocks in the child.
  pid = os.fork()

[2024-04-13T13:16:01.179+0000] {standard_task_runner.py:63} INFO - Started process 109 to run task
[2024-04-13T13:16:01.196+0000] {standard_task_runner.py:90} INFO - Running: ['***', 'tasks', 'run', 'Process_W3_Data', 'uniqDate', 'manual__2024-04-13T13:15:36.585448+00:00', '--job-id', '278', '--raw', '--subdir', 'DAGS_FOLDER/w3c.py', '--cfg-path', '/tmp/tmpd791h8cs']
[2024-04-13T13:16:01.207+0000] {standard_task_runner.py:91} INFO - Job 278: Subtask uniqDate
[2024-04-13T13:16:01.333+0000] {task_command.py:426} INFO - Running <TaskInstance: Process_W3_Data.uniqDate manual__2024-04-13T13:15:36.585448+00:00 [running]> on host 426f0b9f9d71
[2024-04-13T13:16:01.514+0000] {taskinstance.py:2644} INFO - Exporting env vars: AIRFLOW_CTX_DAG_OWNER='***' AIRFLOW_CTX_DAG_ID='Process_W3_Data' AIRFLOW_CTX_TASK_ID='uniqDate' AIRFLOW_CTX_EXECUTION_DATE='2024-04-13T13:15:36.585448+00:00' AIRFLOW_CTX_TRY_NUMBER='1' AIRFLOW_CTX_DAG_RUN_ID='manual__2024-04-13T13:15:36.585448+00:00'
[2024-04-13T13:16:01.517+0000] {taskinstance.py:430} INFO - ::endgroup::
[2024-04-13T13:16:01.518+0000] {subprocess.py:63} INFO - Tmp dir root location: /tmp
[2024-04-13T13:16:01.519+0000] {subprocess.py:75} INFO - Running command: ['/usr/bin/bash', '-c', 'sort -u /opt/***/data/Staging/DimDate.txt > /opt/***/data/Staging/DimDateUniq.txt']
[2024-04-13T13:16:01.544+0000] {subprocess.py:86} INFO - Output:
[2024-04-13T13:16:01.583+0000] {subprocess.py:97} INFO - Command exited with return code 0
[2024-04-13T13:16:01.584+0000] {taskinstance.py:441} INFO - ::group::Post task execution logs
[2024-04-13T13:16:01.633+0000] {taskinstance.py:1205} INFO - Marking task as SUCCESS. dag_id=Process_W3_Data, task_id=uniqDate, execution_date=20240413T131536, start_date=20240413T131601, end_date=20240413T131601
[2024-04-13T13:16:01.704+0000] {local_task_job_runner.py:240} INFO - Task exited with return code 0
[2024-04-13T13:16:01.741+0000] {taskinstance.py:3482} INFO - 1 downstream tasks scheduled from follow-on schedule check
[2024-04-13T13:16:01.744+0000] {local_task_job_runner.py:222} INFO - ::endgroup::
