[2024-04-11T16:03:04.615+0000] {local_task_job_runner.py:120} INFO - ::group::Pre task execution logs
[2024-04-11T16:03:04.666+0000] {taskinstance.py:2073} INFO - Dependencies all met for dep_context=non-requeueable deps ti=<TaskInstance: Process_W3_Data.RemoveHash manual__2024-04-11T16:03:00.871751+00:00 [queued]>
[2024-04-11T16:03:04.688+0000] {taskinstance.py:2073} INFO - Dependencies all met for dep_context=requeueable deps ti=<TaskInstance: Process_W3_Data.RemoveHash manual__2024-04-11T16:03:00.871751+00:00 [queued]>
[2024-04-11T16:03:04.689+0000] {taskinstance.py:2303} INFO - Starting attempt 1 of 1
[2024-04-11T16:03:04.727+0000] {taskinstance.py:2327} INFO - Executing <Task(PythonOperator): RemoveHash> on 2024-04-11 16:03:00.871751+00:00
[2024-04-11T16:03:04.740+0000] {warnings.py:110} WARNING - /home/***/.local/lib/python3.12/site-packages/***/task/task_runner/standard_task_runner.py:61: DeprecationWarning: This process (pid=22042) is multi-threaded, use of fork() may lead to deadlocks in the child.
  pid = os.fork()

[2024-04-11T16:03:04.744+0000] {standard_task_runner.py:63} INFO - Started process 22044 to run task
[2024-04-11T16:03:04.744+0000] {standard_task_runner.py:90} INFO - Running: ['***', 'tasks', 'run', 'Process_W3_Data', 'RemoveHash', 'manual__2024-04-11T16:03:00.871751+00:00', '--job-id', '113', '--raw', '--subdir', 'DAGS_FOLDER/w3c.py', '--cfg-path', '/tmp/tmp1gt99k7o']
[2024-04-11T16:03:04.755+0000] {standard_task_runner.py:91} INFO - Job 113: Subtask RemoveHash
[2024-04-11T16:03:04.849+0000] {task_command.py:426} INFO - Running <TaskInstance: Process_W3_Data.RemoveHash manual__2024-04-11T16:03:00.871751+00:00 [running]> on host 426f0b9f9d71
[2024-04-11T16:03:05.042+0000] {taskinstance.py:2644} INFO - Exporting env vars: AIRFLOW_CTX_DAG_OWNER='***' AIRFLOW_CTX_DAG_ID='Process_W3_Data' AIRFLOW_CTX_TASK_ID='RemoveHash' AIRFLOW_CTX_EXECUTION_DATE='2024-04-11T16:03:00.871751+00:00' AIRFLOW_CTX_TRY_NUMBER='1' AIRFLOW_CTX_DAG_RUN_ID='manual__2024-04-11T16:03:00.871751+00:00'
[2024-04-11T16:03:05.046+0000] {taskinstance.py:430} INFO - ::endgroup::
[2024-04-11T16:03:05.047+0000] {w3c.py:128} WARNING - Starting List Filesu_ex101031.log,u_ex110411.log,u_ex100626.log,u_ex100105.log,u_ex091103.log,u_ex110510.log,u_ex100708.log,u_ex100315.log,u_ex110306.log,u_ex100528.log,u_ex100204.log,u_ex110218.log,u_ex100104.log,u_ex110209.log,u_ex100916.log,u_ex100520.log,u_ex101126.log,u_ex100205.log,u_ex110405.log,u_ex110212.log,u_ex100430.log,u_ex100830.log,u_ex110130.log,u_ex100526.log,u_ex091207.log,u_ex100923.log,u_ex110119.log,u_ex110424.log,u_ex100619.log,u_ex100714.log,u_ex100106.log,u_ex091024.log,u_ex101020.log,u_ex110205.log,u_ex100809.log,u_ex091106.log,u_ex091211.log,u_ex100322.log,u_ex100117.log,u_ex101225.log,u_ex100424.log,u_ex091102.log,u_ex091123.log,u_ex100629.log,u_ex100612.log,u_ex100912.log,u_ex101215.log,u_ex100131.log,u_ex101223.log,u_ex110427.log,u_ex101008.log,u_ex100423.log,u_ex100808.log,u_ex100519.log,u_ex091213.log,u_ex101202.log,u_ex100718.log,u_ex100314.log,u_ex100425.log,u_ex100304.log,u_ex100419.log,u_ex101023.log,u_ex101025.log,u_ex101101.log,u_ex100906.log,u_ex101113.log,u_ex100924.log,u_ex101118.log,u_ex091130.log,u_ex100309.log,u_ex100725.log,u_ex091025.log,u_ex100307.log,u_ex110516.log,u_ex100628.log,u_ex100406.log,u_ex100221.log,u_ex100113.log,u_ex101212.log,u_ex100302.log,u_ex100630.log,u_ex100615.log,u_ex091120.log,u_ex110504.log,u_ex100622.log,u_ex100801.log,u_ex110407.log,u_ex100926.log,u_ex100422.log,u_ex101111.log,u_ex100705.log,u_ex100112.log,u_ex101027.log
[2024-04-11T16:03:05.056+0000] {w3c.py:131} WARNING - calling Clean u_ex101031.log
[2024-04-11T16:03:05.057+0000] {logging_mixin.py:188} INFO - Cleaning  u_ex101031.log
[2024-04-11T16:03:05.057+0000] {w3c.py:88} WARNING - Cleaning u_ex101031.log
[2024-04-11T16:03:05.058+0000] {logging_mixin.py:188} INFO - sort -u /opt/***/data/Staging/DimIP.txt > /opt/***/data/Staging/DimIPUniq.txt
[2024-04-11T16:03:05.063+0000] {w3c.py:131} WARNING - calling Clean u_ex110411.log
[2024-04-11T16:03:05.064+0000] {logging_mixin.py:188} INFO - Cleaning  u_ex110411.log
[2024-04-11T16:03:05.064+0000] {w3c.py:88} WARNING - Cleaning u_ex110411.log
[2024-04-11T16:03:05.064+0000] {logging_mixin.py:188} INFO - sort -u /opt/***/data/Staging/DimIP.txt > /opt/***/data/Staging/DimIPUniq.txt
[2024-04-11T16:03:05.082+0000] {w3c.py:131} WARNING - calling Clean u_ex100626.log
[2024-04-11T16:03:05.083+0000] {logging_mixin.py:188} INFO - Cleaning  u_ex100626.log
[2024-04-11T16:03:05.084+0000] {w3c.py:88} WARNING - Cleaning u_ex100626.log
[2024-04-11T16:03:05.084+0000] {logging_mixin.py:188} INFO - sort -u /opt/***/data/Staging/DimIP.txt > /opt/***/data/Staging/DimIPUniq.txt
[2024-04-11T16:03:05.094+0000] {w3c.py:131} WARNING - calling Clean u_ex100105.log
[2024-04-11T16:03:05.095+0000] {logging_mixin.py:188} INFO - Cleaning  u_ex100105.log
[2024-04-11T16:03:05.095+0000] {w3c.py:88} WARNING - Cleaning u_ex100105.log
[2024-04-11T16:03:05.095+0000] {logging_mixin.py:188} INFO - sort -u /opt/***/data/Staging/DimIP.txt > /opt/***/data/Staging/DimIPUniq.txt
[2024-04-11T16:03:05.101+0000] {w3c.py:131} WARNING - calling Clean u_ex091103.log
[2024-04-11T16:03:05.101+0000] {logging_mixin.py:188} INFO - Cleaning  u_ex091103.log
[2024-04-11T16:03:05.102+0000] {w3c.py:88} WARNING - Cleaning u_ex091103.log
[2024-04-11T16:03:05.102+0000] {logging_mixin.py:188} INFO - sort -u /opt/***/data/Staging/DimIP.txt > /opt/***/data/Staging/DimIPUniq.txt
[2024-04-11T16:03:05.130+0000] {w3c.py:131} WARNING - calling Clean u_ex110510.log
[2024-04-11T16:03:05.130+0000] {logging_mixin.py:188} INFO - Cleaning  u_ex110510.log
[2024-04-11T16:03:05.131+0000] {w3c.py:88} WARNING - Cleaning u_ex110510.log
[2024-04-11T16:03:05.131+0000] {logging_mixin.py:188} INFO - sort -u /opt/***/data/Staging/DimIP.txt > /opt/***/data/Staging/DimIPUniq.txt
[2024-04-11T16:03:05.148+0000] {w3c.py:131} WARNING - calling Clean u_ex100708.log
[2024-04-11T16:03:05.149+0000] {logging_mixin.py:188} INFO - Cleaning  u_ex100708.log
[2024-04-11T16:03:05.149+0000] {w3c.py:88} WARNING - Cleaning u_ex100708.log
[2024-04-11T16:03:05.150+0000] {logging_mixin.py:188} INFO - sort -u /opt/***/data/Staging/DimIP.txt > /opt/***/data/Staging/DimIPUniq.txt
[2024-04-11T16:03:05.162+0000] {w3c.py:131} WARNING - calling Clean u_ex100315.log
[2024-04-11T16:03:05.162+0000] {logging_mixin.py:188} INFO - Cleaning  u_ex100315.log
[2024-04-11T16:03:05.163+0000] {w3c.py:88} WARNING - Cleaning u_ex100315.log
[2024-04-11T16:03:05.163+0000] {logging_mixin.py:188} INFO - sort -u /opt/***/data/Staging/DimIP.txt > /opt/***/data/Staging/DimIPUniq.txt
[2024-04-11T16:03:05.178+0000] {w3c.py:131} WARNING - calling Clean u_ex110306.log
[2024-04-11T16:03:05.179+0000] {logging_mixin.py:188} INFO - Cleaning  u_ex110306.log
[2024-04-11T16:03:05.179+0000] {w3c.py:88} WARNING - Cleaning u_ex110306.log
[2024-04-11T16:03:05.180+0000] {logging_mixin.py:188} INFO - sort -u /opt/***/data/Staging/DimIP.txt > /opt/***/data/Staging/DimIPUniq.txt
[2024-04-11T16:03:05.185+0000] {w3c.py:131} WARNING - calling Clean u_ex100528.log
[2024-04-11T16:03:05.186+0000] {logging_mixin.py:188} INFO - Cleaning  u_ex100528.log
[2024-04-11T16:03:05.186+0000] {w3c.py:88} WARNING - Cleaning u_ex100528.log
[2024-04-11T16:03:05.187+0000] {logging_mixin.py:188} INFO - sort -u /opt/***/data/Staging/DimIP.txt > /opt/***/data/Staging/DimIPUniq.txt
[2024-04-11T16:03:05.192+0000] {w3c.py:131} WARNING - calling Clean u_ex100204.log
[2024-04-11T16:03:05.192+0000] {logging_mixin.py:188} INFO - Cleaning  u_ex100204.log
[2024-04-11T16:03:05.192+0000] {w3c.py:88} WARNING - Cleaning u_ex100204.log
[2024-04-11T16:03:05.193+0000] {logging_mixin.py:188} INFO - sort -u /opt/***/data/Staging/DimIP.txt > /opt/***/data/Staging/DimIPUniq.txt
[2024-04-11T16:03:05.202+0000] {w3c.py:131} WARNING - calling Clean u_ex110218.log
[2024-04-11T16:03:05.202+0000] {logging_mixin.py:188} INFO - Cleaning  u_ex110218.log
[2024-04-11T16:03:05.203+0000] {w3c.py:88} WARNING - Cleaning u_ex110218.log
[2024-04-11T16:03:05.203+0000] {logging_mixin.py:188} INFO - sort -u /opt/***/data/Staging/DimIP.txt > /opt/***/data/Staging/DimIPUniq.txt
[2024-04-11T16:03:05.212+0000] {w3c.py:131} WARNING - calling Clean u_ex100104.log
[2024-04-11T16:03:05.212+0000] {logging_mixin.py:188} INFO - Cleaning  u_ex100104.log
[2024-04-11T16:03:05.213+0000] {w3c.py:88} WARNING - Cleaning u_ex100104.log
[2024-04-11T16:03:05.213+0000] {logging_mixin.py:188} INFO - sort -u /opt/***/data/Staging/DimIP.txt > /opt/***/data/Staging/DimIPUniq.txt
[2024-04-11T16:03:05.218+0000] {w3c.py:131} WARNING - calling Clean u_ex110209.log
[2024-04-11T16:03:05.218+0000] {logging_mixin.py:188} INFO - Cleaning  u_ex110209.log
[2024-04-11T16:03:05.219+0000] {w3c.py:88} WARNING - Cleaning u_ex110209.log
[2024-04-11T16:03:05.219+0000] {logging_mixin.py:188} INFO - sort -u /opt/***/data/Staging/DimIP.txt > /opt/***/data/Staging/DimIPUniq.txt
[2024-04-11T16:03:05.230+0000] {w3c.py:131} WARNING - calling Clean u_ex100916.log
[2024-04-11T16:03:05.231+0000] {logging_mixin.py:188} INFO - Cleaning  u_ex100916.log
[2024-04-11T16:03:05.231+0000] {w3c.py:88} WARNING - Cleaning u_ex100916.log
[2024-04-11T16:03:05.232+0000] {logging_mixin.py:188} INFO - sort -u /opt/***/data/Staging/DimIP.txt > /opt/***/data/Staging/DimIPUniq.txt
[2024-04-11T16:03:05.241+0000] {w3c.py:131} WARNING - calling Clean u_ex100520.log
[2024-04-11T16:03:05.241+0000] {logging_mixin.py:188} INFO - Cleaning  u_ex100520.log
[2024-04-11T16:03:05.242+0000] {w3c.py:88} WARNING - Cleaning u_ex100520.log
[2024-04-11T16:03:05.242+0000] {logging_mixin.py:188} INFO - sort -u /opt/***/data/Staging/DimIP.txt > /opt/***/data/Staging/DimIPUniq.txt
[2024-04-11T16:03:05.250+0000] {w3c.py:131} WARNING - calling Clean u_ex101126.log
[2024-04-11T16:03:05.251+0000] {logging_mixin.py:188} INFO - Cleaning  u_ex101126.log
[2024-04-11T16:03:05.251+0000] {w3c.py:88} WARNING - Cleaning u_ex101126.log
[2024-04-11T16:03:05.252+0000] {logging_mixin.py:188} INFO - sort -u /opt/***/data/Staging/DimIP.txt > /opt/***/data/Staging/DimIPUniq.txt
[2024-04-11T16:03:05.262+0000] {w3c.py:131} WARNING - calling Clean u_ex100205.log
[2024-04-11T16:03:05.263+0000] {logging_mixin.py:188} INFO - Cleaning  u_ex100205.log
[2024-04-11T16:03:05.263+0000] {w3c.py:88} WARNING - Cleaning u_ex100205.log
[2024-04-11T16:03:05.264+0000] {logging_mixin.py:188} INFO - sort -u /opt/***/data/Staging/DimIP.txt > /opt/***/data/Staging/DimIPUniq.txt
[2024-04-11T16:03:05.267+0000] {w3c.py:131} WARNING - calling Clean u_ex110405.log
[2024-04-11T16:03:05.272+0000] {logging_mixin.py:188} INFO - Cleaning  u_ex110405.log
[2024-04-11T16:03:05.272+0000] {w3c.py:88} WARNING - Cleaning u_ex110405.log
[2024-04-11T16:03:05.272+0000] {logging_mixin.py:188} INFO - sort -u /opt/***/data/Staging/DimIP.txt > /opt/***/data/Staging/DimIPUniq.txt
[2024-04-11T16:03:05.287+0000] {w3c.py:131} WARNING - calling Clean u_ex110212.log
[2024-04-11T16:03:05.288+0000] {logging_mixin.py:188} INFO - Cleaning  u_ex110212.log
[2024-04-11T16:03:05.288+0000] {w3c.py:88} WARNING - Cleaning u_ex110212.log
[2024-04-11T16:03:05.289+0000] {logging_mixin.py:188} INFO - sort -u /opt/***/data/Staging/DimIP.txt > /opt/***/data/Staging/DimIPUniq.txt
[2024-04-11T16:03:05.294+0000] {w3c.py:131} WARNING - calling Clean u_ex100430.log
[2024-04-11T16:03:05.294+0000] {logging_mixin.py:188} INFO - Cleaning  u_ex100430.log
[2024-04-11T16:03:05.294+0000] {w3c.py:88} WARNING - Cleaning u_ex100430.log
[2024-04-11T16:03:05.295+0000] {logging_mixin.py:188} INFO - sort -u /opt/***/data/Staging/DimIP.txt > /opt/***/data/Staging/DimIPUniq.txt
[2024-04-11T16:03:05.301+0000] {w3c.py:131} WARNING - calling Clean u_ex100830.log
[2024-04-11T16:03:05.301+0000] {logging_mixin.py:188} INFO - Cleaning  u_ex100830.log
[2024-04-11T16:03:05.301+0000] {w3c.py:88} WARNING - Cleaning u_ex100830.log
[2024-04-11T16:03:05.302+0000] {logging_mixin.py:188} INFO - sort -u /opt/***/data/Staging/DimIP.txt > /opt/***/data/Staging/DimIPUniq.txt
[2024-04-11T16:03:05.306+0000] {w3c.py:131} WARNING - calling Clean u_ex110130.log
[2024-04-11T16:03:05.307+0000] {logging_mixin.py:188} INFO - Cleaning  u_ex110130.log
[2024-04-11T16:03:05.307+0000] {w3c.py:88} WARNING - Cleaning u_ex110130.log
[2024-04-11T16:03:05.307+0000] {logging_mixin.py:188} INFO - sort -u /opt/***/data/Staging/DimIP.txt > /opt/***/data/Staging/DimIPUniq.txt
[2024-04-11T16:03:05.311+0000] {w3c.py:131} WARNING - calling Clean u_ex100526.log
[2024-04-11T16:03:05.312+0000] {logging_mixin.py:188} INFO - Cleaning  u_ex100526.log
[2024-04-11T16:03:05.312+0000] {w3c.py:88} WARNING - Cleaning u_ex100526.log
[2024-04-11T16:03:05.312+0000] {logging_mixin.py:188} INFO - sort -u /opt/***/data/Staging/DimIP.txt > /opt/***/data/Staging/DimIPUniq.txt
[2024-04-11T16:03:05.317+0000] {w3c.py:131} WARNING - calling Clean u_ex091207.log
[2024-04-11T16:03:05.318+0000] {logging_mixin.py:188} INFO - Cleaning  u_ex091207.log
[2024-04-11T16:03:05.318+0000] {w3c.py:88} WARNING - Cleaning u_ex091207.log
[2024-04-11T16:03:05.318+0000] {logging_mixin.py:188} INFO - sort -u /opt/***/data/Staging/DimIP.txt > /opt/***/data/Staging/DimIPUniq.txt
[2024-04-11T16:03:05.330+0000] {w3c.py:131} WARNING - calling Clean u_ex100923.log
[2024-04-11T16:03:05.330+0000] {logging_mixin.py:188} INFO - Cleaning  u_ex100923.log
[2024-04-11T16:03:05.331+0000] {w3c.py:88} WARNING - Cleaning u_ex100923.log
[2024-04-11T16:03:05.331+0000] {logging_mixin.py:188} INFO - sort -u /opt/***/data/Staging/DimIP.txt > /opt/***/data/Staging/DimIPUniq.txt
[2024-04-11T16:03:05.343+0000] {w3c.py:131} WARNING - calling Clean u_ex110119.log
[2024-04-11T16:03:05.343+0000] {logging_mixin.py:188} INFO - Cleaning  u_ex110119.log
[2024-04-11T16:03:05.344+0000] {w3c.py:88} WARNING - Cleaning u_ex110119.log
[2024-04-11T16:03:05.344+0000] {logging_mixin.py:188} INFO - sort -u /opt/***/data/Staging/DimIP.txt > /opt/***/data/Staging/DimIPUniq.txt
[2024-04-11T16:03:05.355+0000] {w3c.py:131} WARNING - calling Clean u_ex110424.log
[2024-04-11T16:03:05.356+0000] {logging_mixin.py:188} INFO - Cleaning  u_ex110424.log
[2024-04-11T16:03:05.356+0000] {w3c.py:88} WARNING - Cleaning u_ex110424.log
[2024-04-11T16:03:05.357+0000] {logging_mixin.py:188} INFO - sort -u /opt/***/data/Staging/DimIP.txt > /opt/***/data/Staging/DimIPUniq.txt
[2024-04-11T16:03:05.362+0000] {w3c.py:131} WARNING - calling Clean u_ex100619.log
[2024-04-11T16:03:05.363+0000] {logging_mixin.py:188} INFO - Cleaning  u_ex100619.log
[2024-04-11T16:03:05.363+0000] {w3c.py:88} WARNING - Cleaning u_ex100619.log
[2024-04-11T16:03:05.363+0000] {logging_mixin.py:188} INFO - sort -u /opt/***/data/Staging/DimIP.txt > /opt/***/data/Staging/DimIPUniq.txt
[2024-04-11T16:03:05.373+0000] {w3c.py:131} WARNING - calling Clean u_ex100714.log
[2024-04-11T16:03:05.374+0000] {logging_mixin.py:188} INFO - Cleaning  u_ex100714.log
[2024-04-11T16:03:05.374+0000] {w3c.py:88} WARNING - Cleaning u_ex100714.log
[2024-04-11T16:03:05.374+0000] {logging_mixin.py:188} INFO - sort -u /opt/***/data/Staging/DimIP.txt > /opt/***/data/Staging/DimIPUniq.txt
[2024-04-11T16:03:05.378+0000] {w3c.py:131} WARNING - calling Clean u_ex100106.log
[2024-04-11T16:03:05.378+0000] {logging_mixin.py:188} INFO - Cleaning  u_ex100106.log
[2024-04-11T16:03:05.378+0000] {w3c.py:88} WARNING - Cleaning u_ex100106.log
[2024-04-11T16:03:05.379+0000] {logging_mixin.py:188} INFO - sort -u /opt/***/data/Staging/DimIP.txt > /opt/***/data/Staging/DimIPUniq.txt
[2024-04-11T16:03:05.392+0000] {w3c.py:131} WARNING - calling Clean u_ex091024.log
[2024-04-11T16:03:05.393+0000] {logging_mixin.py:188} INFO - Cleaning  u_ex091024.log
[2024-04-11T16:03:05.393+0000] {w3c.py:88} WARNING - Cleaning u_ex091024.log
[2024-04-11T16:03:05.393+0000] {logging_mixin.py:188} INFO - sort -u /opt/***/data/Staging/DimIP.txt > /opt/***/data/Staging/DimIPUniq.txt
[2024-04-11T16:03:05.394+0000] {w3c.py:131} WARNING - calling Clean u_ex101020.log
[2024-04-11T16:03:05.394+0000] {logging_mixin.py:188} INFO - Cleaning  u_ex101020.log
[2024-04-11T16:03:05.395+0000] {w3c.py:88} WARNING - Cleaning u_ex101020.log
[2024-04-11T16:03:05.395+0000] {logging_mixin.py:188} INFO - sort -u /opt/***/data/Staging/DimIP.txt > /opt/***/data/Staging/DimIPUniq.txt
[2024-04-11T16:03:05.408+0000] {w3c.py:131} WARNING - calling Clean u_ex110205.log
[2024-04-11T16:03:05.409+0000] {logging_mixin.py:188} INFO - Cleaning  u_ex110205.log
[2024-04-11T16:03:05.409+0000] {w3c.py:88} WARNING - Cleaning u_ex110205.log
[2024-04-11T16:03:05.409+0000] {logging_mixin.py:188} INFO - sort -u /opt/***/data/Staging/DimIP.txt > /opt/***/data/Staging/DimIPUniq.txt
[2024-04-11T16:03:05.413+0000] {w3c.py:131} WARNING - calling Clean u_ex100809.log
[2024-04-11T16:03:05.414+0000] {logging_mixin.py:188} INFO - Cleaning  u_ex100809.log
[2024-04-11T16:03:05.414+0000] {w3c.py:88} WARNING - Cleaning u_ex100809.log
[2024-04-11T16:03:05.414+0000] {logging_mixin.py:188} INFO - sort -u /opt/***/data/Staging/DimIP.txt > /opt/***/data/Staging/DimIPUniq.txt
[2024-04-11T16:03:05.425+0000] {w3c.py:131} WARNING - calling Clean u_ex091106.log
[2024-04-11T16:03:05.426+0000] {logging_mixin.py:188} INFO - Cleaning  u_ex091106.log
[2024-04-11T16:03:05.426+0000] {w3c.py:88} WARNING - Cleaning u_ex091106.log
[2024-04-11T16:03:05.427+0000] {logging_mixin.py:188} INFO - sort -u /opt/***/data/Staging/DimIP.txt > /opt/***/data/Staging/DimIPUniq.txt
[2024-04-11T16:03:05.429+0000] {w3c.py:131} WARNING - calling Clean u_ex091211.log
[2024-04-11T16:03:05.429+0000] {logging_mixin.py:188} INFO - Cleaning  u_ex091211.log
[2024-04-11T16:03:05.430+0000] {w3c.py:88} WARNING - Cleaning u_ex091211.log
[2024-04-11T16:03:05.430+0000] {logging_mixin.py:188} INFO - sort -u /opt/***/data/Staging/DimIP.txt > /opt/***/data/Staging/DimIPUniq.txt
[2024-04-11T16:03:05.434+0000] {w3c.py:131} WARNING - calling Clean u_ex100322.log
[2024-04-11T16:03:05.435+0000] {logging_mixin.py:188} INFO - Cleaning  u_ex100322.log
[2024-04-11T16:03:05.435+0000] {w3c.py:88} WARNING - Cleaning u_ex100322.log
[2024-04-11T16:03:05.435+0000] {logging_mixin.py:188} INFO - sort -u /opt/***/data/Staging/DimIP.txt > /opt/***/data/Staging/DimIPUniq.txt
[2024-04-11T16:03:05.442+0000] {w3c.py:131} WARNING - calling Clean u_ex100117.log
[2024-04-11T16:03:05.442+0000] {logging_mixin.py:188} INFO - Cleaning  u_ex100117.log
[2024-04-11T16:03:05.443+0000] {w3c.py:88} WARNING - Cleaning u_ex100117.log
[2024-04-11T16:03:05.443+0000] {logging_mixin.py:188} INFO - sort -u /opt/***/data/Staging/DimIP.txt > /opt/***/data/Staging/DimIPUniq.txt
[2024-04-11T16:03:05.454+0000] {w3c.py:131} WARNING - calling Clean u_ex101225.log
[2024-04-11T16:03:05.455+0000] {logging_mixin.py:188} INFO - Cleaning  u_ex101225.log
[2024-04-11T16:03:05.455+0000] {w3c.py:88} WARNING - Cleaning u_ex101225.log
[2024-04-11T16:03:05.455+0000] {logging_mixin.py:188} INFO - sort -u /opt/***/data/Staging/DimIP.txt > /opt/***/data/Staging/DimIPUniq.txt
[2024-04-11T16:03:05.460+0000] {w3c.py:131} WARNING - calling Clean u_ex100424.log
[2024-04-11T16:03:05.460+0000] {logging_mixin.py:188} INFO - Cleaning  u_ex100424.log
[2024-04-11T16:03:05.461+0000] {w3c.py:88} WARNING - Cleaning u_ex100424.log
[2024-04-11T16:03:05.461+0000] {logging_mixin.py:188} INFO - sort -u /opt/***/data/Staging/DimIP.txt > /opt/***/data/Staging/DimIPUniq.txt
[2024-04-11T16:03:05.465+0000] {w3c.py:131} WARNING - calling Clean u_ex091102.log
[2024-04-11T16:03:05.466+0000] {logging_mixin.py:188} INFO - Cleaning  u_ex091102.log
[2024-04-11T16:03:05.466+0000] {w3c.py:88} WARNING - Cleaning u_ex091102.log
[2024-04-11T16:03:05.466+0000] {logging_mixin.py:188} INFO - sort -u /opt/***/data/Staging/DimIP.txt > /opt/***/data/Staging/DimIPUniq.txt
[2024-04-11T16:03:05.487+0000] {w3c.py:131} WARNING - calling Clean u_ex091123.log
[2024-04-11T16:03:05.488+0000] {logging_mixin.py:188} INFO - Cleaning  u_ex091123.log
[2024-04-11T16:03:05.489+0000] {w3c.py:88} WARNING - Cleaning u_ex091123.log
[2024-04-11T16:03:05.489+0000] {logging_mixin.py:188} INFO - sort -u /opt/***/data/Staging/DimIP.txt > /opt/***/data/Staging/DimIPUniq.txt
[2024-04-11T16:03:05.502+0000] {w3c.py:131} WARNING - calling Clean u_ex100629.log
[2024-04-11T16:03:05.503+0000] {logging_mixin.py:188} INFO - Cleaning  u_ex100629.log
[2024-04-11T16:03:05.503+0000] {w3c.py:88} WARNING - Cleaning u_ex100629.log
[2024-04-11T16:03:05.504+0000] {logging_mixin.py:188} INFO - sort -u /opt/***/data/Staging/DimIP.txt > /opt/***/data/Staging/DimIPUniq.txt
[2024-04-11T16:03:05.508+0000] {w3c.py:131} WARNING - calling Clean u_ex100612.log
[2024-04-11T16:03:05.508+0000] {logging_mixin.py:188} INFO - Cleaning  u_ex100612.log
[2024-04-11T16:03:05.509+0000] {w3c.py:88} WARNING - Cleaning u_ex100612.log
[2024-04-11T16:03:05.509+0000] {logging_mixin.py:188} INFO - sort -u /opt/***/data/Staging/DimIP.txt > /opt/***/data/Staging/DimIPUniq.txt
[2024-04-11T16:03:05.520+0000] {w3c.py:131} WARNING - calling Clean u_ex100912.log
[2024-04-11T16:03:05.521+0000] {logging_mixin.py:188} INFO - Cleaning  u_ex100912.log
[2024-04-11T16:03:05.521+0000] {w3c.py:88} WARNING - Cleaning u_ex100912.log
[2024-04-11T16:03:05.522+0000] {logging_mixin.py:188} INFO - sort -u /opt/***/data/Staging/DimIP.txt > /opt/***/data/Staging/DimIPUniq.txt
[2024-04-11T16:03:05.534+0000] {w3c.py:131} WARNING - calling Clean u_ex101215.log
[2024-04-11T16:03:05.535+0000] {logging_mixin.py:188} INFO - Cleaning  u_ex101215.log
[2024-04-11T16:03:05.535+0000] {w3c.py:88} WARNING - Cleaning u_ex101215.log
[2024-04-11T16:03:05.536+0000] {logging_mixin.py:188} INFO - sort -u /opt/***/data/Staging/DimIP.txt > /opt/***/data/Staging/DimIPUniq.txt
[2024-04-11T16:03:05.546+0000] {w3c.py:131} WARNING - calling Clean u_ex100131.log
[2024-04-11T16:03:05.547+0000] {logging_mixin.py:188} INFO - Cleaning  u_ex100131.log
[2024-04-11T16:03:05.547+0000] {w3c.py:88} WARNING - Cleaning u_ex100131.log
[2024-04-11T16:03:05.548+0000] {logging_mixin.py:188} INFO - sort -u /opt/***/data/Staging/DimIP.txt > /opt/***/data/Staging/DimIPUniq.txt
[2024-04-11T16:03:05.558+0000] {w3c.py:131} WARNING - calling Clean u_ex101223.log
[2024-04-11T16:03:05.559+0000] {logging_mixin.py:188} INFO - Cleaning  u_ex101223.log
[2024-04-11T16:03:05.559+0000] {w3c.py:88} WARNING - Cleaning u_ex101223.log
[2024-04-11T16:03:05.559+0000] {logging_mixin.py:188} INFO - sort -u /opt/***/data/Staging/DimIP.txt > /opt/***/data/Staging/DimIPUniq.txt
[2024-04-11T16:03:05.574+0000] {w3c.py:131} WARNING - calling Clean u_ex110427.log
[2024-04-11T16:03:05.575+0000] {logging_mixin.py:188} INFO - Cleaning  u_ex110427.log
[2024-04-11T16:03:05.576+0000] {w3c.py:88} WARNING - Cleaning u_ex110427.log
[2024-04-11T16:03:05.576+0000] {logging_mixin.py:188} INFO - sort -u /opt/***/data/Staging/DimIP.txt > /opt/***/data/Staging/DimIPUniq.txt
[2024-04-11T16:03:05.594+0000] {w3c.py:131} WARNING - calling Clean u_ex101008.log
[2024-04-11T16:03:05.595+0000] {logging_mixin.py:188} INFO - Cleaning  u_ex101008.log
[2024-04-11T16:03:05.596+0000] {w3c.py:88} WARNING - Cleaning u_ex101008.log
[2024-04-11T16:03:05.597+0000] {logging_mixin.py:188} INFO - sort -u /opt/***/data/Staging/DimIP.txt > /opt/***/data/Staging/DimIPUniq.txt
[2024-04-11T16:03:05.618+0000] {w3c.py:131} WARNING - calling Clean u_ex100423.log
[2024-04-11T16:03:05.619+0000] {logging_mixin.py:188} INFO - Cleaning  u_ex100423.log
[2024-04-11T16:03:05.623+0000] {w3c.py:88} WARNING - Cleaning u_ex100423.log
[2024-04-11T16:03:05.624+0000] {logging_mixin.py:188} INFO - sort -u /opt/***/data/Staging/DimIP.txt > /opt/***/data/Staging/DimIPUniq.txt
[2024-04-11T16:03:05.638+0000] {w3c.py:131} WARNING - calling Clean u_ex100808.log
[2024-04-11T16:03:05.639+0000] {logging_mixin.py:188} INFO - Cleaning  u_ex100808.log
[2024-04-11T16:03:05.639+0000] {w3c.py:88} WARNING - Cleaning u_ex100808.log
[2024-04-11T16:03:05.640+0000] {logging_mixin.py:188} INFO - sort -u /opt/***/data/Staging/DimIP.txt > /opt/***/data/Staging/DimIPUniq.txt
[2024-04-11T16:03:05.651+0000] {w3c.py:131} WARNING - calling Clean u_ex100519.log
[2024-04-11T16:03:05.652+0000] {logging_mixin.py:188} INFO - Cleaning  u_ex100519.log
[2024-04-11T16:03:05.652+0000] {w3c.py:88} WARNING - Cleaning u_ex100519.log
[2024-04-11T16:03:05.653+0000] {logging_mixin.py:188} INFO - sort -u /opt/***/data/Staging/DimIP.txt > /opt/***/data/Staging/DimIPUniq.txt
[2024-04-11T16:03:05.665+0000] {w3c.py:131} WARNING - calling Clean u_ex091213.log
[2024-04-11T16:03:05.665+0000] {logging_mixin.py:188} INFO - Cleaning  u_ex091213.log
[2024-04-11T16:03:05.666+0000] {w3c.py:88} WARNING - Cleaning u_ex091213.log
[2024-04-11T16:03:05.666+0000] {logging_mixin.py:188} INFO - sort -u /opt/***/data/Staging/DimIP.txt > /opt/***/data/Staging/DimIPUniq.txt
[2024-04-11T16:03:05.672+0000] {w3c.py:131} WARNING - calling Clean u_ex101202.log
[2024-04-11T16:03:05.672+0000] {logging_mixin.py:188} INFO - Cleaning  u_ex101202.log
[2024-04-11T16:03:05.673+0000] {w3c.py:88} WARNING - Cleaning u_ex101202.log
[2024-04-11T16:03:05.673+0000] {logging_mixin.py:188} INFO - sort -u /opt/***/data/Staging/DimIP.txt > /opt/***/data/Staging/DimIPUniq.txt
[2024-04-11T16:03:05.681+0000] {w3c.py:131} WARNING - calling Clean u_ex100718.log
[2024-04-11T16:03:05.681+0000] {logging_mixin.py:188} INFO - Cleaning  u_ex100718.log
[2024-04-11T16:03:05.682+0000] {w3c.py:88} WARNING - Cleaning u_ex100718.log
[2024-04-11T16:03:05.682+0000] {logging_mixin.py:188} INFO - sort -u /opt/***/data/Staging/DimIP.txt > /opt/***/data/Staging/DimIPUniq.txt
[2024-04-11T16:03:05.695+0000] {w3c.py:131} WARNING - calling Clean u_ex100314.log
[2024-04-11T16:03:05.695+0000] {logging_mixin.py:188} INFO - Cleaning  u_ex100314.log
[2024-04-11T16:03:05.696+0000] {w3c.py:88} WARNING - Cleaning u_ex100314.log
[2024-04-11T16:03:05.696+0000] {logging_mixin.py:188} INFO - sort -u /opt/***/data/Staging/DimIP.txt > /opt/***/data/Staging/DimIPUniq.txt
[2024-04-11T16:03:05.704+0000] {w3c.py:131} WARNING - calling Clean u_ex100425.log
[2024-04-11T16:03:05.705+0000] {logging_mixin.py:188} INFO - Cleaning  u_ex100425.log
[2024-04-11T16:03:05.705+0000] {w3c.py:88} WARNING - Cleaning u_ex100425.log
[2024-04-11T16:03:05.706+0000] {logging_mixin.py:188} INFO - sort -u /opt/***/data/Staging/DimIP.txt > /opt/***/data/Staging/DimIPUniq.txt
[2024-04-11T16:03:05.717+0000] {w3c.py:131} WARNING - calling Clean u_ex100304.log
[2024-04-11T16:03:05.718+0000] {logging_mixin.py:188} INFO - Cleaning  u_ex100304.log
[2024-04-11T16:03:05.718+0000] {w3c.py:88} WARNING - Cleaning u_ex100304.log
[2024-04-11T16:03:05.718+0000] {logging_mixin.py:188} INFO - sort -u /opt/***/data/Staging/DimIP.txt > /opt/***/data/Staging/DimIPUniq.txt
[2024-04-11T16:03:05.726+0000] {w3c.py:131} WARNING - calling Clean u_ex100419.log
[2024-04-11T16:03:05.726+0000] {logging_mixin.py:188} INFO - Cleaning  u_ex100419.log
[2024-04-11T16:03:05.727+0000] {w3c.py:88} WARNING - Cleaning u_ex100419.log
[2024-04-11T16:03:05.733+0000] {logging_mixin.py:188} INFO - sort -u /opt/***/data/Staging/DimIP.txt > /opt/***/data/Staging/DimIPUniq.txt
[2024-04-11T16:03:05.748+0000] {w3c.py:131} WARNING - calling Clean u_ex101023.log
[2024-04-11T16:03:05.748+0000] {logging_mixin.py:188} INFO - Cleaning  u_ex101023.log
[2024-04-11T16:03:05.749+0000] {w3c.py:88} WARNING - Cleaning u_ex101023.log
[2024-04-11T16:03:05.749+0000] {logging_mixin.py:188} INFO - sort -u /opt/***/data/Staging/DimIP.txt > /opt/***/data/Staging/DimIPUniq.txt
[2024-04-11T16:03:05.759+0000] {w3c.py:131} WARNING - calling Clean u_ex101025.log
[2024-04-11T16:03:05.759+0000] {logging_mixin.py:188} INFO - Cleaning  u_ex101025.log
[2024-04-11T16:03:05.760+0000] {w3c.py:88} WARNING - Cleaning u_ex101025.log
[2024-04-11T16:03:05.760+0000] {logging_mixin.py:188} INFO - sort -u /opt/***/data/Staging/DimIP.txt > /opt/***/data/Staging/DimIPUniq.txt
[2024-04-11T16:03:05.775+0000] {w3c.py:131} WARNING - calling Clean u_ex101101.log
[2024-04-11T16:03:05.776+0000] {logging_mixin.py:188} INFO - Cleaning  u_ex101101.log
[2024-04-11T16:03:05.777+0000] {w3c.py:88} WARNING - Cleaning u_ex101101.log
[2024-04-11T16:03:05.777+0000] {logging_mixin.py:188} INFO - sort -u /opt/***/data/Staging/DimIP.txt > /opt/***/data/Staging/DimIPUniq.txt
[2024-04-11T16:03:05.792+0000] {w3c.py:131} WARNING - calling Clean u_ex100906.log
[2024-04-11T16:03:05.793+0000] {logging_mixin.py:188} INFO - Cleaning  u_ex100906.log
[2024-04-11T16:03:05.793+0000] {w3c.py:88} WARNING - Cleaning u_ex100906.log
[2024-04-11T16:03:05.793+0000] {logging_mixin.py:188} INFO - sort -u /opt/***/data/Staging/DimIP.txt > /opt/***/data/Staging/DimIPUniq.txt
[2024-04-11T16:03:05.800+0000] {w3c.py:131} WARNING - calling Clean u_ex101113.log
[2024-04-11T16:03:05.800+0000] {logging_mixin.py:188} INFO - Cleaning  u_ex101113.log
[2024-04-11T16:03:05.801+0000] {w3c.py:88} WARNING - Cleaning u_ex101113.log
[2024-04-11T16:03:05.801+0000] {logging_mixin.py:188} INFO - sort -u /opt/***/data/Staging/DimIP.txt > /opt/***/data/Staging/DimIPUniq.txt
[2024-04-11T16:03:05.812+0000] {w3c.py:131} WARNING - calling Clean u_ex100924.log
[2024-04-11T16:03:05.813+0000] {logging_mixin.py:188} INFO - Cleaning  u_ex100924.log
[2024-04-11T16:03:05.813+0000] {w3c.py:88} WARNING - Cleaning u_ex100924.log
[2024-04-11T16:03:05.813+0000] {logging_mixin.py:188} INFO - sort -u /opt/***/data/Staging/DimIP.txt > /opt/***/data/Staging/DimIPUniq.txt
[2024-04-11T16:03:05.822+0000] {w3c.py:131} WARNING - calling Clean u_ex101118.log
[2024-04-11T16:03:05.823+0000] {logging_mixin.py:188} INFO - Cleaning  u_ex101118.log
[2024-04-11T16:03:05.823+0000] {w3c.py:88} WARNING - Cleaning u_ex101118.log
[2024-04-11T16:03:05.824+0000] {logging_mixin.py:188} INFO - sort -u /opt/***/data/Staging/DimIP.txt > /opt/***/data/Staging/DimIPUniq.txt
[2024-04-11T16:03:05.833+0000] {w3c.py:131} WARNING - calling Clean u_ex091130.log
[2024-04-11T16:03:05.833+0000] {logging_mixin.py:188} INFO - Cleaning  u_ex091130.log
[2024-04-11T16:03:05.833+0000] {w3c.py:88} WARNING - Cleaning u_ex091130.log
[2024-04-11T16:03:05.834+0000] {logging_mixin.py:188} INFO - sort -u /opt/***/data/Staging/DimIP.txt > /opt/***/data/Staging/DimIPUniq.txt
[2024-04-11T16:03:05.838+0000] {logging_mixin.py:188} INFO - Fault 26
[2024-04-11T16:03:05.843+0000] {logging_mixin.py:188} INFO - Fault 10
[2024-04-11T16:03:05.847+0000] {logging_mixin.py:188} INFO - Fault 6
[2024-04-11T16:03:05.848+0000] {w3c.py:131} WARNING - calling Clean u_ex100309.log
[2024-04-11T16:03:05.849+0000] {logging_mixin.py:188} INFO - Cleaning  u_ex100309.log
[2024-04-11T16:03:05.849+0000] {w3c.py:88} WARNING - Cleaning u_ex100309.log
[2024-04-11T16:03:05.849+0000] {logging_mixin.py:188} INFO - sort -u /opt/***/data/Staging/DimIP.txt > /opt/***/data/Staging/DimIPUniq.txt
[2024-04-11T16:03:05.854+0000] {w3c.py:131} WARNING - calling Clean u_ex100725.log
[2024-04-11T16:03:05.855+0000] {logging_mixin.py:188} INFO - Cleaning  u_ex100725.log
[2024-04-11T16:03:05.855+0000] {w3c.py:88} WARNING - Cleaning u_ex100725.log
[2024-04-11T16:03:05.855+0000] {logging_mixin.py:188} INFO - sort -u /opt/***/data/Staging/DimIP.txt > /opt/***/data/Staging/DimIPUniq.txt
[2024-04-11T16:03:05.864+0000] {w3c.py:131} WARNING - calling Clean u_ex091025.log
[2024-04-11T16:03:05.865+0000] {logging_mixin.py:188} INFO - Cleaning  u_ex091025.log
[2024-04-11T16:03:05.865+0000] {w3c.py:88} WARNING - Cleaning u_ex091025.log
[2024-04-11T16:03:05.865+0000] {logging_mixin.py:188} INFO - sort -u /opt/***/data/Staging/DimIP.txt > /opt/***/data/Staging/DimIPUniq.txt
[2024-04-11T16:03:05.866+0000] {w3c.py:131} WARNING - calling Clean u_ex100307.log
[2024-04-11T16:03:05.867+0000] {logging_mixin.py:188} INFO - Cleaning  u_ex100307.log
[2024-04-11T16:03:05.867+0000] {w3c.py:88} WARNING - Cleaning u_ex100307.log
[2024-04-11T16:03:05.867+0000] {logging_mixin.py:188} INFO - sort -u /opt/***/data/Staging/DimIP.txt > /opt/***/data/Staging/DimIPUniq.txt
[2024-04-11T16:03:05.871+0000] {w3c.py:131} WARNING - calling Clean u_ex110516.log
[2024-04-11T16:03:05.871+0000] {logging_mixin.py:188} INFO - Cleaning  u_ex110516.log
[2024-04-11T16:03:05.872+0000] {w3c.py:88} WARNING - Cleaning u_ex110516.log
[2024-04-11T16:03:05.872+0000] {logging_mixin.py:188} INFO - sort -u /opt/***/data/Staging/DimIP.txt > /opt/***/data/Staging/DimIPUniq.txt
[2024-04-11T16:03:05.881+0000] {w3c.py:131} WARNING - calling Clean u_ex100628.log
[2024-04-11T16:03:05.881+0000] {logging_mixin.py:188} INFO - Cleaning  u_ex100628.log
[2024-04-11T16:03:05.882+0000] {w3c.py:88} WARNING - Cleaning u_ex100628.log
[2024-04-11T16:03:05.882+0000] {logging_mixin.py:188} INFO - sort -u /opt/***/data/Staging/DimIP.txt > /opt/***/data/Staging/DimIPUniq.txt
[2024-04-11T16:03:05.888+0000] {w3c.py:131} WARNING - calling Clean u_ex100406.log
[2024-04-11T16:03:05.888+0000] {logging_mixin.py:188} INFO - Cleaning  u_ex100406.log
[2024-04-11T16:03:05.889+0000] {w3c.py:88} WARNING - Cleaning u_ex100406.log
[2024-04-11T16:03:05.889+0000] {logging_mixin.py:188} INFO - sort -u /opt/***/data/Staging/DimIP.txt > /opt/***/data/Staging/DimIPUniq.txt
[2024-04-11T16:03:05.904+0000] {w3c.py:131} WARNING - calling Clean u_ex100221.log
[2024-04-11T16:03:05.904+0000] {logging_mixin.py:188} INFO - Cleaning  u_ex100221.log
[2024-04-11T16:03:05.905+0000] {w3c.py:88} WARNING - Cleaning u_ex100221.log
[2024-04-11T16:03:05.905+0000] {logging_mixin.py:188} INFO - sort -u /opt/***/data/Staging/DimIP.txt > /opt/***/data/Staging/DimIPUniq.txt
[2024-04-11T16:03:05.911+0000] {w3c.py:131} WARNING - calling Clean u_ex100113.log
[2024-04-11T16:03:05.911+0000] {logging_mixin.py:188} INFO - Cleaning  u_ex100113.log
[2024-04-11T16:03:05.911+0000] {w3c.py:88} WARNING - Cleaning u_ex100113.log
[2024-04-11T16:03:05.912+0000] {logging_mixin.py:188} INFO - sort -u /opt/***/data/Staging/DimIP.txt > /opt/***/data/Staging/DimIPUniq.txt
[2024-04-11T16:03:05.923+0000] {w3c.py:131} WARNING - calling Clean u_ex101212.log
[2024-04-11T16:03:05.923+0000] {logging_mixin.py:188} INFO - Cleaning  u_ex101212.log
[2024-04-11T16:03:05.923+0000] {w3c.py:88} WARNING - Cleaning u_ex101212.log
[2024-04-11T16:03:05.923+0000] {logging_mixin.py:188} INFO - sort -u /opt/***/data/Staging/DimIP.txt > /opt/***/data/Staging/DimIPUniq.txt
[2024-04-11T16:03:05.930+0000] {w3c.py:131} WARNING - calling Clean u_ex100302.log
[2024-04-11T16:03:05.931+0000] {logging_mixin.py:188} INFO - Cleaning  u_ex100302.log
[2024-04-11T16:03:05.931+0000] {w3c.py:88} WARNING - Cleaning u_ex100302.log
[2024-04-11T16:03:05.931+0000] {logging_mixin.py:188} INFO - sort -u /opt/***/data/Staging/DimIP.txt > /opt/***/data/Staging/DimIPUniq.txt
[2024-04-11T16:03:05.937+0000] {w3c.py:131} WARNING - calling Clean u_ex100630.log
[2024-04-11T16:03:05.937+0000] {logging_mixin.py:188} INFO - Cleaning  u_ex100630.log
[2024-04-11T16:03:05.938+0000] {w3c.py:88} WARNING - Cleaning u_ex100630.log
[2024-04-11T16:03:05.938+0000] {logging_mixin.py:188} INFO - sort -u /opt/***/data/Staging/DimIP.txt > /opt/***/data/Staging/DimIPUniq.txt
[2024-04-11T16:03:05.942+0000] {w3c.py:131} WARNING - calling Clean u_ex100615.log
[2024-04-11T16:03:05.942+0000] {logging_mixin.py:188} INFO - Cleaning  u_ex100615.log
[2024-04-11T16:03:05.943+0000] {w3c.py:88} WARNING - Cleaning u_ex100615.log
[2024-04-11T16:03:05.943+0000] {logging_mixin.py:188} INFO - sort -u /opt/***/data/Staging/DimIP.txt > /opt/***/data/Staging/DimIPUniq.txt
[2024-04-11T16:03:05.947+0000] {w3c.py:131} WARNING - calling Clean u_ex091120.log
[2024-04-11T16:03:05.948+0000] {logging_mixin.py:188} INFO - Cleaning  u_ex091120.log
[2024-04-11T16:03:05.948+0000] {w3c.py:88} WARNING - Cleaning u_ex091120.log
[2024-04-11T16:03:05.948+0000] {logging_mixin.py:188} INFO - sort -u /opt/***/data/Staging/DimIP.txt > /opt/***/data/Staging/DimIPUniq.txt
[2024-04-11T16:03:05.950+0000] {w3c.py:131} WARNING - calling Clean u_ex110504.log
[2024-04-11T16:03:05.951+0000] {logging_mixin.py:188} INFO - Cleaning  u_ex110504.log
[2024-04-11T16:03:05.951+0000] {w3c.py:88} WARNING - Cleaning u_ex110504.log
[2024-04-11T16:03:05.951+0000] {logging_mixin.py:188} INFO - sort -u /opt/***/data/Staging/DimIP.txt > /opt/***/data/Staging/DimIPUniq.txt
[2024-04-11T16:03:05.957+0000] {w3c.py:131} WARNING - calling Clean u_ex100622.log
[2024-04-11T16:03:05.957+0000] {logging_mixin.py:188} INFO - Cleaning  u_ex100622.log
[2024-04-11T16:03:05.957+0000] {w3c.py:88} WARNING - Cleaning u_ex100622.log
[2024-04-11T16:03:05.957+0000] {logging_mixin.py:188} INFO - sort -u /opt/***/data/Staging/DimIP.txt > /opt/***/data/Staging/DimIPUniq.txt
[2024-04-11T16:03:05.963+0000] {w3c.py:131} WARNING - calling Clean u_ex100801.log
[2024-04-11T16:03:05.964+0000] {logging_mixin.py:188} INFO - Cleaning  u_ex100801.log
[2024-04-11T16:03:05.964+0000] {w3c.py:88} WARNING - Cleaning u_ex100801.log
[2024-04-11T16:03:05.964+0000] {logging_mixin.py:188} INFO - sort -u /opt/***/data/Staging/DimIP.txt > /opt/***/data/Staging/DimIPUniq.txt
[2024-04-11T16:03:05.969+0000] {w3c.py:131} WARNING - calling Clean u_ex110407.log
[2024-04-11T16:03:05.970+0000] {logging_mixin.py:188} INFO - Cleaning  u_ex110407.log
[2024-04-11T16:03:05.970+0000] {w3c.py:88} WARNING - Cleaning u_ex110407.log
[2024-04-11T16:03:05.970+0000] {logging_mixin.py:188} INFO - sort -u /opt/***/data/Staging/DimIP.txt > /opt/***/data/Staging/DimIPUniq.txt
[2024-04-11T16:03:05.982+0000] {w3c.py:131} WARNING - calling Clean u_ex100926.log
[2024-04-11T16:03:05.982+0000] {logging_mixin.py:188} INFO - Cleaning  u_ex100926.log
[2024-04-11T16:03:05.982+0000] {w3c.py:88} WARNING - Cleaning u_ex100926.log
[2024-04-11T16:03:05.983+0000] {logging_mixin.py:188} INFO - sort -u /opt/***/data/Staging/DimIP.txt > /opt/***/data/Staging/DimIPUniq.txt
[2024-04-11T16:03:05.989+0000] {w3c.py:131} WARNING - calling Clean u_ex100422.log
[2024-04-11T16:03:05.989+0000] {logging_mixin.py:188} INFO - Cleaning  u_ex100422.log
[2024-04-11T16:03:05.989+0000] {w3c.py:88} WARNING - Cleaning u_ex100422.log
[2024-04-11T16:03:05.989+0000] {logging_mixin.py:188} INFO - sort -u /opt/***/data/Staging/DimIP.txt > /opt/***/data/Staging/DimIPUniq.txt
[2024-04-11T16:03:05.993+0000] {w3c.py:131} WARNING - calling Clean u_ex101111.log
[2024-04-11T16:03:05.993+0000] {logging_mixin.py:188} INFO - Cleaning  u_ex101111.log
[2024-04-11T16:03:05.994+0000] {w3c.py:88} WARNING - Cleaning u_ex101111.log
[2024-04-11T16:03:05.994+0000] {logging_mixin.py:188} INFO - sort -u /opt/***/data/Staging/DimIP.txt > /opt/***/data/Staging/DimIPUniq.txt
[2024-04-11T16:03:05.998+0000] {w3c.py:131} WARNING - calling Clean u_ex100705.log
[2024-04-11T16:03:05.998+0000] {logging_mixin.py:188} INFO - Cleaning  u_ex100705.log
[2024-04-11T16:03:05.998+0000] {w3c.py:88} WARNING - Cleaning u_ex100705.log
[2024-04-11T16:03:05.998+0000] {logging_mixin.py:188} INFO - sort -u /opt/***/data/Staging/DimIP.txt > /opt/***/data/Staging/DimIPUniq.txt
[2024-04-11T16:03:06.001+0000] {w3c.py:131} WARNING - calling Clean u_ex100112.log
[2024-04-11T16:03:06.001+0000] {logging_mixin.py:188} INFO - Cleaning  u_ex100112.log
[2024-04-11T16:03:06.001+0000] {w3c.py:88} WARNING - Cleaning u_ex100112.log
[2024-04-11T16:03:06.001+0000] {logging_mixin.py:188} INFO - sort -u /opt/***/data/Staging/DimIP.txt > /opt/***/data/Staging/DimIPUniq.txt
[2024-04-11T16:03:06.010+0000] {w3c.py:131} WARNING - calling Clean u_ex101027.log
[2024-04-11T16:03:06.011+0000] {logging_mixin.py:188} INFO - Cleaning  u_ex101027.log
[2024-04-11T16:03:06.011+0000] {w3c.py:88} WARNING - Cleaning u_ex101027.log
[2024-04-11T16:03:06.011+0000] {logging_mixin.py:188} INFO - sort -u /opt/***/data/Staging/DimIP.txt > /opt/***/data/Staging/DimIPUniq.txt
[2024-04-11T16:03:06.018+0000] {python.py:237} INFO - Done. Returned value was: None
[2024-04-11T16:03:06.018+0000] {taskinstance.py:441} INFO - ::group::Post task execution logs
[2024-04-11T16:03:06.031+0000] {taskinstance.py:1205} INFO - Marking task as SUCCESS. dag_id=Process_W3_Data, task_id=RemoveHash, execution_date=20240411T160300, start_date=20240411T160304, end_date=20240411T160306
[2024-04-11T16:03:06.059+0000] {local_task_job_runner.py:240} INFO - Task exited with return code 0
[2024-04-11T16:03:06.102+0000] {taskinstance.py:3482} INFO - 1 downstream tasks scheduled from follow-on schedule check
[2024-04-11T16:03:06.104+0000] {local_task_job_runner.py:222} INFO - ::endgroup::
