[2024-04-11T16:12:48.693+0000] {local_task_job_runner.py:120} INFO - ::group::Pre task execution logs
[2024-04-11T16:12:48.719+0000] {taskinstance.py:2073} INFO - Dependencies all met for dep_context=non-requeueable deps ti=<TaskInstance: Process_W3_Data.RemoveHash manual__2024-04-11T16:12:45.590626+00:00 [queued]>
[2024-04-11T16:12:48.729+0000] {taskinstance.py:2073} INFO - Dependencies all met for dep_context=requeueable deps ti=<TaskInstance: Process_W3_Data.RemoveHash manual__2024-04-11T16:12:45.590626+00:00 [queued]>
[2024-04-11T16:12:48.729+0000] {taskinstance.py:2303} INFO - Starting attempt 1 of 1
[2024-04-11T16:12:48.744+0000] {taskinstance.py:2327} INFO - Executing <Task(PythonOperator): RemoveHash> on 2024-04-11 16:12:45.590626+00:00
[2024-04-11T16:12:48.756+0000] {warnings.py:110} WARNING - /home/***/.local/lib/python3.12/site-packages/***/task/task_runner/standard_task_runner.py:61: DeprecationWarning: This process (pid=22225) is multi-threaded, use of fork() may lead to deadlocks in the child.
  pid = os.fork()

[2024-04-11T16:12:48.758+0000] {standard_task_runner.py:63} INFO - Started process 22227 to run task
[2024-04-11T16:12:48.759+0000] {standard_task_runner.py:90} INFO - Running: ['***', 'tasks', 'run', 'Process_W3_Data', 'RemoveHash', 'manual__2024-04-11T16:12:45.590626+00:00', '--job-id', '133', '--raw', '--subdir', 'DAGS_FOLDER/w3c.py', '--cfg-path', '/tmp/tmpuzd7a2g3']
[2024-04-11T16:12:48.764+0000] {standard_task_runner.py:91} INFO - Job 133: Subtask RemoveHash
[2024-04-11T16:12:48.848+0000] {task_command.py:426} INFO - Running <TaskInstance: Process_W3_Data.RemoveHash manual__2024-04-11T16:12:45.590626+00:00 [running]> on host 426f0b9f9d71
[2024-04-11T16:12:48.968+0000] {taskinstance.py:2644} INFO - Exporting env vars: AIRFLOW_CTX_DAG_OWNER='***' AIRFLOW_CTX_DAG_ID='Process_W3_Data' AIRFLOW_CTX_TASK_ID='RemoveHash' AIRFLOW_CTX_EXECUTION_DATE='2024-04-11T16:12:45.590626+00:00' AIRFLOW_CTX_TRY_NUMBER='1' AIRFLOW_CTX_DAG_RUN_ID='manual__2024-04-11T16:12:45.590626+00:00'
[2024-04-11T16:12:48.971+0000] {taskinstance.py:430} INFO - ::endgroup::
[2024-04-11T16:12:48.972+0000] {w3c.py:136} WARNING - Starting List Filesu_ex101031.log,u_ex110411.log,u_ex100626.log,u_ex100105.log,u_ex091103.log,u_ex110510.log,u_ex100708.log,u_ex100315.log,u_ex110306.log,u_ex100528.log,u_ex100204.log,u_ex110218.log,u_ex100104.log,u_ex110209.log,u_ex100916.log,u_ex100520.log,u_ex101126.log,u_ex100205.log,u_ex110405.log,u_ex110212.log,u_ex100430.log,u_ex100830.log,u_ex110130.log,u_ex100526.log,u_ex091207.log,u_ex100923.log,u_ex110119.log,u_ex110424.log,u_ex100619.log,u_ex100714.log,u_ex100106.log,u_ex091024.log,u_ex101020.log,u_ex110205.log,u_ex100809.log,u_ex091106.log,u_ex091211.log,u_ex100322.log,u_ex100117.log,u_ex101225.log,u_ex100424.log,u_ex091102.log,u_ex091123.log,u_ex100629.log,u_ex100612.log,u_ex100912.log,u_ex101215.log,u_ex100131.log,u_ex101223.log,u_ex110427.log,u_ex101008.log,u_ex100423.log,u_ex100808.log,u_ex100519.log,u_ex091213.log,u_ex101202.log,u_ex100718.log,u_ex100314.log,u_ex100425.log,u_ex100304.log,u_ex100419.log,u_ex101023.log,u_ex101025.log,u_ex101101.log,u_ex100906.log,u_ex101113.log,u_ex100924.log,u_ex101118.log,u_ex091130.log,u_ex100309.log,u_ex100725.log,u_ex091025.log,u_ex100307.log,u_ex110516.log,u_ex100628.log,u_ex100406.log,u_ex100221.log,u_ex100113.log,u_ex101212.log,u_ex100302.log,u_ex100630.log,u_ex100615.log,u_ex091120.log,u_ex110504.log,u_ex100622.log,u_ex100801.log,u_ex110407.log,u_ex100926.log,u_ex100422.log,u_ex101111.log,u_ex100705.log,u_ex100112.log,u_ex101027.log
[2024-04-11T16:12:48.980+0000] {w3c.py:139} WARNING - calling Clean u_ex101031.log
[2024-04-11T16:12:48.980+0000] {logging_mixin.py:188} INFO - Cleaning  u_ex101031.log
[2024-04-11T16:12:48.981+0000] {w3c.py:96} WARNING - Cleaning u_ex101031.log
[2024-04-11T16:12:48.981+0000] {logging_mixin.py:188} INFO - sort -u /opt/***/data/Staging/DimIP.txt > /opt/***/data/Staging/DimIPUniq.txt
[2024-04-11T16:12:48.984+0000] {w3c.py:139} WARNING - calling Clean u_ex110411.log
[2024-04-11T16:12:48.984+0000] {logging_mixin.py:188} INFO - Cleaning  u_ex110411.log
[2024-04-11T16:12:48.985+0000] {w3c.py:96} WARNING - Cleaning u_ex110411.log
[2024-04-11T16:12:48.985+0000] {logging_mixin.py:188} INFO - sort -u /opt/***/data/Staging/DimIP.txt > /opt/***/data/Staging/DimIPUniq.txt
[2024-04-11T16:12:48.991+0000] {w3c.py:139} WARNING - calling Clean u_ex100626.log
[2024-04-11T16:12:48.992+0000] {logging_mixin.py:188} INFO - Cleaning  u_ex100626.log
[2024-04-11T16:12:48.992+0000] {w3c.py:96} WARNING - Cleaning u_ex100626.log
[2024-04-11T16:12:48.992+0000] {logging_mixin.py:188} INFO - sort -u /opt/***/data/Staging/DimIP.txt > /opt/***/data/Staging/DimIPUniq.txt
[2024-04-11T16:12:48.994+0000] {w3c.py:139} WARNING - calling Clean u_ex100105.log
[2024-04-11T16:12:48.994+0000] {logging_mixin.py:188} INFO - Cleaning  u_ex100105.log
[2024-04-11T16:12:48.995+0000] {w3c.py:96} WARNING - Cleaning u_ex100105.log
[2024-04-11T16:12:48.995+0000] {logging_mixin.py:188} INFO - sort -u /opt/***/data/Staging/DimIP.txt > /opt/***/data/Staging/DimIPUniq.txt
[2024-04-11T16:12:48.998+0000] {w3c.py:139} WARNING - calling Clean u_ex091103.log
[2024-04-11T16:12:48.998+0000] {logging_mixin.py:188} INFO - Cleaning  u_ex091103.log
[2024-04-11T16:12:48.999+0000] {w3c.py:96} WARNING - Cleaning u_ex091103.log
[2024-04-11T16:12:48.999+0000] {logging_mixin.py:188} INFO - sort -u /opt/***/data/Staging/DimIP.txt > /opt/***/data/Staging/DimIPUniq.txt
[2024-04-11T16:12:49.006+0000] {w3c.py:139} WARNING - calling Clean u_ex110510.log
[2024-04-11T16:12:49.007+0000] {logging_mixin.py:188} INFO - Cleaning  u_ex110510.log
[2024-04-11T16:12:49.007+0000] {w3c.py:96} WARNING - Cleaning u_ex110510.log
[2024-04-11T16:12:49.007+0000] {logging_mixin.py:188} INFO - sort -u /opt/***/data/Staging/DimIP.txt > /opt/***/data/Staging/DimIPUniq.txt
[2024-04-11T16:12:49.015+0000] {w3c.py:139} WARNING - calling Clean u_ex100708.log
[2024-04-11T16:12:49.016+0000] {logging_mixin.py:188} INFO - Cleaning  u_ex100708.log
[2024-04-11T16:12:49.016+0000] {w3c.py:96} WARNING - Cleaning u_ex100708.log
[2024-04-11T16:12:49.016+0000] {logging_mixin.py:188} INFO - sort -u /opt/***/data/Staging/DimIP.txt > /opt/***/data/Staging/DimIPUniq.txt
[2024-04-11T16:12:49.019+0000] {w3c.py:139} WARNING - calling Clean u_ex100315.log
[2024-04-11T16:12:49.020+0000] {logging_mixin.py:188} INFO - Cleaning  u_ex100315.log
[2024-04-11T16:12:49.020+0000] {w3c.py:96} WARNING - Cleaning u_ex100315.log
[2024-04-11T16:12:49.020+0000] {logging_mixin.py:188} INFO - sort -u /opt/***/data/Staging/DimIP.txt > /opt/***/data/Staging/DimIPUniq.txt
[2024-04-11T16:12:49.026+0000] {w3c.py:139} WARNING - calling Clean u_ex110306.log
[2024-04-11T16:12:49.027+0000] {logging_mixin.py:188} INFO - Cleaning  u_ex110306.log
[2024-04-11T16:12:49.027+0000] {w3c.py:96} WARNING - Cleaning u_ex110306.log
[2024-04-11T16:12:49.027+0000] {logging_mixin.py:188} INFO - sort -u /opt/***/data/Staging/DimIP.txt > /opt/***/data/Staging/DimIPUniq.txt
[2024-04-11T16:12:49.030+0000] {w3c.py:139} WARNING - calling Clean u_ex100528.log
[2024-04-11T16:12:49.030+0000] {logging_mixin.py:188} INFO - Cleaning  u_ex100528.log
[2024-04-11T16:12:49.030+0000] {w3c.py:96} WARNING - Cleaning u_ex100528.log
[2024-04-11T16:12:49.031+0000] {logging_mixin.py:188} INFO - sort -u /opt/***/data/Staging/DimIP.txt > /opt/***/data/Staging/DimIPUniq.txt
[2024-04-11T16:12:49.033+0000] {w3c.py:139} WARNING - calling Clean u_ex100204.log
[2024-04-11T16:12:49.034+0000] {logging_mixin.py:188} INFO - Cleaning  u_ex100204.log
[2024-04-11T16:12:49.034+0000] {w3c.py:96} WARNING - Cleaning u_ex100204.log
[2024-04-11T16:12:49.034+0000] {logging_mixin.py:188} INFO - sort -u /opt/***/data/Staging/DimIP.txt > /opt/***/data/Staging/DimIPUniq.txt
[2024-04-11T16:12:49.040+0000] {w3c.py:139} WARNING - calling Clean u_ex110218.log
[2024-04-11T16:12:49.040+0000] {logging_mixin.py:188} INFO - Cleaning  u_ex110218.log
[2024-04-11T16:12:49.040+0000] {w3c.py:96} WARNING - Cleaning u_ex110218.log
[2024-04-11T16:12:49.040+0000] {logging_mixin.py:188} INFO - sort -u /opt/***/data/Staging/DimIP.txt > /opt/***/data/Staging/DimIPUniq.txt
[2024-04-11T16:12:49.046+0000] {w3c.py:139} WARNING - calling Clean u_ex100104.log
[2024-04-11T16:12:49.046+0000] {logging_mixin.py:188} INFO - Cleaning  u_ex100104.log
[2024-04-11T16:12:49.046+0000] {w3c.py:96} WARNING - Cleaning u_ex100104.log
[2024-04-11T16:12:49.046+0000] {logging_mixin.py:188} INFO - sort -u /opt/***/data/Staging/DimIP.txt > /opt/***/data/Staging/DimIPUniq.txt
[2024-04-11T16:12:49.049+0000] {w3c.py:139} WARNING - calling Clean u_ex110209.log
[2024-04-11T16:12:49.049+0000] {logging_mixin.py:188} INFO - Cleaning  u_ex110209.log
[2024-04-11T16:12:49.050+0000] {w3c.py:96} WARNING - Cleaning u_ex110209.log
[2024-04-11T16:12:49.050+0000] {logging_mixin.py:188} INFO - sort -u /opt/***/data/Staging/DimIP.txt > /opt/***/data/Staging/DimIPUniq.txt
[2024-04-11T16:12:49.057+0000] {w3c.py:139} WARNING - calling Clean u_ex100916.log
[2024-04-11T16:12:49.057+0000] {logging_mixin.py:188} INFO - Cleaning  u_ex100916.log
[2024-04-11T16:12:49.057+0000] {w3c.py:96} WARNING - Cleaning u_ex100916.log
[2024-04-11T16:12:49.057+0000] {logging_mixin.py:188} INFO - sort -u /opt/***/data/Staging/DimIP.txt > /opt/***/data/Staging/DimIPUniq.txt
[2024-04-11T16:12:49.062+0000] {w3c.py:139} WARNING - calling Clean u_ex100520.log
[2024-04-11T16:12:49.063+0000] {logging_mixin.py:188} INFO - Cleaning  u_ex100520.log
[2024-04-11T16:12:49.063+0000] {w3c.py:96} WARNING - Cleaning u_ex100520.log
[2024-04-11T16:12:49.063+0000] {logging_mixin.py:188} INFO - sort -u /opt/***/data/Staging/DimIP.txt > /opt/***/data/Staging/DimIPUniq.txt
[2024-04-11T16:12:49.066+0000] {w3c.py:139} WARNING - calling Clean u_ex101126.log
[2024-04-11T16:12:49.066+0000] {logging_mixin.py:188} INFO - Cleaning  u_ex101126.log
[2024-04-11T16:12:49.066+0000] {w3c.py:96} WARNING - Cleaning u_ex101126.log
[2024-04-11T16:12:49.066+0000] {logging_mixin.py:188} INFO - sort -u /opt/***/data/Staging/DimIP.txt > /opt/***/data/Staging/DimIPUniq.txt
[2024-04-11T16:12:49.072+0000] {w3c.py:139} WARNING - calling Clean u_ex100205.log
[2024-04-11T16:12:49.072+0000] {logging_mixin.py:188} INFO - Cleaning  u_ex100205.log
[2024-04-11T16:12:49.072+0000] {w3c.py:96} WARNING - Cleaning u_ex100205.log
[2024-04-11T16:12:49.073+0000] {logging_mixin.py:188} INFO - sort -u /opt/***/data/Staging/DimIP.txt > /opt/***/data/Staging/DimIPUniq.txt
[2024-04-11T16:12:49.074+0000] {w3c.py:139} WARNING - calling Clean u_ex110405.log
[2024-04-11T16:12:49.075+0000] {logging_mixin.py:188} INFO - Cleaning  u_ex110405.log
[2024-04-11T16:12:49.075+0000] {w3c.py:96} WARNING - Cleaning u_ex110405.log
[2024-04-11T16:12:49.075+0000] {logging_mixin.py:188} INFO - sort -u /opt/***/data/Staging/DimIP.txt > /opt/***/data/Staging/DimIPUniq.txt
[2024-04-11T16:12:49.080+0000] {w3c.py:139} WARNING - calling Clean u_ex110212.log
[2024-04-11T16:12:49.081+0000] {logging_mixin.py:188} INFO - Cleaning  u_ex110212.log
[2024-04-11T16:12:49.081+0000] {w3c.py:96} WARNING - Cleaning u_ex110212.log
[2024-04-11T16:12:49.081+0000] {logging_mixin.py:188} INFO - sort -u /opt/***/data/Staging/DimIP.txt > /opt/***/data/Staging/DimIPUniq.txt
[2024-04-11T16:12:49.084+0000] {w3c.py:139} WARNING - calling Clean u_ex100430.log
[2024-04-11T16:12:49.084+0000] {logging_mixin.py:188} INFO - Cleaning  u_ex100430.log
[2024-04-11T16:12:49.084+0000] {w3c.py:96} WARNING - Cleaning u_ex100430.log
[2024-04-11T16:12:49.085+0000] {logging_mixin.py:188} INFO - sort -u /opt/***/data/Staging/DimIP.txt > /opt/***/data/Staging/DimIPUniq.txt
[2024-04-11T16:12:49.088+0000] {w3c.py:139} WARNING - calling Clean u_ex100830.log
[2024-04-11T16:12:49.088+0000] {logging_mixin.py:188} INFO - Cleaning  u_ex100830.log
[2024-04-11T16:12:49.089+0000] {w3c.py:96} WARNING - Cleaning u_ex100830.log
[2024-04-11T16:12:49.089+0000] {logging_mixin.py:188} INFO - sort -u /opt/***/data/Staging/DimIP.txt > /opt/***/data/Staging/DimIPUniq.txt
[2024-04-11T16:12:49.091+0000] {w3c.py:139} WARNING - calling Clean u_ex110130.log
[2024-04-11T16:12:49.092+0000] {logging_mixin.py:188} INFO - Cleaning  u_ex110130.log
[2024-04-11T16:12:49.092+0000] {w3c.py:96} WARNING - Cleaning u_ex110130.log
[2024-04-11T16:12:49.092+0000] {logging_mixin.py:188} INFO - sort -u /opt/***/data/Staging/DimIP.txt > /opt/***/data/Staging/DimIPUniq.txt
[2024-04-11T16:12:49.094+0000] {w3c.py:139} WARNING - calling Clean u_ex100526.log
[2024-04-11T16:12:49.095+0000] {logging_mixin.py:188} INFO - Cleaning  u_ex100526.log
[2024-04-11T16:12:49.095+0000] {w3c.py:96} WARNING - Cleaning u_ex100526.log
[2024-04-11T16:12:49.095+0000] {logging_mixin.py:188} INFO - sort -u /opt/***/data/Staging/DimIP.txt > /opt/***/data/Staging/DimIPUniq.txt
[2024-04-11T16:12:49.098+0000] {w3c.py:139} WARNING - calling Clean u_ex091207.log
[2024-04-11T16:12:49.098+0000] {logging_mixin.py:188} INFO - Cleaning  u_ex091207.log
[2024-04-11T16:12:49.099+0000] {w3c.py:96} WARNING - Cleaning u_ex091207.log
[2024-04-11T16:12:49.099+0000] {logging_mixin.py:188} INFO - sort -u /opt/***/data/Staging/DimIP.txt > /opt/***/data/Staging/DimIPUniq.txt
[2024-04-11T16:12:49.105+0000] {w3c.py:139} WARNING - calling Clean u_ex100923.log
[2024-04-11T16:12:49.105+0000] {logging_mixin.py:188} INFO - Cleaning  u_ex100923.log
[2024-04-11T16:12:49.105+0000] {w3c.py:96} WARNING - Cleaning u_ex100923.log
[2024-04-11T16:12:49.105+0000] {logging_mixin.py:188} INFO - sort -u /opt/***/data/Staging/DimIP.txt > /opt/***/data/Staging/DimIPUniq.txt
[2024-04-11T16:12:49.111+0000] {w3c.py:139} WARNING - calling Clean u_ex110119.log
[2024-04-11T16:12:49.112+0000] {logging_mixin.py:188} INFO - Cleaning  u_ex110119.log
[2024-04-11T16:12:49.112+0000] {w3c.py:96} WARNING - Cleaning u_ex110119.log
[2024-04-11T16:12:49.112+0000] {logging_mixin.py:188} INFO - sort -u /opt/***/data/Staging/DimIP.txt > /opt/***/data/Staging/DimIPUniq.txt
[2024-04-11T16:12:49.117+0000] {w3c.py:139} WARNING - calling Clean u_ex110424.log
[2024-04-11T16:12:49.117+0000] {logging_mixin.py:188} INFO - Cleaning  u_ex110424.log
[2024-04-11T16:12:49.118+0000] {w3c.py:96} WARNING - Cleaning u_ex110424.log
[2024-04-11T16:12:49.118+0000] {logging_mixin.py:188} INFO - sort -u /opt/***/data/Staging/DimIP.txt > /opt/***/data/Staging/DimIPUniq.txt
[2024-04-11T16:12:49.121+0000] {w3c.py:139} WARNING - calling Clean u_ex100619.log
[2024-04-11T16:12:49.121+0000] {logging_mixin.py:188} INFO - Cleaning  u_ex100619.log
[2024-04-11T16:12:49.121+0000] {w3c.py:96} WARNING - Cleaning u_ex100619.log
[2024-04-11T16:12:49.122+0000] {logging_mixin.py:188} INFO - sort -u /opt/***/data/Staging/DimIP.txt > /opt/***/data/Staging/DimIPUniq.txt
[2024-04-11T16:12:49.124+0000] {w3c.py:139} WARNING - calling Clean u_ex100714.log
[2024-04-11T16:12:49.124+0000] {logging_mixin.py:188} INFO - Cleaning  u_ex100714.log
[2024-04-11T16:12:49.124+0000] {w3c.py:96} WARNING - Cleaning u_ex100714.log
[2024-04-11T16:12:49.125+0000] {logging_mixin.py:188} INFO - sort -u /opt/***/data/Staging/DimIP.txt > /opt/***/data/Staging/DimIPUniq.txt
[2024-04-11T16:12:49.127+0000] {w3c.py:139} WARNING - calling Clean u_ex100106.log
[2024-04-11T16:12:49.127+0000] {logging_mixin.py:188} INFO - Cleaning  u_ex100106.log
[2024-04-11T16:12:49.127+0000] {w3c.py:96} WARNING - Cleaning u_ex100106.log
[2024-04-11T16:12:49.127+0000] {logging_mixin.py:188} INFO - sort -u /opt/***/data/Staging/DimIP.txt > /opt/***/data/Staging/DimIPUniq.txt
[2024-04-11T16:12:49.133+0000] {w3c.py:139} WARNING - calling Clean u_ex091024.log
[2024-04-11T16:12:49.134+0000] {logging_mixin.py:188} INFO - Cleaning  u_ex091024.log
[2024-04-11T16:12:49.134+0000] {w3c.py:96} WARNING - Cleaning u_ex091024.log
[2024-04-11T16:12:49.134+0000] {logging_mixin.py:188} INFO - sort -u /opt/***/data/Staging/DimIP.txt > /opt/***/data/Staging/DimIPUniq.txt
[2024-04-11T16:12:49.135+0000] {w3c.py:139} WARNING - calling Clean u_ex101020.log
[2024-04-11T16:12:49.135+0000] {logging_mixin.py:188} INFO - Cleaning  u_ex101020.log
[2024-04-11T16:12:49.135+0000] {w3c.py:96} WARNING - Cleaning u_ex101020.log
[2024-04-11T16:12:49.135+0000] {logging_mixin.py:188} INFO - sort -u /opt/***/data/Staging/DimIP.txt > /opt/***/data/Staging/DimIPUniq.txt
[2024-04-11T16:12:49.139+0000] {w3c.py:139} WARNING - calling Clean u_ex110205.log
[2024-04-11T16:12:49.139+0000] {logging_mixin.py:188} INFO - Cleaning  u_ex110205.log
[2024-04-11T16:12:49.139+0000] {w3c.py:96} WARNING - Cleaning u_ex110205.log
[2024-04-11T16:12:49.140+0000] {logging_mixin.py:188} INFO - sort -u /opt/***/data/Staging/DimIP.txt > /opt/***/data/Staging/DimIPUniq.txt
[2024-04-11T16:12:49.142+0000] {w3c.py:139} WARNING - calling Clean u_ex100809.log
[2024-04-11T16:12:49.142+0000] {logging_mixin.py:188} INFO - Cleaning  u_ex100809.log
[2024-04-11T16:12:49.142+0000] {w3c.py:96} WARNING - Cleaning u_ex100809.log
[2024-04-11T16:12:49.142+0000] {logging_mixin.py:188} INFO - sort -u /opt/***/data/Staging/DimIP.txt > /opt/***/data/Staging/DimIPUniq.txt
[2024-04-11T16:12:49.148+0000] {w3c.py:139} WARNING - calling Clean u_ex091106.log
[2024-04-11T16:12:49.148+0000] {logging_mixin.py:188} INFO - Cleaning  u_ex091106.log
[2024-04-11T16:12:49.148+0000] {w3c.py:96} WARNING - Cleaning u_ex091106.log
[2024-04-11T16:12:49.148+0000] {logging_mixin.py:188} INFO - sort -u /opt/***/data/Staging/DimIP.txt > /opt/***/data/Staging/DimIPUniq.txt
[2024-04-11T16:12:49.149+0000] {w3c.py:139} WARNING - calling Clean u_ex091211.log
[2024-04-11T16:12:49.149+0000] {logging_mixin.py:188} INFO - Cleaning  u_ex091211.log
[2024-04-11T16:12:49.150+0000] {w3c.py:96} WARNING - Cleaning u_ex091211.log
[2024-04-11T16:12:49.150+0000] {logging_mixin.py:188} INFO - sort -u /opt/***/data/Staging/DimIP.txt > /opt/***/data/Staging/DimIPUniq.txt
[2024-04-11T16:12:49.152+0000] {w3c.py:139} WARNING - calling Clean u_ex100322.log
[2024-04-11T16:12:49.152+0000] {logging_mixin.py:188} INFO - Cleaning  u_ex100322.log
[2024-04-11T16:12:49.152+0000] {w3c.py:96} WARNING - Cleaning u_ex100322.log
[2024-04-11T16:12:49.153+0000] {logging_mixin.py:188} INFO - sort -u /opt/***/data/Staging/DimIP.txt > /opt/***/data/Staging/DimIPUniq.txt
[2024-04-11T16:12:49.156+0000] {w3c.py:139} WARNING - calling Clean u_ex100117.log
[2024-04-11T16:12:49.156+0000] {logging_mixin.py:188} INFO - Cleaning  u_ex100117.log
[2024-04-11T16:12:49.157+0000] {w3c.py:96} WARNING - Cleaning u_ex100117.log
[2024-04-11T16:12:49.157+0000] {logging_mixin.py:188} INFO - sort -u /opt/***/data/Staging/DimIP.txt > /opt/***/data/Staging/DimIPUniq.txt
[2024-04-11T16:12:49.162+0000] {w3c.py:139} WARNING - calling Clean u_ex101225.log
[2024-04-11T16:12:49.162+0000] {logging_mixin.py:188} INFO - Cleaning  u_ex101225.log
[2024-04-11T16:12:49.162+0000] {w3c.py:96} WARNING - Cleaning u_ex101225.log
[2024-04-11T16:12:49.162+0000] {logging_mixin.py:188} INFO - sort -u /opt/***/data/Staging/DimIP.txt > /opt/***/data/Staging/DimIPUniq.txt
[2024-04-11T16:12:49.165+0000] {w3c.py:139} WARNING - calling Clean u_ex100424.log
[2024-04-11T16:12:49.165+0000] {logging_mixin.py:188} INFO - Cleaning  u_ex100424.log
[2024-04-11T16:12:49.165+0000] {w3c.py:96} WARNING - Cleaning u_ex100424.log
[2024-04-11T16:12:49.165+0000] {logging_mixin.py:188} INFO - sort -u /opt/***/data/Staging/DimIP.txt > /opt/***/data/Staging/DimIPUniq.txt
[2024-04-11T16:12:49.167+0000] {w3c.py:139} WARNING - calling Clean u_ex091102.log
[2024-04-11T16:12:49.168+0000] {logging_mixin.py:188} INFO - Cleaning  u_ex091102.log
[2024-04-11T16:12:49.168+0000] {w3c.py:96} WARNING - Cleaning u_ex091102.log
[2024-04-11T16:12:49.168+0000] {logging_mixin.py:188} INFO - sort -u /opt/***/data/Staging/DimIP.txt > /opt/***/data/Staging/DimIPUniq.txt
[2024-04-11T16:12:49.175+0000] {w3c.py:139} WARNING - calling Clean u_ex091123.log
[2024-04-11T16:12:49.176+0000] {logging_mixin.py:188} INFO - Cleaning  u_ex091123.log
[2024-04-11T16:12:49.176+0000] {w3c.py:96} WARNING - Cleaning u_ex091123.log
[2024-04-11T16:12:49.176+0000] {logging_mixin.py:188} INFO - sort -u /opt/***/data/Staging/DimIP.txt > /opt/***/data/Staging/DimIPUniq.txt
[2024-04-11T16:12:49.180+0000] {w3c.py:139} WARNING - calling Clean u_ex100629.log
[2024-04-11T16:12:49.180+0000] {logging_mixin.py:188} INFO - Cleaning  u_ex100629.log
[2024-04-11T16:12:49.181+0000] {w3c.py:96} WARNING - Cleaning u_ex100629.log
[2024-04-11T16:12:49.181+0000] {logging_mixin.py:188} INFO - sort -u /opt/***/data/Staging/DimIP.txt > /opt/***/data/Staging/DimIPUniq.txt
[2024-04-11T16:12:49.183+0000] {w3c.py:139} WARNING - calling Clean u_ex100612.log
[2024-04-11T16:12:49.183+0000] {logging_mixin.py:188} INFO - Cleaning  u_ex100612.log
[2024-04-11T16:12:49.184+0000] {w3c.py:96} WARNING - Cleaning u_ex100612.log
[2024-04-11T16:12:49.184+0000] {logging_mixin.py:188} INFO - sort -u /opt/***/data/Staging/DimIP.txt > /opt/***/data/Staging/DimIPUniq.txt
[2024-04-11T16:12:49.186+0000] {w3c.py:139} WARNING - calling Clean u_ex100912.log
[2024-04-11T16:12:49.186+0000] {logging_mixin.py:188} INFO - Cleaning  u_ex100912.log
[2024-04-11T16:12:49.186+0000] {w3c.py:96} WARNING - Cleaning u_ex100912.log
[2024-04-11T16:12:49.186+0000] {logging_mixin.py:188} INFO - sort -u /opt/***/data/Staging/DimIP.txt > /opt/***/data/Staging/DimIPUniq.txt
[2024-04-11T16:12:49.190+0000] {w3c.py:139} WARNING - calling Clean u_ex101215.log
[2024-04-11T16:12:49.190+0000] {logging_mixin.py:188} INFO - Cleaning  u_ex101215.log
[2024-04-11T16:12:49.190+0000] {w3c.py:96} WARNING - Cleaning u_ex101215.log
[2024-04-11T16:12:49.190+0000] {logging_mixin.py:188} INFO - sort -u /opt/***/data/Staging/DimIP.txt > /opt/***/data/Staging/DimIPUniq.txt
[2024-04-11T16:12:49.194+0000] {w3c.py:139} WARNING - calling Clean u_ex100131.log
[2024-04-11T16:12:49.194+0000] {logging_mixin.py:188} INFO - Cleaning  u_ex100131.log
[2024-04-11T16:12:49.195+0000] {w3c.py:96} WARNING - Cleaning u_ex100131.log
[2024-04-11T16:12:49.195+0000] {logging_mixin.py:188} INFO - sort -u /opt/***/data/Staging/DimIP.txt > /opt/***/data/Staging/DimIPUniq.txt
[2024-04-11T16:12:49.198+0000] {w3c.py:139} WARNING - calling Clean u_ex101223.log
[2024-04-11T16:12:49.198+0000] {logging_mixin.py:188} INFO - Cleaning  u_ex101223.log
[2024-04-11T16:12:49.198+0000] {w3c.py:96} WARNING - Cleaning u_ex101223.log
[2024-04-11T16:12:49.199+0000] {logging_mixin.py:188} INFO - sort -u /opt/***/data/Staging/DimIP.txt > /opt/***/data/Staging/DimIPUniq.txt
[2024-04-11T16:12:49.202+0000] {w3c.py:139} WARNING - calling Clean u_ex110427.log
[2024-04-11T16:12:49.202+0000] {logging_mixin.py:188} INFO - Cleaning  u_ex110427.log
[2024-04-11T16:12:49.202+0000] {w3c.py:96} WARNING - Cleaning u_ex110427.log
[2024-04-11T16:12:49.202+0000] {logging_mixin.py:188} INFO - sort -u /opt/***/data/Staging/DimIP.txt > /opt/***/data/Staging/DimIPUniq.txt
[2024-04-11T16:12:49.207+0000] {w3c.py:139} WARNING - calling Clean u_ex101008.log
[2024-04-11T16:12:49.207+0000] {logging_mixin.py:188} INFO - Cleaning  u_ex101008.log
[2024-04-11T16:12:49.208+0000] {w3c.py:96} WARNING - Cleaning u_ex101008.log
[2024-04-11T16:12:49.208+0000] {logging_mixin.py:188} INFO - sort -u /opt/***/data/Staging/DimIP.txt > /opt/***/data/Staging/DimIPUniq.txt
[2024-04-11T16:12:49.214+0000] {w3c.py:139} WARNING - calling Clean u_ex100423.log
[2024-04-11T16:12:49.214+0000] {logging_mixin.py:188} INFO - Cleaning  u_ex100423.log
[2024-04-11T16:12:49.214+0000] {w3c.py:96} WARNING - Cleaning u_ex100423.log
[2024-04-11T16:12:49.215+0000] {logging_mixin.py:188} INFO - sort -u /opt/***/data/Staging/DimIP.txt > /opt/***/data/Staging/DimIPUniq.txt
[2024-04-11T16:12:49.219+0000] {w3c.py:139} WARNING - calling Clean u_ex100808.log
[2024-04-11T16:12:49.219+0000] {logging_mixin.py:188} INFO - Cleaning  u_ex100808.log
[2024-04-11T16:12:49.219+0000] {w3c.py:96} WARNING - Cleaning u_ex100808.log
[2024-04-11T16:12:49.220+0000] {logging_mixin.py:188} INFO - sort -u /opt/***/data/Staging/DimIP.txt > /opt/***/data/Staging/DimIPUniq.txt
[2024-04-11T16:12:49.222+0000] {w3c.py:139} WARNING - calling Clean u_ex100519.log
[2024-04-11T16:12:49.222+0000] {logging_mixin.py:188} INFO - Cleaning  u_ex100519.log
[2024-04-11T16:12:49.222+0000] {w3c.py:96} WARNING - Cleaning u_ex100519.log
[2024-04-11T16:12:49.222+0000] {logging_mixin.py:188} INFO - sort -u /opt/***/data/Staging/DimIP.txt > /opt/***/data/Staging/DimIPUniq.txt
[2024-04-11T16:12:49.225+0000] {w3c.py:139} WARNING - calling Clean u_ex091213.log
[2024-04-11T16:12:49.225+0000] {logging_mixin.py:188} INFO - Cleaning  u_ex091213.log
[2024-04-11T16:12:49.226+0000] {w3c.py:96} WARNING - Cleaning u_ex091213.log
[2024-04-11T16:12:49.226+0000] {logging_mixin.py:188} INFO - sort -u /opt/***/data/Staging/DimIP.txt > /opt/***/data/Staging/DimIPUniq.txt
[2024-04-11T16:12:49.229+0000] {w3c.py:139} WARNING - calling Clean u_ex101202.log
[2024-04-11T16:12:49.229+0000] {logging_mixin.py:188} INFO - Cleaning  u_ex101202.log
[2024-04-11T16:12:49.229+0000] {w3c.py:96} WARNING - Cleaning u_ex101202.log
[2024-04-11T16:12:49.229+0000] {logging_mixin.py:188} INFO - sort -u /opt/***/data/Staging/DimIP.txt > /opt/***/data/Staging/DimIPUniq.txt
[2024-04-11T16:12:49.232+0000] {w3c.py:139} WARNING - calling Clean u_ex100718.log
[2024-04-11T16:12:49.232+0000] {logging_mixin.py:188} INFO - Cleaning  u_ex100718.log
[2024-04-11T16:12:49.232+0000] {w3c.py:96} WARNING - Cleaning u_ex100718.log
[2024-04-11T16:12:49.232+0000] {logging_mixin.py:188} INFO - sort -u /opt/***/data/Staging/DimIP.txt > /opt/***/data/Staging/DimIPUniq.txt
[2024-04-11T16:12:49.237+0000] {w3c.py:139} WARNING - calling Clean u_ex100314.log
[2024-04-11T16:12:49.237+0000] {logging_mixin.py:188} INFO - Cleaning  u_ex100314.log
[2024-04-11T16:12:49.237+0000] {w3c.py:96} WARNING - Cleaning u_ex100314.log
[2024-04-11T16:12:49.237+0000] {logging_mixin.py:188} INFO - sort -u /opt/***/data/Staging/DimIP.txt > /opt/***/data/Staging/DimIPUniq.txt
[2024-04-11T16:12:49.241+0000] {w3c.py:139} WARNING - calling Clean u_ex100425.log
[2024-04-11T16:12:49.241+0000] {logging_mixin.py:188} INFO - Cleaning  u_ex100425.log
[2024-04-11T16:12:49.241+0000] {w3c.py:96} WARNING - Cleaning u_ex100425.log
[2024-04-11T16:12:49.242+0000] {logging_mixin.py:188} INFO - sort -u /opt/***/data/Staging/DimIP.txt > /opt/***/data/Staging/DimIPUniq.txt
[2024-04-11T16:12:49.245+0000] {w3c.py:139} WARNING - calling Clean u_ex100304.log
[2024-04-11T16:12:49.245+0000] {logging_mixin.py:188} INFO - Cleaning  u_ex100304.log
[2024-04-11T16:12:49.245+0000] {w3c.py:96} WARNING - Cleaning u_ex100304.log
[2024-04-11T16:12:49.246+0000] {logging_mixin.py:188} INFO - sort -u /opt/***/data/Staging/DimIP.txt > /opt/***/data/Staging/DimIPUniq.txt
[2024-04-11T16:12:49.249+0000] {w3c.py:139} WARNING - calling Clean u_ex100419.log
[2024-04-11T16:12:49.249+0000] {logging_mixin.py:188} INFO - Cleaning  u_ex100419.log
[2024-04-11T16:12:49.250+0000] {w3c.py:96} WARNING - Cleaning u_ex100419.log
[2024-04-11T16:12:49.250+0000] {logging_mixin.py:188} INFO - sort -u /opt/***/data/Staging/DimIP.txt > /opt/***/data/Staging/DimIPUniq.txt
[2024-04-11T16:12:49.253+0000] {w3c.py:139} WARNING - calling Clean u_ex101023.log
[2024-04-11T16:12:49.254+0000] {logging_mixin.py:188} INFO - Cleaning  u_ex101023.log
[2024-04-11T16:12:49.254+0000] {w3c.py:96} WARNING - Cleaning u_ex101023.log
[2024-04-11T16:12:49.254+0000] {logging_mixin.py:188} INFO - sort -u /opt/***/data/Staging/DimIP.txt > /opt/***/data/Staging/DimIPUniq.txt
[2024-04-11T16:12:49.259+0000] {w3c.py:139} WARNING - calling Clean u_ex101025.log
[2024-04-11T16:12:49.259+0000] {logging_mixin.py:188} INFO - Cleaning  u_ex101025.log
[2024-04-11T16:12:49.259+0000] {w3c.py:96} WARNING - Cleaning u_ex101025.log
[2024-04-11T16:12:49.260+0000] {logging_mixin.py:188} INFO - sort -u /opt/***/data/Staging/DimIP.txt > /opt/***/data/Staging/DimIPUniq.txt
[2024-04-11T16:12:49.263+0000] {w3c.py:139} WARNING - calling Clean u_ex101101.log
[2024-04-11T16:12:49.263+0000] {logging_mixin.py:188} INFO - Cleaning  u_ex101101.log
[2024-04-11T16:12:49.263+0000] {w3c.py:96} WARNING - Cleaning u_ex101101.log
[2024-04-11T16:12:49.264+0000] {logging_mixin.py:188} INFO - sort -u /opt/***/data/Staging/DimIP.txt > /opt/***/data/Staging/DimIPUniq.txt
[2024-04-11T16:12:49.269+0000] {w3c.py:139} WARNING - calling Clean u_ex100906.log
[2024-04-11T16:12:49.270+0000] {logging_mixin.py:188} INFO - Cleaning  u_ex100906.log
[2024-04-11T16:12:49.270+0000] {w3c.py:96} WARNING - Cleaning u_ex100906.log
[2024-04-11T16:12:49.270+0000] {logging_mixin.py:188} INFO - sort -u /opt/***/data/Staging/DimIP.txt > /opt/***/data/Staging/DimIPUniq.txt
[2024-04-11T16:12:49.272+0000] {w3c.py:139} WARNING - calling Clean u_ex101113.log
[2024-04-11T16:12:49.273+0000] {logging_mixin.py:188} INFO - Cleaning  u_ex101113.log
[2024-04-11T16:12:49.273+0000] {w3c.py:96} WARNING - Cleaning u_ex101113.log
[2024-04-11T16:12:49.273+0000] {logging_mixin.py:188} INFO - sort -u /opt/***/data/Staging/DimIP.txt > /opt/***/data/Staging/DimIPUniq.txt
[2024-04-11T16:12:49.276+0000] {w3c.py:139} WARNING - calling Clean u_ex100924.log
[2024-04-11T16:12:49.276+0000] {logging_mixin.py:188} INFO - Cleaning  u_ex100924.log
[2024-04-11T16:12:49.277+0000] {w3c.py:96} WARNING - Cleaning u_ex100924.log
[2024-04-11T16:12:49.277+0000] {logging_mixin.py:188} INFO - sort -u /opt/***/data/Staging/DimIP.txt > /opt/***/data/Staging/DimIPUniq.txt
[2024-04-11T16:12:49.280+0000] {w3c.py:139} WARNING - calling Clean u_ex101118.log
[2024-04-11T16:12:49.281+0000] {logging_mixin.py:188} INFO - Cleaning  u_ex101118.log
[2024-04-11T16:12:49.281+0000] {w3c.py:96} WARNING - Cleaning u_ex101118.log
[2024-04-11T16:12:49.281+0000] {logging_mixin.py:188} INFO - sort -u /opt/***/data/Staging/DimIP.txt > /opt/***/data/Staging/DimIPUniq.txt
[2024-04-11T16:12:49.284+0000] {w3c.py:139} WARNING - calling Clean u_ex091130.log
[2024-04-11T16:12:49.284+0000] {logging_mixin.py:188} INFO - Cleaning  u_ex091130.log
[2024-04-11T16:12:49.285+0000] {w3c.py:96} WARNING - Cleaning u_ex091130.log
[2024-04-11T16:12:49.285+0000] {logging_mixin.py:188} INFO - sort -u /opt/***/data/Staging/DimIP.txt > /opt/***/data/Staging/DimIPUniq.txt
[2024-04-11T16:12:49.287+0000] {logging_mixin.py:188} INFO - Fault 26
[2024-04-11T16:12:49.291+0000] {logging_mixin.py:188} INFO - Fault 10
[2024-04-11T16:12:49.295+0000] {logging_mixin.py:188} INFO - Fault 6
[2024-04-11T16:12:49.296+0000] {w3c.py:139} WARNING - calling Clean u_ex100309.log
[2024-04-11T16:12:49.296+0000] {logging_mixin.py:188} INFO - Cleaning  u_ex100309.log
[2024-04-11T16:12:49.297+0000] {w3c.py:96} WARNING - Cleaning u_ex100309.log
[2024-04-11T16:12:49.297+0000] {logging_mixin.py:188} INFO - sort -u /opt/***/data/Staging/DimIP.txt > /opt/***/data/Staging/DimIPUniq.txt
[2024-04-11T16:12:49.304+0000] {w3c.py:139} WARNING - calling Clean u_ex100725.log
[2024-04-11T16:12:49.305+0000] {logging_mixin.py:188} INFO - Cleaning  u_ex100725.log
[2024-04-11T16:12:49.305+0000] {w3c.py:96} WARNING - Cleaning u_ex100725.log
[2024-04-11T16:12:49.306+0000] {logging_mixin.py:188} INFO - sort -u /opt/***/data/Staging/DimIP.txt > /opt/***/data/Staging/DimIPUniq.txt
[2024-04-11T16:12:49.313+0000] {w3c.py:139} WARNING - calling Clean u_ex091025.log
[2024-04-11T16:12:49.313+0000] {logging_mixin.py:188} INFO - Cleaning  u_ex091025.log
[2024-04-11T16:12:49.314+0000] {w3c.py:96} WARNING - Cleaning u_ex091025.log
[2024-04-11T16:12:49.314+0000] {logging_mixin.py:188} INFO - sort -u /opt/***/data/Staging/DimIP.txt > /opt/***/data/Staging/DimIPUniq.txt
[2024-04-11T16:12:49.315+0000] {w3c.py:139} WARNING - calling Clean u_ex100307.log
[2024-04-11T16:12:49.316+0000] {logging_mixin.py:188} INFO - Cleaning  u_ex100307.log
[2024-04-11T16:12:49.316+0000] {w3c.py:96} WARNING - Cleaning u_ex100307.log
[2024-04-11T16:12:49.316+0000] {logging_mixin.py:188} INFO - sort -u /opt/***/data/Staging/DimIP.txt > /opt/***/data/Staging/DimIPUniq.txt
[2024-04-11T16:12:49.320+0000] {w3c.py:139} WARNING - calling Clean u_ex110516.log
[2024-04-11T16:12:49.321+0000] {logging_mixin.py:188} INFO - Cleaning  u_ex110516.log
[2024-04-11T16:12:49.321+0000] {w3c.py:96} WARNING - Cleaning u_ex110516.log
[2024-04-11T16:12:49.321+0000] {logging_mixin.py:188} INFO - sort -u /opt/***/data/Staging/DimIP.txt > /opt/***/data/Staging/DimIPUniq.txt
[2024-04-11T16:12:49.330+0000] {w3c.py:139} WARNING - calling Clean u_ex100628.log
[2024-04-11T16:12:49.330+0000] {logging_mixin.py:188} INFO - Cleaning  u_ex100628.log
[2024-04-11T16:12:49.331+0000] {w3c.py:96} WARNING - Cleaning u_ex100628.log
[2024-04-11T16:12:49.331+0000] {logging_mixin.py:188} INFO - sort -u /opt/***/data/Staging/DimIP.txt > /opt/***/data/Staging/DimIPUniq.txt
[2024-04-11T16:12:49.336+0000] {w3c.py:139} WARNING - calling Clean u_ex100406.log
[2024-04-11T16:12:49.336+0000] {logging_mixin.py:188} INFO - Cleaning  u_ex100406.log
[2024-04-11T16:12:49.336+0000] {w3c.py:96} WARNING - Cleaning u_ex100406.log
[2024-04-11T16:12:49.337+0000] {logging_mixin.py:188} INFO - sort -u /opt/***/data/Staging/DimIP.txt > /opt/***/data/Staging/DimIPUniq.txt
[2024-04-11T16:12:49.346+0000] {w3c.py:139} WARNING - calling Clean u_ex100221.log
[2024-04-11T16:12:49.347+0000] {logging_mixin.py:188} INFO - Cleaning  u_ex100221.log
[2024-04-11T16:12:49.347+0000] {w3c.py:96} WARNING - Cleaning u_ex100221.log
[2024-04-11T16:12:49.348+0000] {logging_mixin.py:188} INFO - sort -u /opt/***/data/Staging/DimIP.txt > /opt/***/data/Staging/DimIPUniq.txt
[2024-04-11T16:12:49.352+0000] {w3c.py:139} WARNING - calling Clean u_ex100113.log
[2024-04-11T16:12:49.352+0000] {logging_mixin.py:188} INFO - Cleaning  u_ex100113.log
[2024-04-11T16:12:49.353+0000] {w3c.py:96} WARNING - Cleaning u_ex100113.log
[2024-04-11T16:12:49.353+0000] {logging_mixin.py:188} INFO - sort -u /opt/***/data/Staging/DimIP.txt > /opt/***/data/Staging/DimIPUniq.txt
[2024-04-11T16:12:49.364+0000] {w3c.py:139} WARNING - calling Clean u_ex101212.log
[2024-04-11T16:12:49.364+0000] {logging_mixin.py:188} INFO - Cleaning  u_ex101212.log
[2024-04-11T16:12:49.365+0000] {w3c.py:96} WARNING - Cleaning u_ex101212.log
[2024-04-11T16:12:49.365+0000] {logging_mixin.py:188} INFO - sort -u /opt/***/data/Staging/DimIP.txt > /opt/***/data/Staging/DimIPUniq.txt
[2024-04-11T16:12:49.371+0000] {w3c.py:139} WARNING - calling Clean u_ex100302.log
[2024-04-11T16:12:49.372+0000] {logging_mixin.py:188} INFO - Cleaning  u_ex100302.log
[2024-04-11T16:12:49.372+0000] {w3c.py:96} WARNING - Cleaning u_ex100302.log
[2024-04-11T16:12:49.372+0000] {logging_mixin.py:188} INFO - sort -u /opt/***/data/Staging/DimIP.txt > /opt/***/data/Staging/DimIPUniq.txt
[2024-04-11T16:12:49.383+0000] {w3c.py:139} WARNING - calling Clean u_ex100630.log
[2024-04-11T16:12:49.383+0000] {logging_mixin.py:188} INFO - Cleaning  u_ex100630.log
[2024-04-11T16:12:49.384+0000] {w3c.py:96} WARNING - Cleaning u_ex100630.log
[2024-04-11T16:12:49.384+0000] {logging_mixin.py:188} INFO - sort -u /opt/***/data/Staging/DimIP.txt > /opt/***/data/Staging/DimIPUniq.txt
[2024-04-11T16:12:49.388+0000] {w3c.py:139} WARNING - calling Clean u_ex100615.log
[2024-04-11T16:12:49.389+0000] {logging_mixin.py:188} INFO - Cleaning  u_ex100615.log
[2024-04-11T16:12:49.389+0000] {w3c.py:96} WARNING - Cleaning u_ex100615.log
[2024-04-11T16:12:49.389+0000] {logging_mixin.py:188} INFO - sort -u /opt/***/data/Staging/DimIP.txt > /opt/***/data/Staging/DimIPUniq.txt
[2024-04-11T16:12:49.393+0000] {w3c.py:139} WARNING - calling Clean u_ex091120.log
[2024-04-11T16:12:49.394+0000] {logging_mixin.py:188} INFO - Cleaning  u_ex091120.log
[2024-04-11T16:12:49.394+0000] {w3c.py:96} WARNING - Cleaning u_ex091120.log
[2024-04-11T16:12:49.394+0000] {logging_mixin.py:188} INFO - sort -u /opt/***/data/Staging/DimIP.txt > /opt/***/data/Staging/DimIPUniq.txt
[2024-04-11T16:12:49.399+0000] {w3c.py:139} WARNING - calling Clean u_ex110504.log
[2024-04-11T16:12:49.399+0000] {logging_mixin.py:188} INFO - Cleaning  u_ex110504.log
[2024-04-11T16:12:49.400+0000] {w3c.py:96} WARNING - Cleaning u_ex110504.log
[2024-04-11T16:12:49.400+0000] {logging_mixin.py:188} INFO - sort -u /opt/***/data/Staging/DimIP.txt > /opt/***/data/Staging/DimIPUniq.txt
[2024-04-11T16:12:49.406+0000] {w3c.py:139} WARNING - calling Clean u_ex100622.log
[2024-04-11T16:12:49.407+0000] {logging_mixin.py:188} INFO - Cleaning  u_ex100622.log
[2024-04-11T16:12:49.407+0000] {w3c.py:96} WARNING - Cleaning u_ex100622.log
[2024-04-11T16:12:49.407+0000] {logging_mixin.py:188} INFO - sort -u /opt/***/data/Staging/DimIP.txt > /opt/***/data/Staging/DimIPUniq.txt
[2024-04-11T16:12:49.413+0000] {w3c.py:139} WARNING - calling Clean u_ex100801.log
[2024-04-11T16:12:49.413+0000] {logging_mixin.py:188} INFO - Cleaning  u_ex100801.log
[2024-04-11T16:12:49.414+0000] {w3c.py:96} WARNING - Cleaning u_ex100801.log
[2024-04-11T16:12:49.414+0000] {logging_mixin.py:188} INFO - sort -u /opt/***/data/Staging/DimIP.txt > /opt/***/data/Staging/DimIPUniq.txt
[2024-04-11T16:12:49.418+0000] {w3c.py:139} WARNING - calling Clean u_ex110407.log
[2024-04-11T16:12:49.418+0000] {logging_mixin.py:188} INFO - Cleaning  u_ex110407.log
[2024-04-11T16:12:49.419+0000] {w3c.py:96} WARNING - Cleaning u_ex110407.log
[2024-04-11T16:12:49.419+0000] {logging_mixin.py:188} INFO - sort -u /opt/***/data/Staging/DimIP.txt > /opt/***/data/Staging/DimIPUniq.txt
[2024-04-11T16:12:49.427+0000] {w3c.py:139} WARNING - calling Clean u_ex100926.log
[2024-04-11T16:12:49.428+0000] {logging_mixin.py:188} INFO - Cleaning  u_ex100926.log
[2024-04-11T16:12:49.428+0000] {w3c.py:96} WARNING - Cleaning u_ex100926.log
[2024-04-11T16:12:49.429+0000] {logging_mixin.py:188} INFO - sort -u /opt/***/data/Staging/DimIP.txt > /opt/***/data/Staging/DimIPUniq.txt
[2024-04-11T16:12:49.434+0000] {w3c.py:139} WARNING - calling Clean u_ex100422.log
[2024-04-11T16:12:49.435+0000] {logging_mixin.py:188} INFO - Cleaning  u_ex100422.log
[2024-04-11T16:12:49.435+0000] {w3c.py:96} WARNING - Cleaning u_ex100422.log
[2024-04-11T16:12:49.436+0000] {logging_mixin.py:188} INFO - sort -u /opt/***/data/Staging/DimIP.txt > /opt/***/data/Staging/DimIPUniq.txt
[2024-04-11T16:12:49.446+0000] {w3c.py:139} WARNING - calling Clean u_ex101111.log
[2024-04-11T16:12:49.449+0000] {logging_mixin.py:188} INFO - Cleaning  u_ex101111.log
[2024-04-11T16:12:49.449+0000] {w3c.py:96} WARNING - Cleaning u_ex101111.log
[2024-04-11T16:12:49.450+0000] {logging_mixin.py:188} INFO - sort -u /opt/***/data/Staging/DimIP.txt > /opt/***/data/Staging/DimIPUniq.txt
[2024-04-11T16:12:49.457+0000] {w3c.py:139} WARNING - calling Clean u_ex100705.log
[2024-04-11T16:12:49.457+0000] {logging_mixin.py:188} INFO - Cleaning  u_ex100705.log
[2024-04-11T16:12:49.458+0000] {w3c.py:96} WARNING - Cleaning u_ex100705.log
[2024-04-11T16:12:49.458+0000] {logging_mixin.py:188} INFO - sort -u /opt/***/data/Staging/DimIP.txt > /opt/***/data/Staging/DimIPUniq.txt
[2024-04-11T16:12:49.464+0000] {w3c.py:139} WARNING - calling Clean u_ex100112.log
[2024-04-11T16:12:49.464+0000] {logging_mixin.py:188} INFO - Cleaning  u_ex100112.log
[2024-04-11T16:12:49.465+0000] {w3c.py:96} WARNING - Cleaning u_ex100112.log
[2024-04-11T16:12:49.465+0000] {logging_mixin.py:188} INFO - sort -u /opt/***/data/Staging/DimIP.txt > /opt/***/data/Staging/DimIPUniq.txt
[2024-04-11T16:12:49.482+0000] {w3c.py:139} WARNING - calling Clean u_ex101027.log
[2024-04-11T16:12:49.483+0000] {logging_mixin.py:188} INFO - Cleaning  u_ex101027.log
[2024-04-11T16:12:49.486+0000] {w3c.py:96} WARNING - Cleaning u_ex101027.log
[2024-04-11T16:12:49.489+0000] {logging_mixin.py:188} INFO - sort -u /opt/***/data/Staging/DimIP.txt > /opt/***/data/Staging/DimIPUniq.txt
[2024-04-11T16:12:49.501+0000] {python.py:237} INFO - Done. Returned value was: None
[2024-04-11T16:12:49.502+0000] {taskinstance.py:441} INFO - ::group::Post task execution logs
[2024-04-11T16:12:49.534+0000] {taskinstance.py:1205} INFO - Marking task as SUCCESS. dag_id=Process_W3_Data, task_id=RemoveHash, execution_date=20240411T161245, start_date=20240411T161248, end_date=20240411T161249
[2024-04-11T16:12:49.588+0000] {local_task_job_runner.py:240} INFO - Task exited with return code 0
[2024-04-11T16:12:49.673+0000] {taskinstance.py:3482} INFO - 1 downstream tasks scheduled from follow-on schedule check
[2024-04-11T16:12:49.675+0000] {local_task_job_runner.py:222} INFO - ::endgroup::
