[2024-04-11T16:29:53.858+0000] {local_task_job_runner.py:120} INFO - ::group::Pre task execution logs
[2024-04-11T16:29:53.959+0000] {taskinstance.py:2073} INFO - Dependencies all met for dep_context=non-requeueable deps ti=<TaskInstance: Process_W3_Data.RemoveHash manual__2024-04-11T16:29:48.873858+00:00 [queued]>
[2024-04-11T16:29:53.984+0000] {taskinstance.py:2073} INFO - Dependencies all met for dep_context=requeueable deps ti=<TaskInstance: Process_W3_Data.RemoveHash manual__2024-04-11T16:29:48.873858+00:00 [queued]>
[2024-04-11T16:29:53.984+0000] {taskinstance.py:2303} INFO - Starting attempt 1 of 1
[2024-04-11T16:29:54.034+0000] {taskinstance.py:2327} INFO - Executing <Task(PythonOperator): RemoveHash> on 2024-04-11 16:29:48.873858+00:00
[2024-04-11T16:29:54.057+0000] {warnings.py:110} WARNING - /home/***/.local/lib/python3.12/site-packages/***/task/task_runner/standard_task_runner.py:61: DeprecationWarning: This process (pid=22463) is multi-threaded, use of fork() may lead to deadlocks in the child.
  pid = os.fork()

[2024-04-11T16:29:54.076+0000] {standard_task_runner.py:63} INFO - Started process 22472 to run task
[2024-04-11T16:29:54.079+0000] {standard_task_runner.py:90} INFO - Running: ['***', 'tasks', 'run', 'Process_W3_Data', 'RemoveHash', 'manual__2024-04-11T16:29:48.873858+00:00', '--job-id', '143', '--raw', '--subdir', 'DAGS_FOLDER/w3c.py', '--cfg-path', '/tmp/tmp5pa3v_c_']
[2024-04-11T16:29:54.094+0000] {standard_task_runner.py:91} INFO - Job 143: Subtask RemoveHash
[2024-04-11T16:29:54.273+0000] {task_command.py:426} INFO - Running <TaskInstance: Process_W3_Data.RemoveHash manual__2024-04-11T16:29:48.873858+00:00 [running]> on host 426f0b9f9d71
[2024-04-11T16:29:54.557+0000] {taskinstance.py:2644} INFO - Exporting env vars: AIRFLOW_CTX_DAG_OWNER='***' AIRFLOW_CTX_DAG_ID='Process_W3_Data' AIRFLOW_CTX_TASK_ID='RemoveHash' AIRFLOW_CTX_EXECUTION_DATE='2024-04-11T16:29:48.873858+00:00' AIRFLOW_CTX_TRY_NUMBER='1' AIRFLOW_CTX_DAG_RUN_ID='manual__2024-04-11T16:29:48.873858+00:00'
[2024-04-11T16:29:54.560+0000] {taskinstance.py:430} INFO - ::endgroup::
[2024-04-11T16:29:54.561+0000] {w3c.py:146} WARNING - Starting List Filesu_ex101031.log,u_ex110411.log,u_ex100626.log,u_ex100105.log,u_ex091103.log,u_ex110510.log,u_ex100708.log,u_ex100315.log,u_ex110306.log,u_ex100528.log,u_ex100204.log,u_ex110218.log,u_ex100104.log,u_ex110209.log,u_ex100916.log,u_ex100520.log,u_ex101126.log,u_ex100205.log,u_ex110405.log,u_ex110212.log,u_ex100430.log,u_ex100830.log,u_ex110130.log,u_ex100526.log,u_ex091207.log,u_ex100923.log,u_ex110119.log,u_ex110424.log,u_ex100619.log,u_ex100714.log,u_ex100106.log,u_ex091024.log,u_ex101020.log,u_ex110205.log,u_ex100809.log,u_ex091106.log,u_ex091211.log,u_ex100322.log,u_ex100117.log,u_ex101225.log,u_ex100424.log,u_ex091102.log,u_ex091123.log,u_ex100629.log,u_ex100612.log,u_ex100912.log,u_ex101215.log,u_ex100131.log,u_ex101223.log,u_ex110427.log,u_ex101008.log,u_ex100423.log,u_ex100808.log,u_ex100519.log,u_ex091213.log,u_ex101202.log,u_ex100718.log,u_ex100314.log,u_ex100425.log,u_ex100304.log,u_ex100419.log,u_ex101023.log,u_ex101025.log,u_ex101101.log,u_ex100906.log,u_ex101113.log,u_ex100924.log,u_ex101118.log,u_ex091130.log,u_ex100309.log,u_ex100725.log,u_ex091025.log,u_ex100307.log,u_ex110516.log,u_ex100628.log,u_ex100406.log,u_ex100221.log,u_ex100113.log,u_ex101212.log,u_ex100302.log,u_ex100630.log,u_ex100615.log,u_ex091120.log,u_ex110504.log,u_ex100622.log,u_ex100801.log,u_ex110407.log,u_ex100926.log,u_ex100422.log,u_ex101111.log,u_ex100705.log,u_ex100112.log,u_ex101027.log
[2024-04-11T16:29:54.572+0000] {w3c.py:149} WARNING - calling Clean u_ex101031.log
[2024-04-11T16:29:54.573+0000] {logging_mixin.py:188} INFO - Cleaning  u_ex101031.log
[2024-04-11T16:29:54.573+0000] {w3c.py:106} WARNING - Cleaning u_ex101031.log
[2024-04-11T16:29:54.573+0000] {logging_mixin.py:188} INFO - sort -u /opt/***/data/Staging/DimIP.txt > /opt/***/data/Staging/DimIPUniq.txt
[2024-04-11T16:29:54.579+0000] {w3c.py:149} WARNING - calling Clean u_ex110411.log
[2024-04-11T16:29:54.579+0000] {logging_mixin.py:188} INFO - Cleaning  u_ex110411.log
[2024-04-11T16:29:54.579+0000] {w3c.py:106} WARNING - Cleaning u_ex110411.log
[2024-04-11T16:29:54.580+0000] {logging_mixin.py:188} INFO - sort -u /opt/***/data/Staging/DimIP.txt > /opt/***/data/Staging/DimIPUniq.txt
[2024-04-11T16:29:54.591+0000] {w3c.py:149} WARNING - calling Clean u_ex100626.log
[2024-04-11T16:29:54.591+0000] {logging_mixin.py:188} INFO - Cleaning  u_ex100626.log
[2024-04-11T16:29:54.592+0000] {w3c.py:106} WARNING - Cleaning u_ex100626.log
[2024-04-11T16:29:54.592+0000] {logging_mixin.py:188} INFO - sort -u /opt/***/data/Staging/DimIP.txt > /opt/***/data/Staging/DimIPUniq.txt
[2024-04-11T16:29:54.596+0000] {w3c.py:149} WARNING - calling Clean u_ex100105.log
[2024-04-11T16:29:54.596+0000] {logging_mixin.py:188} INFO - Cleaning  u_ex100105.log
[2024-04-11T16:29:54.596+0000] {w3c.py:106} WARNING - Cleaning u_ex100105.log
[2024-04-11T16:29:54.597+0000] {logging_mixin.py:188} INFO - sort -u /opt/***/data/Staging/DimIP.txt > /opt/***/data/Staging/DimIPUniq.txt
[2024-04-11T16:29:54.602+0000] {w3c.py:149} WARNING - calling Clean u_ex091103.log
[2024-04-11T16:29:54.603+0000] {logging_mixin.py:188} INFO - Cleaning  u_ex091103.log
[2024-04-11T16:29:54.603+0000] {w3c.py:106} WARNING - Cleaning u_ex091103.log
[2024-04-11T16:29:54.603+0000] {logging_mixin.py:188} INFO - sort -u /opt/***/data/Staging/DimIP.txt > /opt/***/data/Staging/DimIPUniq.txt
[2024-04-11T16:29:54.616+0000] {w3c.py:149} WARNING - calling Clean u_ex110510.log
[2024-04-11T16:29:54.616+0000] {logging_mixin.py:188} INFO - Cleaning  u_ex110510.log
[2024-04-11T16:29:54.616+0000] {w3c.py:106} WARNING - Cleaning u_ex110510.log
[2024-04-11T16:29:54.617+0000] {logging_mixin.py:188} INFO - sort -u /opt/***/data/Staging/DimIP.txt > /opt/***/data/Staging/DimIPUniq.txt
[2024-04-11T16:29:54.630+0000] {w3c.py:149} WARNING - calling Clean u_ex100708.log
[2024-04-11T16:29:54.630+0000] {logging_mixin.py:188} INFO - Cleaning  u_ex100708.log
[2024-04-11T16:29:54.630+0000] {w3c.py:106} WARNING - Cleaning u_ex100708.log
[2024-04-11T16:29:54.631+0000] {logging_mixin.py:188} INFO - sort -u /opt/***/data/Staging/DimIP.txt > /opt/***/data/Staging/DimIPUniq.txt
[2024-04-11T16:29:54.636+0000] {w3c.py:149} WARNING - calling Clean u_ex100315.log
[2024-04-11T16:29:54.637+0000] {logging_mixin.py:188} INFO - Cleaning  u_ex100315.log
[2024-04-11T16:29:54.637+0000] {w3c.py:106} WARNING - Cleaning u_ex100315.log
[2024-04-11T16:29:54.637+0000] {logging_mixin.py:188} INFO - sort -u /opt/***/data/Staging/DimIP.txt > /opt/***/data/Staging/DimIPUniq.txt
[2024-04-11T16:29:54.648+0000] {w3c.py:149} WARNING - calling Clean u_ex110306.log
[2024-04-11T16:29:54.649+0000] {logging_mixin.py:188} INFO - Cleaning  u_ex110306.log
[2024-04-11T16:29:54.649+0000] {w3c.py:106} WARNING - Cleaning u_ex110306.log
[2024-04-11T16:29:54.649+0000] {logging_mixin.py:188} INFO - sort -u /opt/***/data/Staging/DimIP.txt > /opt/***/data/Staging/DimIPUniq.txt
[2024-04-11T16:29:54.654+0000] {w3c.py:149} WARNING - calling Clean u_ex100528.log
[2024-04-11T16:29:54.655+0000] {logging_mixin.py:188} INFO - Cleaning  u_ex100528.log
[2024-04-11T16:29:54.655+0000] {w3c.py:106} WARNING - Cleaning u_ex100528.log
[2024-04-11T16:29:54.655+0000] {logging_mixin.py:188} INFO - sort -u /opt/***/data/Staging/DimIP.txt > /opt/***/data/Staging/DimIPUniq.txt
[2024-04-11T16:29:54.660+0000] {w3c.py:149} WARNING - calling Clean u_ex100204.log
[2024-04-11T16:29:54.660+0000] {logging_mixin.py:188} INFO - Cleaning  u_ex100204.log
[2024-04-11T16:29:54.661+0000] {w3c.py:106} WARNING - Cleaning u_ex100204.log
[2024-04-11T16:29:54.661+0000] {logging_mixin.py:188} INFO - sort -u /opt/***/data/Staging/DimIP.txt > /opt/***/data/Staging/DimIPUniq.txt
[2024-04-11T16:29:54.670+0000] {w3c.py:149} WARNING - calling Clean u_ex110218.log
[2024-04-11T16:29:54.671+0000] {logging_mixin.py:188} INFO - Cleaning  u_ex110218.log
[2024-04-11T16:29:54.671+0000] {w3c.py:106} WARNING - Cleaning u_ex110218.log
[2024-04-11T16:29:54.671+0000] {logging_mixin.py:188} INFO - sort -u /opt/***/data/Staging/DimIP.txt > /opt/***/data/Staging/DimIPUniq.txt
[2024-04-11T16:29:54.680+0000] {w3c.py:149} WARNING - calling Clean u_ex100104.log
[2024-04-11T16:29:54.681+0000] {logging_mixin.py:188} INFO - Cleaning  u_ex100104.log
[2024-04-11T16:29:54.681+0000] {w3c.py:106} WARNING - Cleaning u_ex100104.log
[2024-04-11T16:29:54.682+0000] {logging_mixin.py:188} INFO - sort -u /opt/***/data/Staging/DimIP.txt > /opt/***/data/Staging/DimIPUniq.txt
[2024-04-11T16:29:54.687+0000] {w3c.py:149} WARNING - calling Clean u_ex110209.log
[2024-04-11T16:29:54.687+0000] {logging_mixin.py:188} INFO - Cleaning  u_ex110209.log
[2024-04-11T16:29:54.688+0000] {w3c.py:106} WARNING - Cleaning u_ex110209.log
[2024-04-11T16:29:54.688+0000] {logging_mixin.py:188} INFO - sort -u /opt/***/data/Staging/DimIP.txt > /opt/***/data/Staging/DimIPUniq.txt
[2024-04-11T16:29:54.698+0000] {w3c.py:149} WARNING - calling Clean u_ex100916.log
[2024-04-11T16:29:54.699+0000] {logging_mixin.py:188} INFO - Cleaning  u_ex100916.log
[2024-04-11T16:29:54.699+0000] {w3c.py:106} WARNING - Cleaning u_ex100916.log
[2024-04-11T16:29:54.700+0000] {logging_mixin.py:188} INFO - sort -u /opt/***/data/Staging/DimIP.txt > /opt/***/data/Staging/DimIPUniq.txt
[2024-04-11T16:29:54.708+0000] {w3c.py:149} WARNING - calling Clean u_ex100520.log
[2024-04-11T16:29:54.708+0000] {logging_mixin.py:188} INFO - Cleaning  u_ex100520.log
[2024-04-11T16:29:54.708+0000] {w3c.py:106} WARNING - Cleaning u_ex100520.log
[2024-04-11T16:29:54.709+0000] {logging_mixin.py:188} INFO - sort -u /opt/***/data/Staging/DimIP.txt > /opt/***/data/Staging/DimIPUniq.txt
[2024-04-11T16:29:54.713+0000] {w3c.py:149} WARNING - calling Clean u_ex101126.log
[2024-04-11T16:29:54.713+0000] {logging_mixin.py:188} INFO - Cleaning  u_ex101126.log
[2024-04-11T16:29:54.714+0000] {w3c.py:106} WARNING - Cleaning u_ex101126.log
[2024-04-11T16:29:54.714+0000] {logging_mixin.py:188} INFO - sort -u /opt/***/data/Staging/DimIP.txt > /opt/***/data/Staging/DimIPUniq.txt
[2024-04-11T16:29:54.723+0000] {w3c.py:149} WARNING - calling Clean u_ex100205.log
[2024-04-11T16:29:54.723+0000] {logging_mixin.py:188} INFO - Cleaning  u_ex100205.log
[2024-04-11T16:29:54.724+0000] {w3c.py:106} WARNING - Cleaning u_ex100205.log
[2024-04-11T16:29:54.724+0000] {logging_mixin.py:188} INFO - sort -u /opt/***/data/Staging/DimIP.txt > /opt/***/data/Staging/DimIPUniq.txt
[2024-04-11T16:29:54.727+0000] {w3c.py:149} WARNING - calling Clean u_ex110405.log
[2024-04-11T16:29:54.728+0000] {logging_mixin.py:188} INFO - Cleaning  u_ex110405.log
[2024-04-11T16:29:54.728+0000] {w3c.py:106} WARNING - Cleaning u_ex110405.log
[2024-04-11T16:29:54.728+0000] {logging_mixin.py:188} INFO - sort -u /opt/***/data/Staging/DimIP.txt > /opt/***/data/Staging/DimIPUniq.txt
[2024-04-11T16:29:54.738+0000] {w3c.py:149} WARNING - calling Clean u_ex110212.log
[2024-04-11T16:29:54.738+0000] {logging_mixin.py:188} INFO - Cleaning  u_ex110212.log
[2024-04-11T16:29:54.738+0000] {w3c.py:106} WARNING - Cleaning u_ex110212.log
[2024-04-11T16:29:54.739+0000] {logging_mixin.py:188} INFO - sort -u /opt/***/data/Staging/DimIP.txt > /opt/***/data/Staging/DimIPUniq.txt
[2024-04-11T16:29:54.743+0000] {w3c.py:149} WARNING - calling Clean u_ex100430.log
[2024-04-11T16:29:54.743+0000] {logging_mixin.py:188} INFO - Cleaning  u_ex100430.log
[2024-04-11T16:29:54.744+0000] {w3c.py:106} WARNING - Cleaning u_ex100430.log
[2024-04-11T16:29:54.744+0000] {logging_mixin.py:188} INFO - sort -u /opt/***/data/Staging/DimIP.txt > /opt/***/data/Staging/DimIPUniq.txt
[2024-04-11T16:29:54.749+0000] {w3c.py:149} WARNING - calling Clean u_ex100830.log
[2024-04-11T16:29:54.749+0000] {logging_mixin.py:188} INFO - Cleaning  u_ex100830.log
[2024-04-11T16:29:54.750+0000] {w3c.py:106} WARNING - Cleaning u_ex100830.log
[2024-04-11T16:29:54.750+0000] {logging_mixin.py:188} INFO - sort -u /opt/***/data/Staging/DimIP.txt > /opt/***/data/Staging/DimIPUniq.txt
[2024-04-11T16:29:54.754+0000] {w3c.py:149} WARNING - calling Clean u_ex110130.log
[2024-04-11T16:29:54.754+0000] {logging_mixin.py:188} INFO - Cleaning  u_ex110130.log
[2024-04-11T16:29:54.754+0000] {w3c.py:106} WARNING - Cleaning u_ex110130.log
[2024-04-11T16:29:54.755+0000] {logging_mixin.py:188} INFO - sort -u /opt/***/data/Staging/DimIP.txt > /opt/***/data/Staging/DimIPUniq.txt
[2024-04-11T16:29:54.758+0000] {w3c.py:149} WARNING - calling Clean u_ex100526.log
[2024-04-11T16:29:54.759+0000] {logging_mixin.py:188} INFO - Cleaning  u_ex100526.log
[2024-04-11T16:29:54.759+0000] {w3c.py:106} WARNING - Cleaning u_ex100526.log
[2024-04-11T16:29:54.759+0000] {logging_mixin.py:188} INFO - sort -u /opt/***/data/Staging/DimIP.txt > /opt/***/data/Staging/DimIPUniq.txt
[2024-04-11T16:29:54.764+0000] {w3c.py:149} WARNING - calling Clean u_ex091207.log
[2024-04-11T16:29:54.764+0000] {logging_mixin.py:188} INFO - Cleaning  u_ex091207.log
[2024-04-11T16:29:54.765+0000] {w3c.py:106} WARNING - Cleaning u_ex091207.log
[2024-04-11T16:29:54.765+0000] {logging_mixin.py:188} INFO - sort -u /opt/***/data/Staging/DimIP.txt > /opt/***/data/Staging/DimIPUniq.txt
[2024-04-11T16:29:54.775+0000] {w3c.py:149} WARNING - calling Clean u_ex100923.log
[2024-04-11T16:29:54.776+0000] {logging_mixin.py:188} INFO - Cleaning  u_ex100923.log
[2024-04-11T16:29:54.776+0000] {w3c.py:106} WARNING - Cleaning u_ex100923.log
[2024-04-11T16:29:54.777+0000] {logging_mixin.py:188} INFO - sort -u /opt/***/data/Staging/DimIP.txt > /opt/***/data/Staging/DimIPUniq.txt
[2024-04-11T16:29:54.786+0000] {w3c.py:149} WARNING - calling Clean u_ex110119.log
[2024-04-11T16:29:54.786+0000] {logging_mixin.py:188} INFO - Cleaning  u_ex110119.log
[2024-04-11T16:29:54.786+0000] {w3c.py:106} WARNING - Cleaning u_ex110119.log
[2024-04-11T16:29:54.787+0000] {logging_mixin.py:188} INFO - sort -u /opt/***/data/Staging/DimIP.txt > /opt/***/data/Staging/DimIPUniq.txt
[2024-04-11T16:29:54.795+0000] {w3c.py:149} WARNING - calling Clean u_ex110424.log
[2024-04-11T16:29:54.796+0000] {logging_mixin.py:188} INFO - Cleaning  u_ex110424.log
[2024-04-11T16:29:54.796+0000] {w3c.py:106} WARNING - Cleaning u_ex110424.log
[2024-04-11T16:29:54.797+0000] {logging_mixin.py:188} INFO - sort -u /opt/***/data/Staging/DimIP.txt > /opt/***/data/Staging/DimIPUniq.txt
[2024-04-11T16:29:54.802+0000] {w3c.py:149} WARNING - calling Clean u_ex100619.log
[2024-04-11T16:29:54.803+0000] {logging_mixin.py:188} INFO - Cleaning  u_ex100619.log
[2024-04-11T16:29:54.803+0000] {w3c.py:106} WARNING - Cleaning u_ex100619.log
[2024-04-11T16:29:54.803+0000] {logging_mixin.py:188} INFO - sort -u /opt/***/data/Staging/DimIP.txt > /opt/***/data/Staging/DimIPUniq.txt
[2024-04-11T16:29:54.807+0000] {w3c.py:149} WARNING - calling Clean u_ex100714.log
[2024-04-11T16:29:54.807+0000] {logging_mixin.py:188} INFO - Cleaning  u_ex100714.log
[2024-04-11T16:29:54.808+0000] {w3c.py:106} WARNING - Cleaning u_ex100714.log
[2024-04-11T16:29:54.808+0000] {logging_mixin.py:188} INFO - sort -u /opt/***/data/Staging/DimIP.txt > /opt/***/data/Staging/DimIPUniq.txt
[2024-04-11T16:29:54.821+0000] {w3c.py:149} WARNING - calling Clean u_ex100106.log
[2024-04-11T16:29:54.821+0000] {logging_mixin.py:188} INFO - Cleaning  u_ex100106.log
[2024-04-11T16:29:54.822+0000] {w3c.py:106} WARNING - Cleaning u_ex100106.log
[2024-04-11T16:29:54.822+0000] {logging_mixin.py:188} INFO - sort -u /opt/***/data/Staging/DimIP.txt > /opt/***/data/Staging/DimIPUniq.txt
[2024-04-11T16:29:54.840+0000] {w3c.py:149} WARNING - calling Clean u_ex091024.log
[2024-04-11T16:29:54.840+0000] {logging_mixin.py:188} INFO - Cleaning  u_ex091024.log
[2024-04-11T16:29:54.841+0000] {w3c.py:106} WARNING - Cleaning u_ex091024.log
[2024-04-11T16:29:54.841+0000] {logging_mixin.py:188} INFO - sort -u /opt/***/data/Staging/DimIP.txt > /opt/***/data/Staging/DimIPUniq.txt
[2024-04-11T16:29:54.841+0000] {w3c.py:149} WARNING - calling Clean u_ex101020.log
[2024-04-11T16:29:54.842+0000] {logging_mixin.py:188} INFO - Cleaning  u_ex101020.log
[2024-04-11T16:29:54.842+0000] {w3c.py:106} WARNING - Cleaning u_ex101020.log
[2024-04-11T16:29:54.842+0000] {logging_mixin.py:188} INFO - sort -u /opt/***/data/Staging/DimIP.txt > /opt/***/data/Staging/DimIPUniq.txt
[2024-04-11T16:29:54.848+0000] {w3c.py:149} WARNING - calling Clean u_ex110205.log
[2024-04-11T16:29:54.849+0000] {logging_mixin.py:188} INFO - Cleaning  u_ex110205.log
[2024-04-11T16:29:54.849+0000] {w3c.py:106} WARNING - Cleaning u_ex110205.log
[2024-04-11T16:29:54.849+0000] {logging_mixin.py:188} INFO - sort -u /opt/***/data/Staging/DimIP.txt > /opt/***/data/Staging/DimIPUniq.txt
[2024-04-11T16:29:54.853+0000] {w3c.py:149} WARNING - calling Clean u_ex100809.log
[2024-04-11T16:29:54.854+0000] {logging_mixin.py:188} INFO - Cleaning  u_ex100809.log
[2024-04-11T16:29:54.854+0000] {w3c.py:106} WARNING - Cleaning u_ex100809.log
[2024-04-11T16:29:54.854+0000] {logging_mixin.py:188} INFO - sort -u /opt/***/data/Staging/DimIP.txt > /opt/***/data/Staging/DimIPUniq.txt
[2024-04-11T16:29:54.863+0000] {w3c.py:149} WARNING - calling Clean u_ex091106.log
[2024-04-11T16:29:54.864+0000] {logging_mixin.py:188} INFO - Cleaning  u_ex091106.log
[2024-04-11T16:29:54.864+0000] {w3c.py:106} WARNING - Cleaning u_ex091106.log
[2024-04-11T16:29:54.865+0000] {logging_mixin.py:188} INFO - sort -u /opt/***/data/Staging/DimIP.txt > /opt/***/data/Staging/DimIPUniq.txt
[2024-04-11T16:29:54.866+0000] {w3c.py:149} WARNING - calling Clean u_ex091211.log
[2024-04-11T16:29:54.867+0000] {logging_mixin.py:188} INFO - Cleaning  u_ex091211.log
[2024-04-11T16:29:54.867+0000] {w3c.py:106} WARNING - Cleaning u_ex091211.log
[2024-04-11T16:29:54.867+0000] {logging_mixin.py:188} INFO - sort -u /opt/***/data/Staging/DimIP.txt > /opt/***/data/Staging/DimIPUniq.txt
[2024-04-11T16:29:54.871+0000] {w3c.py:149} WARNING - calling Clean u_ex100322.log
[2024-04-11T16:29:54.872+0000] {logging_mixin.py:188} INFO - Cleaning  u_ex100322.log
[2024-04-11T16:29:54.872+0000] {w3c.py:106} WARNING - Cleaning u_ex100322.log
[2024-04-11T16:29:54.873+0000] {logging_mixin.py:188} INFO - sort -u /opt/***/data/Staging/DimIP.txt > /opt/***/data/Staging/DimIPUniq.txt
[2024-04-11T16:29:54.880+0000] {w3c.py:149} WARNING - calling Clean u_ex100117.log
[2024-04-11T16:29:54.880+0000] {logging_mixin.py:188} INFO - Cleaning  u_ex100117.log
[2024-04-11T16:29:54.881+0000] {w3c.py:106} WARNING - Cleaning u_ex100117.log
[2024-04-11T16:29:54.881+0000] {logging_mixin.py:188} INFO - sort -u /opt/***/data/Staging/DimIP.txt > /opt/***/data/Staging/DimIPUniq.txt
[2024-04-11T16:29:54.890+0000] {w3c.py:149} WARNING - calling Clean u_ex101225.log
[2024-04-11T16:29:54.891+0000] {logging_mixin.py:188} INFO - Cleaning  u_ex101225.log
[2024-04-11T16:29:54.891+0000] {w3c.py:106} WARNING - Cleaning u_ex101225.log
[2024-04-11T16:29:54.892+0000] {logging_mixin.py:188} INFO - sort -u /opt/***/data/Staging/DimIP.txt > /opt/***/data/Staging/DimIPUniq.txt
[2024-04-11T16:29:54.896+0000] {w3c.py:149} WARNING - calling Clean u_ex100424.log
[2024-04-11T16:29:54.896+0000] {logging_mixin.py:188} INFO - Cleaning  u_ex100424.log
[2024-04-11T16:29:54.896+0000] {w3c.py:106} WARNING - Cleaning u_ex100424.log
[2024-04-11T16:29:54.897+0000] {logging_mixin.py:188} INFO - sort -u /opt/***/data/Staging/DimIP.txt > /opt/***/data/Staging/DimIPUniq.txt
[2024-04-11T16:29:54.901+0000] {w3c.py:149} WARNING - calling Clean u_ex091102.log
[2024-04-11T16:29:54.901+0000] {logging_mixin.py:188} INFO - Cleaning  u_ex091102.log
[2024-04-11T16:29:54.901+0000] {w3c.py:106} WARNING - Cleaning u_ex091102.log
[2024-04-11T16:29:54.902+0000] {logging_mixin.py:188} INFO - sort -u /opt/***/data/Staging/DimIP.txt > /opt/***/data/Staging/DimIPUniq.txt
[2024-04-11T16:29:54.915+0000] {w3c.py:149} WARNING - calling Clean u_ex091123.log
[2024-04-11T16:29:54.916+0000] {logging_mixin.py:188} INFO - Cleaning  u_ex091123.log
[2024-04-11T16:29:54.916+0000] {w3c.py:106} WARNING - Cleaning u_ex091123.log
[2024-04-11T16:29:54.917+0000] {logging_mixin.py:188} INFO - sort -u /opt/***/data/Staging/DimIP.txt > /opt/***/data/Staging/DimIPUniq.txt
[2024-04-11T16:29:54.924+0000] {w3c.py:149} WARNING - calling Clean u_ex100629.log
[2024-04-11T16:29:54.925+0000] {logging_mixin.py:188} INFO - Cleaning  u_ex100629.log
[2024-04-11T16:29:54.925+0000] {w3c.py:106} WARNING - Cleaning u_ex100629.log
[2024-04-11T16:29:54.925+0000] {logging_mixin.py:188} INFO - sort -u /opt/***/data/Staging/DimIP.txt > /opt/***/data/Staging/DimIPUniq.txt
[2024-04-11T16:29:54.930+0000] {w3c.py:149} WARNING - calling Clean u_ex100612.log
[2024-04-11T16:29:54.930+0000] {logging_mixin.py:188} INFO - Cleaning  u_ex100612.log
[2024-04-11T16:29:54.931+0000] {w3c.py:106} WARNING - Cleaning u_ex100612.log
[2024-04-11T16:29:54.931+0000] {logging_mixin.py:188} INFO - sort -u /opt/***/data/Staging/DimIP.txt > /opt/***/data/Staging/DimIPUniq.txt
[2024-04-11T16:29:54.935+0000] {w3c.py:149} WARNING - calling Clean u_ex100912.log
[2024-04-11T16:29:54.935+0000] {logging_mixin.py:188} INFO - Cleaning  u_ex100912.log
[2024-04-11T16:29:54.935+0000] {w3c.py:106} WARNING - Cleaning u_ex100912.log
[2024-04-11T16:29:54.936+0000] {logging_mixin.py:188} INFO - sort -u /opt/***/data/Staging/DimIP.txt > /opt/***/data/Staging/DimIPUniq.txt
[2024-04-11T16:29:54.942+0000] {w3c.py:149} WARNING - calling Clean u_ex101215.log
[2024-04-11T16:29:54.943+0000] {logging_mixin.py:188} INFO - Cleaning  u_ex101215.log
[2024-04-11T16:29:54.943+0000] {w3c.py:106} WARNING - Cleaning u_ex101215.log
[2024-04-11T16:29:54.944+0000] {logging_mixin.py:188} INFO - sort -u /opt/***/data/Staging/DimIP.txt > /opt/***/data/Staging/DimIPUniq.txt
[2024-04-11T16:29:54.950+0000] {w3c.py:149} WARNING - calling Clean u_ex100131.log
[2024-04-11T16:29:54.951+0000] {logging_mixin.py:188} INFO - Cleaning  u_ex100131.log
[2024-04-11T16:29:54.951+0000] {w3c.py:106} WARNING - Cleaning u_ex100131.log
[2024-04-11T16:29:54.952+0000] {logging_mixin.py:188} INFO - sort -u /opt/***/data/Staging/DimIP.txt > /opt/***/data/Staging/DimIPUniq.txt
[2024-04-11T16:29:54.957+0000] {w3c.py:149} WARNING - calling Clean u_ex101223.log
[2024-04-11T16:29:54.958+0000] {logging_mixin.py:188} INFO - Cleaning  u_ex101223.log
[2024-04-11T16:29:54.958+0000] {w3c.py:106} WARNING - Cleaning u_ex101223.log
[2024-04-11T16:29:54.958+0000] {logging_mixin.py:188} INFO - sort -u /opt/***/data/Staging/DimIP.txt > /opt/***/data/Staging/DimIPUniq.txt
[2024-04-11T16:29:54.964+0000] {w3c.py:149} WARNING - calling Clean u_ex110427.log
[2024-04-11T16:29:54.964+0000] {logging_mixin.py:188} INFO - Cleaning  u_ex110427.log
[2024-04-11T16:29:54.965+0000] {w3c.py:106} WARNING - Cleaning u_ex110427.log
[2024-04-11T16:29:54.965+0000] {logging_mixin.py:188} INFO - sort -u /opt/***/data/Staging/DimIP.txt > /opt/***/data/Staging/DimIPUniq.txt
[2024-04-11T16:29:54.973+0000] {w3c.py:149} WARNING - calling Clean u_ex101008.log
[2024-04-11T16:29:54.974+0000] {logging_mixin.py:188} INFO - Cleaning  u_ex101008.log
[2024-04-11T16:29:54.974+0000] {w3c.py:106} WARNING - Cleaning u_ex101008.log
[2024-04-11T16:29:54.975+0000] {logging_mixin.py:188} INFO - sort -u /opt/***/data/Staging/DimIP.txt > /opt/***/data/Staging/DimIPUniq.txt
[2024-04-11T16:29:54.986+0000] {w3c.py:149} WARNING - calling Clean u_ex100423.log
[2024-04-11T16:29:54.988+0000] {logging_mixin.py:188} INFO - Cleaning  u_ex100423.log
[2024-04-11T16:29:54.991+0000] {w3c.py:106} WARNING - Cleaning u_ex100423.log
[2024-04-11T16:29:54.992+0000] {logging_mixin.py:188} INFO - sort -u /opt/***/data/Staging/DimIP.txt > /opt/***/data/Staging/DimIPUniq.txt
[2024-04-11T16:29:55.011+0000] {w3c.py:149} WARNING - calling Clean u_ex100808.log
[2024-04-11T16:29:55.013+0000] {logging_mixin.py:188} INFO - Cleaning  u_ex100808.log
[2024-04-11T16:29:55.014+0000] {w3c.py:106} WARNING - Cleaning u_ex100808.log
[2024-04-11T16:29:55.017+0000] {logging_mixin.py:188} INFO - sort -u /opt/***/data/Staging/DimIP.txt > /opt/***/data/Staging/DimIPUniq.txt
[2024-04-11T16:29:55.029+0000] {w3c.py:149} WARNING - calling Clean u_ex100519.log
[2024-04-11T16:29:55.030+0000] {logging_mixin.py:188} INFO - Cleaning  u_ex100519.log
[2024-04-11T16:29:55.030+0000] {w3c.py:106} WARNING - Cleaning u_ex100519.log
[2024-04-11T16:29:55.031+0000] {logging_mixin.py:188} INFO - sort -u /opt/***/data/Staging/DimIP.txt > /opt/***/data/Staging/DimIPUniq.txt
[2024-04-11T16:29:55.041+0000] {w3c.py:149} WARNING - calling Clean u_ex091213.log
[2024-04-11T16:29:55.042+0000] {logging_mixin.py:188} INFO - Cleaning  u_ex091213.log
[2024-04-11T16:29:55.042+0000] {w3c.py:106} WARNING - Cleaning u_ex091213.log
[2024-04-11T16:29:55.043+0000] {logging_mixin.py:188} INFO - sort -u /opt/***/data/Staging/DimIP.txt > /opt/***/data/Staging/DimIPUniq.txt
[2024-04-11T16:29:55.049+0000] {w3c.py:149} WARNING - calling Clean u_ex101202.log
[2024-04-11T16:29:55.052+0000] {logging_mixin.py:188} INFO - Cleaning  u_ex101202.log
[2024-04-11T16:29:55.053+0000] {w3c.py:106} WARNING - Cleaning u_ex101202.log
[2024-04-11T16:29:55.053+0000] {logging_mixin.py:188} INFO - sort -u /opt/***/data/Staging/DimIP.txt > /opt/***/data/Staging/DimIPUniq.txt
[2024-04-11T16:29:55.063+0000] {w3c.py:149} WARNING - calling Clean u_ex100718.log
[2024-04-11T16:29:55.064+0000] {logging_mixin.py:188} INFO - Cleaning  u_ex100718.log
[2024-04-11T16:29:55.065+0000] {w3c.py:106} WARNING - Cleaning u_ex100718.log
[2024-04-11T16:29:55.065+0000] {logging_mixin.py:188} INFO - sort -u /opt/***/data/Staging/DimIP.txt > /opt/***/data/Staging/DimIPUniq.txt
[2024-04-11T16:29:55.078+0000] {w3c.py:149} WARNING - calling Clean u_ex100314.log
[2024-04-11T16:29:55.078+0000] {logging_mixin.py:188} INFO - Cleaning  u_ex100314.log
[2024-04-11T16:29:55.079+0000] {w3c.py:106} WARNING - Cleaning u_ex100314.log
[2024-04-11T16:29:55.079+0000] {logging_mixin.py:188} INFO - sort -u /opt/***/data/Staging/DimIP.txt > /opt/***/data/Staging/DimIPUniq.txt
[2024-04-11T16:29:55.086+0000] {w3c.py:149} WARNING - calling Clean u_ex100425.log
[2024-04-11T16:29:55.086+0000] {logging_mixin.py:188} INFO - Cleaning  u_ex100425.log
[2024-04-11T16:29:55.087+0000] {w3c.py:106} WARNING - Cleaning u_ex100425.log
[2024-04-11T16:29:55.087+0000] {logging_mixin.py:188} INFO - sort -u /opt/***/data/Staging/DimIP.txt > /opt/***/data/Staging/DimIPUniq.txt
[2024-04-11T16:29:55.093+0000] {w3c.py:149} WARNING - calling Clean u_ex100304.log
[2024-04-11T16:29:55.094+0000] {logging_mixin.py:188} INFO - Cleaning  u_ex100304.log
[2024-04-11T16:29:55.094+0000] {w3c.py:106} WARNING - Cleaning u_ex100304.log
[2024-04-11T16:29:55.095+0000] {logging_mixin.py:188} INFO - sort -u /opt/***/data/Staging/DimIP.txt > /opt/***/data/Staging/DimIPUniq.txt
[2024-04-11T16:29:55.101+0000] {w3c.py:149} WARNING - calling Clean u_ex100419.log
[2024-04-11T16:29:55.101+0000] {logging_mixin.py:188} INFO - Cleaning  u_ex100419.log
[2024-04-11T16:29:55.101+0000] {w3c.py:106} WARNING - Cleaning u_ex100419.log
[2024-04-11T16:29:55.102+0000] {logging_mixin.py:188} INFO - sort -u /opt/***/data/Staging/DimIP.txt > /opt/***/data/Staging/DimIPUniq.txt
[2024-04-11T16:29:55.108+0000] {w3c.py:149} WARNING - calling Clean u_ex101023.log
[2024-04-11T16:29:55.109+0000] {logging_mixin.py:188} INFO - Cleaning  u_ex101023.log
[2024-04-11T16:29:55.109+0000] {w3c.py:106} WARNING - Cleaning u_ex101023.log
[2024-04-11T16:29:55.109+0000] {logging_mixin.py:188} INFO - sort -u /opt/***/data/Staging/DimIP.txt > /opt/***/data/Staging/DimIPUniq.txt
[2024-04-11T16:29:55.118+0000] {w3c.py:149} WARNING - calling Clean u_ex101025.log
[2024-04-11T16:29:55.118+0000] {logging_mixin.py:188} INFO - Cleaning  u_ex101025.log
[2024-04-11T16:29:55.119+0000] {w3c.py:106} WARNING - Cleaning u_ex101025.log
[2024-04-11T16:29:55.119+0000] {logging_mixin.py:188} INFO - sort -u /opt/***/data/Staging/DimIP.txt > /opt/***/data/Staging/DimIPUniq.txt
[2024-04-11T16:29:55.125+0000] {w3c.py:149} WARNING - calling Clean u_ex101101.log
[2024-04-11T16:29:55.126+0000] {logging_mixin.py:188} INFO - Cleaning  u_ex101101.log
[2024-04-11T16:29:55.126+0000] {w3c.py:106} WARNING - Cleaning u_ex101101.log
[2024-04-11T16:29:55.126+0000] {logging_mixin.py:188} INFO - sort -u /opt/***/data/Staging/DimIP.txt > /opt/***/data/Staging/DimIPUniq.txt
[2024-04-11T16:29:55.137+0000] {w3c.py:149} WARNING - calling Clean u_ex100906.log
[2024-04-11T16:29:55.137+0000] {logging_mixin.py:188} INFO - Cleaning  u_ex100906.log
[2024-04-11T16:29:55.138+0000] {w3c.py:106} WARNING - Cleaning u_ex100906.log
[2024-04-11T16:29:55.138+0000] {logging_mixin.py:188} INFO - sort -u /opt/***/data/Staging/DimIP.txt > /opt/***/data/Staging/DimIPUniq.txt
[2024-04-11T16:29:55.142+0000] {w3c.py:149} WARNING - calling Clean u_ex101113.log
[2024-04-11T16:29:55.143+0000] {logging_mixin.py:188} INFO - Cleaning  u_ex101113.log
[2024-04-11T16:29:55.144+0000] {w3c.py:106} WARNING - Cleaning u_ex101113.log
[2024-04-11T16:29:55.144+0000] {logging_mixin.py:188} INFO - sort -u /opt/***/data/Staging/DimIP.txt > /opt/***/data/Staging/DimIPUniq.txt
[2024-04-11T16:29:55.150+0000] {w3c.py:149} WARNING - calling Clean u_ex100924.log
[2024-04-11T16:29:55.150+0000] {logging_mixin.py:188} INFO - Cleaning  u_ex100924.log
[2024-04-11T16:29:55.150+0000] {w3c.py:106} WARNING - Cleaning u_ex100924.log
[2024-04-11T16:29:55.151+0000] {logging_mixin.py:188} INFO - sort -u /opt/***/data/Staging/DimIP.txt > /opt/***/data/Staging/DimIPUniq.txt
[2024-04-11T16:29:55.159+0000] {w3c.py:149} WARNING - calling Clean u_ex101118.log
[2024-04-11T16:29:55.159+0000] {logging_mixin.py:188} INFO - Cleaning  u_ex101118.log
[2024-04-11T16:29:55.161+0000] {w3c.py:106} WARNING - Cleaning u_ex101118.log
[2024-04-11T16:29:55.161+0000] {logging_mixin.py:188} INFO - sort -u /opt/***/data/Staging/DimIP.txt > /opt/***/data/Staging/DimIPUniq.txt
[2024-04-11T16:29:55.167+0000] {w3c.py:149} WARNING - calling Clean u_ex091130.log
[2024-04-11T16:29:55.168+0000] {logging_mixin.py:188} INFO - Cleaning  u_ex091130.log
[2024-04-11T16:29:55.168+0000] {w3c.py:106} WARNING - Cleaning u_ex091130.log
[2024-04-11T16:29:55.168+0000] {logging_mixin.py:188} INFO - sort -u /opt/***/data/Staging/DimIP.txt > /opt/***/data/Staging/DimIPUniq.txt
[2024-04-11T16:29:55.173+0000] {logging_mixin.py:188} INFO - Fault 26
[2024-04-11T16:29:55.179+0000] {logging_mixin.py:188} INFO - Fault 10
[2024-04-11T16:29:55.184+0000] {logging_mixin.py:188} INFO - Fault 6
[2024-04-11T16:29:55.185+0000] {w3c.py:149} WARNING - calling Clean u_ex100309.log
[2024-04-11T16:29:55.185+0000] {logging_mixin.py:188} INFO - Cleaning  u_ex100309.log
[2024-04-11T16:29:55.186+0000] {w3c.py:106} WARNING - Cleaning u_ex100309.log
[2024-04-11T16:29:55.187+0000] {logging_mixin.py:188} INFO - sort -u /opt/***/data/Staging/DimIP.txt > /opt/***/data/Staging/DimIPUniq.txt
[2024-04-11T16:29:55.193+0000] {w3c.py:149} WARNING - calling Clean u_ex100725.log
[2024-04-11T16:29:55.194+0000] {logging_mixin.py:188} INFO - Cleaning  u_ex100725.log
[2024-04-11T16:29:55.194+0000] {w3c.py:106} WARNING - Cleaning u_ex100725.log
[2024-04-11T16:29:55.194+0000] {logging_mixin.py:188} INFO - sort -u /opt/***/data/Staging/DimIP.txt > /opt/***/data/Staging/DimIPUniq.txt
[2024-04-11T16:29:55.204+0000] {w3c.py:149} WARNING - calling Clean u_ex091025.log
[2024-04-11T16:29:55.204+0000] {logging_mixin.py:188} INFO - Cleaning  u_ex091025.log
[2024-04-11T16:29:55.205+0000] {w3c.py:106} WARNING - Cleaning u_ex091025.log
[2024-04-11T16:29:55.206+0000] {logging_mixin.py:188} INFO - sort -u /opt/***/data/Staging/DimIP.txt > /opt/***/data/Staging/DimIPUniq.txt
[2024-04-11T16:29:55.212+0000] {w3c.py:149} WARNING - calling Clean u_ex100307.log
[2024-04-11T16:29:55.212+0000] {logging_mixin.py:188} INFO - Cleaning  u_ex100307.log
[2024-04-11T16:29:55.213+0000] {w3c.py:106} WARNING - Cleaning u_ex100307.log
[2024-04-11T16:29:55.213+0000] {logging_mixin.py:188} INFO - sort -u /opt/***/data/Staging/DimIP.txt > /opt/***/data/Staging/DimIPUniq.txt
[2024-04-11T16:29:55.218+0000] {w3c.py:149} WARNING - calling Clean u_ex110516.log
[2024-04-11T16:29:55.218+0000] {logging_mixin.py:188} INFO - Cleaning  u_ex110516.log
[2024-04-11T16:29:55.218+0000] {w3c.py:106} WARNING - Cleaning u_ex110516.log
[2024-04-11T16:29:55.219+0000] {logging_mixin.py:188} INFO - sort -u /opt/***/data/Staging/DimIP.txt > /opt/***/data/Staging/DimIPUniq.txt
[2024-04-11T16:29:55.231+0000] {w3c.py:149} WARNING - calling Clean u_ex100628.log
[2024-04-11T16:29:55.232+0000] {logging_mixin.py:188} INFO - Cleaning  u_ex100628.log
[2024-04-11T16:29:55.232+0000] {w3c.py:106} WARNING - Cleaning u_ex100628.log
[2024-04-11T16:29:55.232+0000] {logging_mixin.py:188} INFO - sort -u /opt/***/data/Staging/DimIP.txt > /opt/***/data/Staging/DimIPUniq.txt
[2024-04-11T16:29:55.238+0000] {w3c.py:149} WARNING - calling Clean u_ex100406.log
[2024-04-11T16:29:55.240+0000] {logging_mixin.py:188} INFO - Cleaning  u_ex100406.log
[2024-04-11T16:29:55.240+0000] {w3c.py:106} WARNING - Cleaning u_ex100406.log
[2024-04-11T16:29:55.240+0000] {logging_mixin.py:188} INFO - sort -u /opt/***/data/Staging/DimIP.txt > /opt/***/data/Staging/DimIPUniq.txt
[2024-04-11T16:29:55.250+0000] {w3c.py:149} WARNING - calling Clean u_ex100221.log
[2024-04-11T16:29:55.250+0000] {logging_mixin.py:188} INFO - Cleaning  u_ex100221.log
[2024-04-11T16:29:55.251+0000] {w3c.py:106} WARNING - Cleaning u_ex100221.log
[2024-04-11T16:29:55.251+0000] {logging_mixin.py:188} INFO - sort -u /opt/***/data/Staging/DimIP.txt > /opt/***/data/Staging/DimIPUniq.txt
[2024-04-11T16:29:55.255+0000] {w3c.py:149} WARNING - calling Clean u_ex100113.log
[2024-04-11T16:29:55.256+0000] {logging_mixin.py:188} INFO - Cleaning  u_ex100113.log
[2024-04-11T16:29:55.256+0000] {w3c.py:106} WARNING - Cleaning u_ex100113.log
[2024-04-11T16:29:55.256+0000] {logging_mixin.py:188} INFO - sort -u /opt/***/data/Staging/DimIP.txt > /opt/***/data/Staging/DimIPUniq.txt
[2024-04-11T16:29:55.267+0000] {w3c.py:149} WARNING - calling Clean u_ex101212.log
[2024-04-11T16:29:55.268+0000] {logging_mixin.py:188} INFO - Cleaning  u_ex101212.log
[2024-04-11T16:29:55.268+0000] {w3c.py:106} WARNING - Cleaning u_ex101212.log
[2024-04-11T16:29:55.269+0000] {logging_mixin.py:188} INFO - sort -u /opt/***/data/Staging/DimIP.txt > /opt/***/data/Staging/DimIPUniq.txt
[2024-04-11T16:29:55.275+0000] {w3c.py:149} WARNING - calling Clean u_ex100302.log
[2024-04-11T16:29:55.276+0000] {logging_mixin.py:188} INFO - Cleaning  u_ex100302.log
[2024-04-11T16:29:55.276+0000] {w3c.py:106} WARNING - Cleaning u_ex100302.log
[2024-04-11T16:29:55.276+0000] {logging_mixin.py:188} INFO - sort -u /opt/***/data/Staging/DimIP.txt > /opt/***/data/Staging/DimIPUniq.txt
[2024-04-11T16:29:55.287+0000] {w3c.py:149} WARNING - calling Clean u_ex100630.log
[2024-04-11T16:29:55.288+0000] {logging_mixin.py:188} INFO - Cleaning  u_ex100630.log
[2024-04-11T16:29:55.288+0000] {w3c.py:106} WARNING - Cleaning u_ex100630.log
[2024-04-11T16:29:55.288+0000] {logging_mixin.py:188} INFO - sort -u /opt/***/data/Staging/DimIP.txt > /opt/***/data/Staging/DimIPUniq.txt
[2024-04-11T16:29:55.292+0000] {w3c.py:149} WARNING - calling Clean u_ex100615.log
[2024-04-11T16:29:55.293+0000] {logging_mixin.py:188} INFO - Cleaning  u_ex100615.log
[2024-04-11T16:29:55.293+0000] {w3c.py:106} WARNING - Cleaning u_ex100615.log
[2024-04-11T16:29:55.294+0000] {logging_mixin.py:188} INFO - sort -u /opt/***/data/Staging/DimIP.txt > /opt/***/data/Staging/DimIPUniq.txt
[2024-04-11T16:29:55.297+0000] {w3c.py:149} WARNING - calling Clean u_ex091120.log
[2024-04-11T16:29:55.298+0000] {logging_mixin.py:188} INFO - Cleaning  u_ex091120.log
[2024-04-11T16:29:55.298+0000] {w3c.py:106} WARNING - Cleaning u_ex091120.log
[2024-04-11T16:29:55.299+0000] {logging_mixin.py:188} INFO - sort -u /opt/***/data/Staging/DimIP.txt > /opt/***/data/Staging/DimIPUniq.txt
[2024-04-11T16:29:55.303+0000] {w3c.py:149} WARNING - calling Clean u_ex110504.log
[2024-04-11T16:29:55.303+0000] {logging_mixin.py:188} INFO - Cleaning  u_ex110504.log
[2024-04-11T16:29:55.304+0000] {w3c.py:106} WARNING - Cleaning u_ex110504.log
[2024-04-11T16:29:55.304+0000] {logging_mixin.py:188} INFO - sort -u /opt/***/data/Staging/DimIP.txt > /opt/***/data/Staging/DimIPUniq.txt
[2024-04-11T16:29:55.311+0000] {w3c.py:149} WARNING - calling Clean u_ex100622.log
[2024-04-11T16:29:55.311+0000] {logging_mixin.py:188} INFO - Cleaning  u_ex100622.log
[2024-04-11T16:29:55.312+0000] {w3c.py:106} WARNING - Cleaning u_ex100622.log
[2024-04-11T16:29:55.312+0000] {logging_mixin.py:188} INFO - sort -u /opt/***/data/Staging/DimIP.txt > /opt/***/data/Staging/DimIPUniq.txt
[2024-04-11T16:29:55.317+0000] {w3c.py:149} WARNING - calling Clean u_ex100801.log
[2024-04-11T16:29:55.318+0000] {logging_mixin.py:188} INFO - Cleaning  u_ex100801.log
[2024-04-11T16:29:55.318+0000] {w3c.py:106} WARNING - Cleaning u_ex100801.log
[2024-04-11T16:29:55.318+0000] {logging_mixin.py:188} INFO - sort -u /opt/***/data/Staging/DimIP.txt > /opt/***/data/Staging/DimIPUniq.txt
[2024-04-11T16:29:55.322+0000] {w3c.py:149} WARNING - calling Clean u_ex110407.log
[2024-04-11T16:29:55.323+0000] {logging_mixin.py:188} INFO - Cleaning  u_ex110407.log
[2024-04-11T16:29:55.323+0000] {w3c.py:106} WARNING - Cleaning u_ex110407.log
[2024-04-11T16:29:55.323+0000] {logging_mixin.py:188} INFO - sort -u /opt/***/data/Staging/DimIP.txt > /opt/***/data/Staging/DimIPUniq.txt
[2024-04-11T16:29:55.341+0000] {w3c.py:149} WARNING - calling Clean u_ex100926.log
[2024-04-11T16:29:55.342+0000] {logging_mixin.py:188} INFO - Cleaning  u_ex100926.log
[2024-04-11T16:29:55.342+0000] {w3c.py:106} WARNING - Cleaning u_ex100926.log
[2024-04-11T16:29:55.342+0000] {logging_mixin.py:188} INFO - sort -u /opt/***/data/Staging/DimIP.txt > /opt/***/data/Staging/DimIPUniq.txt
[2024-04-11T16:29:55.354+0000] {w3c.py:149} WARNING - calling Clean u_ex100422.log
[2024-04-11T16:29:55.355+0000] {logging_mixin.py:188} INFO - Cleaning  u_ex100422.log
[2024-04-11T16:29:55.357+0000] {w3c.py:106} WARNING - Cleaning u_ex100422.log
[2024-04-11T16:29:55.358+0000] {logging_mixin.py:188} INFO - sort -u /opt/***/data/Staging/DimIP.txt > /opt/***/data/Staging/DimIPUniq.txt
[2024-04-11T16:29:55.407+0000] {w3c.py:149} WARNING - calling Clean u_ex101111.log
[2024-04-11T16:29:55.408+0000] {logging_mixin.py:188} INFO - Cleaning  u_ex101111.log
[2024-04-11T16:29:55.408+0000] {w3c.py:106} WARNING - Cleaning u_ex101111.log
[2024-04-11T16:29:55.409+0000] {logging_mixin.py:188} INFO - sort -u /opt/***/data/Staging/DimIP.txt > /opt/***/data/Staging/DimIPUniq.txt
[2024-04-11T16:29:55.425+0000] {w3c.py:149} WARNING - calling Clean u_ex100705.log
[2024-04-11T16:29:55.425+0000] {logging_mixin.py:188} INFO - Cleaning  u_ex100705.log
[2024-04-11T16:29:55.426+0000] {w3c.py:106} WARNING - Cleaning u_ex100705.log
[2024-04-11T16:29:55.426+0000] {logging_mixin.py:188} INFO - sort -u /opt/***/data/Staging/DimIP.txt > /opt/***/data/Staging/DimIPUniq.txt
[2024-04-11T16:29:55.442+0000] {w3c.py:149} WARNING - calling Clean u_ex100112.log
[2024-04-11T16:29:55.443+0000] {logging_mixin.py:188} INFO - Cleaning  u_ex100112.log
[2024-04-11T16:29:55.443+0000] {w3c.py:106} WARNING - Cleaning u_ex100112.log
[2024-04-11T16:29:55.444+0000] {logging_mixin.py:188} INFO - sort -u /opt/***/data/Staging/DimIP.txt > /opt/***/data/Staging/DimIPUniq.txt
[2024-04-11T16:29:55.496+0000] {w3c.py:149} WARNING - calling Clean u_ex101027.log
[2024-04-11T16:29:55.497+0000] {logging_mixin.py:188} INFO - Cleaning  u_ex101027.log
[2024-04-11T16:29:55.497+0000] {w3c.py:106} WARNING - Cleaning u_ex101027.log
[2024-04-11T16:29:55.497+0000] {logging_mixin.py:188} INFO - sort -u /opt/***/data/Staging/DimIP.txt > /opt/***/data/Staging/DimIPUniq.txt
[2024-04-11T16:29:55.522+0000] {python.py:237} INFO - Done. Returned value was: None
[2024-04-11T16:29:55.524+0000] {taskinstance.py:441} INFO - ::group::Post task execution logs
[2024-04-11T16:29:55.551+0000] {taskinstance.py:1205} INFO - Marking task as SUCCESS. dag_id=Process_W3_Data, task_id=RemoveHash, execution_date=20240411T162948, start_date=20240411T162953, end_date=20240411T162955
[2024-04-11T16:29:55.644+0000] {local_task_job_runner.py:240} INFO - Task exited with return code 0
[2024-04-11T16:29:55.769+0000] {taskinstance.py:3482} INFO - 1 downstream tasks scheduled from follow-on schedule check
[2024-04-11T16:29:55.775+0000] {local_task_job_runner.py:222} INFO - ::endgroup::
