[2024-04-11T16:30:15.394+0000] {local_task_job_runner.py:120} INFO - ::group::Pre task execution logs
[2024-04-11T16:30:15.444+0000] {taskinstance.py:2073} INFO - Dependencies all met for dep_context=non-requeueable deps ti=<TaskInstance: Process_W3_Data.uniqIP manual__2024-04-11T16:29:48.873858+00:00 [queued]>
[2024-04-11T16:30:15.458+0000] {taskinstance.py:2073} INFO - Dependencies all met for dep_context=requeueable deps ti=<TaskInstance: Process_W3_Data.uniqIP manual__2024-04-11T16:29:48.873858+00:00 [queued]>
[2024-04-11T16:30:15.459+0000] {taskinstance.py:2303} INFO - Starting attempt 1 of 1
[2024-04-11T16:30:15.548+0000] {taskinstance.py:2327} INFO - Executing <Task(BashOperator): uniqIP> on 2024-04-11 16:29:48.873858+00:00
[2024-04-11T16:30:15.569+0000] {warnings.py:110} WARNING - /home/***/.local/lib/python3.12/site-packages/***/task/task_runner/standard_task_runner.py:61: DeprecationWarning: This process (pid=22483) is multi-threaded, use of fork() may lead to deadlocks in the child.
  pid = os.fork()

[2024-04-11T16:30:15.577+0000] {standard_task_runner.py:63} INFO - Started process 22487 to run task
[2024-04-11T16:30:15.582+0000] {standard_task_runner.py:90} INFO - Running: ['***', 'tasks', 'run', 'Process_W3_Data', 'uniqIP', 'manual__2024-04-11T16:29:48.873858+00:00', '--job-id', '147', '--raw', '--subdir', 'DAGS_FOLDER/w3c.py', '--cfg-path', '/tmp/tmpplbw8uwa']
[2024-04-11T16:30:15.588+0000] {standard_task_runner.py:91} INFO - Job 147: Subtask uniqIP
[2024-04-11T16:30:15.809+0000] {task_command.py:426} INFO - Running <TaskInstance: Process_W3_Data.uniqIP manual__2024-04-11T16:29:48.873858+00:00 [running]> on host 426f0b9f9d71
[2024-04-11T16:30:16.236+0000] {taskinstance.py:2644} INFO - Exporting env vars: AIRFLOW_CTX_DAG_OWNER='***' AIRFLOW_CTX_DAG_ID='Process_W3_Data' AIRFLOW_CTX_TASK_ID='uniqIP' AIRFLOW_CTX_EXECUTION_DATE='2024-04-11T16:29:48.873858+00:00' AIRFLOW_CTX_TRY_NUMBER='1' AIRFLOW_CTX_DAG_RUN_ID='manual__2024-04-11T16:29:48.873858+00:00'
[2024-04-11T16:30:16.239+0000] {taskinstance.py:430} INFO - ::endgroup::
[2024-04-11T16:30:16.240+0000] {subprocess.py:63} INFO - Tmp dir root location: /tmp
[2024-04-11T16:30:16.241+0000] {subprocess.py:75} INFO - Running command: ['/usr/bin/bash', '-c', 'sort -u /opt/***/data/Staging/DimIP.txt > /opt/***/data/Staging/DimIPUniq.txt']
[2024-04-11T16:30:16.309+0000] {subprocess.py:86} INFO - Output:
[2024-04-11T16:30:16.392+0000] {subprocess.py:97} INFO - Command exited with return code 0
[2024-04-11T16:30:16.394+0000] {taskinstance.py:441} INFO - ::group::Post task execution logs
[2024-04-11T16:30:16.439+0000] {taskinstance.py:1205} INFO - Marking task as SUCCESS. dag_id=Process_W3_Data, task_id=uniqIP, execution_date=20240411T162948, start_date=20240411T163015, end_date=20240411T163016
[2024-04-11T16:30:16.513+0000] {local_task_job_runner.py:240} INFO - Task exited with return code 0
[2024-04-11T16:30:16.588+0000] {taskinstance.py:3482} INFO - 1 downstream tasks scheduled from follow-on schedule check
[2024-04-11T16:30:16.594+0000] {local_task_job_runner.py:222} INFO - ::endgroup::
