[2024-04-11T15:34:56.771+0000] {local_task_job_runner.py:120} INFO - ::group::Pre task execution logs
[2024-04-11T15:34:56.812+0000] {taskinstance.py:2073} INFO - Dependencies all met for dep_context=non-requeueable deps ti=<TaskInstance: Process_W3_Data.RemoveHash manual__2024-04-11T15:34:51.735493+00:00 [queued]>
[2024-04-11T15:34:56.837+0000] {taskinstance.py:2073} INFO - Dependencies all met for dep_context=requeueable deps ti=<TaskInstance: Process_W3_Data.RemoveHash manual__2024-04-11T15:34:51.735493+00:00 [queued]>
[2024-04-11T15:34:56.838+0000] {taskinstance.py:2303} INFO - Starting attempt 1 of 1
[2024-04-11T15:34:56.877+0000] {taskinstance.py:2327} INFO - Executing <Task(PythonOperator): RemoveHash> on 2024-04-11 15:34:51.735493+00:00
[2024-04-11T15:34:56.894+0000] {warnings.py:110} WARNING - /home/***/.local/lib/python3.12/site-packages/***/task/task_runner/standard_task_runner.py:61: DeprecationWarning: This process (pid=21545) is multi-threaded, use of fork() may lead to deadlocks in the child.
  pid = os.fork()

[2024-04-11T15:34:56.897+0000] {standard_task_runner.py:63} INFO - Started process 21549 to run task
[2024-04-11T15:34:56.905+0000] {standard_task_runner.py:90} INFO - Running: ['***', 'tasks', 'run', 'Process_W3_Data', 'RemoveHash', 'manual__2024-04-11T15:34:51.735493+00:00', '--job-id', '73', '--raw', '--subdir', 'DAGS_FOLDER/w3c.py', '--cfg-path', '/tmp/tmpub7_3c6v']
[2024-04-11T15:34:56.911+0000] {standard_task_runner.py:91} INFO - Job 73: Subtask RemoveHash
[2024-04-11T15:34:57.032+0000] {task_command.py:426} INFO - Running <TaskInstance: Process_W3_Data.RemoveHash manual__2024-04-11T15:34:51.735493+00:00 [running]> on host 426f0b9f9d71
[2024-04-11T15:34:57.406+0000] {taskinstance.py:2644} INFO - Exporting env vars: AIRFLOW_CTX_DAG_OWNER='***' AIRFLOW_CTX_DAG_ID='Process_W3_Data' AIRFLOW_CTX_TASK_ID='RemoveHash' AIRFLOW_CTX_EXECUTION_DATE='2024-04-11T15:34:51.735493+00:00' AIRFLOW_CTX_TRY_NUMBER='1' AIRFLOW_CTX_DAG_RUN_ID='manual__2024-04-11T15:34:51.735493+00:00'
[2024-04-11T15:34:57.411+0000] {taskinstance.py:430} INFO - ::endgroup::
[2024-04-11T15:34:57.412+0000] {w3c.py:125} WARNING - Starting List Filesu_ex101031.log,u_ex110411.log,u_ex100626.log,u_ex100105.log,u_ex091103.log,u_ex110510.log,u_ex100708.log,u_ex100315.log,u_ex110306.log,u_ex100528.log,u_ex100204.log,u_ex110218.log,u_ex100104.log,u_ex110209.log,u_ex100916.log,u_ex100520.log,u_ex101126.log,u_ex100205.log,u_ex110405.log,u_ex110212.log,u_ex100430.log,u_ex100830.log,u_ex110130.log,u_ex100526.log,u_ex091207.log,u_ex100923.log,u_ex110119.log,u_ex110424.log,u_ex100619.log,u_ex100714.log,u_ex100106.log,u_ex091024.log,u_ex101020.log,u_ex110205.log,u_ex100809.log,u_ex091106.log,u_ex091211.log,u_ex100322.log,u_ex100117.log,u_ex101225.log,u_ex100424.log,u_ex091102.log,u_ex091123.log,u_ex100629.log,u_ex100612.log,u_ex100912.log,u_ex101215.log,u_ex100131.log,u_ex101223.log,u_ex110427.log,u_ex101008.log,u_ex100423.log,u_ex100808.log,u_ex100519.log,u_ex091213.log,u_ex101202.log,u_ex100718.log,u_ex100314.log,u_ex100425.log,u_ex100304.log,u_ex100419.log,u_ex101023.log,u_ex101025.log,u_ex101101.log,u_ex100906.log,u_ex101113.log,u_ex100924.log,u_ex101118.log,u_ex091130.log,u_ex100309.log,u_ex100725.log,u_ex091025.log,u_ex100307.log,u_ex110516.log,u_ex100628.log,u_ex100406.log,u_ex100221.log,u_ex100113.log,u_ex101212.log,u_ex100302.log,u_ex100630.log,u_ex100615.log,u_ex091120.log,u_ex110504.log,u_ex100622.log,u_ex100801.log,u_ex110407.log,u_ex100926.log,u_ex100422.log,u_ex101111.log,u_ex100705.log,u_ex100112.log,u_ex101027.log
[2024-04-11T15:34:57.440+0000] {w3c.py:128} WARNING - calling Clean u_ex101031.log
[2024-04-11T15:34:57.440+0000] {logging_mixin.py:188} INFO - Cleaning  u_ex101031.log
[2024-04-11T15:34:57.441+0000] {w3c.py:85} WARNING - Cleaning u_ex101031.log
[2024-04-11T15:34:57.451+0000] {logging_mixin.py:188} INFO - sort -u /opt/***/data/Staging/DimIP.txt > /opt/***/data/Staging/DimIPUniq.txt
[2024-04-11T15:34:57.467+0000] {w3c.py:128} WARNING - calling Clean u_ex110411.log
[2024-04-11T15:34:57.468+0000] {logging_mixin.py:188} INFO - Cleaning  u_ex110411.log
[2024-04-11T15:34:57.468+0000] {w3c.py:85} WARNING - Cleaning u_ex110411.log
[2024-04-11T15:34:57.468+0000] {logging_mixin.py:188} INFO - sort -u /opt/***/data/Staging/DimIP.txt > /opt/***/data/Staging/DimIPUniq.txt
[2024-04-11T15:34:57.492+0000] {w3c.py:128} WARNING - calling Clean u_ex100626.log
[2024-04-11T15:34:57.492+0000] {logging_mixin.py:188} INFO - Cleaning  u_ex100626.log
[2024-04-11T15:34:57.493+0000] {w3c.py:85} WARNING - Cleaning u_ex100626.log
[2024-04-11T15:34:57.493+0000] {logging_mixin.py:188} INFO - sort -u /opt/***/data/Staging/DimIP.txt > /opt/***/data/Staging/DimIPUniq.txt
[2024-04-11T15:34:57.506+0000] {w3c.py:128} WARNING - calling Clean u_ex100105.log
[2024-04-11T15:34:57.506+0000] {logging_mixin.py:188} INFO - Cleaning  u_ex100105.log
[2024-04-11T15:34:57.515+0000] {w3c.py:85} WARNING - Cleaning u_ex100105.log
[2024-04-11T15:34:57.516+0000] {logging_mixin.py:188} INFO - sort -u /opt/***/data/Staging/DimIP.txt > /opt/***/data/Staging/DimIPUniq.txt
[2024-04-11T15:34:57.530+0000] {w3c.py:128} WARNING - calling Clean u_ex091103.log
[2024-04-11T15:34:57.534+0000] {logging_mixin.py:188} INFO - Cleaning  u_ex091103.log
[2024-04-11T15:34:57.535+0000] {w3c.py:85} WARNING - Cleaning u_ex091103.log
[2024-04-11T15:34:57.535+0000] {logging_mixin.py:188} INFO - sort -u /opt/***/data/Staging/DimIP.txt > /opt/***/data/Staging/DimIPUniq.txt
[2024-04-11T15:34:57.575+0000] {w3c.py:128} WARNING - calling Clean u_ex110510.log
[2024-04-11T15:34:57.592+0000] {logging_mixin.py:188} INFO - Cleaning  u_ex110510.log
[2024-04-11T15:34:57.592+0000] {w3c.py:85} WARNING - Cleaning u_ex110510.log
[2024-04-11T15:34:57.592+0000] {logging_mixin.py:188} INFO - sort -u /opt/***/data/Staging/DimIP.txt > /opt/***/data/Staging/DimIPUniq.txt
[2024-04-11T15:34:57.618+0000] {w3c.py:128} WARNING - calling Clean u_ex100708.log
[2024-04-11T15:34:57.619+0000] {logging_mixin.py:188} INFO - Cleaning  u_ex100708.log
[2024-04-11T15:34:57.627+0000] {w3c.py:85} WARNING - Cleaning u_ex100708.log
[2024-04-11T15:34:57.628+0000] {logging_mixin.py:188} INFO - sort -u /opt/***/data/Staging/DimIP.txt > /opt/***/data/Staging/DimIPUniq.txt
[2024-04-11T15:34:57.633+0000] {w3c.py:128} WARNING - calling Clean u_ex100315.log
[2024-04-11T15:34:57.634+0000] {logging_mixin.py:188} INFO - Cleaning  u_ex100315.log
[2024-04-11T15:34:57.634+0000] {w3c.py:85} WARNING - Cleaning u_ex100315.log
[2024-04-11T15:34:57.635+0000] {logging_mixin.py:188} INFO - sort -u /opt/***/data/Staging/DimIP.txt > /opt/***/data/Staging/DimIPUniq.txt
[2024-04-11T15:34:57.662+0000] {w3c.py:128} WARNING - calling Clean u_ex110306.log
[2024-04-11T15:34:57.663+0000] {logging_mixin.py:188} INFO - Cleaning  u_ex110306.log
[2024-04-11T15:34:57.663+0000] {w3c.py:85} WARNING - Cleaning u_ex110306.log
[2024-04-11T15:34:57.663+0000] {logging_mixin.py:188} INFO - sort -u /opt/***/data/Staging/DimIP.txt > /opt/***/data/Staging/DimIPUniq.txt
[2024-04-11T15:34:57.677+0000] {w3c.py:128} WARNING - calling Clean u_ex100528.log
[2024-04-11T15:34:57.677+0000] {logging_mixin.py:188} INFO - Cleaning  u_ex100528.log
[2024-04-11T15:34:57.678+0000] {w3c.py:85} WARNING - Cleaning u_ex100528.log
[2024-04-11T15:34:57.678+0000] {logging_mixin.py:188} INFO - sort -u /opt/***/data/Staging/DimIP.txt > /opt/***/data/Staging/DimIPUniq.txt
[2024-04-11T15:34:57.683+0000] {w3c.py:128} WARNING - calling Clean u_ex100204.log
[2024-04-11T15:34:57.692+0000] {logging_mixin.py:188} INFO - Cleaning  u_ex100204.log
[2024-04-11T15:34:57.692+0000] {w3c.py:85} WARNING - Cleaning u_ex100204.log
[2024-04-11T15:34:57.693+0000] {logging_mixin.py:188} INFO - sort -u /opt/***/data/Staging/DimIP.txt > /opt/***/data/Staging/DimIPUniq.txt
[2024-04-11T15:34:57.702+0000] {w3c.py:128} WARNING - calling Clean u_ex110218.log
[2024-04-11T15:34:57.703+0000] {logging_mixin.py:188} INFO - Cleaning  u_ex110218.log
[2024-04-11T15:34:57.704+0000] {w3c.py:85} WARNING - Cleaning u_ex110218.log
[2024-04-11T15:34:57.704+0000] {logging_mixin.py:188} INFO - sort -u /opt/***/data/Staging/DimIP.txt > /opt/***/data/Staging/DimIPUniq.txt
[2024-04-11T15:34:57.713+0000] {w3c.py:128} WARNING - calling Clean u_ex100104.log
[2024-04-11T15:34:57.714+0000] {logging_mixin.py:188} INFO - Cleaning  u_ex100104.log
[2024-04-11T15:34:57.714+0000] {w3c.py:85} WARNING - Cleaning u_ex100104.log
[2024-04-11T15:34:57.715+0000] {logging_mixin.py:188} INFO - sort -u /opt/***/data/Staging/DimIP.txt > /opt/***/data/Staging/DimIPUniq.txt
[2024-04-11T15:34:57.720+0000] {w3c.py:128} WARNING - calling Clean u_ex110209.log
[2024-04-11T15:34:57.720+0000] {logging_mixin.py:188} INFO - Cleaning  u_ex110209.log
[2024-04-11T15:34:57.721+0000] {w3c.py:85} WARNING - Cleaning u_ex110209.log
[2024-04-11T15:34:57.721+0000] {logging_mixin.py:188} INFO - sort -u /opt/***/data/Staging/DimIP.txt > /opt/***/data/Staging/DimIPUniq.txt
[2024-04-11T15:34:57.740+0000] {w3c.py:128} WARNING - calling Clean u_ex100916.log
[2024-04-11T15:34:57.741+0000] {logging_mixin.py:188} INFO - Cleaning  u_ex100916.log
[2024-04-11T15:34:57.741+0000] {w3c.py:85} WARNING - Cleaning u_ex100916.log
[2024-04-11T15:34:57.741+0000] {logging_mixin.py:188} INFO - sort -u /opt/***/data/Staging/DimIP.txt > /opt/***/data/Staging/DimIPUniq.txt
[2024-04-11T15:34:57.756+0000] {w3c.py:128} WARNING - calling Clean u_ex100520.log
[2024-04-11T15:34:57.756+0000] {logging_mixin.py:188} INFO - Cleaning  u_ex100520.log
[2024-04-11T15:34:57.757+0000] {w3c.py:85} WARNING - Cleaning u_ex100520.log
[2024-04-11T15:34:57.757+0000] {logging_mixin.py:188} INFO - sort -u /opt/***/data/Staging/DimIP.txt > /opt/***/data/Staging/DimIPUniq.txt
[2024-04-11T15:34:57.789+0000] {w3c.py:128} WARNING - calling Clean u_ex101126.log
[2024-04-11T15:34:57.789+0000] {logging_mixin.py:188} INFO - Cleaning  u_ex101126.log
[2024-04-11T15:34:57.790+0000] {w3c.py:85} WARNING - Cleaning u_ex101126.log
[2024-04-11T15:34:57.790+0000] {logging_mixin.py:188} INFO - sort -u /opt/***/data/Staging/DimIP.txt > /opt/***/data/Staging/DimIPUniq.txt
[2024-04-11T15:34:57.802+0000] {w3c.py:128} WARNING - calling Clean u_ex100205.log
[2024-04-11T15:34:57.803+0000] {logging_mixin.py:188} INFO - Cleaning  u_ex100205.log
[2024-04-11T15:34:57.803+0000] {w3c.py:85} WARNING - Cleaning u_ex100205.log
[2024-04-11T15:34:57.803+0000] {logging_mixin.py:188} INFO - sort -u /opt/***/data/Staging/DimIP.txt > /opt/***/data/Staging/DimIPUniq.txt
[2024-04-11T15:34:57.806+0000] {w3c.py:128} WARNING - calling Clean u_ex110405.log
[2024-04-11T15:34:57.807+0000] {logging_mixin.py:188} INFO - Cleaning  u_ex110405.log
[2024-04-11T15:34:57.807+0000] {w3c.py:85} WARNING - Cleaning u_ex110405.log
[2024-04-11T15:34:57.807+0000] {logging_mixin.py:188} INFO - sort -u /opt/***/data/Staging/DimIP.txt > /opt/***/data/Staging/DimIPUniq.txt
[2024-04-11T15:34:57.817+0000] {w3c.py:128} WARNING - calling Clean u_ex110212.log
[2024-04-11T15:34:57.818+0000] {logging_mixin.py:188} INFO - Cleaning  u_ex110212.log
[2024-04-11T15:34:57.818+0000] {w3c.py:85} WARNING - Cleaning u_ex110212.log
[2024-04-11T15:34:57.818+0000] {logging_mixin.py:188} INFO - sort -u /opt/***/data/Staging/DimIP.txt > /opt/***/data/Staging/DimIPUniq.txt
[2024-04-11T15:34:57.824+0000] {w3c.py:128} WARNING - calling Clean u_ex100430.log
[2024-04-11T15:34:57.824+0000] {logging_mixin.py:188} INFO - Cleaning  u_ex100430.log
[2024-04-11T15:34:57.825+0000] {w3c.py:85} WARNING - Cleaning u_ex100430.log
[2024-04-11T15:34:57.825+0000] {logging_mixin.py:188} INFO - sort -u /opt/***/data/Staging/DimIP.txt > /opt/***/data/Staging/DimIPUniq.txt
[2024-04-11T15:34:57.832+0000] {w3c.py:128} WARNING - calling Clean u_ex100830.log
[2024-04-11T15:34:57.832+0000] {logging_mixin.py:188} INFO - Cleaning  u_ex100830.log
[2024-04-11T15:34:57.833+0000] {w3c.py:85} WARNING - Cleaning u_ex100830.log
[2024-04-11T15:34:57.833+0000] {logging_mixin.py:188} INFO - sort -u /opt/***/data/Staging/DimIP.txt > /opt/***/data/Staging/DimIPUniq.txt
[2024-04-11T15:34:57.837+0000] {w3c.py:128} WARNING - calling Clean u_ex110130.log
[2024-04-11T15:34:57.838+0000] {logging_mixin.py:188} INFO - Cleaning  u_ex110130.log
[2024-04-11T15:34:57.838+0000] {w3c.py:85} WARNING - Cleaning u_ex110130.log
[2024-04-11T15:34:57.838+0000] {logging_mixin.py:188} INFO - sort -u /opt/***/data/Staging/DimIP.txt > /opt/***/data/Staging/DimIPUniq.txt
[2024-04-11T15:34:57.842+0000] {w3c.py:128} WARNING - calling Clean u_ex100526.log
[2024-04-11T15:34:57.843+0000] {logging_mixin.py:188} INFO - Cleaning  u_ex100526.log
[2024-04-11T15:34:57.843+0000] {w3c.py:85} WARNING - Cleaning u_ex100526.log
[2024-04-11T15:34:57.844+0000] {logging_mixin.py:188} INFO - sort -u /opt/***/data/Staging/DimIP.txt > /opt/***/data/Staging/DimIPUniq.txt
[2024-04-11T15:34:57.849+0000] {w3c.py:128} WARNING - calling Clean u_ex091207.log
[2024-04-11T15:34:57.849+0000] {logging_mixin.py:188} INFO - Cleaning  u_ex091207.log
[2024-04-11T15:34:57.850+0000] {w3c.py:85} WARNING - Cleaning u_ex091207.log
[2024-04-11T15:34:57.850+0000] {logging_mixin.py:188} INFO - sort -u /opt/***/data/Staging/DimIP.txt > /opt/***/data/Staging/DimIPUniq.txt
[2024-04-11T15:34:57.866+0000] {w3c.py:128} WARNING - calling Clean u_ex100923.log
[2024-04-11T15:34:57.867+0000] {logging_mixin.py:188} INFO - Cleaning  u_ex100923.log
[2024-04-11T15:34:57.871+0000] {w3c.py:85} WARNING - Cleaning u_ex100923.log
[2024-04-11T15:34:57.872+0000] {logging_mixin.py:188} INFO - sort -u /opt/***/data/Staging/DimIP.txt > /opt/***/data/Staging/DimIPUniq.txt
[2024-04-11T15:34:57.887+0000] {w3c.py:128} WARNING - calling Clean u_ex110119.log
[2024-04-11T15:34:57.891+0000] {logging_mixin.py:188} INFO - Cleaning  u_ex110119.log
[2024-04-11T15:34:57.891+0000] {w3c.py:85} WARNING - Cleaning u_ex110119.log
[2024-04-11T15:34:57.892+0000] {logging_mixin.py:188} INFO - sort -u /opt/***/data/Staging/DimIP.txt > /opt/***/data/Staging/DimIPUniq.txt
[2024-04-11T15:34:57.913+0000] {w3c.py:128} WARNING - calling Clean u_ex110424.log
[2024-04-11T15:34:57.913+0000] {logging_mixin.py:188} INFO - Cleaning  u_ex110424.log
[2024-04-11T15:34:57.914+0000] {w3c.py:85} WARNING - Cleaning u_ex110424.log
[2024-04-11T15:34:57.914+0000] {logging_mixin.py:188} INFO - sort -u /opt/***/data/Staging/DimIP.txt > /opt/***/data/Staging/DimIPUniq.txt
[2024-04-11T15:34:57.943+0000] {w3c.py:128} WARNING - calling Clean u_ex100619.log
[2024-04-11T15:34:57.943+0000] {logging_mixin.py:188} INFO - Cleaning  u_ex100619.log
[2024-04-11T15:34:57.944+0000] {w3c.py:85} WARNING - Cleaning u_ex100619.log
[2024-04-11T15:34:57.944+0000] {logging_mixin.py:188} INFO - sort -u /opt/***/data/Staging/DimIP.txt > /opt/***/data/Staging/DimIPUniq.txt
[2024-04-11T15:34:57.948+0000] {w3c.py:128} WARNING - calling Clean u_ex100714.log
[2024-04-11T15:34:57.949+0000] {logging_mixin.py:188} INFO - Cleaning  u_ex100714.log
[2024-04-11T15:34:57.949+0000] {w3c.py:85} WARNING - Cleaning u_ex100714.log
[2024-04-11T15:34:57.949+0000] {logging_mixin.py:188} INFO - sort -u /opt/***/data/Staging/DimIP.txt > /opt/***/data/Staging/DimIPUniq.txt
[2024-04-11T15:34:57.961+0000] {w3c.py:128} WARNING - calling Clean u_ex100106.log
[2024-04-11T15:34:57.961+0000] {logging_mixin.py:188} INFO - Cleaning  u_ex100106.log
[2024-04-11T15:34:57.962+0000] {w3c.py:85} WARNING - Cleaning u_ex100106.log
[2024-04-11T15:34:57.962+0000] {logging_mixin.py:188} INFO - sort -u /opt/***/data/Staging/DimIP.txt > /opt/***/data/Staging/DimIPUniq.txt
[2024-04-11T15:34:58.002+0000] {w3c.py:128} WARNING - calling Clean u_ex091024.log
[2024-04-11T15:34:58.003+0000] {logging_mixin.py:188} INFO - Cleaning  u_ex091024.log
[2024-04-11T15:34:58.003+0000] {w3c.py:85} WARNING - Cleaning u_ex091024.log
[2024-04-11T15:34:58.010+0000] {logging_mixin.py:188} INFO - sort -u /opt/***/data/Staging/DimIP.txt > /opt/***/data/Staging/DimIPUniq.txt
[2024-04-11T15:34:58.013+0000] {w3c.py:128} WARNING - calling Clean u_ex101020.log
[2024-04-11T15:34:58.014+0000] {logging_mixin.py:188} INFO - Cleaning  u_ex101020.log
[2024-04-11T15:34:58.022+0000] {w3c.py:85} WARNING - Cleaning u_ex101020.log
[2024-04-11T15:34:58.022+0000] {logging_mixin.py:188} INFO - sort -u /opt/***/data/Staging/DimIP.txt > /opt/***/data/Staging/DimIPUniq.txt
[2024-04-11T15:34:58.046+0000] {w3c.py:128} WARNING - calling Clean u_ex110205.log
[2024-04-11T15:34:58.047+0000] {logging_mixin.py:188} INFO - Cleaning  u_ex110205.log
[2024-04-11T15:34:58.056+0000] {w3c.py:85} WARNING - Cleaning u_ex110205.log
[2024-04-11T15:34:58.056+0000] {logging_mixin.py:188} INFO - sort -u /opt/***/data/Staging/DimIP.txt > /opt/***/data/Staging/DimIPUniq.txt
[2024-04-11T15:34:58.064+0000] {w3c.py:128} WARNING - calling Clean u_ex100809.log
[2024-04-11T15:34:58.065+0000] {logging_mixin.py:188} INFO - Cleaning  u_ex100809.log
[2024-04-11T15:34:58.065+0000] {w3c.py:85} WARNING - Cleaning u_ex100809.log
[2024-04-11T15:34:58.066+0000] {logging_mixin.py:188} INFO - sort -u /opt/***/data/Staging/DimIP.txt > /opt/***/data/Staging/DimIPUniq.txt
[2024-04-11T15:34:58.090+0000] {w3c.py:128} WARNING - calling Clean u_ex091106.log
[2024-04-11T15:34:58.091+0000] {logging_mixin.py:188} INFO - Cleaning  u_ex091106.log
[2024-04-11T15:34:58.110+0000] {w3c.py:85} WARNING - Cleaning u_ex091106.log
[2024-04-11T15:34:58.111+0000] {logging_mixin.py:188} INFO - sort -u /opt/***/data/Staging/DimIP.txt > /opt/***/data/Staging/DimIPUniq.txt
[2024-04-11T15:34:58.118+0000] {w3c.py:128} WARNING - calling Clean u_ex091211.log
[2024-04-11T15:34:58.118+0000] {logging_mixin.py:188} INFO - Cleaning  u_ex091211.log
[2024-04-11T15:34:58.118+0000] {w3c.py:85} WARNING - Cleaning u_ex091211.log
[2024-04-11T15:34:58.119+0000] {logging_mixin.py:188} INFO - sort -u /opt/***/data/Staging/DimIP.txt > /opt/***/data/Staging/DimIPUniq.txt
[2024-04-11T15:34:58.127+0000] {w3c.py:128} WARNING - calling Clean u_ex100322.log
[2024-04-11T15:34:58.131+0000] {logging_mixin.py:188} INFO - Cleaning  u_ex100322.log
[2024-04-11T15:34:58.132+0000] {w3c.py:85} WARNING - Cleaning u_ex100322.log
[2024-04-11T15:34:58.132+0000] {logging_mixin.py:188} INFO - sort -u /opt/***/data/Staging/DimIP.txt > /opt/***/data/Staging/DimIPUniq.txt
[2024-04-11T15:34:58.150+0000] {w3c.py:128} WARNING - calling Clean u_ex100117.log
[2024-04-11T15:34:58.150+0000] {logging_mixin.py:188} INFO - Cleaning  u_ex100117.log
[2024-04-11T15:34:58.151+0000] {w3c.py:85} WARNING - Cleaning u_ex100117.log
[2024-04-11T15:34:58.159+0000] {logging_mixin.py:188} INFO - sort -u /opt/***/data/Staging/DimIP.txt > /opt/***/data/Staging/DimIPUniq.txt
[2024-04-11T15:34:58.181+0000] {w3c.py:128} WARNING - calling Clean u_ex101225.log
[2024-04-11T15:34:58.182+0000] {logging_mixin.py:188} INFO - Cleaning  u_ex101225.log
[2024-04-11T15:34:58.182+0000] {w3c.py:85} WARNING - Cleaning u_ex101225.log
[2024-04-11T15:34:58.182+0000] {logging_mixin.py:188} INFO - sort -u /opt/***/data/Staging/DimIP.txt > /opt/***/data/Staging/DimIPUniq.txt
[2024-04-11T15:34:58.186+0000] {w3c.py:128} WARNING - calling Clean u_ex100424.log
[2024-04-11T15:34:58.187+0000] {logging_mixin.py:188} INFO - Cleaning  u_ex100424.log
[2024-04-11T15:34:58.187+0000] {w3c.py:85} WARNING - Cleaning u_ex100424.log
[2024-04-11T15:34:58.191+0000] {logging_mixin.py:188} INFO - sort -u /opt/***/data/Staging/DimIP.txt > /opt/***/data/Staging/DimIPUniq.txt
[2024-04-11T15:34:58.195+0000] {w3c.py:128} WARNING - calling Clean u_ex091102.log
[2024-04-11T15:34:58.195+0000] {logging_mixin.py:188} INFO - Cleaning  u_ex091102.log
[2024-04-11T15:34:58.195+0000] {w3c.py:85} WARNING - Cleaning u_ex091102.log
[2024-04-11T15:34:58.196+0000] {logging_mixin.py:188} INFO - sort -u /opt/***/data/Staging/DimIP.txt > /opt/***/data/Staging/DimIPUniq.txt
[2024-04-11T15:34:58.221+0000] {w3c.py:128} WARNING - calling Clean u_ex091123.log
[2024-04-11T15:34:58.222+0000] {logging_mixin.py:188} INFO - Cleaning  u_ex091123.log
[2024-04-11T15:34:58.222+0000] {w3c.py:85} WARNING - Cleaning u_ex091123.log
[2024-04-11T15:34:58.223+0000] {logging_mixin.py:188} INFO - sort -u /opt/***/data/Staging/DimIP.txt > /opt/***/data/Staging/DimIPUniq.txt
[2024-04-11T15:34:58.238+0000] {w3c.py:128} WARNING - calling Clean u_ex100629.log
[2024-04-11T15:34:58.238+0000] {logging_mixin.py:188} INFO - Cleaning  u_ex100629.log
[2024-04-11T15:34:58.239+0000] {w3c.py:85} WARNING - Cleaning u_ex100629.log
[2024-04-11T15:34:58.245+0000] {logging_mixin.py:188} INFO - sort -u /opt/***/data/Staging/DimIP.txt > /opt/***/data/Staging/DimIPUniq.txt
[2024-04-11T15:34:58.249+0000] {w3c.py:128} WARNING - calling Clean u_ex100612.log
[2024-04-11T15:34:58.250+0000] {logging_mixin.py:188} INFO - Cleaning  u_ex100612.log
[2024-04-11T15:34:58.250+0000] {w3c.py:85} WARNING - Cleaning u_ex100612.log
[2024-04-11T15:34:58.251+0000] {logging_mixin.py:188} INFO - sort -u /opt/***/data/Staging/DimIP.txt > /opt/***/data/Staging/DimIPUniq.txt
[2024-04-11T15:34:58.254+0000] {w3c.py:128} WARNING - calling Clean u_ex100912.log
[2024-04-11T15:34:58.254+0000] {logging_mixin.py:188} INFO - Cleaning  u_ex100912.log
[2024-04-11T15:34:58.255+0000] {w3c.py:85} WARNING - Cleaning u_ex100912.log
[2024-04-11T15:34:58.263+0000] {logging_mixin.py:188} INFO - sort -u /opt/***/data/Staging/DimIP.txt > /opt/***/data/Staging/DimIPUniq.txt
[2024-04-11T15:34:58.286+0000] {w3c.py:128} WARNING - calling Clean u_ex101215.log
[2024-04-11T15:34:58.293+0000] {logging_mixin.py:188} INFO - Cleaning  u_ex101215.log
[2024-04-11T15:34:58.295+0000] {w3c.py:85} WARNING - Cleaning u_ex101215.log
[2024-04-11T15:34:58.295+0000] {logging_mixin.py:188} INFO - sort -u /opt/***/data/Staging/DimIP.txt > /opt/***/data/Staging/DimIPUniq.txt
[2024-04-11T15:34:58.322+0000] {w3c.py:128} WARNING - calling Clean u_ex100131.log
[2024-04-11T15:34:58.323+0000] {logging_mixin.py:188} INFO - Cleaning  u_ex100131.log
[2024-04-11T15:34:58.323+0000] {w3c.py:85} WARNING - Cleaning u_ex100131.log
[2024-04-11T15:34:58.324+0000] {logging_mixin.py:188} INFO - sort -u /opt/***/data/Staging/DimIP.txt > /opt/***/data/Staging/DimIPUniq.txt
[2024-04-11T15:34:58.344+0000] {w3c.py:128} WARNING - calling Clean u_ex101223.log
[2024-04-11T15:34:58.356+0000] {logging_mixin.py:188} INFO - Cleaning  u_ex101223.log
[2024-04-11T15:34:58.357+0000] {w3c.py:85} WARNING - Cleaning u_ex101223.log
[2024-04-11T15:34:58.358+0000] {logging_mixin.py:188} INFO - sort -u /opt/***/data/Staging/DimIP.txt > /opt/***/data/Staging/DimIPUniq.txt
[2024-04-11T15:34:58.378+0000] {w3c.py:128} WARNING - calling Clean u_ex110427.log
[2024-04-11T15:34:58.379+0000] {logging_mixin.py:188} INFO - Cleaning  u_ex110427.log
[2024-04-11T15:34:58.388+0000] {w3c.py:85} WARNING - Cleaning u_ex110427.log
[2024-04-11T15:34:58.389+0000] {logging_mixin.py:188} INFO - sort -u /opt/***/data/Staging/DimIP.txt > /opt/***/data/Staging/DimIPUniq.txt
[2024-04-11T15:34:58.409+0000] {w3c.py:128} WARNING - calling Clean u_ex101008.log
[2024-04-11T15:34:58.410+0000] {logging_mixin.py:188} INFO - Cleaning  u_ex101008.log
[2024-04-11T15:34:58.410+0000] {w3c.py:85} WARNING - Cleaning u_ex101008.log
[2024-04-11T15:34:58.410+0000] {logging_mixin.py:188} INFO - sort -u /opt/***/data/Staging/DimIP.txt > /opt/***/data/Staging/DimIPUniq.txt
[2024-04-11T15:34:58.453+0000] {w3c.py:128} WARNING - calling Clean u_ex100423.log
[2024-04-11T15:34:58.457+0000] {logging_mixin.py:188} INFO - Cleaning  u_ex100423.log
[2024-04-11T15:34:58.457+0000] {w3c.py:85} WARNING - Cleaning u_ex100423.log
[2024-04-11T15:34:58.458+0000] {logging_mixin.py:188} INFO - sort -u /opt/***/data/Staging/DimIP.txt > /opt/***/data/Staging/DimIPUniq.txt
[2024-04-11T15:34:58.473+0000] {w3c.py:128} WARNING - calling Clean u_ex100808.log
[2024-04-11T15:34:58.474+0000] {logging_mixin.py:188} INFO - Cleaning  u_ex100808.log
[2024-04-11T15:34:58.474+0000] {w3c.py:85} WARNING - Cleaning u_ex100808.log
[2024-04-11T15:34:58.474+0000] {logging_mixin.py:188} INFO - sort -u /opt/***/data/Staging/DimIP.txt > /opt/***/data/Staging/DimIPUniq.txt
[2024-04-11T15:34:58.486+0000] {w3c.py:128} WARNING - calling Clean u_ex100519.log
[2024-04-11T15:34:58.487+0000] {logging_mixin.py:188} INFO - Cleaning  u_ex100519.log
[2024-04-11T15:34:58.487+0000] {w3c.py:85} WARNING - Cleaning u_ex100519.log
[2024-04-11T15:34:58.487+0000] {logging_mixin.py:188} INFO - sort -u /opt/***/data/Staging/DimIP.txt > /opt/***/data/Staging/DimIPUniq.txt
[2024-04-11T15:34:58.508+0000] {w3c.py:128} WARNING - calling Clean u_ex091213.log
[2024-04-11T15:34:58.509+0000] {logging_mixin.py:188} INFO - Cleaning  u_ex091213.log
[2024-04-11T15:34:58.509+0000] {w3c.py:85} WARNING - Cleaning u_ex091213.log
[2024-04-11T15:34:58.509+0000] {logging_mixin.py:188} INFO - sort -u /opt/***/data/Staging/DimIP.txt > /opt/***/data/Staging/DimIPUniq.txt
[2024-04-11T15:34:58.514+0000] {w3c.py:128} WARNING - calling Clean u_ex101202.log
[2024-04-11T15:34:58.515+0000] {logging_mixin.py:188} INFO - Cleaning  u_ex101202.log
[2024-04-11T15:34:58.523+0000] {w3c.py:85} WARNING - Cleaning u_ex101202.log
[2024-04-11T15:34:58.524+0000] {logging_mixin.py:188} INFO - sort -u /opt/***/data/Staging/DimIP.txt > /opt/***/data/Staging/DimIPUniq.txt
[2024-04-11T15:34:58.528+0000] {w3c.py:128} WARNING - calling Clean u_ex100718.log
[2024-04-11T15:34:58.528+0000] {logging_mixin.py:188} INFO - Cleaning  u_ex100718.log
[2024-04-11T15:34:58.528+0000] {w3c.py:85} WARNING - Cleaning u_ex100718.log
[2024-04-11T15:34:58.529+0000] {logging_mixin.py:188} INFO - sort -u /opt/***/data/Staging/DimIP.txt > /opt/***/data/Staging/DimIPUniq.txt
[2024-04-11T15:34:58.537+0000] {w3c.py:128} WARNING - calling Clean u_ex100314.log
[2024-04-11T15:34:58.538+0000] {logging_mixin.py:188} INFO - Cleaning  u_ex100314.log
[2024-04-11T15:34:58.538+0000] {w3c.py:85} WARNING - Cleaning u_ex100314.log
[2024-04-11T15:34:58.538+0000] {logging_mixin.py:188} INFO - sort -u /opt/***/data/Staging/DimIP.txt > /opt/***/data/Staging/DimIPUniq.txt
[2024-04-11T15:34:58.545+0000] {w3c.py:128} WARNING - calling Clean u_ex100425.log
[2024-04-11T15:34:58.546+0000] {logging_mixin.py:188} INFO - Cleaning  u_ex100425.log
[2024-04-11T15:34:58.546+0000] {w3c.py:85} WARNING - Cleaning u_ex100425.log
[2024-04-11T15:34:58.546+0000] {logging_mixin.py:188} INFO - sort -u /opt/***/data/Staging/DimIP.txt > /opt/***/data/Staging/DimIPUniq.txt
[2024-04-11T15:34:58.552+0000] {w3c.py:128} WARNING - calling Clean u_ex100304.log
[2024-04-11T15:34:58.552+0000] {logging_mixin.py:188} INFO - Cleaning  u_ex100304.log
[2024-04-11T15:34:58.553+0000] {w3c.py:85} WARNING - Cleaning u_ex100304.log
[2024-04-11T15:34:58.553+0000] {logging_mixin.py:188} INFO - sort -u /opt/***/data/Staging/DimIP.txt > /opt/***/data/Staging/DimIPUniq.txt
[2024-04-11T15:34:58.559+0000] {w3c.py:128} WARNING - calling Clean u_ex100419.log
[2024-04-11T15:34:58.559+0000] {logging_mixin.py:188} INFO - Cleaning  u_ex100419.log
[2024-04-11T15:34:58.559+0000] {w3c.py:85} WARNING - Cleaning u_ex100419.log
[2024-04-11T15:34:58.560+0000] {logging_mixin.py:188} INFO - sort -u /opt/***/data/Staging/DimIP.txt > /opt/***/data/Staging/DimIPUniq.txt
[2024-04-11T15:34:58.566+0000] {w3c.py:128} WARNING - calling Clean u_ex101023.log
[2024-04-11T15:34:58.566+0000] {logging_mixin.py:188} INFO - Cleaning  u_ex101023.log
[2024-04-11T15:34:58.566+0000] {w3c.py:85} WARNING - Cleaning u_ex101023.log
[2024-04-11T15:34:58.567+0000] {logging_mixin.py:188} INFO - sort -u /opt/***/data/Staging/DimIP.txt > /opt/***/data/Staging/DimIPUniq.txt
[2024-04-11T15:34:58.575+0000] {w3c.py:128} WARNING - calling Clean u_ex101025.log
[2024-04-11T15:34:58.575+0000] {logging_mixin.py:188} INFO - Cleaning  u_ex101025.log
[2024-04-11T15:34:58.575+0000] {w3c.py:85} WARNING - Cleaning u_ex101025.log
[2024-04-11T15:34:58.576+0000] {logging_mixin.py:188} INFO - sort -u /opt/***/data/Staging/DimIP.txt > /opt/***/data/Staging/DimIPUniq.txt
[2024-04-11T15:34:58.582+0000] {w3c.py:128} WARNING - calling Clean u_ex101101.log
[2024-04-11T15:34:58.582+0000] {logging_mixin.py:188} INFO - Cleaning  u_ex101101.log
[2024-04-11T15:34:58.582+0000] {w3c.py:85} WARNING - Cleaning u_ex101101.log
[2024-04-11T15:34:58.583+0000] {logging_mixin.py:188} INFO - sort -u /opt/***/data/Staging/DimIP.txt > /opt/***/data/Staging/DimIPUniq.txt
[2024-04-11T15:34:58.608+0000] {w3c.py:128} WARNING - calling Clean u_ex100906.log
[2024-04-11T15:34:58.609+0000] {logging_mixin.py:188} INFO - Cleaning  u_ex100906.log
[2024-04-11T15:34:58.609+0000] {w3c.py:85} WARNING - Cleaning u_ex100906.log
[2024-04-11T15:34:58.610+0000] {logging_mixin.py:188} INFO - sort -u /opt/***/data/Staging/DimIP.txt > /opt/***/data/Staging/DimIPUniq.txt
[2024-04-11T15:34:58.615+0000] {w3c.py:128} WARNING - calling Clean u_ex101113.log
[2024-04-11T15:34:58.616+0000] {logging_mixin.py:188} INFO - Cleaning  u_ex101113.log
[2024-04-11T15:34:58.616+0000] {w3c.py:85} WARNING - Cleaning u_ex101113.log
[2024-04-11T15:34:58.616+0000] {logging_mixin.py:188} INFO - sort -u /opt/***/data/Staging/DimIP.txt > /opt/***/data/Staging/DimIPUniq.txt
[2024-04-11T15:34:58.622+0000] {w3c.py:128} WARNING - calling Clean u_ex100924.log
[2024-04-11T15:34:58.622+0000] {logging_mixin.py:188} INFO - Cleaning  u_ex100924.log
[2024-04-11T15:34:58.623+0000] {w3c.py:85} WARNING - Cleaning u_ex100924.log
[2024-04-11T15:34:58.623+0000] {logging_mixin.py:188} INFO - sort -u /opt/***/data/Staging/DimIP.txt > /opt/***/data/Staging/DimIPUniq.txt
[2024-04-11T15:34:58.632+0000] {w3c.py:128} WARNING - calling Clean u_ex101118.log
[2024-04-11T15:34:58.633+0000] {logging_mixin.py:188} INFO - Cleaning  u_ex101118.log
[2024-04-11T15:34:58.637+0000] {w3c.py:85} WARNING - Cleaning u_ex101118.log
[2024-04-11T15:34:58.638+0000] {logging_mixin.py:188} INFO - sort -u /opt/***/data/Staging/DimIP.txt > /opt/***/data/Staging/DimIPUniq.txt
[2024-04-11T15:34:58.652+0000] {w3c.py:128} WARNING - calling Clean u_ex091130.log
[2024-04-11T15:34:58.652+0000] {logging_mixin.py:188} INFO - Cleaning  u_ex091130.log
[2024-04-11T15:34:58.653+0000] {w3c.py:85} WARNING - Cleaning u_ex091130.log
[2024-04-11T15:34:58.653+0000] {logging_mixin.py:188} INFO - sort -u /opt/***/data/Staging/DimIP.txt > /opt/***/data/Staging/DimIPUniq.txt
[2024-04-11T15:34:58.657+0000] {logging_mixin.py:188} INFO - Fault 26
[2024-04-11T15:34:58.672+0000] {logging_mixin.py:188} INFO - Fault 10
[2024-04-11T15:34:58.686+0000] {logging_mixin.py:188} INFO - Fault 6
[2024-04-11T15:34:58.687+0000] {w3c.py:128} WARNING - calling Clean u_ex100309.log
[2024-04-11T15:34:58.687+0000] {logging_mixin.py:188} INFO - Cleaning  u_ex100309.log
[2024-04-11T15:34:58.687+0000] {w3c.py:85} WARNING - Cleaning u_ex100309.log
[2024-04-11T15:34:58.688+0000] {logging_mixin.py:188} INFO - sort -u /opt/***/data/Staging/DimIP.txt > /opt/***/data/Staging/DimIPUniq.txt
[2024-04-11T15:34:58.705+0000] {w3c.py:128} WARNING - calling Clean u_ex100725.log
[2024-04-11T15:34:58.705+0000] {logging_mixin.py:188} INFO - Cleaning  u_ex100725.log
[2024-04-11T15:34:58.706+0000] {w3c.py:85} WARNING - Cleaning u_ex100725.log
[2024-04-11T15:34:58.706+0000] {logging_mixin.py:188} INFO - sort -u /opt/***/data/Staging/DimIP.txt > /opt/***/data/Staging/DimIPUniq.txt
[2024-04-11T15:34:58.722+0000] {w3c.py:128} WARNING - calling Clean u_ex091025.log
[2024-04-11T15:34:58.723+0000] {logging_mixin.py:188} INFO - Cleaning  u_ex091025.log
[2024-04-11T15:34:58.723+0000] {w3c.py:85} WARNING - Cleaning u_ex091025.log
[2024-04-11T15:34:58.724+0000] {logging_mixin.py:188} INFO - sort -u /opt/***/data/Staging/DimIP.txt > /opt/***/data/Staging/DimIPUniq.txt
[2024-04-11T15:34:58.724+0000] {w3c.py:128} WARNING - calling Clean u_ex100307.log
[2024-04-11T15:34:58.725+0000] {logging_mixin.py:188} INFO - Cleaning  u_ex100307.log
[2024-04-11T15:34:58.725+0000] {w3c.py:85} WARNING - Cleaning u_ex100307.log
[2024-04-11T15:34:58.725+0000] {logging_mixin.py:188} INFO - sort -u /opt/***/data/Staging/DimIP.txt > /opt/***/data/Staging/DimIPUniq.txt
[2024-04-11T15:34:58.737+0000] {w3c.py:128} WARNING - calling Clean u_ex110516.log
[2024-04-11T15:34:58.738+0000] {logging_mixin.py:188} INFO - Cleaning  u_ex110516.log
[2024-04-11T15:34:58.738+0000] {w3c.py:85} WARNING - Cleaning u_ex110516.log
[2024-04-11T15:34:58.738+0000] {logging_mixin.py:188} INFO - sort -u /opt/***/data/Staging/DimIP.txt > /opt/***/data/Staging/DimIPUniq.txt
[2024-04-11T15:34:58.753+0000] {w3c.py:128} WARNING - calling Clean u_ex100628.log
[2024-04-11T15:34:58.753+0000] {logging_mixin.py:188} INFO - Cleaning  u_ex100628.log
[2024-04-11T15:34:58.754+0000] {w3c.py:85} WARNING - Cleaning u_ex100628.log
[2024-04-11T15:34:58.754+0000] {logging_mixin.py:188} INFO - sort -u /opt/***/data/Staging/DimIP.txt > /opt/***/data/Staging/DimIPUniq.txt
[2024-04-11T15:34:58.764+0000] {w3c.py:128} WARNING - calling Clean u_ex100406.log
[2024-04-11T15:34:58.765+0000] {logging_mixin.py:188} INFO - Cleaning  u_ex100406.log
[2024-04-11T15:34:58.765+0000] {w3c.py:85} WARNING - Cleaning u_ex100406.log
[2024-04-11T15:34:58.765+0000] {logging_mixin.py:188} INFO - sort -u /opt/***/data/Staging/DimIP.txt > /opt/***/data/Staging/DimIPUniq.txt
[2024-04-11T15:34:58.791+0000] {w3c.py:128} WARNING - calling Clean u_ex100221.log
[2024-04-11T15:34:58.811+0000] {logging_mixin.py:188} INFO - Cleaning  u_ex100221.log
[2024-04-11T15:34:58.811+0000] {w3c.py:85} WARNING - Cleaning u_ex100221.log
[2024-04-11T15:34:58.812+0000] {logging_mixin.py:188} INFO - sort -u /opt/***/data/Staging/DimIP.txt > /opt/***/data/Staging/DimIPUniq.txt
[2024-04-11T15:34:58.824+0000] {w3c.py:128} WARNING - calling Clean u_ex100113.log
[2024-04-11T15:34:58.824+0000] {logging_mixin.py:188} INFO - Cleaning  u_ex100113.log
[2024-04-11T15:34:58.825+0000] {w3c.py:85} WARNING - Cleaning u_ex100113.log
[2024-04-11T15:34:58.825+0000] {logging_mixin.py:188} INFO - sort -u /opt/***/data/Staging/DimIP.txt > /opt/***/data/Staging/DimIPUniq.txt
[2024-04-11T15:34:58.847+0000] {w3c.py:128} WARNING - calling Clean u_ex101212.log
[2024-04-11T15:34:58.847+0000] {logging_mixin.py:188} INFO - Cleaning  u_ex101212.log
[2024-04-11T15:34:58.848+0000] {w3c.py:85} WARNING - Cleaning u_ex101212.log
[2024-04-11T15:34:58.848+0000] {logging_mixin.py:188} INFO - sort -u /opt/***/data/Staging/DimIP.txt > /opt/***/data/Staging/DimIPUniq.txt
[2024-04-11T15:34:58.854+0000] {w3c.py:128} WARNING - calling Clean u_ex100302.log
[2024-04-11T15:34:58.854+0000] {logging_mixin.py:188} INFO - Cleaning  u_ex100302.log
[2024-04-11T15:34:58.855+0000] {w3c.py:85} WARNING - Cleaning u_ex100302.log
[2024-04-11T15:34:58.855+0000] {logging_mixin.py:188} INFO - sort -u /opt/***/data/Staging/DimIP.txt > /opt/***/data/Staging/DimIPUniq.txt
[2024-04-11T15:34:58.865+0000] {w3c.py:128} WARNING - calling Clean u_ex100630.log
[2024-04-11T15:34:58.865+0000] {logging_mixin.py:188} INFO - Cleaning  u_ex100630.log
[2024-04-11T15:34:58.866+0000] {w3c.py:85} WARNING - Cleaning u_ex100630.log
[2024-04-11T15:34:58.866+0000] {logging_mixin.py:188} INFO - sort -u /opt/***/data/Staging/DimIP.txt > /opt/***/data/Staging/DimIPUniq.txt
[2024-04-11T15:34:58.870+0000] {w3c.py:128} WARNING - calling Clean u_ex100615.log
[2024-04-11T15:34:58.870+0000] {logging_mixin.py:188} INFO - Cleaning  u_ex100615.log
[2024-04-11T15:34:58.870+0000] {w3c.py:85} WARNING - Cleaning u_ex100615.log
[2024-04-11T15:34:58.870+0000] {logging_mixin.py:188} INFO - sort -u /opt/***/data/Staging/DimIP.txt > /opt/***/data/Staging/DimIPUniq.txt
[2024-04-11T15:34:58.874+0000] {w3c.py:128} WARNING - calling Clean u_ex091120.log
[2024-04-11T15:34:58.875+0000] {logging_mixin.py:188} INFO - Cleaning  u_ex091120.log
[2024-04-11T15:34:58.875+0000] {w3c.py:85} WARNING - Cleaning u_ex091120.log
[2024-04-11T15:34:58.876+0000] {logging_mixin.py:188} INFO - sort -u /opt/***/data/Staging/DimIP.txt > /opt/***/data/Staging/DimIPUniq.txt
[2024-04-11T15:34:58.886+0000] {w3c.py:128} WARNING - calling Clean u_ex110504.log
[2024-04-11T15:34:58.887+0000] {logging_mixin.py:188} INFO - Cleaning  u_ex110504.log
[2024-04-11T15:34:58.887+0000] {w3c.py:85} WARNING - Cleaning u_ex110504.log
[2024-04-11T15:34:58.888+0000] {logging_mixin.py:188} INFO - sort -u /opt/***/data/Staging/DimIP.txt > /opt/***/data/Staging/DimIPUniq.txt
[2024-04-11T15:34:58.900+0000] {w3c.py:128} WARNING - calling Clean u_ex100622.log
[2024-04-11T15:34:58.901+0000] {logging_mixin.py:188} INFO - Cleaning  u_ex100622.log
[2024-04-11T15:34:58.901+0000] {w3c.py:85} WARNING - Cleaning u_ex100622.log
[2024-04-11T15:34:58.901+0000] {logging_mixin.py:188} INFO - sort -u /opt/***/data/Staging/DimIP.txt > /opt/***/data/Staging/DimIPUniq.txt
[2024-04-11T15:34:58.907+0000] {w3c.py:128} WARNING - calling Clean u_ex100801.log
[2024-04-11T15:34:58.907+0000] {logging_mixin.py:188} INFO - Cleaning  u_ex100801.log
[2024-04-11T15:34:58.907+0000] {w3c.py:85} WARNING - Cleaning u_ex100801.log
[2024-04-11T15:34:58.908+0000] {logging_mixin.py:188} INFO - sort -u /opt/***/data/Staging/DimIP.txt > /opt/***/data/Staging/DimIPUniq.txt
[2024-04-11T15:34:58.912+0000] {w3c.py:128} WARNING - calling Clean u_ex110407.log
[2024-04-11T15:34:58.912+0000] {logging_mixin.py:188} INFO - Cleaning  u_ex110407.log
[2024-04-11T15:34:58.912+0000] {w3c.py:85} WARNING - Cleaning u_ex110407.log
[2024-04-11T15:34:58.913+0000] {logging_mixin.py:188} INFO - sort -u /opt/***/data/Staging/DimIP.txt > /opt/***/data/Staging/DimIPUniq.txt
[2024-04-11T15:34:58.920+0000] {w3c.py:128} WARNING - calling Clean u_ex100926.log
[2024-04-11T15:34:58.921+0000] {logging_mixin.py:188} INFO - Cleaning  u_ex100926.log
[2024-04-11T15:34:58.921+0000] {w3c.py:85} WARNING - Cleaning u_ex100926.log
[2024-04-11T15:34:58.922+0000] {logging_mixin.py:188} INFO - sort -u /opt/***/data/Staging/DimIP.txt > /opt/***/data/Staging/DimIPUniq.txt
[2024-04-11T15:34:58.927+0000] {w3c.py:128} WARNING - calling Clean u_ex100422.log
[2024-04-11T15:34:58.928+0000] {logging_mixin.py:188} INFO - Cleaning  u_ex100422.log
[2024-04-11T15:34:58.928+0000] {w3c.py:85} WARNING - Cleaning u_ex100422.log
[2024-04-11T15:34:58.928+0000] {logging_mixin.py:188} INFO - sort -u /opt/***/data/Staging/DimIP.txt > /opt/***/data/Staging/DimIPUniq.txt
[2024-04-11T15:34:58.935+0000] {w3c.py:128} WARNING - calling Clean u_ex101111.log
[2024-04-11T15:34:58.935+0000] {logging_mixin.py:188} INFO - Cleaning  u_ex101111.log
[2024-04-11T15:34:58.936+0000] {w3c.py:85} WARNING - Cleaning u_ex101111.log
[2024-04-11T15:34:58.936+0000] {logging_mixin.py:188} INFO - sort -u /opt/***/data/Staging/DimIP.txt > /opt/***/data/Staging/DimIPUniq.txt
[2024-04-11T15:34:58.943+0000] {w3c.py:128} WARNING - calling Clean u_ex100705.log
[2024-04-11T15:34:58.943+0000] {logging_mixin.py:188} INFO - Cleaning  u_ex100705.log
[2024-04-11T15:34:58.944+0000] {w3c.py:85} WARNING - Cleaning u_ex100705.log
[2024-04-11T15:34:58.944+0000] {logging_mixin.py:188} INFO - sort -u /opt/***/data/Staging/DimIP.txt > /opt/***/data/Staging/DimIPUniq.txt
[2024-04-11T15:34:58.948+0000] {w3c.py:128} WARNING - calling Clean u_ex100112.log
[2024-04-11T15:34:58.948+0000] {logging_mixin.py:188} INFO - Cleaning  u_ex100112.log
[2024-04-11T15:34:58.948+0000] {w3c.py:85} WARNING - Cleaning u_ex100112.log
[2024-04-11T15:34:58.948+0000] {logging_mixin.py:188} INFO - sort -u /opt/***/data/Staging/DimIP.txt > /opt/***/data/Staging/DimIPUniq.txt
[2024-04-11T15:34:58.964+0000] {w3c.py:128} WARNING - calling Clean u_ex101027.log
[2024-04-11T15:34:58.964+0000] {logging_mixin.py:188} INFO - Cleaning  u_ex101027.log
[2024-04-11T15:34:58.965+0000] {w3c.py:85} WARNING - Cleaning u_ex101027.log
[2024-04-11T15:34:58.965+0000] {logging_mixin.py:188} INFO - sort -u /opt/***/data/Staging/DimIP.txt > /opt/***/data/Staging/DimIPUniq.txt
[2024-04-11T15:34:58.976+0000] {python.py:237} INFO - Done. Returned value was: None
[2024-04-11T15:34:58.977+0000] {taskinstance.py:441} INFO - ::group::Post task execution logs
[2024-04-11T15:34:58.993+0000] {taskinstance.py:1205} INFO - Marking task as SUCCESS. dag_id=Process_W3_Data, task_id=RemoveHash, execution_date=20240411T153451, start_date=20240411T153456, end_date=20240411T153458
[2024-04-11T15:34:59.052+0000] {local_task_job_runner.py:240} INFO - Task exited with return code 0
[2024-04-11T15:34:59.108+0000] {taskinstance.py:3482} INFO - 1 downstream tasks scheduled from follow-on schedule check
[2024-04-11T15:34:59.114+0000] {local_task_job_runner.py:222} INFO - ::endgroup::
