[2024-04-12T15:57:58.669+0000] {local_task_job_runner.py:120} INFO - ::group::Pre task execution logs
[2024-04-12T15:57:58.806+0000] {taskinstance.py:2073} INFO - Dependencies all met for dep_context=non-requeueable deps ti=<TaskInstance: Process_W3_Data.uniqIP manual__2024-04-12T15:57:31.781886+00:00 [queued]>
[2024-04-12T15:57:58.822+0000] {taskinstance.py:2073} INFO - Dependencies all met for dep_context=requeueable deps ti=<TaskInstance: Process_W3_Data.uniqIP manual__2024-04-12T15:57:31.781886+00:00 [queued]>
[2024-04-12T15:57:58.823+0000] {taskinstance.py:2303} INFO - Starting attempt 1 of 1
[2024-04-12T15:57:58.892+0000] {taskinstance.py:2327} INFO - Executing <Task(BashOperator): uniqIP> on 2024-04-12 15:57:31.781886+00:00
[2024-04-12T15:57:58.931+0000] {warnings.py:110} WARNING - /home/***/.local/lib/python3.12/site-packages/***/task/task_runner/standard_task_runner.py:61: DeprecationWarning: This process (pid=40382) is multi-threaded, use of fork() may lead to deadlocks in the child.
  pid = os.fork()

[2024-04-12T15:57:58.948+0000] {standard_task_runner.py:63} INFO - Started process 40393 to run task
[2024-04-12T15:57:58.962+0000] {standard_task_runner.py:90} INFO - Running: ['***', 'tasks', 'run', 'Process_W3_Data', 'uniqIP', 'manual__2024-04-12T15:57:31.781886+00:00', '--job-id', '232', '--raw', '--subdir', 'DAGS_FOLDER/w3c.py', '--cfg-path', '/tmp/tmp37dwthav']
[2024-04-12T15:57:58.985+0000] {standard_task_runner.py:91} INFO - Job 232: Subtask uniqIP
[2024-04-12T15:57:59.276+0000] {task_command.py:426} INFO - Running <TaskInstance: Process_W3_Data.uniqIP manual__2024-04-12T15:57:31.781886+00:00 [running]> on host 426f0b9f9d71
[2024-04-12T15:57:59.778+0000] {taskinstance.py:2644} INFO - Exporting env vars: AIRFLOW_CTX_DAG_OWNER='***' AIRFLOW_CTX_DAG_ID='Process_W3_Data' AIRFLOW_CTX_TASK_ID='uniqIP' AIRFLOW_CTX_EXECUTION_DATE='2024-04-12T15:57:31.781886+00:00' AIRFLOW_CTX_TRY_NUMBER='1' AIRFLOW_CTX_DAG_RUN_ID='manual__2024-04-12T15:57:31.781886+00:00'
[2024-04-12T15:57:59.783+0000] {taskinstance.py:430} INFO - ::endgroup::
[2024-04-12T15:57:59.798+0000] {subprocess.py:63} INFO - Tmp dir root location: /tmp
[2024-04-12T15:57:59.799+0000] {subprocess.py:75} INFO - Running command: ['/usr/bin/bash', '-c', 'sort -u /opt/***/data/Staging/DimIP.txt > /opt/***/data/Staging/DimIPUniq.txt']
[2024-04-12T15:57:59.882+0000] {subprocess.py:86} INFO - Output:
[2024-04-12T15:58:00.084+0000] {subprocess.py:97} INFO - Command exited with return code 0
[2024-04-12T15:58:00.086+0000] {taskinstance.py:441} INFO - ::group::Post task execution logs
[2024-04-12T15:58:00.201+0000] {taskinstance.py:1205} INFO - Marking task as SUCCESS. dag_id=Process_W3_Data, task_id=uniqIP, execution_date=20240412T155731, start_date=20240412T155758, end_date=20240412T155800
[2024-04-12T15:58:00.344+0000] {local_task_job_runner.py:240} INFO - Task exited with return code 0
[2024-04-12T15:58:00.463+0000] {taskinstance.py:3482} INFO - 1 downstream tasks scheduled from follow-on schedule check
[2024-04-12T15:58:00.466+0000] {local_task_job_runner.py:222} INFO - ::endgroup::
