[2024-04-11T16:03:27.445+0000] {local_task_job_runner.py:120} INFO - ::group::Pre task execution logs
[2024-04-11T16:03:27.526+0000] {taskinstance.py:2073} INFO - Dependencies all met for dep_context=non-requeueable deps ti=<TaskInstance: Process_W3_Data.uniqDate manual__2024-04-11T16:03:00.871751+00:00 [queued]>
[2024-04-11T16:03:27.558+0000] {taskinstance.py:2073} INFO - Dependencies all met for dep_context=requeueable deps ti=<TaskInstance: Process_W3_Data.uniqDate manual__2024-04-11T16:03:00.871751+00:00 [queued]>
[2024-04-11T16:03:27.558+0000] {taskinstance.py:2303} INFO - Starting attempt 1 of 1
[2024-04-11T16:03:27.596+0000] {taskinstance.py:2327} INFO - Executing <Task(BashOperator): uniqDate> on 2024-04-11 16:03:00.871751+00:00
[2024-04-11T16:03:27.617+0000] {warnings.py:110} WARNING - /home/***/.local/lib/python3.12/site-packages/***/task/task_runner/standard_task_runner.py:61: DeprecationWarning: This process (pid=22060) is multi-threaded, use of fork() may lead to deadlocks in the child.
  pid = os.fork()

[2024-04-11T16:03:27.628+0000] {standard_task_runner.py:63} INFO - Started process 22065 to run task
[2024-04-11T16:03:27.644+0000] {standard_task_runner.py:90} INFO - Running: ['***', 'tasks', 'run', 'Process_W3_Data', 'uniqDate', 'manual__2024-04-11T16:03:00.871751+00:00', '--job-id', '118', '--raw', '--subdir', 'DAGS_FOLDER/w3c.py', '--cfg-path', '/tmp/tmpzm5_fhoi']
[2024-04-11T16:03:27.672+0000] {standard_task_runner.py:91} INFO - Job 118: Subtask uniqDate
[2024-04-11T16:03:27.855+0000] {task_command.py:426} INFO - Running <TaskInstance: Process_W3_Data.uniqDate manual__2024-04-11T16:03:00.871751+00:00 [running]> on host 426f0b9f9d71
[2024-04-11T16:03:28.213+0000] {taskinstance.py:2644} INFO - Exporting env vars: AIRFLOW_CTX_DAG_OWNER='***' AIRFLOW_CTX_DAG_ID='Process_W3_Data' AIRFLOW_CTX_TASK_ID='uniqDate' AIRFLOW_CTX_EXECUTION_DATE='2024-04-11T16:03:00.871751+00:00' AIRFLOW_CTX_TRY_NUMBER='1' AIRFLOW_CTX_DAG_RUN_ID='manual__2024-04-11T16:03:00.871751+00:00'
[2024-04-11T16:03:28.216+0000] {taskinstance.py:430} INFO - ::endgroup::
[2024-04-11T16:03:28.218+0000] {subprocess.py:63} INFO - Tmp dir root location: /tmp
[2024-04-11T16:03:28.219+0000] {subprocess.py:75} INFO - Running command: ['/usr/bin/bash', '-c', 'sort -u /opt/***/data/Staging/DimDate.txt > /opt/***/data/Staging/DimDateUniq.txt']
[2024-04-11T16:03:28.311+0000] {subprocess.py:86} INFO - Output:
[2024-04-11T16:03:28.489+0000] {subprocess.py:97} INFO - Command exited with return code 0
[2024-04-11T16:03:28.490+0000] {taskinstance.py:441} INFO - ::group::Post task execution logs
[2024-04-11T16:03:28.602+0000] {taskinstance.py:1205} INFO - Marking task as SUCCESS. dag_id=Process_W3_Data, task_id=uniqDate, execution_date=20240411T160300, start_date=20240411T160327, end_date=20240411T160328
[2024-04-11T16:03:28.718+0000] {local_task_job_runner.py:240} INFO - Task exited with return code 0
[2024-04-11T16:03:28.855+0000] {taskinstance.py:3482} INFO - 1 downstream tasks scheduled from follow-on schedule check
[2024-04-11T16:03:28.859+0000] {local_task_job_runner.py:222} INFO - ::endgroup::
