[2024-04-11T16:33:13.415+0000] {local_task_job_runner.py:120} INFO - ::group::Pre task execution logs
[2024-04-11T16:33:13.472+0000] {taskinstance.py:2073} INFO - Dependencies all met for dep_context=non-requeueable deps ti=<TaskInstance: Process_W3_Data.uniqIP manual__2024-04-11T16:32:47.581109+00:00 [queued]>
[2024-04-11T16:33:13.510+0000] {taskinstance.py:2073} INFO - Dependencies all met for dep_context=requeueable deps ti=<TaskInstance: Process_W3_Data.uniqIP manual__2024-04-11T16:32:47.581109+00:00 [queued]>
[2024-04-11T16:33:13.511+0000] {taskinstance.py:2303} INFO - Starting attempt 1 of 1
[2024-04-11T16:33:13.560+0000] {taskinstance.py:2327} INFO - Executing <Task(BashOperator): uniqIP> on 2024-04-11 16:32:47.581109+00:00
[2024-04-11T16:33:13.588+0000] {warnings.py:110} WARNING - /home/***/.local/lib/python3.12/site-packages/***/task/task_runner/standard_task_runner.py:61: DeprecationWarning: This process (pid=22554) is multi-threaded, use of fork() may lead to deadlocks in the child.
  pid = os.fork()

[2024-04-11T16:33:13.593+0000] {standard_task_runner.py:63} INFO - Started process 22558 to run task
[2024-04-11T16:33:13.604+0000] {standard_task_runner.py:90} INFO - Running: ['***', 'tasks', 'run', 'Process_W3_Data', 'uniqIP', 'manual__2024-04-11T16:32:47.581109+00:00', '--job-id', '157', '--raw', '--subdir', 'DAGS_FOLDER/w3c.py', '--cfg-path', '/tmp/tmpv0dw_sy8']
[2024-04-11T16:33:13.618+0000] {standard_task_runner.py:91} INFO - Job 157: Subtask uniqIP
[2024-04-11T16:33:13.794+0000] {task_command.py:426} INFO - Running <TaskInstance: Process_W3_Data.uniqIP manual__2024-04-11T16:32:47.581109+00:00 [running]> on host 426f0b9f9d71
[2024-04-11T16:33:14.105+0000] {taskinstance.py:2644} INFO - Exporting env vars: AIRFLOW_CTX_DAG_OWNER='***' AIRFLOW_CTX_DAG_ID='Process_W3_Data' AIRFLOW_CTX_TASK_ID='uniqIP' AIRFLOW_CTX_EXECUTION_DATE='2024-04-11T16:32:47.581109+00:00' AIRFLOW_CTX_TRY_NUMBER='1' AIRFLOW_CTX_DAG_RUN_ID='manual__2024-04-11T16:32:47.581109+00:00'
[2024-04-11T16:33:14.108+0000] {taskinstance.py:430} INFO - ::endgroup::
[2024-04-11T16:33:14.110+0000] {subprocess.py:63} INFO - Tmp dir root location: /tmp
[2024-04-11T16:33:14.111+0000] {subprocess.py:75} INFO - Running command: ['/usr/bin/bash', '-c', 'sort -u /opt/***/data/Staging/DimIP.txt > /opt/***/data/Staging/DimIPUniq.txt']
[2024-04-11T16:33:14.174+0000] {subprocess.py:86} INFO - Output:
[2024-04-11T16:33:14.332+0000] {subprocess.py:97} INFO - Command exited with return code 0
[2024-04-11T16:33:14.333+0000] {taskinstance.py:441} INFO - ::group::Post task execution logs
[2024-04-11T16:33:14.412+0000] {taskinstance.py:1205} INFO - Marking task as SUCCESS. dag_id=Process_W3_Data, task_id=uniqIP, execution_date=20240411T163247, start_date=20240411T163313, end_date=20240411T163314
[2024-04-11T16:33:14.502+0000] {local_task_job_runner.py:240} INFO - Task exited with return code 0
[2024-04-11T16:33:14.605+0000] {taskinstance.py:3482} INFO - 1 downstream tasks scheduled from follow-on schedule check
[2024-04-11T16:33:14.611+0000] {local_task_job_runner.py:222} INFO - ::endgroup::
