[2024-04-10T11:43:34.141+0000] {local_task_job_runner.py:120} INFO - ::group::Pre task execution logs
[2024-04-10T11:43:34.226+0000] {taskinstance.py:2073} INFO - Dependencies all met for dep_context=non-requeueable deps ti=<TaskInstance: Process_W3_Data.RemoveHash manual__2024-04-10T11:43:28.450548+00:00 [queued]>
[2024-04-10T11:43:34.260+0000] {taskinstance.py:2073} INFO - Dependencies all met for dep_context=requeueable deps ti=<TaskInstance: Process_W3_Data.RemoveHash manual__2024-04-10T11:43:28.450548+00:00 [queued]>
[2024-04-10T11:43:34.261+0000] {taskinstance.py:2303} INFO - Starting attempt 1 of 1
[2024-04-10T11:43:34.300+0000] {taskinstance.py:2327} INFO - Executing <Task(PythonOperator): RemoveHash> on 2024-04-10 11:43:28.450548+00:00
[2024-04-10T11:43:34.313+0000] {warnings.py:110} WARNING - /home/***/.local/lib/python3.12/site-packages/***/task/task_runner/standard_task_runner.py:61: DeprecationWarning: This process (pid=306) is multi-threaded, use of fork() may lead to deadlocks in the child.
  pid = os.fork()

[2024-04-10T11:43:34.316+0000] {standard_task_runner.py:63} INFO - Started process 308 to run task
[2024-04-10T11:43:34.325+0000] {standard_task_runner.py:90} INFO - Running: ['***', 'tasks', 'run', 'Process_W3_Data', 'RemoveHash', 'manual__2024-04-10T11:43:28.450548+00:00', '--job-id', '17', '--raw', '--subdir', 'DAGS_FOLDER/w3c.py', '--cfg-path', '/tmp/tmpdvfjqbrd']
[2024-04-10T11:43:34.330+0000] {standard_task_runner.py:91} INFO - Job 17: Subtask RemoveHash
[2024-04-10T11:43:34.431+0000] {task_command.py:426} INFO - Running <TaskInstance: Process_W3_Data.RemoveHash manual__2024-04-10T11:43:28.450548+00:00 [running]> on host 426f0b9f9d71
[2024-04-10T11:43:34.620+0000] {taskinstance.py:2644} INFO - Exporting env vars: AIRFLOW_CTX_DAG_OWNER='***' AIRFLOW_CTX_DAG_ID='Process_W3_Data' AIRFLOW_CTX_TASK_ID='RemoveHash' AIRFLOW_CTX_EXECUTION_DATE='2024-04-10T11:43:28.450548+00:00' AIRFLOW_CTX_TRY_NUMBER='1' AIRFLOW_CTX_DAG_RUN_ID='manual__2024-04-10T11:43:28.450548+00:00'
[2024-04-10T11:43:34.624+0000] {taskinstance.py:430} INFO - ::endgroup::
[2024-04-10T11:43:34.625+0000] {w3c.py:89} WARNING - Starting List Filesu_ex101031.log,u_ex110411.log,u_ex100626.log,u_ex100105.log,u_ex091103.log,u_ex110510.log,u_ex100708.log,u_ex100315.log,u_ex110306.log,u_ex100528.log,u_ex100204.log,u_ex110218.log,u_ex100104.log,u_ex110209.log,u_ex100916.log,u_ex100520.log,u_ex101126.log,u_ex100205.log,u_ex110405.log,u_ex110212.log,u_ex100430.log,u_ex100830.log,u_ex110130.log,u_ex100526.log,u_ex091207.log,u_ex100923.log,u_ex110119.log,u_ex110424.log,u_ex100619.log,u_ex100714.log,u_ex100106.log,u_ex091024.log,u_ex101020.log,u_ex110205.log,u_ex100809.log,u_ex091106.log,u_ex091211.log,u_ex100322.log,u_ex100117.log,u_ex101225.log,u_ex100424.log,u_ex091102.log,u_ex091123.log,u_ex100629.log,u_ex100612.log,u_ex100912.log,u_ex101215.log,u_ex100131.log,u_ex101223.log,u_ex110427.log,u_ex101008.log,u_ex100423.log,u_ex100808.log,u_ex100519.log,u_ex091213.log,u_ex101202.log,u_ex100718.log,u_ex100314.log,u_ex100425.log,u_ex100304.log,u_ex100419.log,u_ex101023.log,u_ex101025.log,u_ex101101.log,u_ex100906.log,u_ex101113.log,u_ex100924.log,u_ex101118.log,u_ex091130.log,u_ex100309.log,u_ex100725.log,u_ex091025.log,u_ex100307.log,u_ex110516.log,u_ex100628.log,u_ex100406.log,u_ex100221.log,u_ex100113.log,u_ex101212.log,u_ex100302.log,u_ex100630.log,u_ex100615.log,u_ex091120.log,u_ex110504.log,u_ex100622.log,u_ex100801.log,u_ex110407.log,u_ex100926.log,u_ex100422.log,u_ex101111.log,u_ex100705.log,u_ex100112.log,u_ex101027.log
[2024-04-10T11:43:34.654+0000] {w3c.py:92} WARNING - calling Clean u_ex101031.log
[2024-04-10T11:43:34.655+0000] {logging_mixin.py:188} INFO - Cleaning  u_ex101031.log
[2024-04-10T11:43:34.655+0000] {w3c.py:49} WARNING - Cleaning u_ex101031.log
[2024-04-10T11:43:34.655+0000] {logging_mixin.py:188} INFO - sort -u /opt/***/data/Staging/DimIP.txt > /opt/***/data/Staging/DimIPUniq.txt
[2024-04-10T11:43:34.660+0000] {w3c.py:92} WARNING - calling Clean u_ex110411.log
[2024-04-10T11:43:34.661+0000] {logging_mixin.py:188} INFO - Cleaning  u_ex110411.log
[2024-04-10T11:43:34.662+0000] {w3c.py:49} WARNING - Cleaning u_ex110411.log
[2024-04-10T11:43:34.662+0000] {logging_mixin.py:188} INFO - sort -u /opt/***/data/Staging/DimIP.txt > /opt/***/data/Staging/DimIPUniq.txt
[2024-04-10T11:43:34.674+0000] {w3c.py:92} WARNING - calling Clean u_ex100626.log
[2024-04-10T11:43:34.675+0000] {logging_mixin.py:188} INFO - Cleaning  u_ex100626.log
[2024-04-10T11:43:34.675+0000] {w3c.py:49} WARNING - Cleaning u_ex100626.log
[2024-04-10T11:43:34.676+0000] {logging_mixin.py:188} INFO - sort -u /opt/***/data/Staging/DimIP.txt > /opt/***/data/Staging/DimIPUniq.txt
[2024-04-10T11:43:34.687+0000] {w3c.py:92} WARNING - calling Clean u_ex100105.log
[2024-04-10T11:43:34.688+0000] {logging_mixin.py:188} INFO - Cleaning  u_ex100105.log
[2024-04-10T11:43:34.688+0000] {w3c.py:49} WARNING - Cleaning u_ex100105.log
[2024-04-10T11:43:34.688+0000] {logging_mixin.py:188} INFO - sort -u /opt/***/data/Staging/DimIP.txt > /opt/***/data/Staging/DimIPUniq.txt
[2024-04-10T11:43:34.705+0000] {w3c.py:92} WARNING - calling Clean u_ex091103.log
[2024-04-10T11:43:34.706+0000] {logging_mixin.py:188} INFO - Cleaning  u_ex091103.log
[2024-04-10T11:43:34.706+0000] {w3c.py:49} WARNING - Cleaning u_ex091103.log
[2024-04-10T11:43:34.706+0000] {logging_mixin.py:188} INFO - sort -u /opt/***/data/Staging/DimIP.txt > /opt/***/data/Staging/DimIPUniq.txt
[2024-04-10T11:43:34.720+0000] {w3c.py:92} WARNING - calling Clean u_ex110510.log
[2024-04-10T11:43:34.720+0000] {logging_mixin.py:188} INFO - Cleaning  u_ex110510.log
[2024-04-10T11:43:34.721+0000] {w3c.py:49} WARNING - Cleaning u_ex110510.log
[2024-04-10T11:43:34.721+0000] {logging_mixin.py:188} INFO - sort -u /opt/***/data/Staging/DimIP.txt > /opt/***/data/Staging/DimIPUniq.txt
[2024-04-10T11:43:34.737+0000] {w3c.py:92} WARNING - calling Clean u_ex100708.log
[2024-04-10T11:43:34.737+0000] {logging_mixin.py:188} INFO - Cleaning  u_ex100708.log
[2024-04-10T11:43:34.738+0000] {w3c.py:49} WARNING - Cleaning u_ex100708.log
[2024-04-10T11:43:34.738+0000] {logging_mixin.py:188} INFO - sort -u /opt/***/data/Staging/DimIP.txt > /opt/***/data/Staging/DimIPUniq.txt
[2024-04-10T11:43:34.744+0000] {w3c.py:92} WARNING - calling Clean u_ex100315.log
[2024-04-10T11:43:34.745+0000] {logging_mixin.py:188} INFO - Cleaning  u_ex100315.log
[2024-04-10T11:43:34.745+0000] {w3c.py:49} WARNING - Cleaning u_ex100315.log
[2024-04-10T11:43:34.745+0000] {logging_mixin.py:188} INFO - sort -u /opt/***/data/Staging/DimIP.txt > /opt/***/data/Staging/DimIPUniq.txt
[2024-04-10T11:43:34.758+0000] {w3c.py:92} WARNING - calling Clean u_ex110306.log
[2024-04-10T11:43:34.758+0000] {logging_mixin.py:188} INFO - Cleaning  u_ex110306.log
[2024-04-10T11:43:34.759+0000] {w3c.py:49} WARNING - Cleaning u_ex110306.log
[2024-04-10T11:43:34.759+0000] {logging_mixin.py:188} INFO - sort -u /opt/***/data/Staging/DimIP.txt > /opt/***/data/Staging/DimIPUniq.txt
[2024-04-10T11:43:34.764+0000] {w3c.py:92} WARNING - calling Clean u_ex100528.log
[2024-04-10T11:43:34.765+0000] {logging_mixin.py:188} INFO - Cleaning  u_ex100528.log
[2024-04-10T11:43:34.765+0000] {w3c.py:49} WARNING - Cleaning u_ex100528.log
[2024-04-10T11:43:34.766+0000] {logging_mixin.py:188} INFO - sort -u /opt/***/data/Staging/DimIP.txt > /opt/***/data/Staging/DimIPUniq.txt
[2024-04-10T11:43:34.771+0000] {w3c.py:92} WARNING - calling Clean u_ex100204.log
[2024-04-10T11:43:34.771+0000] {logging_mixin.py:188} INFO - Cleaning  u_ex100204.log
[2024-04-10T11:43:34.772+0000] {w3c.py:49} WARNING - Cleaning u_ex100204.log
[2024-04-10T11:43:34.772+0000] {logging_mixin.py:188} INFO - sort -u /opt/***/data/Staging/DimIP.txt > /opt/***/data/Staging/DimIPUniq.txt
[2024-04-10T11:43:34.782+0000] {w3c.py:92} WARNING - calling Clean u_ex110218.log
[2024-04-10T11:43:34.783+0000] {logging_mixin.py:188} INFO - Cleaning  u_ex110218.log
[2024-04-10T11:43:34.783+0000] {w3c.py:49} WARNING - Cleaning u_ex110218.log
[2024-04-10T11:43:34.783+0000] {logging_mixin.py:188} INFO - sort -u /opt/***/data/Staging/DimIP.txt > /opt/***/data/Staging/DimIPUniq.txt
[2024-04-10T11:43:34.793+0000] {w3c.py:92} WARNING - calling Clean u_ex100104.log
[2024-04-10T11:43:34.794+0000] {logging_mixin.py:188} INFO - Cleaning  u_ex100104.log
[2024-04-10T11:43:34.794+0000] {w3c.py:49} WARNING - Cleaning u_ex100104.log
[2024-04-10T11:43:34.795+0000] {logging_mixin.py:188} INFO - sort -u /opt/***/data/Staging/DimIP.txt > /opt/***/data/Staging/DimIPUniq.txt
[2024-04-10T11:43:34.800+0000] {w3c.py:92} WARNING - calling Clean u_ex110209.log
[2024-04-10T11:43:34.801+0000] {logging_mixin.py:188} INFO - Cleaning  u_ex110209.log
[2024-04-10T11:43:34.801+0000] {w3c.py:49} WARNING - Cleaning u_ex110209.log
[2024-04-10T11:43:34.801+0000] {logging_mixin.py:188} INFO - sort -u /opt/***/data/Staging/DimIP.txt > /opt/***/data/Staging/DimIPUniq.txt
[2024-04-10T11:43:34.813+0000] {w3c.py:92} WARNING - calling Clean u_ex100916.log
[2024-04-10T11:43:34.814+0000] {logging_mixin.py:188} INFO - Cleaning  u_ex100916.log
[2024-04-10T11:43:34.814+0000] {w3c.py:49} WARNING - Cleaning u_ex100916.log
[2024-04-10T11:43:34.814+0000] {logging_mixin.py:188} INFO - sort -u /opt/***/data/Staging/DimIP.txt > /opt/***/data/Staging/DimIPUniq.txt
[2024-04-10T11:43:34.823+0000] {w3c.py:92} WARNING - calling Clean u_ex100520.log
[2024-04-10T11:43:34.823+0000] {logging_mixin.py:188} INFO - Cleaning  u_ex100520.log
[2024-04-10T11:43:34.824+0000] {w3c.py:49} WARNING - Cleaning u_ex100520.log
[2024-04-10T11:43:34.824+0000] {logging_mixin.py:188} INFO - sort -u /opt/***/data/Staging/DimIP.txt > /opt/***/data/Staging/DimIPUniq.txt
[2024-04-10T11:43:34.828+0000] {w3c.py:92} WARNING - calling Clean u_ex101126.log
[2024-04-10T11:43:34.829+0000] {logging_mixin.py:188} INFO - Cleaning  u_ex101126.log
[2024-04-10T11:43:34.829+0000] {w3c.py:49} WARNING - Cleaning u_ex101126.log
[2024-04-10T11:43:34.830+0000] {logging_mixin.py:188} INFO - sort -u /opt/***/data/Staging/DimIP.txt > /opt/***/data/Staging/DimIPUniq.txt
[2024-04-10T11:43:34.839+0000] {w3c.py:92} WARNING - calling Clean u_ex100205.log
[2024-04-10T11:43:34.840+0000] {logging_mixin.py:188} INFO - Cleaning  u_ex100205.log
[2024-04-10T11:43:34.840+0000] {w3c.py:49} WARNING - Cleaning u_ex100205.log
[2024-04-10T11:43:34.840+0000] {logging_mixin.py:188} INFO - sort -u /opt/***/data/Staging/DimIP.txt > /opt/***/data/Staging/DimIPUniq.txt
[2024-04-10T11:43:34.844+0000] {w3c.py:92} WARNING - calling Clean u_ex110405.log
[2024-04-10T11:43:34.844+0000] {logging_mixin.py:188} INFO - Cleaning  u_ex110405.log
[2024-04-10T11:43:34.844+0000] {w3c.py:49} WARNING - Cleaning u_ex110405.log
[2024-04-10T11:43:34.845+0000] {logging_mixin.py:188} INFO - sort -u /opt/***/data/Staging/DimIP.txt > /opt/***/data/Staging/DimIPUniq.txt
[2024-04-10T11:43:34.854+0000] {w3c.py:92} WARNING - calling Clean u_ex110212.log
[2024-04-10T11:43:34.855+0000] {logging_mixin.py:188} INFO - Cleaning  u_ex110212.log
[2024-04-10T11:43:34.855+0000] {w3c.py:49} WARNING - Cleaning u_ex110212.log
[2024-04-10T11:43:34.856+0000] {logging_mixin.py:188} INFO - sort -u /opt/***/data/Staging/DimIP.txt > /opt/***/data/Staging/DimIPUniq.txt
[2024-04-10T11:43:34.861+0000] {w3c.py:92} WARNING - calling Clean u_ex100430.log
[2024-04-10T11:43:34.861+0000] {logging_mixin.py:188} INFO - Cleaning  u_ex100430.log
[2024-04-10T11:43:34.862+0000] {w3c.py:49} WARNING - Cleaning u_ex100430.log
[2024-04-10T11:43:34.862+0000] {logging_mixin.py:188} INFO - sort -u /opt/***/data/Staging/DimIP.txt > /opt/***/data/Staging/DimIPUniq.txt
[2024-04-10T11:43:34.869+0000] {w3c.py:92} WARNING - calling Clean u_ex100830.log
[2024-04-10T11:43:34.870+0000] {logging_mixin.py:188} INFO - Cleaning  u_ex100830.log
[2024-04-10T11:43:34.870+0000] {w3c.py:49} WARNING - Cleaning u_ex100830.log
[2024-04-10T11:43:34.871+0000] {logging_mixin.py:188} INFO - sort -u /opt/***/data/Staging/DimIP.txt > /opt/***/data/Staging/DimIPUniq.txt
[2024-04-10T11:43:34.875+0000] {w3c.py:92} WARNING - calling Clean u_ex110130.log
[2024-04-10T11:43:34.876+0000] {logging_mixin.py:188} INFO - Cleaning  u_ex110130.log
[2024-04-10T11:43:34.876+0000] {w3c.py:49} WARNING - Cleaning u_ex110130.log
[2024-04-10T11:43:34.877+0000] {logging_mixin.py:188} INFO - sort -u /opt/***/data/Staging/DimIP.txt > /opt/***/data/Staging/DimIPUniq.txt
[2024-04-10T11:43:34.881+0000] {w3c.py:92} WARNING - calling Clean u_ex100526.log
[2024-04-10T11:43:34.882+0000] {logging_mixin.py:188} INFO - Cleaning  u_ex100526.log
[2024-04-10T11:43:34.882+0000] {w3c.py:49} WARNING - Cleaning u_ex100526.log
[2024-04-10T11:43:34.882+0000] {logging_mixin.py:188} INFO - sort -u /opt/***/data/Staging/DimIP.txt > /opt/***/data/Staging/DimIPUniq.txt
[2024-04-10T11:43:34.888+0000] {w3c.py:92} WARNING - calling Clean u_ex091207.log
[2024-04-10T11:43:34.888+0000] {logging_mixin.py:188} INFO - Cleaning  u_ex091207.log
[2024-04-10T11:43:34.888+0000] {w3c.py:49} WARNING - Cleaning u_ex091207.log
[2024-04-10T11:43:34.889+0000] {logging_mixin.py:188} INFO - sort -u /opt/***/data/Staging/DimIP.txt > /opt/***/data/Staging/DimIPUniq.txt
[2024-04-10T11:43:34.900+0000] {w3c.py:92} WARNING - calling Clean u_ex100923.log
[2024-04-10T11:43:34.900+0000] {logging_mixin.py:188} INFO - Cleaning  u_ex100923.log
[2024-04-10T11:43:34.901+0000] {w3c.py:49} WARNING - Cleaning u_ex100923.log
[2024-04-10T11:43:34.901+0000] {logging_mixin.py:188} INFO - sort -u /opt/***/data/Staging/DimIP.txt > /opt/***/data/Staging/DimIPUniq.txt
[2024-04-10T11:43:34.911+0000] {w3c.py:92} WARNING - calling Clean u_ex110119.log
[2024-04-10T11:43:34.912+0000] {logging_mixin.py:188} INFO - Cleaning  u_ex110119.log
[2024-04-10T11:43:34.912+0000] {w3c.py:49} WARNING - Cleaning u_ex110119.log
[2024-04-10T11:43:34.913+0000] {logging_mixin.py:188} INFO - sort -u /opt/***/data/Staging/DimIP.txt > /opt/***/data/Staging/DimIPUniq.txt
[2024-04-10T11:43:34.922+0000] {w3c.py:92} WARNING - calling Clean u_ex110424.log
[2024-04-10T11:43:34.923+0000] {logging_mixin.py:188} INFO - Cleaning  u_ex110424.log
[2024-04-10T11:43:34.923+0000] {w3c.py:49} WARNING - Cleaning u_ex110424.log
[2024-04-10T11:43:34.923+0000] {logging_mixin.py:188} INFO - sort -u /opt/***/data/Staging/DimIP.txt > /opt/***/data/Staging/DimIPUniq.txt
[2024-04-10T11:43:34.929+0000] {w3c.py:92} WARNING - calling Clean u_ex100619.log
[2024-04-10T11:43:34.930+0000] {logging_mixin.py:188} INFO - Cleaning  u_ex100619.log
[2024-04-10T11:43:34.930+0000] {w3c.py:49} WARNING - Cleaning u_ex100619.log
[2024-04-10T11:43:34.930+0000] {logging_mixin.py:188} INFO - sort -u /opt/***/data/Staging/DimIP.txt > /opt/***/data/Staging/DimIPUniq.txt
[2024-04-10T11:43:34.934+0000] {w3c.py:92} WARNING - calling Clean u_ex100714.log
[2024-04-10T11:43:34.935+0000] {logging_mixin.py:188} INFO - Cleaning  u_ex100714.log
[2024-04-10T11:43:34.935+0000] {w3c.py:49} WARNING - Cleaning u_ex100714.log
[2024-04-10T11:43:34.935+0000] {logging_mixin.py:188} INFO - sort -u /opt/***/data/Staging/DimIP.txt > /opt/***/data/Staging/DimIPUniq.txt
[2024-04-10T11:43:34.939+0000] {w3c.py:92} WARNING - calling Clean u_ex100106.log
[2024-04-10T11:43:34.939+0000] {logging_mixin.py:188} INFO - Cleaning  u_ex100106.log
[2024-04-10T11:43:34.940+0000] {w3c.py:49} WARNING - Cleaning u_ex100106.log
[2024-04-10T11:43:34.940+0000] {logging_mixin.py:188} INFO - sort -u /opt/***/data/Staging/DimIP.txt > /opt/***/data/Staging/DimIPUniq.txt
[2024-04-10T11:43:34.953+0000] {w3c.py:92} WARNING - calling Clean u_ex091024.log
[2024-04-10T11:43:34.954+0000] {logging_mixin.py:188} INFO - Cleaning  u_ex091024.log
[2024-04-10T11:43:34.954+0000] {w3c.py:49} WARNING - Cleaning u_ex091024.log
[2024-04-10T11:43:34.955+0000] {logging_mixin.py:188} INFO - sort -u /opt/***/data/Staging/DimIP.txt > /opt/***/data/Staging/DimIPUniq.txt
[2024-04-10T11:43:34.955+0000] {w3c.py:92} WARNING - calling Clean u_ex101020.log
[2024-04-10T11:43:34.956+0000] {logging_mixin.py:188} INFO - Cleaning  u_ex101020.log
[2024-04-10T11:43:34.956+0000] {w3c.py:49} WARNING - Cleaning u_ex101020.log
[2024-04-10T11:43:34.957+0000] {logging_mixin.py:188} INFO - sort -u /opt/***/data/Staging/DimIP.txt > /opt/***/data/Staging/DimIPUniq.txt
[2024-04-10T11:43:34.963+0000] {w3c.py:92} WARNING - calling Clean u_ex110205.log
[2024-04-10T11:43:34.964+0000] {logging_mixin.py:188} INFO - Cleaning  u_ex110205.log
[2024-04-10T11:43:34.964+0000] {w3c.py:49} WARNING - Cleaning u_ex110205.log
[2024-04-10T11:43:34.965+0000] {logging_mixin.py:188} INFO - sort -u /opt/***/data/Staging/DimIP.txt > /opt/***/data/Staging/DimIPUniq.txt
[2024-04-10T11:43:34.970+0000] {w3c.py:92} WARNING - calling Clean u_ex100809.log
[2024-04-10T11:43:34.971+0000] {logging_mixin.py:188} INFO - Cleaning  u_ex100809.log
[2024-04-10T11:43:34.971+0000] {w3c.py:49} WARNING - Cleaning u_ex100809.log
[2024-04-10T11:43:34.971+0000] {logging_mixin.py:188} INFO - sort -u /opt/***/data/Staging/DimIP.txt > /opt/***/data/Staging/DimIPUniq.txt
[2024-04-10T11:43:34.982+0000] {w3c.py:92} WARNING - calling Clean u_ex091106.log
[2024-04-10T11:43:34.983+0000] {logging_mixin.py:188} INFO - Cleaning  u_ex091106.log
[2024-04-10T11:43:34.983+0000] {w3c.py:49} WARNING - Cleaning u_ex091106.log
[2024-04-10T11:43:34.984+0000] {logging_mixin.py:188} INFO - sort -u /opt/***/data/Staging/DimIP.txt > /opt/***/data/Staging/DimIPUniq.txt
[2024-04-10T11:43:34.985+0000] {w3c.py:92} WARNING - calling Clean u_ex091211.log
[2024-04-10T11:43:34.986+0000] {logging_mixin.py:188} INFO - Cleaning  u_ex091211.log
[2024-04-10T11:43:34.986+0000] {w3c.py:49} WARNING - Cleaning u_ex091211.log
[2024-04-10T11:43:34.986+0000] {logging_mixin.py:188} INFO - sort -u /opt/***/data/Staging/DimIP.txt > /opt/***/data/Staging/DimIPUniq.txt
[2024-04-10T11:43:34.990+0000] {w3c.py:92} WARNING - calling Clean u_ex100322.log
[2024-04-10T11:43:34.991+0000] {logging_mixin.py:188} INFO - Cleaning  u_ex100322.log
[2024-04-10T11:43:34.991+0000] {w3c.py:49} WARNING - Cleaning u_ex100322.log
[2024-04-10T11:43:34.991+0000] {logging_mixin.py:188} INFO - sort -u /opt/***/data/Staging/DimIP.txt > /opt/***/data/Staging/DimIPUniq.txt
[2024-04-10T11:43:34.999+0000] {w3c.py:92} WARNING - calling Clean u_ex100117.log
[2024-04-10T11:43:34.999+0000] {logging_mixin.py:188} INFO - Cleaning  u_ex100117.log
[2024-04-10T11:43:35.000+0000] {w3c.py:49} WARNING - Cleaning u_ex100117.log
[2024-04-10T11:43:35.000+0000] {logging_mixin.py:188} INFO - sort -u /opt/***/data/Staging/DimIP.txt > /opt/***/data/Staging/DimIPUniq.txt
[2024-04-10T11:43:35.009+0000] {w3c.py:92} WARNING - calling Clean u_ex101225.log
[2024-04-10T11:43:35.010+0000] {logging_mixin.py:188} INFO - Cleaning  u_ex101225.log
[2024-04-10T11:43:35.010+0000] {w3c.py:49} WARNING - Cleaning u_ex101225.log
[2024-04-10T11:43:35.010+0000] {logging_mixin.py:188} INFO - sort -u /opt/***/data/Staging/DimIP.txt > /opt/***/data/Staging/DimIPUniq.txt
[2024-04-10T11:43:35.014+0000] {w3c.py:92} WARNING - calling Clean u_ex100424.log
[2024-04-10T11:43:35.015+0000] {logging_mixin.py:188} INFO - Cleaning  u_ex100424.log
[2024-04-10T11:43:35.015+0000] {w3c.py:49} WARNING - Cleaning u_ex100424.log
[2024-04-10T11:43:35.016+0000] {logging_mixin.py:188} INFO - sort -u /opt/***/data/Staging/DimIP.txt > /opt/***/data/Staging/DimIPUniq.txt
[2024-04-10T11:43:35.020+0000] {w3c.py:92} WARNING - calling Clean u_ex091102.log
[2024-04-10T11:43:35.020+0000] {logging_mixin.py:188} INFO - Cleaning  u_ex091102.log
[2024-04-10T11:43:35.020+0000] {w3c.py:49} WARNING - Cleaning u_ex091102.log
[2024-04-10T11:43:35.021+0000] {logging_mixin.py:188} INFO - sort -u /opt/***/data/Staging/DimIP.txt > /opt/***/data/Staging/DimIPUniq.txt
[2024-04-10T11:43:35.034+0000] {w3c.py:92} WARNING - calling Clean u_ex091123.log
[2024-04-10T11:43:35.034+0000] {logging_mixin.py:188} INFO - Cleaning  u_ex091123.log
[2024-04-10T11:43:35.035+0000] {w3c.py:49} WARNING - Cleaning u_ex091123.log
[2024-04-10T11:43:35.035+0000] {logging_mixin.py:188} INFO - sort -u /opt/***/data/Staging/DimIP.txt > /opt/***/data/Staging/DimIPUniq.txt
[2024-04-10T11:43:35.042+0000] {w3c.py:92} WARNING - calling Clean u_ex100629.log
[2024-04-10T11:43:35.042+0000] {logging_mixin.py:188} INFO - Cleaning  u_ex100629.log
[2024-04-10T11:43:35.043+0000] {w3c.py:49} WARNING - Cleaning u_ex100629.log
[2024-04-10T11:43:35.043+0000] {logging_mixin.py:188} INFO - sort -u /opt/***/data/Staging/DimIP.txt > /opt/***/data/Staging/DimIPUniq.txt
[2024-04-10T11:43:35.047+0000] {w3c.py:92} WARNING - calling Clean u_ex100612.log
[2024-04-10T11:43:35.048+0000] {logging_mixin.py:188} INFO - Cleaning  u_ex100612.log
[2024-04-10T11:43:35.048+0000] {w3c.py:49} WARNING - Cleaning u_ex100612.log
[2024-04-10T11:43:35.048+0000] {logging_mixin.py:188} INFO - sort -u /opt/***/data/Staging/DimIP.txt > /opt/***/data/Staging/DimIPUniq.txt
[2024-04-10T11:43:35.052+0000] {w3c.py:92} WARNING - calling Clean u_ex100912.log
[2024-04-10T11:43:35.052+0000] {logging_mixin.py:188} INFO - Cleaning  u_ex100912.log
[2024-04-10T11:43:35.053+0000] {w3c.py:49} WARNING - Cleaning u_ex100912.log
[2024-04-10T11:43:35.053+0000] {logging_mixin.py:188} INFO - sort -u /opt/***/data/Staging/DimIP.txt > /opt/***/data/Staging/DimIPUniq.txt
[2024-04-10T11:43:35.059+0000] {w3c.py:92} WARNING - calling Clean u_ex101215.log
[2024-04-10T11:43:35.060+0000] {logging_mixin.py:188} INFO - Cleaning  u_ex101215.log
[2024-04-10T11:43:35.060+0000] {w3c.py:49} WARNING - Cleaning u_ex101215.log
[2024-04-10T11:43:35.061+0000] {logging_mixin.py:188} INFO - sort -u /opt/***/data/Staging/DimIP.txt > /opt/***/data/Staging/DimIPUniq.txt
[2024-04-10T11:43:35.068+0000] {w3c.py:92} WARNING - calling Clean u_ex100131.log
[2024-04-10T11:43:35.068+0000] {logging_mixin.py:188} INFO - Cleaning  u_ex100131.log
[2024-04-10T11:43:35.069+0000] {w3c.py:49} WARNING - Cleaning u_ex100131.log
[2024-04-10T11:43:35.069+0000] {logging_mixin.py:188} INFO - sort -u /opt/***/data/Staging/DimIP.txt > /opt/***/data/Staging/DimIPUniq.txt
[2024-04-10T11:43:35.075+0000] {w3c.py:92} WARNING - calling Clean u_ex101223.log
[2024-04-10T11:43:35.076+0000] {logging_mixin.py:188} INFO - Cleaning  u_ex101223.log
[2024-04-10T11:43:35.076+0000] {w3c.py:49} WARNING - Cleaning u_ex101223.log
[2024-04-10T11:43:35.076+0000] {logging_mixin.py:188} INFO - sort -u /opt/***/data/Staging/DimIP.txt > /opt/***/data/Staging/DimIPUniq.txt
[2024-04-10T11:43:35.082+0000] {w3c.py:92} WARNING - calling Clean u_ex110427.log
[2024-04-10T11:43:35.083+0000] {logging_mixin.py:188} INFO - Cleaning  u_ex110427.log
[2024-04-10T11:43:35.083+0000] {w3c.py:49} WARNING - Cleaning u_ex110427.log
[2024-04-10T11:43:35.083+0000] {logging_mixin.py:188} INFO - sort -u /opt/***/data/Staging/DimIP.txt > /opt/***/data/Staging/DimIPUniq.txt
[2024-04-10T11:43:35.092+0000] {w3c.py:92} WARNING - calling Clean u_ex101008.log
[2024-04-10T11:43:35.092+0000] {logging_mixin.py:188} INFO - Cleaning  u_ex101008.log
[2024-04-10T11:43:35.093+0000] {w3c.py:49} WARNING - Cleaning u_ex101008.log
[2024-04-10T11:43:35.093+0000] {logging_mixin.py:188} INFO - sort -u /opt/***/data/Staging/DimIP.txt > /opt/***/data/Staging/DimIPUniq.txt
[2024-04-10T11:43:35.104+0000] {w3c.py:92} WARNING - calling Clean u_ex100423.log
[2024-04-10T11:43:35.105+0000] {logging_mixin.py:188} INFO - Cleaning  u_ex100423.log
[2024-04-10T11:43:35.105+0000] {w3c.py:49} WARNING - Cleaning u_ex100423.log
[2024-04-10T11:43:35.106+0000] {logging_mixin.py:188} INFO - sort -u /opt/***/data/Staging/DimIP.txt > /opt/***/data/Staging/DimIPUniq.txt
[2024-04-10T11:43:35.113+0000] {w3c.py:92} WARNING - calling Clean u_ex100808.log
[2024-04-10T11:43:35.114+0000] {logging_mixin.py:188} INFO - Cleaning  u_ex100808.log
[2024-04-10T11:43:35.114+0000] {w3c.py:49} WARNING - Cleaning u_ex100808.log
[2024-04-10T11:43:35.115+0000] {logging_mixin.py:188} INFO - sort -u /opt/***/data/Staging/DimIP.txt > /opt/***/data/Staging/DimIPUniq.txt
[2024-04-10T11:43:35.119+0000] {w3c.py:92} WARNING - calling Clean u_ex100519.log
[2024-04-10T11:43:35.119+0000] {logging_mixin.py:188} INFO - Cleaning  u_ex100519.log
[2024-04-10T11:43:35.120+0000] {w3c.py:49} WARNING - Cleaning u_ex100519.log
[2024-04-10T11:43:35.120+0000] {logging_mixin.py:188} INFO - sort -u /opt/***/data/Staging/DimIP.txt > /opt/***/data/Staging/DimIPUniq.txt
[2024-04-10T11:43:35.126+0000] {w3c.py:92} WARNING - calling Clean u_ex091213.log
[2024-04-10T11:43:35.126+0000] {logging_mixin.py:188} INFO - Cleaning  u_ex091213.log
[2024-04-10T11:43:35.127+0000] {w3c.py:49} WARNING - Cleaning u_ex091213.log
[2024-04-10T11:43:35.127+0000] {logging_mixin.py:188} INFO - sort -u /opt/***/data/Staging/DimIP.txt > /opt/***/data/Staging/DimIPUniq.txt
[2024-04-10T11:43:35.132+0000] {w3c.py:92} WARNING - calling Clean u_ex101202.log
[2024-04-10T11:43:35.133+0000] {logging_mixin.py:188} INFO - Cleaning  u_ex101202.log
[2024-04-10T11:43:35.133+0000] {w3c.py:49} WARNING - Cleaning u_ex101202.log
[2024-04-10T11:43:35.133+0000] {logging_mixin.py:188} INFO - sort -u /opt/***/data/Staging/DimIP.txt > /opt/***/data/Staging/DimIPUniq.txt
[2024-04-10T11:43:35.137+0000] {w3c.py:92} WARNING - calling Clean u_ex100718.log
[2024-04-10T11:43:35.138+0000] {logging_mixin.py:188} INFO - Cleaning  u_ex100718.log
[2024-04-10T11:43:35.138+0000] {w3c.py:49} WARNING - Cleaning u_ex100718.log
[2024-04-10T11:43:35.139+0000] {logging_mixin.py:188} INFO - sort -u /opt/***/data/Staging/DimIP.txt > /opt/***/data/Staging/DimIPUniq.txt
[2024-04-10T11:43:35.146+0000] {w3c.py:92} WARNING - calling Clean u_ex100314.log
[2024-04-10T11:43:35.146+0000] {logging_mixin.py:188} INFO - Cleaning  u_ex100314.log
[2024-04-10T11:43:35.147+0000] {w3c.py:49} WARNING - Cleaning u_ex100314.log
[2024-04-10T11:43:35.147+0000] {logging_mixin.py:188} INFO - sort -u /opt/***/data/Staging/DimIP.txt > /opt/***/data/Staging/DimIPUniq.txt
[2024-04-10T11:43:35.153+0000] {w3c.py:92} WARNING - calling Clean u_ex100425.log
[2024-04-10T11:43:35.154+0000] {logging_mixin.py:188} INFO - Cleaning  u_ex100425.log
[2024-04-10T11:43:35.154+0000] {w3c.py:49} WARNING - Cleaning u_ex100425.log
[2024-04-10T11:43:35.154+0000] {logging_mixin.py:188} INFO - sort -u /opt/***/data/Staging/DimIP.txt > /opt/***/data/Staging/DimIPUniq.txt
[2024-04-10T11:43:35.160+0000] {w3c.py:92} WARNING - calling Clean u_ex100304.log
[2024-04-10T11:43:35.161+0000] {logging_mixin.py:188} INFO - Cleaning  u_ex100304.log
[2024-04-10T11:43:35.161+0000] {w3c.py:49} WARNING - Cleaning u_ex100304.log
[2024-04-10T11:43:35.161+0000] {logging_mixin.py:188} INFO - sort -u /opt/***/data/Staging/DimIP.txt > /opt/***/data/Staging/DimIPUniq.txt
[2024-04-10T11:43:35.167+0000] {w3c.py:92} WARNING - calling Clean u_ex100419.log
[2024-04-10T11:43:35.167+0000] {logging_mixin.py:188} INFO - Cleaning  u_ex100419.log
[2024-04-10T11:43:35.168+0000] {w3c.py:49} WARNING - Cleaning u_ex100419.log
[2024-04-10T11:43:35.168+0000] {logging_mixin.py:188} INFO - sort -u /opt/***/data/Staging/DimIP.txt > /opt/***/data/Staging/DimIPUniq.txt
[2024-04-10T11:43:35.174+0000] {w3c.py:92} WARNING - calling Clean u_ex101023.log
[2024-04-10T11:43:35.175+0000] {logging_mixin.py:188} INFO - Cleaning  u_ex101023.log
[2024-04-10T11:43:35.175+0000] {w3c.py:49} WARNING - Cleaning u_ex101023.log
[2024-04-10T11:43:35.176+0000] {logging_mixin.py:188} INFO - sort -u /opt/***/data/Staging/DimIP.txt > /opt/***/data/Staging/DimIPUniq.txt
[2024-04-10T11:43:35.185+0000] {w3c.py:92} WARNING - calling Clean u_ex101025.log
[2024-04-10T11:43:35.186+0000] {logging_mixin.py:188} INFO - Cleaning  u_ex101025.log
[2024-04-10T11:43:35.186+0000] {w3c.py:49} WARNING - Cleaning u_ex101025.log
[2024-04-10T11:43:35.187+0000] {logging_mixin.py:188} INFO - sort -u /opt/***/data/Staging/DimIP.txt > /opt/***/data/Staging/DimIPUniq.txt
[2024-04-10T11:43:35.193+0000] {w3c.py:92} WARNING - calling Clean u_ex101101.log
[2024-04-10T11:43:35.194+0000] {logging_mixin.py:188} INFO - Cleaning  u_ex101101.log
[2024-04-10T11:43:35.194+0000] {w3c.py:49} WARNING - Cleaning u_ex101101.log
[2024-04-10T11:43:35.194+0000] {logging_mixin.py:188} INFO - sort -u /opt/***/data/Staging/DimIP.txt > /opt/***/data/Staging/DimIPUniq.txt
[2024-04-10T11:43:35.205+0000] {w3c.py:92} WARNING - calling Clean u_ex100906.log
[2024-04-10T11:43:35.205+0000] {logging_mixin.py:188} INFO - Cleaning  u_ex100906.log
[2024-04-10T11:43:35.206+0000] {w3c.py:49} WARNING - Cleaning u_ex100906.log
[2024-04-10T11:43:35.206+0000] {logging_mixin.py:188} INFO - sort -u /opt/***/data/Staging/DimIP.txt > /opt/***/data/Staging/DimIPUniq.txt
[2024-04-10T11:43:35.210+0000] {w3c.py:92} WARNING - calling Clean u_ex101113.log
[2024-04-10T11:43:35.211+0000] {logging_mixin.py:188} INFO - Cleaning  u_ex101113.log
[2024-04-10T11:43:35.211+0000] {w3c.py:49} WARNING - Cleaning u_ex101113.log
[2024-04-10T11:43:35.212+0000] {logging_mixin.py:188} INFO - sort -u /opt/***/data/Staging/DimIP.txt > /opt/***/data/Staging/DimIPUniq.txt
[2024-04-10T11:43:35.218+0000] {w3c.py:92} WARNING - calling Clean u_ex100924.log
[2024-04-10T11:43:35.218+0000] {logging_mixin.py:188} INFO - Cleaning  u_ex100924.log
[2024-04-10T11:43:35.218+0000] {w3c.py:49} WARNING - Cleaning u_ex100924.log
[2024-04-10T11:43:35.219+0000] {logging_mixin.py:188} INFO - sort -u /opt/***/data/Staging/DimIP.txt > /opt/***/data/Staging/DimIPUniq.txt
[2024-04-10T11:43:35.225+0000] {w3c.py:92} WARNING - calling Clean u_ex101118.log
[2024-04-10T11:43:35.225+0000] {logging_mixin.py:188} INFO - Cleaning  u_ex101118.log
[2024-04-10T11:43:35.226+0000] {w3c.py:49} WARNING - Cleaning u_ex101118.log
[2024-04-10T11:43:35.226+0000] {logging_mixin.py:188} INFO - sort -u /opt/***/data/Staging/DimIP.txt > /opt/***/data/Staging/DimIPUniq.txt
[2024-04-10T11:43:35.232+0000] {w3c.py:92} WARNING - calling Clean u_ex091130.log
[2024-04-10T11:43:35.232+0000] {logging_mixin.py:188} INFO - Cleaning  u_ex091130.log
[2024-04-10T11:43:35.233+0000] {w3c.py:49} WARNING - Cleaning u_ex091130.log
[2024-04-10T11:43:35.233+0000] {logging_mixin.py:188} INFO - sort -u /opt/***/data/Staging/DimIP.txt > /opt/***/data/Staging/DimIPUniq.txt
[2024-04-10T11:43:35.237+0000] {logging_mixin.py:188} INFO - Fault 26
[2024-04-10T11:43:35.243+0000] {logging_mixin.py:188} INFO - Fault 10
[2024-04-10T11:43:35.248+0000] {logging_mixin.py:188} INFO - Fault 6
[2024-04-10T11:43:35.249+0000] {w3c.py:92} WARNING - calling Clean u_ex100309.log
[2024-04-10T11:43:35.249+0000] {logging_mixin.py:188} INFO - Cleaning  u_ex100309.log
[2024-04-10T11:43:35.249+0000] {w3c.py:49} WARNING - Cleaning u_ex100309.log
[2024-04-10T11:43:35.250+0000] {logging_mixin.py:188} INFO - sort -u /opt/***/data/Staging/DimIP.txt > /opt/***/data/Staging/DimIPUniq.txt
[2024-04-10T11:43:35.256+0000] {w3c.py:92} WARNING - calling Clean u_ex100725.log
[2024-04-10T11:43:35.256+0000] {logging_mixin.py:188} INFO - Cleaning  u_ex100725.log
[2024-04-10T11:43:35.257+0000] {w3c.py:49} WARNING - Cleaning u_ex100725.log
[2024-04-10T11:43:35.257+0000] {logging_mixin.py:188} INFO - sort -u /opt/***/data/Staging/DimIP.txt > /opt/***/data/Staging/DimIPUniq.txt
[2024-04-10T11:43:35.263+0000] {w3c.py:92} WARNING - calling Clean u_ex091025.log
[2024-04-10T11:43:35.264+0000] {logging_mixin.py:188} INFO - Cleaning  u_ex091025.log
[2024-04-10T11:43:35.264+0000] {w3c.py:49} WARNING - Cleaning u_ex091025.log
[2024-04-10T11:43:35.265+0000] {logging_mixin.py:188} INFO - sort -u /opt/***/data/Staging/DimIP.txt > /opt/***/data/Staging/DimIPUniq.txt
[2024-04-10T11:43:35.266+0000] {w3c.py:92} WARNING - calling Clean u_ex100307.log
[2024-04-10T11:43:35.266+0000] {logging_mixin.py:188} INFO - Cleaning  u_ex100307.log
[2024-04-10T11:43:35.266+0000] {w3c.py:49} WARNING - Cleaning u_ex100307.log
[2024-04-10T11:43:35.267+0000] {logging_mixin.py:188} INFO - sort -u /opt/***/data/Staging/DimIP.txt > /opt/***/data/Staging/DimIPUniq.txt
[2024-04-10T11:43:35.270+0000] {w3c.py:92} WARNING - calling Clean u_ex110516.log
[2024-04-10T11:43:35.271+0000] {logging_mixin.py:188} INFO - Cleaning  u_ex110516.log
[2024-04-10T11:43:35.271+0000] {w3c.py:49} WARNING - Cleaning u_ex110516.log
[2024-04-10T11:43:35.272+0000] {logging_mixin.py:188} INFO - sort -u /opt/***/data/Staging/DimIP.txt > /opt/***/data/Staging/DimIPUniq.txt
[2024-04-10T11:43:35.279+0000] {w3c.py:92} WARNING - calling Clean u_ex100628.log
[2024-04-10T11:43:35.280+0000] {logging_mixin.py:188} INFO - Cleaning  u_ex100628.log
[2024-04-10T11:43:35.280+0000] {w3c.py:49} WARNING - Cleaning u_ex100628.log
[2024-04-10T11:43:35.280+0000] {logging_mixin.py:188} INFO - sort -u /opt/***/data/Staging/DimIP.txt > /opt/***/data/Staging/DimIPUniq.txt
[2024-04-10T11:43:35.285+0000] {w3c.py:92} WARNING - calling Clean u_ex100406.log
[2024-04-10T11:43:35.285+0000] {logging_mixin.py:188} INFO - Cleaning  u_ex100406.log
[2024-04-10T11:43:35.286+0000] {w3c.py:49} WARNING - Cleaning u_ex100406.log
[2024-04-10T11:43:35.286+0000] {logging_mixin.py:188} INFO - sort -u /opt/***/data/Staging/DimIP.txt > /opt/***/data/Staging/DimIPUniq.txt
[2024-04-10T11:43:35.296+0000] {w3c.py:92} WARNING - calling Clean u_ex100221.log
[2024-04-10T11:43:35.296+0000] {logging_mixin.py:188} INFO - Cleaning  u_ex100221.log
[2024-04-10T11:43:35.297+0000] {w3c.py:49} WARNING - Cleaning u_ex100221.log
[2024-04-10T11:43:35.297+0000] {logging_mixin.py:188} INFO - sort -u /opt/***/data/Staging/DimIP.txt > /opt/***/data/Staging/DimIPUniq.txt
[2024-04-10T11:43:35.301+0000] {w3c.py:92} WARNING - calling Clean u_ex100113.log
[2024-04-10T11:43:35.301+0000] {logging_mixin.py:188} INFO - Cleaning  u_ex100113.log
[2024-04-10T11:43:35.302+0000] {w3c.py:49} WARNING - Cleaning u_ex100113.log
[2024-04-10T11:43:35.302+0000] {logging_mixin.py:188} INFO - sort -u /opt/***/data/Staging/DimIP.txt > /opt/***/data/Staging/DimIPUniq.txt
[2024-04-10T11:43:35.312+0000] {w3c.py:92} WARNING - calling Clean u_ex101212.log
[2024-04-10T11:43:35.313+0000] {logging_mixin.py:188} INFO - Cleaning  u_ex101212.log
[2024-04-10T11:43:35.313+0000] {w3c.py:49} WARNING - Cleaning u_ex101212.log
[2024-04-10T11:43:35.314+0000] {logging_mixin.py:188} INFO - sort -u /opt/***/data/Staging/DimIP.txt > /opt/***/data/Staging/DimIPUniq.txt
[2024-04-10T11:43:35.320+0000] {w3c.py:92} WARNING - calling Clean u_ex100302.log
[2024-04-10T11:43:35.321+0000] {logging_mixin.py:188} INFO - Cleaning  u_ex100302.log
[2024-04-10T11:43:35.321+0000] {w3c.py:49} WARNING - Cleaning u_ex100302.log
[2024-04-10T11:43:35.322+0000] {logging_mixin.py:188} INFO - sort -u /opt/***/data/Staging/DimIP.txt > /opt/***/data/Staging/DimIPUniq.txt
[2024-04-10T11:43:35.331+0000] {w3c.py:92} WARNING - calling Clean u_ex100630.log
[2024-04-10T11:43:35.332+0000] {logging_mixin.py:188} INFO - Cleaning  u_ex100630.log
[2024-04-10T11:43:35.332+0000] {w3c.py:49} WARNING - Cleaning u_ex100630.log
[2024-04-10T11:43:35.333+0000] {logging_mixin.py:188} INFO - sort -u /opt/***/data/Staging/DimIP.txt > /opt/***/data/Staging/DimIPUniq.txt
[2024-04-10T11:43:35.337+0000] {w3c.py:92} WARNING - calling Clean u_ex100615.log
[2024-04-10T11:43:35.337+0000] {logging_mixin.py:188} INFO - Cleaning  u_ex100615.log
[2024-04-10T11:43:35.337+0000] {w3c.py:49} WARNING - Cleaning u_ex100615.log
[2024-04-10T11:43:35.338+0000] {logging_mixin.py:188} INFO - sort -u /opt/***/data/Staging/DimIP.txt > /opt/***/data/Staging/DimIPUniq.txt
[2024-04-10T11:43:35.342+0000] {w3c.py:92} WARNING - calling Clean u_ex091120.log
[2024-04-10T11:43:35.342+0000] {logging_mixin.py:188} INFO - Cleaning  u_ex091120.log
[2024-04-10T11:43:35.343+0000] {w3c.py:49} WARNING - Cleaning u_ex091120.log
[2024-04-10T11:43:35.343+0000] {logging_mixin.py:188} INFO - sort -u /opt/***/data/Staging/DimIP.txt > /opt/***/data/Staging/DimIPUniq.txt
[2024-04-10T11:43:35.347+0000] {w3c.py:92} WARNING - calling Clean u_ex110504.log
[2024-04-10T11:43:35.347+0000] {logging_mixin.py:188} INFO - Cleaning  u_ex110504.log
[2024-04-10T11:43:35.348+0000] {w3c.py:49} WARNING - Cleaning u_ex110504.log
[2024-04-10T11:43:35.348+0000] {logging_mixin.py:188} INFO - sort -u /opt/***/data/Staging/DimIP.txt > /opt/***/data/Staging/DimIPUniq.txt
[2024-04-10T11:43:35.355+0000] {w3c.py:92} WARNING - calling Clean u_ex100622.log
[2024-04-10T11:43:35.355+0000] {logging_mixin.py:188} INFO - Cleaning  u_ex100622.log
[2024-04-10T11:43:35.356+0000] {w3c.py:49} WARNING - Cleaning u_ex100622.log
[2024-04-10T11:43:35.356+0000] {logging_mixin.py:188} INFO - sort -u /opt/***/data/Staging/DimIP.txt > /opt/***/data/Staging/DimIPUniq.txt
[2024-04-10T11:43:35.361+0000] {w3c.py:92} WARNING - calling Clean u_ex100801.log
[2024-04-10T11:43:35.362+0000] {logging_mixin.py:188} INFO - Cleaning  u_ex100801.log
[2024-04-10T11:43:35.363+0000] {w3c.py:49} WARNING - Cleaning u_ex100801.log
[2024-04-10T11:43:35.364+0000] {logging_mixin.py:188} INFO - sort -u /opt/***/data/Staging/DimIP.txt > /opt/***/data/Staging/DimIPUniq.txt
[2024-04-10T11:43:35.368+0000] {w3c.py:92} WARNING - calling Clean u_ex110407.log
[2024-04-10T11:43:35.368+0000] {logging_mixin.py:188} INFO - Cleaning  u_ex110407.log
[2024-04-10T11:43:35.369+0000] {w3c.py:49} WARNING - Cleaning u_ex110407.log
[2024-04-10T11:43:35.369+0000] {logging_mixin.py:188} INFO - sort -u /opt/***/data/Staging/DimIP.txt > /opt/***/data/Staging/DimIPUniq.txt
[2024-04-10T11:43:35.378+0000] {w3c.py:92} WARNING - calling Clean u_ex100926.log
[2024-04-10T11:43:35.379+0000] {logging_mixin.py:188} INFO - Cleaning  u_ex100926.log
[2024-04-10T11:43:35.379+0000] {w3c.py:49} WARNING - Cleaning u_ex100926.log
[2024-04-10T11:43:35.379+0000] {logging_mixin.py:188} INFO - sort -u /opt/***/data/Staging/DimIP.txt > /opt/***/data/Staging/DimIPUniq.txt
[2024-04-10T11:43:35.385+0000] {w3c.py:92} WARNING - calling Clean u_ex100422.log
[2024-04-10T11:43:35.386+0000] {logging_mixin.py:188} INFO - Cleaning  u_ex100422.log
[2024-04-10T11:43:35.386+0000] {w3c.py:49} WARNING - Cleaning u_ex100422.log
[2024-04-10T11:43:35.387+0000] {logging_mixin.py:188} INFO - sort -u /opt/***/data/Staging/DimIP.txt > /opt/***/data/Staging/DimIPUniq.txt
[2024-04-10T11:43:35.394+0000] {w3c.py:92} WARNING - calling Clean u_ex101111.log
[2024-04-10T11:43:35.394+0000] {logging_mixin.py:188} INFO - Cleaning  u_ex101111.log
[2024-04-10T11:43:35.395+0000] {w3c.py:49} WARNING - Cleaning u_ex101111.log
[2024-04-10T11:43:35.395+0000] {logging_mixin.py:188} INFO - sort -u /opt/***/data/Staging/DimIP.txt > /opt/***/data/Staging/DimIPUniq.txt
[2024-04-10T11:43:35.403+0000] {w3c.py:92} WARNING - calling Clean u_ex100705.log
[2024-04-10T11:43:35.404+0000] {logging_mixin.py:188} INFO - Cleaning  u_ex100705.log
[2024-04-10T11:43:35.404+0000] {w3c.py:49} WARNING - Cleaning u_ex100705.log
[2024-04-10T11:43:35.404+0000] {logging_mixin.py:188} INFO - sort -u /opt/***/data/Staging/DimIP.txt > /opt/***/data/Staging/DimIPUniq.txt
[2024-04-10T11:43:35.409+0000] {w3c.py:92} WARNING - calling Clean u_ex100112.log
[2024-04-10T11:43:35.409+0000] {logging_mixin.py:188} INFO - Cleaning  u_ex100112.log
[2024-04-10T11:43:35.409+0000] {w3c.py:49} WARNING - Cleaning u_ex100112.log
[2024-04-10T11:43:35.410+0000] {logging_mixin.py:188} INFO - sort -u /opt/***/data/Staging/DimIP.txt > /opt/***/data/Staging/DimIPUniq.txt
[2024-04-10T11:43:35.426+0000] {w3c.py:92} WARNING - calling Clean u_ex101027.log
[2024-04-10T11:43:35.426+0000] {logging_mixin.py:188} INFO - Cleaning  u_ex101027.log
[2024-04-10T11:43:35.427+0000] {w3c.py:49} WARNING - Cleaning u_ex101027.log
[2024-04-10T11:43:35.427+0000] {logging_mixin.py:188} INFO - sort -u /opt/***/data/Staging/DimIP.txt > /opt/***/data/Staging/DimIPUniq.txt
[2024-04-10T11:43:35.439+0000] {python.py:237} INFO - Done. Returned value was: None
[2024-04-10T11:43:35.440+0000] {taskinstance.py:441} INFO - ::group::Post task execution logs
[2024-04-10T11:43:35.458+0000] {taskinstance.py:1205} INFO - Marking task as SUCCESS. dag_id=Process_W3_Data, task_id=RemoveHash, execution_date=20240410T114328, start_date=20240410T114334, end_date=20240410T114335
[2024-04-10T11:43:35.513+0000] {local_task_job_runner.py:240} INFO - Task exited with return code 0
[2024-04-10T11:43:35.573+0000] {taskinstance.py:3482} INFO - 1 downstream tasks scheduled from follow-on schedule check
[2024-04-10T11:43:35.589+0000] {local_task_job_runner.py:222} INFO - ::endgroup::
