[2024-04-11T16:35:07.912+0000] {local_task_job_runner.py:120} INFO - ::group::Pre task execution logs
[2024-04-11T16:35:07.938+0000] {taskinstance.py:2073} INFO - Dependencies all met for dep_context=non-requeueable deps ti=<TaskInstance: Process_W3_Data.RemoveHash manual__2024-04-11T16:35:04.252128+00:00 [queued]>
[2024-04-11T16:35:07.947+0000] {taskinstance.py:2073} INFO - Dependencies all met for dep_context=requeueable deps ti=<TaskInstance: Process_W3_Data.RemoveHash manual__2024-04-11T16:35:04.252128+00:00 [queued]>
[2024-04-11T16:35:07.947+0000] {taskinstance.py:2303} INFO - Starting attempt 1 of 1
[2024-04-11T16:35:07.963+0000] {taskinstance.py:2327} INFO - Executing <Task(PythonOperator): RemoveHash> on 2024-04-11 16:35:04.252128+00:00
[2024-04-11T16:35:07.974+0000] {warnings.py:110} WARNING - /home/***/.local/lib/python3.12/site-packages/***/task/task_runner/standard_task_runner.py:61: DeprecationWarning: This process (pid=22600) is multi-threaded, use of fork() may lead to deadlocks in the child.
  pid = os.fork()

[2024-04-11T16:35:07.977+0000] {standard_task_runner.py:63} INFO - Started process 22602 to run task
[2024-04-11T16:35:07.977+0000] {standard_task_runner.py:90} INFO - Running: ['***', 'tasks', 'run', 'Process_W3_Data', 'RemoveHash', 'manual__2024-04-11T16:35:04.252128+00:00', '--job-id', '163', '--raw', '--subdir', 'DAGS_FOLDER/w3c.py', '--cfg-path', '/tmp/tmp0fqqh42s']
[2024-04-11T16:35:07.982+0000] {standard_task_runner.py:91} INFO - Job 163: Subtask RemoveHash
[2024-04-11T16:35:08.053+0000] {task_command.py:426} INFO - Running <TaskInstance: Process_W3_Data.RemoveHash manual__2024-04-11T16:35:04.252128+00:00 [running]> on host 426f0b9f9d71
[2024-04-11T16:35:08.170+0000] {taskinstance.py:2644} INFO - Exporting env vars: AIRFLOW_CTX_DAG_OWNER='***' AIRFLOW_CTX_DAG_ID='Process_W3_Data' AIRFLOW_CTX_TASK_ID='RemoveHash' AIRFLOW_CTX_EXECUTION_DATE='2024-04-11T16:35:04.252128+00:00' AIRFLOW_CTX_TRY_NUMBER='1' AIRFLOW_CTX_DAG_RUN_ID='manual__2024-04-11T16:35:04.252128+00:00'
[2024-04-11T16:35:08.173+0000] {taskinstance.py:430} INFO - ::endgroup::
[2024-04-11T16:35:08.174+0000] {w3c.py:146} WARNING - Starting List Filesu_ex101031.log,u_ex110411.log,u_ex100626.log,u_ex100105.log,u_ex091103.log,u_ex110510.log,u_ex100708.log,u_ex100315.log,u_ex110306.log,u_ex100528.log,u_ex100204.log,u_ex110218.log,u_ex100104.log,u_ex110209.log,u_ex100916.log,u_ex100520.log,u_ex101126.log,u_ex100205.log,u_ex110405.log,u_ex110212.log,u_ex100430.log,u_ex100830.log,u_ex110130.log,u_ex100526.log,u_ex091207.log,u_ex100923.log,u_ex110119.log,u_ex110424.log,u_ex100619.log,u_ex100714.log,u_ex100106.log,u_ex091024.log,u_ex101020.log,u_ex110205.log,u_ex100809.log,u_ex091106.log,u_ex091211.log,u_ex100322.log,u_ex100117.log,u_ex101225.log,u_ex100424.log,u_ex091102.log,u_ex091123.log,u_ex100629.log,u_ex100612.log,u_ex100912.log,u_ex101215.log,u_ex100131.log,u_ex101223.log,u_ex110427.log,u_ex101008.log,u_ex100423.log,u_ex100808.log,u_ex100519.log,u_ex091213.log,u_ex101202.log,u_ex100718.log,u_ex100314.log,u_ex100425.log,u_ex100304.log,u_ex100419.log,u_ex101023.log,u_ex101025.log,u_ex101101.log,u_ex100906.log,u_ex101113.log,u_ex100924.log,u_ex101118.log,u_ex091130.log,u_ex100309.log,u_ex100725.log,u_ex091025.log,u_ex100307.log,u_ex110516.log,u_ex100628.log,u_ex100406.log,u_ex100221.log,u_ex100113.log,u_ex101212.log,u_ex100302.log,u_ex100630.log,u_ex100615.log,u_ex091120.log,u_ex110504.log,u_ex100622.log,u_ex100801.log,u_ex110407.log,u_ex100926.log,u_ex100422.log,u_ex101111.log,u_ex100705.log,u_ex100112.log,u_ex101027.log
[2024-04-11T16:35:08.183+0000] {w3c.py:149} WARNING - calling Clean u_ex101031.log
[2024-04-11T16:35:08.183+0000] {logging_mixin.py:188} INFO - Cleaning  u_ex101031.log
[2024-04-11T16:35:08.183+0000] {w3c.py:106} WARNING - Cleaning u_ex101031.log
[2024-04-11T16:35:08.184+0000] {logging_mixin.py:188} INFO - sort -u /opt/***/data/Staging/DimIP.txt > /opt/***/data/Staging/DimIPUniq.txt
[2024-04-11T16:35:08.187+0000] {w3c.py:149} WARNING - calling Clean u_ex110411.log
[2024-04-11T16:35:08.187+0000] {logging_mixin.py:188} INFO - Cleaning  u_ex110411.log
[2024-04-11T16:35:08.188+0000] {w3c.py:106} WARNING - Cleaning u_ex110411.log
[2024-04-11T16:35:08.188+0000] {logging_mixin.py:188} INFO - sort -u /opt/***/data/Staging/DimIP.txt > /opt/***/data/Staging/DimIPUniq.txt
[2024-04-11T16:35:08.194+0000] {w3c.py:149} WARNING - calling Clean u_ex100626.log
[2024-04-11T16:35:08.195+0000] {logging_mixin.py:188} INFO - Cleaning  u_ex100626.log
[2024-04-11T16:35:08.195+0000] {w3c.py:106} WARNING - Cleaning u_ex100626.log
[2024-04-11T16:35:08.195+0000] {logging_mixin.py:188} INFO - sort -u /opt/***/data/Staging/DimIP.txt > /opt/***/data/Staging/DimIPUniq.txt
[2024-04-11T16:35:08.197+0000] {w3c.py:149} WARNING - calling Clean u_ex100105.log
[2024-04-11T16:35:08.198+0000] {logging_mixin.py:188} INFO - Cleaning  u_ex100105.log
[2024-04-11T16:35:08.198+0000] {w3c.py:106} WARNING - Cleaning u_ex100105.log
[2024-04-11T16:35:08.198+0000] {logging_mixin.py:188} INFO - sort -u /opt/***/data/Staging/DimIP.txt > /opt/***/data/Staging/DimIPUniq.txt
[2024-04-11T16:35:08.201+0000] {w3c.py:149} WARNING - calling Clean u_ex091103.log
[2024-04-11T16:35:08.201+0000] {logging_mixin.py:188} INFO - Cleaning  u_ex091103.log
[2024-04-11T16:35:08.202+0000] {w3c.py:106} WARNING - Cleaning u_ex091103.log
[2024-04-11T16:35:08.202+0000] {logging_mixin.py:188} INFO - sort -u /opt/***/data/Staging/DimIP.txt > /opt/***/data/Staging/DimIPUniq.txt
[2024-04-11T16:35:08.209+0000] {w3c.py:149} WARNING - calling Clean u_ex110510.log
[2024-04-11T16:35:08.210+0000] {logging_mixin.py:188} INFO - Cleaning  u_ex110510.log
[2024-04-11T16:35:08.210+0000] {w3c.py:106} WARNING - Cleaning u_ex110510.log
[2024-04-11T16:35:08.210+0000] {logging_mixin.py:188} INFO - sort -u /opt/***/data/Staging/DimIP.txt > /opt/***/data/Staging/DimIPUniq.txt
[2024-04-11T16:35:08.218+0000] {w3c.py:149} WARNING - calling Clean u_ex100708.log
[2024-04-11T16:35:08.219+0000] {logging_mixin.py:188} INFO - Cleaning  u_ex100708.log
[2024-04-11T16:35:08.219+0000] {w3c.py:106} WARNING - Cleaning u_ex100708.log
[2024-04-11T16:35:08.219+0000] {logging_mixin.py:188} INFO - sort -u /opt/***/data/Staging/DimIP.txt > /opt/***/data/Staging/DimIPUniq.txt
[2024-04-11T16:35:08.223+0000] {w3c.py:149} WARNING - calling Clean u_ex100315.log
[2024-04-11T16:35:08.223+0000] {logging_mixin.py:188} INFO - Cleaning  u_ex100315.log
[2024-04-11T16:35:08.223+0000] {w3c.py:106} WARNING - Cleaning u_ex100315.log
[2024-04-11T16:35:08.223+0000] {logging_mixin.py:188} INFO - sort -u /opt/***/data/Staging/DimIP.txt > /opt/***/data/Staging/DimIPUniq.txt
[2024-04-11T16:35:08.230+0000] {w3c.py:149} WARNING - calling Clean u_ex110306.log
[2024-04-11T16:35:08.230+0000] {logging_mixin.py:188} INFO - Cleaning  u_ex110306.log
[2024-04-11T16:35:08.230+0000] {w3c.py:106} WARNING - Cleaning u_ex110306.log
[2024-04-11T16:35:08.231+0000] {logging_mixin.py:188} INFO - sort -u /opt/***/data/Staging/DimIP.txt > /opt/***/data/Staging/DimIPUniq.txt
[2024-04-11T16:35:08.234+0000] {w3c.py:149} WARNING - calling Clean u_ex100528.log
[2024-04-11T16:35:08.234+0000] {logging_mixin.py:188} INFO - Cleaning  u_ex100528.log
[2024-04-11T16:35:08.234+0000] {w3c.py:106} WARNING - Cleaning u_ex100528.log
[2024-04-11T16:35:08.234+0000] {logging_mixin.py:188} INFO - sort -u /opt/***/data/Staging/DimIP.txt > /opt/***/data/Staging/DimIPUniq.txt
[2024-04-11T16:35:08.237+0000] {w3c.py:149} WARNING - calling Clean u_ex100204.log
[2024-04-11T16:35:08.237+0000] {logging_mixin.py:188} INFO - Cleaning  u_ex100204.log
[2024-04-11T16:35:08.238+0000] {w3c.py:106} WARNING - Cleaning u_ex100204.log
[2024-04-11T16:35:08.238+0000] {logging_mixin.py:188} INFO - sort -u /opt/***/data/Staging/DimIP.txt > /opt/***/data/Staging/DimIPUniq.txt
[2024-04-11T16:35:08.243+0000] {w3c.py:149} WARNING - calling Clean u_ex110218.log
[2024-04-11T16:35:08.244+0000] {logging_mixin.py:188} INFO - Cleaning  u_ex110218.log
[2024-04-11T16:35:08.244+0000] {w3c.py:106} WARNING - Cleaning u_ex110218.log
[2024-04-11T16:35:08.244+0000] {logging_mixin.py:188} INFO - sort -u /opt/***/data/Staging/DimIP.txt > /opt/***/data/Staging/DimIPUniq.txt
[2024-04-11T16:35:08.250+0000] {w3c.py:149} WARNING - calling Clean u_ex100104.log
[2024-04-11T16:35:08.250+0000] {logging_mixin.py:188} INFO - Cleaning  u_ex100104.log
[2024-04-11T16:35:08.250+0000] {w3c.py:106} WARNING - Cleaning u_ex100104.log
[2024-04-11T16:35:08.251+0000] {logging_mixin.py:188} INFO - sort -u /opt/***/data/Staging/DimIP.txt > /opt/***/data/Staging/DimIPUniq.txt
[2024-04-11T16:35:08.254+0000] {w3c.py:149} WARNING - calling Clean u_ex110209.log
[2024-04-11T16:35:08.255+0000] {logging_mixin.py:188} INFO - Cleaning  u_ex110209.log
[2024-04-11T16:35:08.255+0000] {w3c.py:106} WARNING - Cleaning u_ex110209.log
[2024-04-11T16:35:08.255+0000] {logging_mixin.py:188} INFO - sort -u /opt/***/data/Staging/DimIP.txt > /opt/***/data/Staging/DimIPUniq.txt
[2024-04-11T16:35:08.262+0000] {w3c.py:149} WARNING - calling Clean u_ex100916.log
[2024-04-11T16:35:08.262+0000] {logging_mixin.py:188} INFO - Cleaning  u_ex100916.log
[2024-04-11T16:35:08.262+0000] {w3c.py:106} WARNING - Cleaning u_ex100916.log
[2024-04-11T16:35:08.262+0000] {logging_mixin.py:188} INFO - sort -u /opt/***/data/Staging/DimIP.txt > /opt/***/data/Staging/DimIPUniq.txt
[2024-04-11T16:35:08.267+0000] {w3c.py:149} WARNING - calling Clean u_ex100520.log
[2024-04-11T16:35:08.268+0000] {logging_mixin.py:188} INFO - Cleaning  u_ex100520.log
[2024-04-11T16:35:08.268+0000] {w3c.py:106} WARNING - Cleaning u_ex100520.log
[2024-04-11T16:35:08.268+0000] {logging_mixin.py:188} INFO - sort -u /opt/***/data/Staging/DimIP.txt > /opt/***/data/Staging/DimIPUniq.txt
[2024-04-11T16:35:08.270+0000] {w3c.py:149} WARNING - calling Clean u_ex101126.log
[2024-04-11T16:35:08.271+0000] {logging_mixin.py:188} INFO - Cleaning  u_ex101126.log
[2024-04-11T16:35:08.271+0000] {w3c.py:106} WARNING - Cleaning u_ex101126.log
[2024-04-11T16:35:08.271+0000] {logging_mixin.py:188} INFO - sort -u /opt/***/data/Staging/DimIP.txt > /opt/***/data/Staging/DimIPUniq.txt
[2024-04-11T16:35:08.276+0000] {w3c.py:149} WARNING - calling Clean u_ex100205.log
[2024-04-11T16:35:08.277+0000] {logging_mixin.py:188} INFO - Cleaning  u_ex100205.log
[2024-04-11T16:35:08.277+0000] {w3c.py:106} WARNING - Cleaning u_ex100205.log
[2024-04-11T16:35:08.277+0000] {logging_mixin.py:188} INFO - sort -u /opt/***/data/Staging/DimIP.txt > /opt/***/data/Staging/DimIPUniq.txt
[2024-04-11T16:35:08.279+0000] {w3c.py:149} WARNING - calling Clean u_ex110405.log
[2024-04-11T16:35:08.279+0000] {logging_mixin.py:188} INFO - Cleaning  u_ex110405.log
[2024-04-11T16:35:08.279+0000] {w3c.py:106} WARNING - Cleaning u_ex110405.log
[2024-04-11T16:35:08.280+0000] {logging_mixin.py:188} INFO - sort -u /opt/***/data/Staging/DimIP.txt > /opt/***/data/Staging/DimIPUniq.txt
[2024-04-11T16:35:08.285+0000] {w3c.py:149} WARNING - calling Clean u_ex110212.log
[2024-04-11T16:35:08.285+0000] {logging_mixin.py:188} INFO - Cleaning  u_ex110212.log
[2024-04-11T16:35:08.285+0000] {w3c.py:106} WARNING - Cleaning u_ex110212.log
[2024-04-11T16:35:08.286+0000] {logging_mixin.py:188} INFO - sort -u /opt/***/data/Staging/DimIP.txt > /opt/***/data/Staging/DimIPUniq.txt
[2024-04-11T16:35:08.288+0000] {w3c.py:149} WARNING - calling Clean u_ex100430.log
[2024-04-11T16:35:08.289+0000] {logging_mixin.py:188} INFO - Cleaning  u_ex100430.log
[2024-04-11T16:35:08.289+0000] {w3c.py:106} WARNING - Cleaning u_ex100430.log
[2024-04-11T16:35:08.289+0000] {logging_mixin.py:188} INFO - sort -u /opt/***/data/Staging/DimIP.txt > /opt/***/data/Staging/DimIPUniq.txt
[2024-04-11T16:35:08.293+0000] {w3c.py:149} WARNING - calling Clean u_ex100830.log
[2024-04-11T16:35:08.293+0000] {logging_mixin.py:188} INFO - Cleaning  u_ex100830.log
[2024-04-11T16:35:08.293+0000] {w3c.py:106} WARNING - Cleaning u_ex100830.log
[2024-04-11T16:35:08.293+0000] {logging_mixin.py:188} INFO - sort -u /opt/***/data/Staging/DimIP.txt > /opt/***/data/Staging/DimIPUniq.txt
[2024-04-11T16:35:08.296+0000] {w3c.py:149} WARNING - calling Clean u_ex110130.log
[2024-04-11T16:35:08.296+0000] {logging_mixin.py:188} INFO - Cleaning  u_ex110130.log
[2024-04-11T16:35:08.296+0000] {w3c.py:106} WARNING - Cleaning u_ex110130.log
[2024-04-11T16:35:08.296+0000] {logging_mixin.py:188} INFO - sort -u /opt/***/data/Staging/DimIP.txt > /opt/***/data/Staging/DimIPUniq.txt
[2024-04-11T16:35:08.299+0000] {w3c.py:149} WARNING - calling Clean u_ex100526.log
[2024-04-11T16:35:08.299+0000] {logging_mixin.py:188} INFO - Cleaning  u_ex100526.log
[2024-04-11T16:35:08.299+0000] {w3c.py:106} WARNING - Cleaning u_ex100526.log
[2024-04-11T16:35:08.300+0000] {logging_mixin.py:188} INFO - sort -u /opt/***/data/Staging/DimIP.txt > /opt/***/data/Staging/DimIPUniq.txt
[2024-04-11T16:35:08.302+0000] {w3c.py:149} WARNING - calling Clean u_ex091207.log
[2024-04-11T16:35:08.303+0000] {logging_mixin.py:188} INFO - Cleaning  u_ex091207.log
[2024-04-11T16:35:08.303+0000] {w3c.py:106} WARNING - Cleaning u_ex091207.log
[2024-04-11T16:35:08.303+0000] {logging_mixin.py:188} INFO - sort -u /opt/***/data/Staging/DimIP.txt > /opt/***/data/Staging/DimIPUniq.txt
[2024-04-11T16:35:08.309+0000] {w3c.py:149} WARNING - calling Clean u_ex100923.log
[2024-04-11T16:35:08.309+0000] {logging_mixin.py:188} INFO - Cleaning  u_ex100923.log
[2024-04-11T16:35:08.309+0000] {w3c.py:106} WARNING - Cleaning u_ex100923.log
[2024-04-11T16:35:08.310+0000] {logging_mixin.py:188} INFO - sort -u /opt/***/data/Staging/DimIP.txt > /opt/***/data/Staging/DimIPUniq.txt
[2024-04-11T16:35:08.316+0000] {w3c.py:149} WARNING - calling Clean u_ex110119.log
[2024-04-11T16:35:08.316+0000] {logging_mixin.py:188} INFO - Cleaning  u_ex110119.log
[2024-04-11T16:35:08.316+0000] {w3c.py:106} WARNING - Cleaning u_ex110119.log
[2024-04-11T16:35:08.316+0000] {logging_mixin.py:188} INFO - sort -u /opt/***/data/Staging/DimIP.txt > /opt/***/data/Staging/DimIPUniq.txt
[2024-04-11T16:35:08.322+0000] {w3c.py:149} WARNING - calling Clean u_ex110424.log
[2024-04-11T16:35:08.322+0000] {logging_mixin.py:188} INFO - Cleaning  u_ex110424.log
[2024-04-11T16:35:08.322+0000] {w3c.py:106} WARNING - Cleaning u_ex110424.log
[2024-04-11T16:35:08.322+0000] {logging_mixin.py:188} INFO - sort -u /opt/***/data/Staging/DimIP.txt > /opt/***/data/Staging/DimIPUniq.txt
[2024-04-11T16:35:08.326+0000] {w3c.py:149} WARNING - calling Clean u_ex100619.log
[2024-04-11T16:35:08.326+0000] {logging_mixin.py:188} INFO - Cleaning  u_ex100619.log
[2024-04-11T16:35:08.326+0000] {w3c.py:106} WARNING - Cleaning u_ex100619.log
[2024-04-11T16:35:08.326+0000] {logging_mixin.py:188} INFO - sort -u /opt/***/data/Staging/DimIP.txt > /opt/***/data/Staging/DimIPUniq.txt
[2024-04-11T16:35:08.329+0000] {w3c.py:149} WARNING - calling Clean u_ex100714.log
[2024-04-11T16:35:08.329+0000] {logging_mixin.py:188} INFO - Cleaning  u_ex100714.log
[2024-04-11T16:35:08.329+0000] {w3c.py:106} WARNING - Cleaning u_ex100714.log
[2024-04-11T16:35:08.329+0000] {logging_mixin.py:188} INFO - sort -u /opt/***/data/Staging/DimIP.txt > /opt/***/data/Staging/DimIPUniq.txt
[2024-04-11T16:35:08.331+0000] {w3c.py:149} WARNING - calling Clean u_ex100106.log
[2024-04-11T16:35:08.332+0000] {logging_mixin.py:188} INFO - Cleaning  u_ex100106.log
[2024-04-11T16:35:08.332+0000] {w3c.py:106} WARNING - Cleaning u_ex100106.log
[2024-04-11T16:35:08.332+0000] {logging_mixin.py:188} INFO - sort -u /opt/***/data/Staging/DimIP.txt > /opt/***/data/Staging/DimIPUniq.txt
[2024-04-11T16:35:08.338+0000] {w3c.py:149} WARNING - calling Clean u_ex091024.log
[2024-04-11T16:35:08.339+0000] {logging_mixin.py:188} INFO - Cleaning  u_ex091024.log
[2024-04-11T16:35:08.339+0000] {w3c.py:106} WARNING - Cleaning u_ex091024.log
[2024-04-11T16:35:08.339+0000] {logging_mixin.py:188} INFO - sort -u /opt/***/data/Staging/DimIP.txt > /opt/***/data/Staging/DimIPUniq.txt
[2024-04-11T16:35:08.339+0000] {w3c.py:149} WARNING - calling Clean u_ex101020.log
[2024-04-11T16:35:08.340+0000] {logging_mixin.py:188} INFO - Cleaning  u_ex101020.log
[2024-04-11T16:35:08.340+0000] {w3c.py:106} WARNING - Cleaning u_ex101020.log
[2024-04-11T16:35:08.340+0000] {logging_mixin.py:188} INFO - sort -u /opt/***/data/Staging/DimIP.txt > /opt/***/data/Staging/DimIPUniq.txt
[2024-04-11T16:35:08.344+0000] {w3c.py:149} WARNING - calling Clean u_ex110205.log
[2024-04-11T16:35:08.344+0000] {logging_mixin.py:188} INFO - Cleaning  u_ex110205.log
[2024-04-11T16:35:08.344+0000] {w3c.py:106} WARNING - Cleaning u_ex110205.log
[2024-04-11T16:35:08.344+0000] {logging_mixin.py:188} INFO - sort -u /opt/***/data/Staging/DimIP.txt > /opt/***/data/Staging/DimIPUniq.txt
[2024-04-11T16:35:08.346+0000] {w3c.py:149} WARNING - calling Clean u_ex100809.log
[2024-04-11T16:35:08.347+0000] {logging_mixin.py:188} INFO - Cleaning  u_ex100809.log
[2024-04-11T16:35:08.347+0000] {w3c.py:106} WARNING - Cleaning u_ex100809.log
[2024-04-11T16:35:08.347+0000] {logging_mixin.py:188} INFO - sort -u /opt/***/data/Staging/DimIP.txt > /opt/***/data/Staging/DimIPUniq.txt
[2024-04-11T16:35:08.352+0000] {w3c.py:149} WARNING - calling Clean u_ex091106.log
[2024-04-11T16:35:08.352+0000] {logging_mixin.py:188} INFO - Cleaning  u_ex091106.log
[2024-04-11T16:35:08.353+0000] {w3c.py:106} WARNING - Cleaning u_ex091106.log
[2024-04-11T16:35:08.353+0000] {logging_mixin.py:188} INFO - sort -u /opt/***/data/Staging/DimIP.txt > /opt/***/data/Staging/DimIPUniq.txt
[2024-04-11T16:35:08.354+0000] {w3c.py:149} WARNING - calling Clean u_ex091211.log
[2024-04-11T16:35:08.354+0000] {logging_mixin.py:188} INFO - Cleaning  u_ex091211.log
[2024-04-11T16:35:08.354+0000] {w3c.py:106} WARNING - Cleaning u_ex091211.log
[2024-04-11T16:35:08.354+0000] {logging_mixin.py:188} INFO - sort -u /opt/***/data/Staging/DimIP.txt > /opt/***/data/Staging/DimIPUniq.txt
[2024-04-11T16:35:08.357+0000] {w3c.py:149} WARNING - calling Clean u_ex100322.log
[2024-04-11T16:35:08.357+0000] {logging_mixin.py:188} INFO - Cleaning  u_ex100322.log
[2024-04-11T16:35:08.357+0000] {w3c.py:106} WARNING - Cleaning u_ex100322.log
[2024-04-11T16:35:08.357+0000] {logging_mixin.py:188} INFO - sort -u /opt/***/data/Staging/DimIP.txt > /opt/***/data/Staging/DimIPUniq.txt
[2024-04-11T16:35:08.361+0000] {w3c.py:149} WARNING - calling Clean u_ex100117.log
[2024-04-11T16:35:08.361+0000] {logging_mixin.py:188} INFO - Cleaning  u_ex100117.log
[2024-04-11T16:35:08.361+0000] {w3c.py:106} WARNING - Cleaning u_ex100117.log
[2024-04-11T16:35:08.362+0000] {logging_mixin.py:188} INFO - sort -u /opt/***/data/Staging/DimIP.txt > /opt/***/data/Staging/DimIPUniq.txt
[2024-04-11T16:35:08.367+0000] {w3c.py:149} WARNING - calling Clean u_ex101225.log
[2024-04-11T16:35:08.367+0000] {logging_mixin.py:188} INFO - Cleaning  u_ex101225.log
[2024-04-11T16:35:08.367+0000] {w3c.py:106} WARNING - Cleaning u_ex101225.log
[2024-04-11T16:35:08.367+0000] {logging_mixin.py:188} INFO - sort -u /opt/***/data/Staging/DimIP.txt > /opt/***/data/Staging/DimIPUniq.txt
[2024-04-11T16:35:08.369+0000] {w3c.py:149} WARNING - calling Clean u_ex100424.log
[2024-04-11T16:35:08.370+0000] {logging_mixin.py:188} INFO - Cleaning  u_ex100424.log
[2024-04-11T16:35:08.370+0000] {w3c.py:106} WARNING - Cleaning u_ex100424.log
[2024-04-11T16:35:08.370+0000] {logging_mixin.py:188} INFO - sort -u /opt/***/data/Staging/DimIP.txt > /opt/***/data/Staging/DimIPUniq.txt
[2024-04-11T16:35:08.372+0000] {w3c.py:149} WARNING - calling Clean u_ex091102.log
[2024-04-11T16:35:08.373+0000] {logging_mixin.py:188} INFO - Cleaning  u_ex091102.log
[2024-04-11T16:35:08.373+0000] {w3c.py:106} WARNING - Cleaning u_ex091102.log
[2024-04-11T16:35:08.373+0000] {logging_mixin.py:188} INFO - sort -u /opt/***/data/Staging/DimIP.txt > /opt/***/data/Staging/DimIPUniq.txt
[2024-04-11T16:35:08.380+0000] {w3c.py:149} WARNING - calling Clean u_ex091123.log
[2024-04-11T16:35:08.380+0000] {logging_mixin.py:188} INFO - Cleaning  u_ex091123.log
[2024-04-11T16:35:08.381+0000] {w3c.py:106} WARNING - Cleaning u_ex091123.log
[2024-04-11T16:35:08.381+0000] {logging_mixin.py:188} INFO - sort -u /opt/***/data/Staging/DimIP.txt > /opt/***/data/Staging/DimIPUniq.txt
[2024-04-11T16:35:08.385+0000] {w3c.py:149} WARNING - calling Clean u_ex100629.log
[2024-04-11T16:35:08.385+0000] {logging_mixin.py:188} INFO - Cleaning  u_ex100629.log
[2024-04-11T16:35:08.385+0000] {w3c.py:106} WARNING - Cleaning u_ex100629.log
[2024-04-11T16:35:08.386+0000] {logging_mixin.py:188} INFO - sort -u /opt/***/data/Staging/DimIP.txt > /opt/***/data/Staging/DimIPUniq.txt
[2024-04-11T16:35:08.388+0000] {w3c.py:149} WARNING - calling Clean u_ex100612.log
[2024-04-11T16:35:08.388+0000] {logging_mixin.py:188} INFO - Cleaning  u_ex100612.log
[2024-04-11T16:35:08.388+0000] {w3c.py:106} WARNING - Cleaning u_ex100612.log
[2024-04-11T16:35:08.389+0000] {logging_mixin.py:188} INFO - sort -u /opt/***/data/Staging/DimIP.txt > /opt/***/data/Staging/DimIPUniq.txt
[2024-04-11T16:35:08.391+0000] {w3c.py:149} WARNING - calling Clean u_ex100912.log
[2024-04-11T16:35:08.391+0000] {logging_mixin.py:188} INFO - Cleaning  u_ex100912.log
[2024-04-11T16:35:08.391+0000] {w3c.py:106} WARNING - Cleaning u_ex100912.log
[2024-04-11T16:35:08.391+0000] {logging_mixin.py:188} INFO - sort -u /opt/***/data/Staging/DimIP.txt > /opt/***/data/Staging/DimIPUniq.txt
[2024-04-11T16:35:08.395+0000] {w3c.py:149} WARNING - calling Clean u_ex101215.log
[2024-04-11T16:35:08.395+0000] {logging_mixin.py:188} INFO - Cleaning  u_ex101215.log
[2024-04-11T16:35:08.395+0000] {w3c.py:106} WARNING - Cleaning u_ex101215.log
[2024-04-11T16:35:08.395+0000] {logging_mixin.py:188} INFO - sort -u /opt/***/data/Staging/DimIP.txt > /opt/***/data/Staging/DimIPUniq.txt
[2024-04-11T16:35:08.399+0000] {w3c.py:149} WARNING - calling Clean u_ex100131.log
[2024-04-11T16:35:08.399+0000] {logging_mixin.py:188} INFO - Cleaning  u_ex100131.log
[2024-04-11T16:35:08.400+0000] {w3c.py:106} WARNING - Cleaning u_ex100131.log
[2024-04-11T16:35:08.400+0000] {logging_mixin.py:188} INFO - sort -u /opt/***/data/Staging/DimIP.txt > /opt/***/data/Staging/DimIPUniq.txt
[2024-04-11T16:35:08.403+0000] {w3c.py:149} WARNING - calling Clean u_ex101223.log
[2024-04-11T16:35:08.403+0000] {logging_mixin.py:188} INFO - Cleaning  u_ex101223.log
[2024-04-11T16:35:08.403+0000] {w3c.py:106} WARNING - Cleaning u_ex101223.log
[2024-04-11T16:35:08.404+0000] {logging_mixin.py:188} INFO - sort -u /opt/***/data/Staging/DimIP.txt > /opt/***/data/Staging/DimIPUniq.txt
[2024-04-11T16:35:08.406+0000] {w3c.py:149} WARNING - calling Clean u_ex110427.log
[2024-04-11T16:35:08.407+0000] {logging_mixin.py:188} INFO - Cleaning  u_ex110427.log
[2024-04-11T16:35:08.407+0000] {w3c.py:106} WARNING - Cleaning u_ex110427.log
[2024-04-11T16:35:08.407+0000] {logging_mixin.py:188} INFO - sort -u /opt/***/data/Staging/DimIP.txt > /opt/***/data/Staging/DimIPUniq.txt
[2024-04-11T16:35:08.412+0000] {w3c.py:149} WARNING - calling Clean u_ex101008.log
[2024-04-11T16:35:08.412+0000] {logging_mixin.py:188} INFO - Cleaning  u_ex101008.log
[2024-04-11T16:35:08.412+0000] {w3c.py:106} WARNING - Cleaning u_ex101008.log
[2024-04-11T16:35:08.412+0000] {logging_mixin.py:188} INFO - sort -u /opt/***/data/Staging/DimIP.txt > /opt/***/data/Staging/DimIPUniq.txt
[2024-04-11T16:35:08.418+0000] {w3c.py:149} WARNING - calling Clean u_ex100423.log
[2024-04-11T16:35:08.419+0000] {logging_mixin.py:188} INFO - Cleaning  u_ex100423.log
[2024-04-11T16:35:08.419+0000] {w3c.py:106} WARNING - Cleaning u_ex100423.log
[2024-04-11T16:35:08.419+0000] {logging_mixin.py:188} INFO - sort -u /opt/***/data/Staging/DimIP.txt > /opt/***/data/Staging/DimIPUniq.txt
[2024-04-11T16:35:08.423+0000] {w3c.py:149} WARNING - calling Clean u_ex100808.log
[2024-04-11T16:35:08.423+0000] {logging_mixin.py:188} INFO - Cleaning  u_ex100808.log
[2024-04-11T16:35:08.423+0000] {w3c.py:106} WARNING - Cleaning u_ex100808.log
[2024-04-11T16:35:08.424+0000] {logging_mixin.py:188} INFO - sort -u /opt/***/data/Staging/DimIP.txt > /opt/***/data/Staging/DimIPUniq.txt
[2024-04-11T16:35:08.426+0000] {w3c.py:149} WARNING - calling Clean u_ex100519.log
[2024-04-11T16:35:08.426+0000] {logging_mixin.py:188} INFO - Cleaning  u_ex100519.log
[2024-04-11T16:35:08.426+0000] {w3c.py:106} WARNING - Cleaning u_ex100519.log
[2024-04-11T16:35:08.426+0000] {logging_mixin.py:188} INFO - sort -u /opt/***/data/Staging/DimIP.txt > /opt/***/data/Staging/DimIPUniq.txt
[2024-04-11T16:35:08.430+0000] {w3c.py:149} WARNING - calling Clean u_ex091213.log
[2024-04-11T16:35:08.430+0000] {logging_mixin.py:188} INFO - Cleaning  u_ex091213.log
[2024-04-11T16:35:08.430+0000] {w3c.py:106} WARNING - Cleaning u_ex091213.log
[2024-04-11T16:35:08.430+0000] {logging_mixin.py:188} INFO - sort -u /opt/***/data/Staging/DimIP.txt > /opt/***/data/Staging/DimIPUniq.txt
[2024-04-11T16:35:08.433+0000] {w3c.py:149} WARNING - calling Clean u_ex101202.log
[2024-04-11T16:35:08.433+0000] {logging_mixin.py:188} INFO - Cleaning  u_ex101202.log
[2024-04-11T16:35:08.434+0000] {w3c.py:106} WARNING - Cleaning u_ex101202.log
[2024-04-11T16:35:08.434+0000] {logging_mixin.py:188} INFO - sort -u /opt/***/data/Staging/DimIP.txt > /opt/***/data/Staging/DimIPUniq.txt
[2024-04-11T16:35:08.436+0000] {w3c.py:149} WARNING - calling Clean u_ex100718.log
[2024-04-11T16:35:08.436+0000] {logging_mixin.py:188} INFO - Cleaning  u_ex100718.log
[2024-04-11T16:35:08.437+0000] {w3c.py:106} WARNING - Cleaning u_ex100718.log
[2024-04-11T16:35:08.437+0000] {logging_mixin.py:188} INFO - sort -u /opt/***/data/Staging/DimIP.txt > /opt/***/data/Staging/DimIPUniq.txt
[2024-04-11T16:35:08.441+0000] {w3c.py:149} WARNING - calling Clean u_ex100314.log
[2024-04-11T16:35:08.441+0000] {logging_mixin.py:188} INFO - Cleaning  u_ex100314.log
[2024-04-11T16:35:08.441+0000] {w3c.py:106} WARNING - Cleaning u_ex100314.log
[2024-04-11T16:35:08.441+0000] {logging_mixin.py:188} INFO - sort -u /opt/***/data/Staging/DimIP.txt > /opt/***/data/Staging/DimIPUniq.txt
[2024-04-11T16:35:08.445+0000] {w3c.py:149} WARNING - calling Clean u_ex100425.log
[2024-04-11T16:35:08.445+0000] {logging_mixin.py:188} INFO - Cleaning  u_ex100425.log
[2024-04-11T16:35:08.446+0000] {w3c.py:106} WARNING - Cleaning u_ex100425.log
[2024-04-11T16:35:08.446+0000] {logging_mixin.py:188} INFO - sort -u /opt/***/data/Staging/DimIP.txt > /opt/***/data/Staging/DimIPUniq.txt
[2024-04-11T16:35:08.449+0000] {w3c.py:149} WARNING - calling Clean u_ex100304.log
[2024-04-11T16:35:08.449+0000] {logging_mixin.py:188} INFO - Cleaning  u_ex100304.log
[2024-04-11T16:35:08.449+0000] {w3c.py:106} WARNING - Cleaning u_ex100304.log
[2024-04-11T16:35:08.450+0000] {logging_mixin.py:188} INFO - sort -u /opt/***/data/Staging/DimIP.txt > /opt/***/data/Staging/DimIPUniq.txt
[2024-04-11T16:35:08.453+0000] {w3c.py:149} WARNING - calling Clean u_ex100419.log
[2024-04-11T16:35:08.453+0000] {logging_mixin.py:188} INFO - Cleaning  u_ex100419.log
[2024-04-11T16:35:08.453+0000] {w3c.py:106} WARNING - Cleaning u_ex100419.log
[2024-04-11T16:35:08.453+0000] {logging_mixin.py:188} INFO - sort -u /opt/***/data/Staging/DimIP.txt > /opt/***/data/Staging/DimIPUniq.txt
[2024-04-11T16:35:08.457+0000] {w3c.py:149} WARNING - calling Clean u_ex101023.log
[2024-04-11T16:35:08.457+0000] {logging_mixin.py:188} INFO - Cleaning  u_ex101023.log
[2024-04-11T16:35:08.457+0000] {w3c.py:106} WARNING - Cleaning u_ex101023.log
[2024-04-11T16:35:08.458+0000] {logging_mixin.py:188} INFO - sort -u /opt/***/data/Staging/DimIP.txt > /opt/***/data/Staging/DimIPUniq.txt
[2024-04-11T16:35:08.462+0000] {w3c.py:149} WARNING - calling Clean u_ex101025.log
[2024-04-11T16:35:08.463+0000] {logging_mixin.py:188} INFO - Cleaning  u_ex101025.log
[2024-04-11T16:35:08.463+0000] {w3c.py:106} WARNING - Cleaning u_ex101025.log
[2024-04-11T16:35:08.463+0000] {logging_mixin.py:188} INFO - sort -u /opt/***/data/Staging/DimIP.txt > /opt/***/data/Staging/DimIPUniq.txt
[2024-04-11T16:35:08.466+0000] {w3c.py:149} WARNING - calling Clean u_ex101101.log
[2024-04-11T16:35:08.467+0000] {logging_mixin.py:188} INFO - Cleaning  u_ex101101.log
[2024-04-11T16:35:08.467+0000] {w3c.py:106} WARNING - Cleaning u_ex101101.log
[2024-04-11T16:35:08.467+0000] {logging_mixin.py:188} INFO - sort -u /opt/***/data/Staging/DimIP.txt > /opt/***/data/Staging/DimIPUniq.txt
[2024-04-11T16:35:08.473+0000] {w3c.py:149} WARNING - calling Clean u_ex100906.log
[2024-04-11T16:35:08.473+0000] {logging_mixin.py:188} INFO - Cleaning  u_ex100906.log
[2024-04-11T16:35:08.473+0000] {w3c.py:106} WARNING - Cleaning u_ex100906.log
[2024-04-11T16:35:08.473+0000] {logging_mixin.py:188} INFO - sort -u /opt/***/data/Staging/DimIP.txt > /opt/***/data/Staging/DimIPUniq.txt
[2024-04-11T16:35:08.476+0000] {w3c.py:149} WARNING - calling Clean u_ex101113.log
[2024-04-11T16:35:08.476+0000] {logging_mixin.py:188} INFO - Cleaning  u_ex101113.log
[2024-04-11T16:35:08.476+0000] {w3c.py:106} WARNING - Cleaning u_ex101113.log
[2024-04-11T16:35:08.476+0000] {logging_mixin.py:188} INFO - sort -u /opt/***/data/Staging/DimIP.txt > /opt/***/data/Staging/DimIPUniq.txt
[2024-04-11T16:35:08.480+0000] {w3c.py:149} WARNING - calling Clean u_ex100924.log
[2024-04-11T16:35:08.480+0000] {logging_mixin.py:188} INFO - Cleaning  u_ex100924.log
[2024-04-11T16:35:08.480+0000] {w3c.py:106} WARNING - Cleaning u_ex100924.log
[2024-04-11T16:35:08.480+0000] {logging_mixin.py:188} INFO - sort -u /opt/***/data/Staging/DimIP.txt > /opt/***/data/Staging/DimIPUniq.txt
[2024-04-11T16:35:08.484+0000] {w3c.py:149} WARNING - calling Clean u_ex101118.log
[2024-04-11T16:35:08.484+0000] {logging_mixin.py:188} INFO - Cleaning  u_ex101118.log
[2024-04-11T16:35:08.484+0000] {w3c.py:106} WARNING - Cleaning u_ex101118.log
[2024-04-11T16:35:08.484+0000] {logging_mixin.py:188} INFO - sort -u /opt/***/data/Staging/DimIP.txt > /opt/***/data/Staging/DimIPUniq.txt
[2024-04-11T16:35:08.488+0000] {w3c.py:149} WARNING - calling Clean u_ex091130.log
[2024-04-11T16:35:08.489+0000] {logging_mixin.py:188} INFO - Cleaning  u_ex091130.log
[2024-04-11T16:35:08.489+0000] {w3c.py:106} WARNING - Cleaning u_ex091130.log
[2024-04-11T16:35:08.489+0000] {logging_mixin.py:188} INFO - sort -u /opt/***/data/Staging/DimIP.txt > /opt/***/data/Staging/DimIPUniq.txt
[2024-04-11T16:35:08.493+0000] {logging_mixin.py:188} INFO - Fault 26
[2024-04-11T16:35:08.498+0000] {logging_mixin.py:188} INFO - Fault 10
[2024-04-11T16:35:08.502+0000] {logging_mixin.py:188} INFO - Fault 6
[2024-04-11T16:35:08.502+0000] {w3c.py:149} WARNING - calling Clean u_ex100309.log
[2024-04-11T16:35:08.503+0000] {logging_mixin.py:188} INFO - Cleaning  u_ex100309.log
[2024-04-11T16:35:08.503+0000] {w3c.py:106} WARNING - Cleaning u_ex100309.log
[2024-04-11T16:35:08.503+0000] {logging_mixin.py:188} INFO - sort -u /opt/***/data/Staging/DimIP.txt > /opt/***/data/Staging/DimIPUniq.txt
[2024-04-11T16:35:08.506+0000] {w3c.py:149} WARNING - calling Clean u_ex100725.log
[2024-04-11T16:35:08.506+0000] {logging_mixin.py:188} INFO - Cleaning  u_ex100725.log
[2024-04-11T16:35:08.507+0000] {w3c.py:106} WARNING - Cleaning u_ex100725.log
[2024-04-11T16:35:08.507+0000] {logging_mixin.py:188} INFO - sort -u /opt/***/data/Staging/DimIP.txt > /opt/***/data/Staging/DimIPUniq.txt
[2024-04-11T16:35:08.510+0000] {w3c.py:149} WARNING - calling Clean u_ex091025.log
[2024-04-11T16:35:08.510+0000] {logging_mixin.py:188} INFO - Cleaning  u_ex091025.log
[2024-04-11T16:35:08.511+0000] {w3c.py:106} WARNING - Cleaning u_ex091025.log
[2024-04-11T16:35:08.511+0000] {logging_mixin.py:188} INFO - sort -u /opt/***/data/Staging/DimIP.txt > /opt/***/data/Staging/DimIPUniq.txt
[2024-04-11T16:35:08.511+0000] {w3c.py:149} WARNING - calling Clean u_ex100307.log
[2024-04-11T16:35:08.512+0000] {logging_mixin.py:188} INFO - Cleaning  u_ex100307.log
[2024-04-11T16:35:08.512+0000] {w3c.py:106} WARNING - Cleaning u_ex100307.log
[2024-04-11T16:35:08.512+0000] {logging_mixin.py:188} INFO - sort -u /opt/***/data/Staging/DimIP.txt > /opt/***/data/Staging/DimIPUniq.txt
[2024-04-11T16:35:08.514+0000] {w3c.py:149} WARNING - calling Clean u_ex110516.log
[2024-04-11T16:35:08.515+0000] {logging_mixin.py:188} INFO - Cleaning  u_ex110516.log
[2024-04-11T16:35:08.515+0000] {w3c.py:106} WARNING - Cleaning u_ex110516.log
[2024-04-11T16:35:08.515+0000] {logging_mixin.py:188} INFO - sort -u /opt/***/data/Staging/DimIP.txt > /opt/***/data/Staging/DimIPUniq.txt
[2024-04-11T16:35:08.519+0000] {w3c.py:149} WARNING - calling Clean u_ex100628.log
[2024-04-11T16:35:08.519+0000] {logging_mixin.py:188} INFO - Cleaning  u_ex100628.log
[2024-04-11T16:35:08.519+0000] {w3c.py:106} WARNING - Cleaning u_ex100628.log
[2024-04-11T16:35:08.520+0000] {logging_mixin.py:188} INFO - sort -u /opt/***/data/Staging/DimIP.txt > /opt/***/data/Staging/DimIPUniq.txt
[2024-04-11T16:35:08.522+0000] {w3c.py:149} WARNING - calling Clean u_ex100406.log
[2024-04-11T16:35:08.522+0000] {logging_mixin.py:188} INFO - Cleaning  u_ex100406.log
[2024-04-11T16:35:08.522+0000] {w3c.py:106} WARNING - Cleaning u_ex100406.log
[2024-04-11T16:35:08.523+0000] {logging_mixin.py:188} INFO - sort -u /opt/***/data/Staging/DimIP.txt > /opt/***/data/Staging/DimIPUniq.txt
[2024-04-11T16:35:08.528+0000] {w3c.py:149} WARNING - calling Clean u_ex100221.log
[2024-04-11T16:35:08.528+0000] {logging_mixin.py:188} INFO - Cleaning  u_ex100221.log
[2024-04-11T16:35:08.528+0000] {w3c.py:106} WARNING - Cleaning u_ex100221.log
[2024-04-11T16:35:08.528+0000] {logging_mixin.py:188} INFO - sort -u /opt/***/data/Staging/DimIP.txt > /opt/***/data/Staging/DimIPUniq.txt
[2024-04-11T16:35:08.531+0000] {w3c.py:149} WARNING - calling Clean u_ex100113.log
[2024-04-11T16:35:08.531+0000] {logging_mixin.py:188} INFO - Cleaning  u_ex100113.log
[2024-04-11T16:35:08.531+0000] {w3c.py:106} WARNING - Cleaning u_ex100113.log
[2024-04-11T16:35:08.532+0000] {logging_mixin.py:188} INFO - sort -u /opt/***/data/Staging/DimIP.txt > /opt/***/data/Staging/DimIPUniq.txt
[2024-04-11T16:35:08.537+0000] {w3c.py:149} WARNING - calling Clean u_ex101212.log
[2024-04-11T16:35:08.537+0000] {logging_mixin.py:188} INFO - Cleaning  u_ex101212.log
[2024-04-11T16:35:08.538+0000] {w3c.py:106} WARNING - Cleaning u_ex101212.log
[2024-04-11T16:35:08.538+0000] {logging_mixin.py:188} INFO - sort -u /opt/***/data/Staging/DimIP.txt > /opt/***/data/Staging/DimIPUniq.txt
[2024-04-11T16:35:08.542+0000] {w3c.py:149} WARNING - calling Clean u_ex100302.log
[2024-04-11T16:35:08.542+0000] {logging_mixin.py:188} INFO - Cleaning  u_ex100302.log
[2024-04-11T16:35:08.542+0000] {w3c.py:106} WARNING - Cleaning u_ex100302.log
[2024-04-11T16:35:08.543+0000] {logging_mixin.py:188} INFO - sort -u /opt/***/data/Staging/DimIP.txt > /opt/***/data/Staging/DimIPUniq.txt
[2024-04-11T16:35:08.549+0000] {w3c.py:149} WARNING - calling Clean u_ex100630.log
[2024-04-11T16:35:08.549+0000] {logging_mixin.py:188} INFO - Cleaning  u_ex100630.log
[2024-04-11T16:35:08.549+0000] {w3c.py:106} WARNING - Cleaning u_ex100630.log
[2024-04-11T16:35:08.549+0000] {logging_mixin.py:188} INFO - sort -u /opt/***/data/Staging/DimIP.txt > /opt/***/data/Staging/DimIPUniq.txt
[2024-04-11T16:35:08.552+0000] {w3c.py:149} WARNING - calling Clean u_ex100615.log
[2024-04-11T16:35:08.552+0000] {logging_mixin.py:188} INFO - Cleaning  u_ex100615.log
[2024-04-11T16:35:08.552+0000] {w3c.py:106} WARNING - Cleaning u_ex100615.log
[2024-04-11T16:35:08.552+0000] {logging_mixin.py:188} INFO - sort -u /opt/***/data/Staging/DimIP.txt > /opt/***/data/Staging/DimIPUniq.txt
[2024-04-11T16:35:08.555+0000] {w3c.py:149} WARNING - calling Clean u_ex091120.log
[2024-04-11T16:35:08.555+0000] {logging_mixin.py:188} INFO - Cleaning  u_ex091120.log
[2024-04-11T16:35:08.555+0000] {w3c.py:106} WARNING - Cleaning u_ex091120.log
[2024-04-11T16:35:08.555+0000] {logging_mixin.py:188} INFO - sort -u /opt/***/data/Staging/DimIP.txt > /opt/***/data/Staging/DimIPUniq.txt
[2024-04-11T16:35:08.558+0000] {w3c.py:149} WARNING - calling Clean u_ex110504.log
[2024-04-11T16:35:08.558+0000] {logging_mixin.py:188} INFO - Cleaning  u_ex110504.log
[2024-04-11T16:35:08.558+0000] {w3c.py:106} WARNING - Cleaning u_ex110504.log
[2024-04-11T16:35:08.558+0000] {logging_mixin.py:188} INFO - sort -u /opt/***/data/Staging/DimIP.txt > /opt/***/data/Staging/DimIPUniq.txt
[2024-04-11T16:35:08.562+0000] {w3c.py:149} WARNING - calling Clean u_ex100622.log
[2024-04-11T16:35:08.562+0000] {logging_mixin.py:188} INFO - Cleaning  u_ex100622.log
[2024-04-11T16:35:08.562+0000] {w3c.py:106} WARNING - Cleaning u_ex100622.log
[2024-04-11T16:35:08.563+0000] {logging_mixin.py:188} INFO - sort -u /opt/***/data/Staging/DimIP.txt > /opt/***/data/Staging/DimIPUniq.txt
[2024-04-11T16:35:08.566+0000] {w3c.py:149} WARNING - calling Clean u_ex100801.log
[2024-04-11T16:35:08.566+0000] {logging_mixin.py:188} INFO - Cleaning  u_ex100801.log
[2024-04-11T16:35:08.566+0000] {w3c.py:106} WARNING - Cleaning u_ex100801.log
[2024-04-11T16:35:08.566+0000] {logging_mixin.py:188} INFO - sort -u /opt/***/data/Staging/DimIP.txt > /opt/***/data/Staging/DimIPUniq.txt
[2024-04-11T16:35:08.568+0000] {w3c.py:149} WARNING - calling Clean u_ex110407.log
[2024-04-11T16:35:08.569+0000] {logging_mixin.py:188} INFO - Cleaning  u_ex110407.log
[2024-04-11T16:35:08.569+0000] {w3c.py:106} WARNING - Cleaning u_ex110407.log
[2024-04-11T16:35:08.569+0000] {logging_mixin.py:188} INFO - sort -u /opt/***/data/Staging/DimIP.txt > /opt/***/data/Staging/DimIPUniq.txt
[2024-04-11T16:35:08.574+0000] {w3c.py:149} WARNING - calling Clean u_ex100926.log
[2024-04-11T16:35:08.574+0000] {logging_mixin.py:188} INFO - Cleaning  u_ex100926.log
[2024-04-11T16:35:08.575+0000] {w3c.py:106} WARNING - Cleaning u_ex100926.log
[2024-04-11T16:35:08.575+0000] {logging_mixin.py:188} INFO - sort -u /opt/***/data/Staging/DimIP.txt > /opt/***/data/Staging/DimIPUniq.txt
[2024-04-11T16:35:08.578+0000] {w3c.py:149} WARNING - calling Clean u_ex100422.log
[2024-04-11T16:35:08.578+0000] {logging_mixin.py:188} INFO - Cleaning  u_ex100422.log
[2024-04-11T16:35:08.578+0000] {w3c.py:106} WARNING - Cleaning u_ex100422.log
[2024-04-11T16:35:08.579+0000] {logging_mixin.py:188} INFO - sort -u /opt/***/data/Staging/DimIP.txt > /opt/***/data/Staging/DimIPUniq.txt
[2024-04-11T16:35:08.582+0000] {w3c.py:149} WARNING - calling Clean u_ex101111.log
[2024-04-11T16:35:08.583+0000] {logging_mixin.py:188} INFO - Cleaning  u_ex101111.log
[2024-04-11T16:35:08.583+0000] {w3c.py:106} WARNING - Cleaning u_ex101111.log
[2024-04-11T16:35:08.583+0000] {logging_mixin.py:188} INFO - sort -u /opt/***/data/Staging/DimIP.txt > /opt/***/data/Staging/DimIPUniq.txt
[2024-04-11T16:35:08.587+0000] {w3c.py:149} WARNING - calling Clean u_ex100705.log
[2024-04-11T16:35:08.587+0000] {logging_mixin.py:188} INFO - Cleaning  u_ex100705.log
[2024-04-11T16:35:08.587+0000] {w3c.py:106} WARNING - Cleaning u_ex100705.log
[2024-04-11T16:35:08.587+0000] {logging_mixin.py:188} INFO - sort -u /opt/***/data/Staging/DimIP.txt > /opt/***/data/Staging/DimIPUniq.txt
[2024-04-11T16:35:08.590+0000] {w3c.py:149} WARNING - calling Clean u_ex100112.log
[2024-04-11T16:35:08.590+0000] {logging_mixin.py:188} INFO - Cleaning  u_ex100112.log
[2024-04-11T16:35:08.590+0000] {w3c.py:106} WARNING - Cleaning u_ex100112.log
[2024-04-11T16:35:08.591+0000] {logging_mixin.py:188} INFO - sort -u /opt/***/data/Staging/DimIP.txt > /opt/***/data/Staging/DimIPUniq.txt
[2024-04-11T16:35:08.600+0000] {w3c.py:149} WARNING - calling Clean u_ex101027.log
[2024-04-11T16:35:08.600+0000] {logging_mixin.py:188} INFO - Cleaning  u_ex101027.log
[2024-04-11T16:35:08.600+0000] {w3c.py:106} WARNING - Cleaning u_ex101027.log
[2024-04-11T16:35:08.601+0000] {logging_mixin.py:188} INFO - sort -u /opt/***/data/Staging/DimIP.txt > /opt/***/data/Staging/DimIPUniq.txt
[2024-04-11T16:35:08.608+0000] {python.py:237} INFO - Done. Returned value was: None
[2024-04-11T16:35:08.608+0000] {taskinstance.py:441} INFO - ::group::Post task execution logs
[2024-04-11T16:35:08.620+0000] {taskinstance.py:1205} INFO - Marking task as SUCCESS. dag_id=Process_W3_Data, task_id=RemoveHash, execution_date=20240411T163504, start_date=20240411T163507, end_date=20240411T163508
[2024-04-11T16:35:08.674+0000] {local_task_job_runner.py:240} INFO - Task exited with return code 0
[2024-04-11T16:35:08.719+0000] {taskinstance.py:3482} INFO - 1 downstream tasks scheduled from follow-on schedule check
[2024-04-11T16:35:08.725+0000] {local_task_job_runner.py:222} INFO - ::endgroup::
