[2024-04-11T15:23:53.948+0000] {local_task_job_runner.py:120} INFO - ::group::Pre task execution logs
[2024-04-11T15:23:54.011+0000] {taskinstance.py:2073} INFO - Dependencies all met for dep_context=non-requeueable deps ti=<TaskInstance: Process_W3_Data.RemoveHash manual__2024-04-11T15:23:47.460351+00:00 [queued]>
[2024-04-11T15:23:54.056+0000] {taskinstance.py:2073} INFO - Dependencies all met for dep_context=requeueable deps ti=<TaskInstance: Process_W3_Data.RemoveHash manual__2024-04-11T15:23:47.460351+00:00 [queued]>
[2024-04-11T15:23:54.057+0000] {taskinstance.py:2303} INFO - Starting attempt 1 of 1
[2024-04-11T15:23:54.126+0000] {taskinstance.py:2327} INFO - Executing <Task(PythonOperator): RemoveHash> on 2024-04-11 15:23:47.460351+00:00
[2024-04-11T15:23:54.169+0000] {warnings.py:110} WARNING - /home/***/.local/lib/python3.12/site-packages/***/task/task_runner/standard_task_runner.py:61: DeprecationWarning: This process (pid=21341) is multi-threaded, use of fork() may lead to deadlocks in the child.
  pid = os.fork()

[2024-04-11T15:23:54.181+0000] {standard_task_runner.py:63} INFO - Started process 21352 to run task
[2024-04-11T15:23:54.193+0000] {standard_task_runner.py:90} INFO - Running: ['***', 'tasks', 'run', 'Process_W3_Data', 'RemoveHash', 'manual__2024-04-11T15:23:47.460351+00:00', '--job-id', '53', '--raw', '--subdir', 'DAGS_FOLDER/w3c.py', '--cfg-path', '/tmp/tmp4r6udu5c']
[2024-04-11T15:23:54.209+0000] {standard_task_runner.py:91} INFO - Job 53: Subtask RemoveHash
[2024-04-11T15:23:54.419+0000] {task_command.py:426} INFO - Running <TaskInstance: Process_W3_Data.RemoveHash manual__2024-04-11T15:23:47.460351+00:00 [running]> on host 426f0b9f9d71
[2024-04-11T15:23:54.902+0000] {taskinstance.py:2644} INFO - Exporting env vars: AIRFLOW_CTX_DAG_OWNER='***' AIRFLOW_CTX_DAG_ID='Process_W3_Data' AIRFLOW_CTX_TASK_ID='RemoveHash' AIRFLOW_CTX_EXECUTION_DATE='2024-04-11T15:23:47.460351+00:00' AIRFLOW_CTX_TRY_NUMBER='1' AIRFLOW_CTX_DAG_RUN_ID='manual__2024-04-11T15:23:47.460351+00:00'
[2024-04-11T15:23:54.911+0000] {taskinstance.py:430} INFO - ::endgroup::
[2024-04-11T15:23:54.914+0000] {w3c.py:118} WARNING - Starting List Filesu_ex101031.log,u_ex110411.log,u_ex100626.log,u_ex100105.log,u_ex091103.log,u_ex110510.log,u_ex100708.log,u_ex100315.log,u_ex110306.log,u_ex100528.log,u_ex100204.log,u_ex110218.log,u_ex100104.log,u_ex110209.log,u_ex100916.log,u_ex100520.log,u_ex101126.log,u_ex100205.log,u_ex110405.log,u_ex110212.log,u_ex100430.log,u_ex100830.log,u_ex110130.log,u_ex100526.log,u_ex091207.log,u_ex100923.log,u_ex110119.log,u_ex110424.log,u_ex100619.log,u_ex100714.log,u_ex100106.log,u_ex091024.log,u_ex101020.log,u_ex110205.log,u_ex100809.log,u_ex091106.log,u_ex091211.log,u_ex100322.log,u_ex100117.log,u_ex101225.log,u_ex100424.log,u_ex091102.log,u_ex091123.log,u_ex100629.log,u_ex100612.log,u_ex100912.log,u_ex101215.log,u_ex100131.log,u_ex101223.log,u_ex110427.log,u_ex101008.log,u_ex100423.log,u_ex100808.log,u_ex100519.log,u_ex091213.log,u_ex101202.log,u_ex100718.log,u_ex100314.log,u_ex100425.log,u_ex100304.log,u_ex100419.log,u_ex101023.log,u_ex101025.log,u_ex101101.log,u_ex100906.log,u_ex101113.log,u_ex100924.log,u_ex101118.log,u_ex091130.log,u_ex100309.log,u_ex100725.log,u_ex091025.log,u_ex100307.log,u_ex110516.log,u_ex100628.log,u_ex100406.log,u_ex100221.log,u_ex100113.log,u_ex101212.log,u_ex100302.log,u_ex100630.log,u_ex100615.log,u_ex091120.log,u_ex110504.log,u_ex100622.log,u_ex100801.log,u_ex110407.log,u_ex100926.log,u_ex100422.log,u_ex101111.log,u_ex100705.log,u_ex100112.log,u_ex101027.log
[2024-04-11T15:23:54.954+0000] {w3c.py:121} WARNING - calling Clean u_ex101031.log
[2024-04-11T15:23:54.955+0000] {logging_mixin.py:188} INFO - Cleaning  u_ex101031.log
[2024-04-11T15:23:54.955+0000] {w3c.py:78} WARNING - Cleaning u_ex101031.log
[2024-04-11T15:23:54.955+0000] {logging_mixin.py:188} INFO - sort -u /opt/***/data/Staging/DimIP.txt > /opt/***/data/Staging/DimIPUniq.txt
[2024-04-11T15:23:54.981+0000] {w3c.py:121} WARNING - calling Clean u_ex110411.log
[2024-04-11T15:23:54.981+0000] {logging_mixin.py:188} INFO - Cleaning  u_ex110411.log
[2024-04-11T15:23:54.982+0000] {w3c.py:78} WARNING - Cleaning u_ex110411.log
[2024-04-11T15:23:54.982+0000] {logging_mixin.py:188} INFO - sort -u /opt/***/data/Staging/DimIP.txt > /opt/***/data/Staging/DimIPUniq.txt
[2024-04-11T15:23:55.034+0000] {w3c.py:121} WARNING - calling Clean u_ex100626.log
[2024-04-11T15:23:55.035+0000] {logging_mixin.py:188} INFO - Cleaning  u_ex100626.log
[2024-04-11T15:23:55.035+0000] {w3c.py:78} WARNING - Cleaning u_ex100626.log
[2024-04-11T15:23:55.049+0000] {logging_mixin.py:188} INFO - sort -u /opt/***/data/Staging/DimIP.txt > /opt/***/data/Staging/DimIPUniq.txt
[2024-04-11T15:23:55.057+0000] {w3c.py:121} WARNING - calling Clean u_ex100105.log
[2024-04-11T15:23:55.057+0000] {logging_mixin.py:188} INFO - Cleaning  u_ex100105.log
[2024-04-11T15:23:55.057+0000] {w3c.py:78} WARNING - Cleaning u_ex100105.log
[2024-04-11T15:23:55.060+0000] {logging_mixin.py:188} INFO - sort -u /opt/***/data/Staging/DimIP.txt > /opt/***/data/Staging/DimIPUniq.txt
[2024-04-11T15:23:55.079+0000] {w3c.py:121} WARNING - calling Clean u_ex091103.log
[2024-04-11T15:23:55.083+0000] {logging_mixin.py:188} INFO - Cleaning  u_ex091103.log
[2024-04-11T15:23:55.084+0000] {w3c.py:78} WARNING - Cleaning u_ex091103.log
[2024-04-11T15:23:55.084+0000] {logging_mixin.py:188} INFO - sort -u /opt/***/data/Staging/DimIP.txt > /opt/***/data/Staging/DimIPUniq.txt
[2024-04-11T15:23:55.142+0000] {w3c.py:121} WARNING - calling Clean u_ex110510.log
[2024-04-11T15:23:55.143+0000] {logging_mixin.py:188} INFO - Cleaning  u_ex110510.log
[2024-04-11T15:23:55.143+0000] {w3c.py:78} WARNING - Cleaning u_ex110510.log
[2024-04-11T15:23:55.144+0000] {logging_mixin.py:188} INFO - sort -u /opt/***/data/Staging/DimIP.txt > /opt/***/data/Staging/DimIPUniq.txt
[2024-04-11T15:23:55.203+0000] {w3c.py:121} WARNING - calling Clean u_ex100708.log
[2024-04-11T15:23:55.204+0000] {logging_mixin.py:188} INFO - Cleaning  u_ex100708.log
[2024-04-11T15:23:55.204+0000] {w3c.py:78} WARNING - Cleaning u_ex100708.log
[2024-04-11T15:23:55.204+0000] {logging_mixin.py:188} INFO - sort -u /opt/***/data/Staging/DimIP.txt > /opt/***/data/Staging/DimIPUniq.txt
[2024-04-11T15:23:55.239+0000] {w3c.py:121} WARNING - calling Clean u_ex100315.log
[2024-04-11T15:23:55.240+0000] {logging_mixin.py:188} INFO - Cleaning  u_ex100315.log
[2024-04-11T15:23:55.240+0000] {w3c.py:78} WARNING - Cleaning u_ex100315.log
[2024-04-11T15:23:55.241+0000] {logging_mixin.py:188} INFO - sort -u /opt/***/data/Staging/DimIP.txt > /opt/***/data/Staging/DimIPUniq.txt
[2024-04-11T15:23:55.286+0000] {w3c.py:121} WARNING - calling Clean u_ex110306.log
[2024-04-11T15:23:55.287+0000] {logging_mixin.py:188} INFO - Cleaning  u_ex110306.log
[2024-04-11T15:23:55.287+0000] {w3c.py:78} WARNING - Cleaning u_ex110306.log
[2024-04-11T15:23:55.288+0000] {logging_mixin.py:188} INFO - sort -u /opt/***/data/Staging/DimIP.txt > /opt/***/data/Staging/DimIPUniq.txt
[2024-04-11T15:23:55.314+0000] {w3c.py:121} WARNING - calling Clean u_ex100528.log
[2024-04-11T15:23:55.314+0000] {logging_mixin.py:188} INFO - Cleaning  u_ex100528.log
[2024-04-11T15:23:55.315+0000] {w3c.py:78} WARNING - Cleaning u_ex100528.log
[2024-04-11T15:23:55.315+0000] {logging_mixin.py:188} INFO - sort -u /opt/***/data/Staging/DimIP.txt > /opt/***/data/Staging/DimIPUniq.txt
[2024-04-11T15:23:55.333+0000] {w3c.py:121} WARNING - calling Clean u_ex100204.log
[2024-04-11T15:23:55.333+0000] {logging_mixin.py:188} INFO - Cleaning  u_ex100204.log
[2024-04-11T15:23:55.334+0000] {w3c.py:78} WARNING - Cleaning u_ex100204.log
[2024-04-11T15:23:55.334+0000] {logging_mixin.py:188} INFO - sort -u /opt/***/data/Staging/DimIP.txt > /opt/***/data/Staging/DimIPUniq.txt
[2024-04-11T15:23:55.356+0000] {w3c.py:121} WARNING - calling Clean u_ex110218.log
[2024-04-11T15:23:55.356+0000] {logging_mixin.py:188} INFO - Cleaning  u_ex110218.log
[2024-04-11T15:23:55.357+0000] {w3c.py:78} WARNING - Cleaning u_ex110218.log
[2024-04-11T15:23:55.357+0000] {logging_mixin.py:188} INFO - sort -u /opt/***/data/Staging/DimIP.txt > /opt/***/data/Staging/DimIPUniq.txt
[2024-04-11T15:23:55.374+0000] {w3c.py:121} WARNING - calling Clean u_ex100104.log
[2024-04-11T15:23:55.374+0000] {logging_mixin.py:188} INFO - Cleaning  u_ex100104.log
[2024-04-11T15:23:55.375+0000] {w3c.py:78} WARNING - Cleaning u_ex100104.log
[2024-04-11T15:23:55.386+0000] {logging_mixin.py:188} INFO - sort -u /opt/***/data/Staging/DimIP.txt > /opt/***/data/Staging/DimIPUniq.txt
[2024-04-11T15:23:55.401+0000] {w3c.py:121} WARNING - calling Clean u_ex110209.log
[2024-04-11T15:23:55.401+0000] {logging_mixin.py:188} INFO - Cleaning  u_ex110209.log
[2024-04-11T15:23:55.402+0000] {w3c.py:78} WARNING - Cleaning u_ex110209.log
[2024-04-11T15:23:55.402+0000] {logging_mixin.py:188} INFO - sort -u /opt/***/data/Staging/DimIP.txt > /opt/***/data/Staging/DimIPUniq.txt
[2024-04-11T15:23:55.420+0000] {w3c.py:121} WARNING - calling Clean u_ex100916.log
[2024-04-11T15:23:55.420+0000] {logging_mixin.py:188} INFO - Cleaning  u_ex100916.log
[2024-04-11T15:23:55.420+0000] {w3c.py:78} WARNING - Cleaning u_ex100916.log
[2024-04-11T15:23:55.421+0000] {logging_mixin.py:188} INFO - sort -u /opt/***/data/Staging/DimIP.txt > /opt/***/data/Staging/DimIPUniq.txt
[2024-04-11T15:23:55.444+0000] {w3c.py:121} WARNING - calling Clean u_ex100520.log
[2024-04-11T15:23:55.444+0000] {logging_mixin.py:188} INFO - Cleaning  u_ex100520.log
[2024-04-11T15:23:55.445+0000] {w3c.py:78} WARNING - Cleaning u_ex100520.log
[2024-04-11T15:23:55.445+0000] {logging_mixin.py:188} INFO - sort -u /opt/***/data/Staging/DimIP.txt > /opt/***/data/Staging/DimIPUniq.txt
[2024-04-11T15:23:55.455+0000] {w3c.py:121} WARNING - calling Clean u_ex101126.log
[2024-04-11T15:23:55.455+0000] {logging_mixin.py:188} INFO - Cleaning  u_ex101126.log
[2024-04-11T15:23:55.455+0000] {w3c.py:78} WARNING - Cleaning u_ex101126.log
[2024-04-11T15:23:55.456+0000] {logging_mixin.py:188} INFO - sort -u /opt/***/data/Staging/DimIP.txt > /opt/***/data/Staging/DimIPUniq.txt
[2024-04-11T15:23:55.498+0000] {w3c.py:121} WARNING - calling Clean u_ex100205.log
[2024-04-11T15:23:55.498+0000] {logging_mixin.py:188} INFO - Cleaning  u_ex100205.log
[2024-04-11T15:23:55.499+0000] {w3c.py:78} WARNING - Cleaning u_ex100205.log
[2024-04-11T15:23:55.499+0000] {logging_mixin.py:188} INFO - sort -u /opt/***/data/Staging/DimIP.txt > /opt/***/data/Staging/DimIPUniq.txt
[2024-04-11T15:23:55.511+0000] {w3c.py:121} WARNING - calling Clean u_ex110405.log
[2024-04-11T15:23:55.512+0000] {logging_mixin.py:188} INFO - Cleaning  u_ex110405.log
[2024-04-11T15:23:55.512+0000] {w3c.py:78} WARNING - Cleaning u_ex110405.log
[2024-04-11T15:23:55.513+0000] {logging_mixin.py:188} INFO - sort -u /opt/***/data/Staging/DimIP.txt > /opt/***/data/Staging/DimIPUniq.txt
[2024-04-11T15:23:55.538+0000] {w3c.py:121} WARNING - calling Clean u_ex110212.log
[2024-04-11T15:23:55.539+0000] {logging_mixin.py:188} INFO - Cleaning  u_ex110212.log
[2024-04-11T15:23:55.551+0000] {w3c.py:78} WARNING - Cleaning u_ex110212.log
[2024-04-11T15:23:55.552+0000] {logging_mixin.py:188} INFO - sort -u /opt/***/data/Staging/DimIP.txt > /opt/***/data/Staging/DimIPUniq.txt
[2024-04-11T15:23:55.567+0000] {w3c.py:121} WARNING - calling Clean u_ex100430.log
[2024-04-11T15:23:55.580+0000] {logging_mixin.py:188} INFO - Cleaning  u_ex100430.log
[2024-04-11T15:23:55.580+0000] {w3c.py:78} WARNING - Cleaning u_ex100430.log
[2024-04-11T15:23:55.580+0000] {logging_mixin.py:188} INFO - sort -u /opt/***/data/Staging/DimIP.txt > /opt/***/data/Staging/DimIPUniq.txt
[2024-04-11T15:23:55.599+0000] {w3c.py:121} WARNING - calling Clean u_ex100830.log
[2024-04-11T15:23:55.612+0000] {logging_mixin.py:188} INFO - Cleaning  u_ex100830.log
[2024-04-11T15:23:55.612+0000] {w3c.py:78} WARNING - Cleaning u_ex100830.log
[2024-04-11T15:23:55.612+0000] {logging_mixin.py:188} INFO - sort -u /opt/***/data/Staging/DimIP.txt > /opt/***/data/Staging/DimIPUniq.txt
[2024-04-11T15:23:55.629+0000] {w3c.py:121} WARNING - calling Clean u_ex110130.log
[2024-04-11T15:23:55.629+0000] {logging_mixin.py:188} INFO - Cleaning  u_ex110130.log
[2024-04-11T15:23:55.630+0000] {w3c.py:78} WARNING - Cleaning u_ex110130.log
[2024-04-11T15:23:55.630+0000] {logging_mixin.py:188} INFO - sort -u /opt/***/data/Staging/DimIP.txt > /opt/***/data/Staging/DimIPUniq.txt
[2024-04-11T15:23:55.653+0000] {w3c.py:121} WARNING - calling Clean u_ex100526.log
[2024-04-11T15:23:55.654+0000] {logging_mixin.py:188} INFO - Cleaning  u_ex100526.log
[2024-04-11T15:23:55.655+0000] {w3c.py:78} WARNING - Cleaning u_ex100526.log
[2024-04-11T15:23:55.655+0000] {logging_mixin.py:188} INFO - sort -u /opt/***/data/Staging/DimIP.txt > /opt/***/data/Staging/DimIPUniq.txt
[2024-04-11T15:23:55.672+0000] {w3c.py:121} WARNING - calling Clean u_ex091207.log
[2024-04-11T15:23:55.672+0000] {logging_mixin.py:188} INFO - Cleaning  u_ex091207.log
[2024-04-11T15:23:55.673+0000] {w3c.py:78} WARNING - Cleaning u_ex091207.log
[2024-04-11T15:23:55.673+0000] {logging_mixin.py:188} INFO - sort -u /opt/***/data/Staging/DimIP.txt > /opt/***/data/Staging/DimIPUniq.txt
[2024-04-11T15:23:55.726+0000] {w3c.py:121} WARNING - calling Clean u_ex100923.log
[2024-04-11T15:23:55.726+0000] {logging_mixin.py:188} INFO - Cleaning  u_ex100923.log
[2024-04-11T15:23:55.727+0000] {w3c.py:78} WARNING - Cleaning u_ex100923.log
[2024-04-11T15:23:55.727+0000] {logging_mixin.py:188} INFO - sort -u /opt/***/data/Staging/DimIP.txt > /opt/***/data/Staging/DimIPUniq.txt
[2024-04-11T15:23:55.774+0000] {w3c.py:121} WARNING - calling Clean u_ex110119.log
[2024-04-11T15:23:55.775+0000] {logging_mixin.py:188} INFO - Cleaning  u_ex110119.log
[2024-04-11T15:23:55.775+0000] {w3c.py:78} WARNING - Cleaning u_ex110119.log
[2024-04-11T15:23:55.777+0000] {logging_mixin.py:188} INFO - sort -u /opt/***/data/Staging/DimIP.txt > /opt/***/data/Staging/DimIPUniq.txt
[2024-04-11T15:23:55.806+0000] {w3c.py:121} WARNING - calling Clean u_ex110424.log
[2024-04-11T15:23:55.806+0000] {logging_mixin.py:188} INFO - Cleaning  u_ex110424.log
[2024-04-11T15:23:55.807+0000] {w3c.py:78} WARNING - Cleaning u_ex110424.log
[2024-04-11T15:23:55.807+0000] {logging_mixin.py:188} INFO - sort -u /opt/***/data/Staging/DimIP.txt > /opt/***/data/Staging/DimIPUniq.txt
[2024-04-11T15:23:55.830+0000] {w3c.py:121} WARNING - calling Clean u_ex100619.log
[2024-04-11T15:23:55.831+0000] {logging_mixin.py:188} INFO - Cleaning  u_ex100619.log
[2024-04-11T15:23:55.835+0000] {w3c.py:78} WARNING - Cleaning u_ex100619.log
[2024-04-11T15:23:55.836+0000] {logging_mixin.py:188} INFO - sort -u /opt/***/data/Staging/DimIP.txt > /opt/***/data/Staging/DimIPUniq.txt
[2024-04-11T15:23:55.851+0000] {w3c.py:121} WARNING - calling Clean u_ex100714.log
[2024-04-11T15:23:55.852+0000] {logging_mixin.py:188} INFO - Cleaning  u_ex100714.log
[2024-04-11T15:23:55.852+0000] {w3c.py:78} WARNING - Cleaning u_ex100714.log
[2024-04-11T15:23:55.852+0000] {logging_mixin.py:188} INFO - sort -u /opt/***/data/Staging/DimIP.txt > /opt/***/data/Staging/DimIPUniq.txt
[2024-04-11T15:23:55.872+0000] {w3c.py:121} WARNING - calling Clean u_ex100106.log
[2024-04-11T15:23:55.873+0000] {logging_mixin.py:188} INFO - Cleaning  u_ex100106.log
[2024-04-11T15:23:55.873+0000] {w3c.py:78} WARNING - Cleaning u_ex100106.log
[2024-04-11T15:23:55.873+0000] {logging_mixin.py:188} INFO - sort -u /opt/***/data/Staging/DimIP.txt > /opt/***/data/Staging/DimIPUniq.txt
[2024-04-11T15:23:55.931+0000] {w3c.py:121} WARNING - calling Clean u_ex091024.log
[2024-04-11T15:23:55.932+0000] {logging_mixin.py:188} INFO - Cleaning  u_ex091024.log
[2024-04-11T15:23:55.932+0000] {w3c.py:78} WARNING - Cleaning u_ex091024.log
[2024-04-11T15:23:55.933+0000] {logging_mixin.py:188} INFO - sort -u /opt/***/data/Staging/DimIP.txt > /opt/***/data/Staging/DimIPUniq.txt
[2024-04-11T15:23:55.933+0000] {w3c.py:121} WARNING - calling Clean u_ex101020.log
[2024-04-11T15:23:55.934+0000] {logging_mixin.py:188} INFO - Cleaning  u_ex101020.log
[2024-04-11T15:23:55.934+0000] {w3c.py:78} WARNING - Cleaning u_ex101020.log
[2024-04-11T15:23:55.935+0000] {logging_mixin.py:188} INFO - sort -u /opt/***/data/Staging/DimIP.txt > /opt/***/data/Staging/DimIPUniq.txt
[2024-04-11T15:23:55.952+0000] {w3c.py:121} WARNING - calling Clean u_ex110205.log
[2024-04-11T15:23:55.953+0000] {logging_mixin.py:188} INFO - Cleaning  u_ex110205.log
[2024-04-11T15:23:55.953+0000] {w3c.py:78} WARNING - Cleaning u_ex110205.log
[2024-04-11T15:23:55.954+0000] {logging_mixin.py:188} INFO - sort -u /opt/***/data/Staging/DimIP.txt > /opt/***/data/Staging/DimIPUniq.txt
[2024-04-11T15:23:55.957+0000] {w3c.py:121} WARNING - calling Clean u_ex100809.log
[2024-04-11T15:23:55.958+0000] {logging_mixin.py:188} INFO - Cleaning  u_ex100809.log
[2024-04-11T15:23:55.958+0000] {w3c.py:78} WARNING - Cleaning u_ex100809.log
[2024-04-11T15:23:55.958+0000] {logging_mixin.py:188} INFO - sort -u /opt/***/data/Staging/DimIP.txt > /opt/***/data/Staging/DimIPUniq.txt
[2024-04-11T15:23:56.002+0000] {w3c.py:121} WARNING - calling Clean u_ex091106.log
[2024-04-11T15:23:56.002+0000] {logging_mixin.py:188} INFO - Cleaning  u_ex091106.log
[2024-04-11T15:23:56.003+0000] {w3c.py:78} WARNING - Cleaning u_ex091106.log
[2024-04-11T15:23:56.003+0000] {logging_mixin.py:188} INFO - sort -u /opt/***/data/Staging/DimIP.txt > /opt/***/data/Staging/DimIPUniq.txt
[2024-04-11T15:23:56.004+0000] {w3c.py:121} WARNING - calling Clean u_ex091211.log
[2024-04-11T15:23:56.005+0000] {logging_mixin.py:188} INFO - Cleaning  u_ex091211.log
[2024-04-11T15:23:56.005+0000] {w3c.py:78} WARNING - Cleaning u_ex091211.log
[2024-04-11T15:23:56.005+0000] {logging_mixin.py:188} INFO - sort -u /opt/***/data/Staging/DimIP.txt > /opt/***/data/Staging/DimIPUniq.txt
[2024-04-11T15:23:56.025+0000] {w3c.py:121} WARNING - calling Clean u_ex100322.log
[2024-04-11T15:23:56.026+0000] {logging_mixin.py:188} INFO - Cleaning  u_ex100322.log
[2024-04-11T15:23:56.026+0000] {w3c.py:78} WARNING - Cleaning u_ex100322.log
[2024-04-11T15:23:56.026+0000] {logging_mixin.py:188} INFO - sort -u /opt/***/data/Staging/DimIP.txt > /opt/***/data/Staging/DimIPUniq.txt
[2024-04-11T15:23:56.049+0000] {w3c.py:121} WARNING - calling Clean u_ex100117.log
[2024-04-11T15:23:56.050+0000] {logging_mixin.py:188} INFO - Cleaning  u_ex100117.log
[2024-04-11T15:23:56.050+0000] {w3c.py:78} WARNING - Cleaning u_ex100117.log
[2024-04-11T15:23:56.050+0000] {logging_mixin.py:188} INFO - sort -u /opt/***/data/Staging/DimIP.txt > /opt/***/data/Staging/DimIPUniq.txt
[2024-04-11T15:23:56.070+0000] {w3c.py:121} WARNING - calling Clean u_ex101225.log
[2024-04-11T15:23:56.070+0000] {logging_mixin.py:188} INFO - Cleaning  u_ex101225.log
[2024-04-11T15:23:56.071+0000] {w3c.py:78} WARNING - Cleaning u_ex101225.log
[2024-04-11T15:23:56.074+0000] {logging_mixin.py:188} INFO - sort -u /opt/***/data/Staging/DimIP.txt > /opt/***/data/Staging/DimIPUniq.txt
[2024-04-11T15:23:56.078+0000] {w3c.py:121} WARNING - calling Clean u_ex100424.log
[2024-04-11T15:23:56.078+0000] {logging_mixin.py:188} INFO - Cleaning  u_ex100424.log
[2024-04-11T15:23:56.078+0000] {w3c.py:78} WARNING - Cleaning u_ex100424.log
[2024-04-11T15:23:56.079+0000] {logging_mixin.py:188} INFO - sort -u /opt/***/data/Staging/DimIP.txt > /opt/***/data/Staging/DimIPUniq.txt
[2024-04-11T15:23:56.098+0000] {w3c.py:121} WARNING - calling Clean u_ex091102.log
[2024-04-11T15:23:56.098+0000] {logging_mixin.py:188} INFO - Cleaning  u_ex091102.log
[2024-04-11T15:23:56.099+0000] {w3c.py:78} WARNING - Cleaning u_ex091102.log
[2024-04-11T15:23:56.121+0000] {logging_mixin.py:188} INFO - sort -u /opt/***/data/Staging/DimIP.txt > /opt/***/data/Staging/DimIPUniq.txt
[2024-04-11T15:23:56.148+0000] {w3c.py:121} WARNING - calling Clean u_ex091123.log
[2024-04-11T15:23:56.148+0000] {logging_mixin.py:188} INFO - Cleaning  u_ex091123.log
[2024-04-11T15:23:56.149+0000] {w3c.py:78} WARNING - Cleaning u_ex091123.log
[2024-04-11T15:23:56.149+0000] {logging_mixin.py:188} INFO - sort -u /opt/***/data/Staging/DimIP.txt > /opt/***/data/Staging/DimIPUniq.txt
[2024-04-11T15:23:56.167+0000] {w3c.py:121} WARNING - calling Clean u_ex100629.log
[2024-04-11T15:23:56.169+0000] {logging_mixin.py:188} INFO - Cleaning  u_ex100629.log
[2024-04-11T15:23:56.169+0000] {w3c.py:78} WARNING - Cleaning u_ex100629.log
[2024-04-11T15:23:56.169+0000] {logging_mixin.py:188} INFO - sort -u /opt/***/data/Staging/DimIP.txt > /opt/***/data/Staging/DimIPUniq.txt
[2024-04-11T15:23:56.177+0000] {w3c.py:121} WARNING - calling Clean u_ex100612.log
[2024-04-11T15:23:56.177+0000] {logging_mixin.py:188} INFO - Cleaning  u_ex100612.log
[2024-04-11T15:23:56.179+0000] {w3c.py:78} WARNING - Cleaning u_ex100612.log
[2024-04-11T15:23:56.179+0000] {logging_mixin.py:188} INFO - sort -u /opt/***/data/Staging/DimIP.txt > /opt/***/data/Staging/DimIPUniq.txt
[2024-04-11T15:23:56.187+0000] {w3c.py:121} WARNING - calling Clean u_ex100912.log
[2024-04-11T15:23:56.187+0000] {logging_mixin.py:188} INFO - Cleaning  u_ex100912.log
[2024-04-11T15:23:56.187+0000] {w3c.py:78} WARNING - Cleaning u_ex100912.log
[2024-04-11T15:23:56.189+0000] {logging_mixin.py:188} INFO - sort -u /opt/***/data/Staging/DimIP.txt > /opt/***/data/Staging/DimIPUniq.txt
[2024-04-11T15:23:56.205+0000] {w3c.py:121} WARNING - calling Clean u_ex101215.log
[2024-04-11T15:23:56.205+0000] {logging_mixin.py:188} INFO - Cleaning  u_ex101215.log
[2024-04-11T15:23:56.205+0000] {w3c.py:78} WARNING - Cleaning u_ex101215.log
[2024-04-11T15:23:56.206+0000] {logging_mixin.py:188} INFO - sort -u /opt/***/data/Staging/DimIP.txt > /opt/***/data/Staging/DimIPUniq.txt
[2024-04-11T15:23:56.233+0000] {w3c.py:121} WARNING - calling Clean u_ex100131.log
[2024-04-11T15:23:56.244+0000] {logging_mixin.py:188} INFO - Cleaning  u_ex100131.log
[2024-04-11T15:23:56.244+0000] {w3c.py:78} WARNING - Cleaning u_ex100131.log
[2024-04-11T15:23:56.244+0000] {logging_mixin.py:188} INFO - sort -u /opt/***/data/Staging/DimIP.txt > /opt/***/data/Staging/DimIPUniq.txt
[2024-04-11T15:23:56.259+0000] {w3c.py:121} WARNING - calling Clean u_ex101223.log
[2024-04-11T15:23:56.259+0000] {logging_mixin.py:188} INFO - Cleaning  u_ex101223.log
[2024-04-11T15:23:56.259+0000] {w3c.py:78} WARNING - Cleaning u_ex101223.log
[2024-04-11T15:23:56.260+0000] {logging_mixin.py:188} INFO - sort -u /opt/***/data/Staging/DimIP.txt > /opt/***/data/Staging/DimIPUniq.txt
[2024-04-11T15:23:56.285+0000] {w3c.py:121} WARNING - calling Clean u_ex110427.log
[2024-04-11T15:23:56.286+0000] {logging_mixin.py:188} INFO - Cleaning  u_ex110427.log
[2024-04-11T15:23:56.286+0000] {w3c.py:78} WARNING - Cleaning u_ex110427.log
[2024-04-11T15:23:56.286+0000] {logging_mixin.py:188} INFO - sort -u /opt/***/data/Staging/DimIP.txt > /opt/***/data/Staging/DimIPUniq.txt
[2024-04-11T15:23:56.336+0000] {w3c.py:121} WARNING - calling Clean u_ex101008.log
[2024-04-11T15:23:56.337+0000] {logging_mixin.py:188} INFO - Cleaning  u_ex101008.log
[2024-04-11T15:23:56.337+0000] {w3c.py:78} WARNING - Cleaning u_ex101008.log
[2024-04-11T15:23:56.338+0000] {logging_mixin.py:188} INFO - sort -u /opt/***/data/Staging/DimIP.txt > /opt/***/data/Staging/DimIPUniq.txt
[2024-04-11T15:23:56.372+0000] {w3c.py:121} WARNING - calling Clean u_ex100423.log
[2024-04-11T15:23:56.373+0000] {logging_mixin.py:188} INFO - Cleaning  u_ex100423.log
[2024-04-11T15:23:56.373+0000] {w3c.py:78} WARNING - Cleaning u_ex100423.log
[2024-04-11T15:23:56.374+0000] {logging_mixin.py:188} INFO - sort -u /opt/***/data/Staging/DimIP.txt > /opt/***/data/Staging/DimIPUniq.txt
[2024-04-11T15:23:56.409+0000] {w3c.py:121} WARNING - calling Clean u_ex100808.log
[2024-04-11T15:23:56.409+0000] {logging_mixin.py:188} INFO - Cleaning  u_ex100808.log
[2024-04-11T15:23:56.410+0000] {w3c.py:78} WARNING - Cleaning u_ex100808.log
[2024-04-11T15:23:56.410+0000] {logging_mixin.py:188} INFO - sort -u /opt/***/data/Staging/DimIP.txt > /opt/***/data/Staging/DimIPUniq.txt
[2024-04-11T15:23:56.421+0000] {w3c.py:121} WARNING - calling Clean u_ex100519.log
[2024-04-11T15:23:56.421+0000] {logging_mixin.py:188} INFO - Cleaning  u_ex100519.log
[2024-04-11T15:23:56.422+0000] {w3c.py:78} WARNING - Cleaning u_ex100519.log
[2024-04-11T15:23:56.422+0000] {logging_mixin.py:188} INFO - sort -u /opt/***/data/Staging/DimIP.txt > /opt/***/data/Staging/DimIPUniq.txt
[2024-04-11T15:23:56.444+0000] {w3c.py:121} WARNING - calling Clean u_ex091213.log
[2024-04-11T15:23:56.444+0000] {logging_mixin.py:188} INFO - Cleaning  u_ex091213.log
[2024-04-11T15:23:56.445+0000] {w3c.py:78} WARNING - Cleaning u_ex091213.log
[2024-04-11T15:23:56.445+0000] {logging_mixin.py:188} INFO - sort -u /opt/***/data/Staging/DimIP.txt > /opt/***/data/Staging/DimIPUniq.txt
[2024-04-11T15:23:56.464+0000] {w3c.py:121} WARNING - calling Clean u_ex101202.log
[2024-04-11T15:23:56.465+0000] {logging_mixin.py:188} INFO - Cleaning  u_ex101202.log
[2024-04-11T15:23:56.465+0000] {w3c.py:78} WARNING - Cleaning u_ex101202.log
[2024-04-11T15:23:56.465+0000] {logging_mixin.py:188} INFO - sort -u /opt/***/data/Staging/DimIP.txt > /opt/***/data/Staging/DimIPUniq.txt
[2024-04-11T15:23:56.484+0000] {w3c.py:121} WARNING - calling Clean u_ex100718.log
[2024-04-11T15:23:56.484+0000] {logging_mixin.py:188} INFO - Cleaning  u_ex100718.log
[2024-04-11T15:23:56.485+0000] {w3c.py:78} WARNING - Cleaning u_ex100718.log
[2024-04-11T15:23:56.485+0000] {logging_mixin.py:188} INFO - sort -u /opt/***/data/Staging/DimIP.txt > /opt/***/data/Staging/DimIPUniq.txt
[2024-04-11T15:23:56.509+0000] {w3c.py:121} WARNING - calling Clean u_ex100314.log
[2024-04-11T15:23:56.510+0000] {logging_mixin.py:188} INFO - Cleaning  u_ex100314.log
[2024-04-11T15:23:56.511+0000] {w3c.py:78} WARNING - Cleaning u_ex100314.log
[2024-04-11T15:23:56.511+0000] {logging_mixin.py:188} INFO - sort -u /opt/***/data/Staging/DimIP.txt > /opt/***/data/Staging/DimIPUniq.txt
[2024-04-11T15:23:56.558+0000] {w3c.py:121} WARNING - calling Clean u_ex100425.log
[2024-04-11T15:23:56.559+0000] {logging_mixin.py:188} INFO - Cleaning  u_ex100425.log
[2024-04-11T15:23:56.577+0000] {w3c.py:78} WARNING - Cleaning u_ex100425.log
[2024-04-11T15:23:56.578+0000] {logging_mixin.py:188} INFO - sort -u /opt/***/data/Staging/DimIP.txt > /opt/***/data/Staging/DimIPUniq.txt
[2024-04-11T15:23:56.606+0000] {w3c.py:121} WARNING - calling Clean u_ex100304.log
[2024-04-11T15:23:56.606+0000] {logging_mixin.py:188} INFO - Cleaning  u_ex100304.log
[2024-04-11T15:23:56.607+0000] {w3c.py:78} WARNING - Cleaning u_ex100304.log
[2024-04-11T15:23:56.607+0000] {logging_mixin.py:188} INFO - sort -u /opt/***/data/Staging/DimIP.txt > /opt/***/data/Staging/DimIPUniq.txt
[2024-04-11T15:23:56.624+0000] {w3c.py:121} WARNING - calling Clean u_ex100419.log
[2024-04-11T15:23:56.624+0000] {logging_mixin.py:188} INFO - Cleaning  u_ex100419.log
[2024-04-11T15:23:56.625+0000] {w3c.py:78} WARNING - Cleaning u_ex100419.log
[2024-04-11T15:23:56.625+0000] {logging_mixin.py:188} INFO - sort -u /opt/***/data/Staging/DimIP.txt > /opt/***/data/Staging/DimIPUniq.txt
[2024-04-11T15:23:56.631+0000] {w3c.py:121} WARNING - calling Clean u_ex101023.log
[2024-04-11T15:23:56.640+0000] {logging_mixin.py:188} INFO - Cleaning  u_ex101023.log
[2024-04-11T15:23:56.640+0000] {w3c.py:78} WARNING - Cleaning u_ex101023.log
[2024-04-11T15:23:56.640+0000] {logging_mixin.py:188} INFO - sort -u /opt/***/data/Staging/DimIP.txt > /opt/***/data/Staging/DimIPUniq.txt
[2024-04-11T15:23:56.653+0000] {w3c.py:121} WARNING - calling Clean u_ex101025.log
[2024-04-11T15:23:56.653+0000] {logging_mixin.py:188} INFO - Cleaning  u_ex101025.log
[2024-04-11T15:23:56.654+0000] {w3c.py:78} WARNING - Cleaning u_ex101025.log
[2024-04-11T15:23:56.654+0000] {logging_mixin.py:188} INFO - sort -u /opt/***/data/Staging/DimIP.txt > /opt/***/data/Staging/DimIPUniq.txt
[2024-04-11T15:23:56.668+0000] {w3c.py:121} WARNING - calling Clean u_ex101101.log
[2024-04-11T15:23:56.669+0000] {logging_mixin.py:188} INFO - Cleaning  u_ex101101.log
[2024-04-11T15:23:56.669+0000] {w3c.py:78} WARNING - Cleaning u_ex101101.log
[2024-04-11T15:23:56.669+0000] {logging_mixin.py:188} INFO - sort -u /opt/***/data/Staging/DimIP.txt > /opt/***/data/Staging/DimIPUniq.txt
[2024-04-11T15:23:56.689+0000] {w3c.py:121} WARNING - calling Clean u_ex100906.log
[2024-04-11T15:23:56.690+0000] {logging_mixin.py:188} INFO - Cleaning  u_ex100906.log
[2024-04-11T15:23:56.690+0000] {w3c.py:78} WARNING - Cleaning u_ex100906.log
[2024-04-11T15:23:56.691+0000] {logging_mixin.py:188} INFO - sort -u /opt/***/data/Staging/DimIP.txt > /opt/***/data/Staging/DimIPUniq.txt
[2024-04-11T15:23:56.703+0000] {w3c.py:121} WARNING - calling Clean u_ex101113.log
[2024-04-11T15:23:56.703+0000] {logging_mixin.py:188} INFO - Cleaning  u_ex101113.log
[2024-04-11T15:23:56.704+0000] {w3c.py:78} WARNING - Cleaning u_ex101113.log
[2024-04-11T15:23:56.704+0000] {logging_mixin.py:188} INFO - sort -u /opt/***/data/Staging/DimIP.txt > /opt/***/data/Staging/DimIPUniq.txt
[2024-04-11T15:23:56.724+0000] {w3c.py:121} WARNING - calling Clean u_ex100924.log
[2024-04-11T15:23:56.724+0000] {logging_mixin.py:188} INFO - Cleaning  u_ex100924.log
[2024-04-11T15:23:56.725+0000] {w3c.py:78} WARNING - Cleaning u_ex100924.log
[2024-04-11T15:23:56.725+0000] {logging_mixin.py:188} INFO - sort -u /opt/***/data/Staging/DimIP.txt > /opt/***/data/Staging/DimIPUniq.txt
[2024-04-11T15:23:56.739+0000] {w3c.py:121} WARNING - calling Clean u_ex101118.log
[2024-04-11T15:23:56.739+0000] {logging_mixin.py:188} INFO - Cleaning  u_ex101118.log
[2024-04-11T15:23:56.740+0000] {w3c.py:78} WARNING - Cleaning u_ex101118.log
[2024-04-11T15:23:56.740+0000] {logging_mixin.py:188} INFO - sort -u /opt/***/data/Staging/DimIP.txt > /opt/***/data/Staging/DimIPUniq.txt
[2024-04-11T15:23:56.772+0000] {w3c.py:121} WARNING - calling Clean u_ex091130.log
[2024-04-11T15:23:56.773+0000] {logging_mixin.py:188} INFO - Cleaning  u_ex091130.log
[2024-04-11T15:23:56.773+0000] {w3c.py:78} WARNING - Cleaning u_ex091130.log
[2024-04-11T15:23:56.774+0000] {logging_mixin.py:188} INFO - sort -u /opt/***/data/Staging/DimIP.txt > /opt/***/data/Staging/DimIPUniq.txt
[2024-04-11T15:23:56.778+0000] {logging_mixin.py:188} INFO - Fault 26
[2024-04-11T15:23:56.798+0000] {logging_mixin.py:188} INFO - Fault 10
[2024-04-11T15:23:56.807+0000] {logging_mixin.py:188} INFO - Fault 6
[2024-04-11T15:23:56.810+0000] {w3c.py:121} WARNING - calling Clean u_ex100309.log
[2024-04-11T15:23:56.810+0000] {logging_mixin.py:188} INFO - Cleaning  u_ex100309.log
[2024-04-11T15:23:56.811+0000] {w3c.py:78} WARNING - Cleaning u_ex100309.log
[2024-04-11T15:23:56.811+0000] {logging_mixin.py:188} INFO - sort -u /opt/***/data/Staging/DimIP.txt > /opt/***/data/Staging/DimIPUniq.txt
[2024-04-11T15:23:56.825+0000] {w3c.py:121} WARNING - calling Clean u_ex100725.log
[2024-04-11T15:23:56.825+0000] {logging_mixin.py:188} INFO - Cleaning  u_ex100725.log
[2024-04-11T15:23:56.826+0000] {w3c.py:78} WARNING - Cleaning u_ex100725.log
[2024-04-11T15:23:56.826+0000] {logging_mixin.py:188} INFO - sort -u /opt/***/data/Staging/DimIP.txt > /opt/***/data/Staging/DimIPUniq.txt
[2024-04-11T15:23:56.846+0000] {w3c.py:121} WARNING - calling Clean u_ex091025.log
[2024-04-11T15:23:56.846+0000] {logging_mixin.py:188} INFO - Cleaning  u_ex091025.log
[2024-04-11T15:23:56.847+0000] {w3c.py:78} WARNING - Cleaning u_ex091025.log
[2024-04-11T15:23:56.847+0000] {logging_mixin.py:188} INFO - sort -u /opt/***/data/Staging/DimIP.txt > /opt/***/data/Staging/DimIPUniq.txt
[2024-04-11T15:23:56.853+0000] {w3c.py:121} WARNING - calling Clean u_ex100307.log
[2024-04-11T15:23:56.854+0000] {logging_mixin.py:188} INFO - Cleaning  u_ex100307.log
[2024-04-11T15:23:56.854+0000] {w3c.py:78} WARNING - Cleaning u_ex100307.log
[2024-04-11T15:23:56.854+0000] {logging_mixin.py:188} INFO - sort -u /opt/***/data/Staging/DimIP.txt > /opt/***/data/Staging/DimIPUniq.txt
[2024-04-11T15:23:56.867+0000] {w3c.py:121} WARNING - calling Clean u_ex110516.log
[2024-04-11T15:23:56.867+0000] {logging_mixin.py:188} INFO - Cleaning  u_ex110516.log
[2024-04-11T15:23:56.868+0000] {w3c.py:78} WARNING - Cleaning u_ex110516.log
[2024-04-11T15:23:56.868+0000] {logging_mixin.py:188} INFO - sort -u /opt/***/data/Staging/DimIP.txt > /opt/***/data/Staging/DimIPUniq.txt
[2024-04-11T15:23:56.891+0000] {w3c.py:121} WARNING - calling Clean u_ex100628.log
[2024-04-11T15:23:56.891+0000] {logging_mixin.py:188} INFO - Cleaning  u_ex100628.log
[2024-04-11T15:23:56.892+0000] {w3c.py:78} WARNING - Cleaning u_ex100628.log
[2024-04-11T15:23:56.892+0000] {logging_mixin.py:188} INFO - sort -u /opt/***/data/Staging/DimIP.txt > /opt/***/data/Staging/DimIPUniq.txt
[2024-04-11T15:23:56.908+0000] {w3c.py:121} WARNING - calling Clean u_ex100406.log
[2024-04-11T15:23:56.908+0000] {logging_mixin.py:188} INFO - Cleaning  u_ex100406.log
[2024-04-11T15:23:56.909+0000] {w3c.py:78} WARNING - Cleaning u_ex100406.log
[2024-04-11T15:23:56.909+0000] {logging_mixin.py:188} INFO - sort -u /opt/***/data/Staging/DimIP.txt > /opt/***/data/Staging/DimIPUniq.txt
[2024-04-11T15:23:56.921+0000] {w3c.py:121} WARNING - calling Clean u_ex100221.log
[2024-04-11T15:23:56.922+0000] {logging_mixin.py:188} INFO - Cleaning  u_ex100221.log
[2024-04-11T15:23:56.922+0000] {w3c.py:78} WARNING - Cleaning u_ex100221.log
[2024-04-11T15:23:56.922+0000] {logging_mixin.py:188} INFO - sort -u /opt/***/data/Staging/DimIP.txt > /opt/***/data/Staging/DimIPUniq.txt
[2024-04-11T15:23:56.933+0000] {w3c.py:121} WARNING - calling Clean u_ex100113.log
[2024-04-11T15:23:56.933+0000] {logging_mixin.py:188} INFO - Cleaning  u_ex100113.log
[2024-04-11T15:23:56.934+0000] {w3c.py:78} WARNING - Cleaning u_ex100113.log
[2024-04-11T15:23:56.934+0000] {logging_mixin.py:188} INFO - sort -u /opt/***/data/Staging/DimIP.txt > /opt/***/data/Staging/DimIPUniq.txt
[2024-04-11T15:23:56.944+0000] {w3c.py:121} WARNING - calling Clean u_ex101212.log
[2024-04-11T15:23:56.945+0000] {logging_mixin.py:188} INFO - Cleaning  u_ex101212.log
[2024-04-11T15:23:56.945+0000] {w3c.py:78} WARNING - Cleaning u_ex101212.log
[2024-04-11T15:23:56.945+0000] {logging_mixin.py:188} INFO - sort -u /opt/***/data/Staging/DimIP.txt > /opt/***/data/Staging/DimIPUniq.txt
[2024-04-11T15:23:56.952+0000] {w3c.py:121} WARNING - calling Clean u_ex100302.log
[2024-04-11T15:23:56.953+0000] {logging_mixin.py:188} INFO - Cleaning  u_ex100302.log
[2024-04-11T15:23:56.953+0000] {w3c.py:78} WARNING - Cleaning u_ex100302.log
[2024-04-11T15:23:56.954+0000] {logging_mixin.py:188} INFO - sort -u /opt/***/data/Staging/DimIP.txt > /opt/***/data/Staging/DimIPUniq.txt
[2024-04-11T15:23:56.964+0000] {w3c.py:121} WARNING - calling Clean u_ex100630.log
[2024-04-11T15:23:56.964+0000] {logging_mixin.py:188} INFO - Cleaning  u_ex100630.log
[2024-04-11T15:23:56.965+0000] {w3c.py:78} WARNING - Cleaning u_ex100630.log
[2024-04-11T15:23:56.965+0000] {logging_mixin.py:188} INFO - sort -u /opt/***/data/Staging/DimIP.txt > /opt/***/data/Staging/DimIPUniq.txt
[2024-04-11T15:23:56.968+0000] {w3c.py:121} WARNING - calling Clean u_ex100615.log
[2024-04-11T15:23:56.969+0000] {logging_mixin.py:188} INFO - Cleaning  u_ex100615.log
[2024-04-11T15:23:56.969+0000] {w3c.py:78} WARNING - Cleaning u_ex100615.log
[2024-04-11T15:23:56.969+0000] {logging_mixin.py:188} INFO - sort -u /opt/***/data/Staging/DimIP.txt > /opt/***/data/Staging/DimIPUniq.txt
[2024-04-11T15:23:56.973+0000] {w3c.py:121} WARNING - calling Clean u_ex091120.log
[2024-04-11T15:23:56.974+0000] {logging_mixin.py:188} INFO - Cleaning  u_ex091120.log
[2024-04-11T15:23:56.974+0000] {w3c.py:78} WARNING - Cleaning u_ex091120.log
[2024-04-11T15:23:56.974+0000] {logging_mixin.py:188} INFO - sort -u /opt/***/data/Staging/DimIP.txt > /opt/***/data/Staging/DimIPUniq.txt
[2024-04-11T15:23:56.978+0000] {w3c.py:121} WARNING - calling Clean u_ex110504.log
[2024-04-11T15:23:56.978+0000] {logging_mixin.py:188} INFO - Cleaning  u_ex110504.log
[2024-04-11T15:23:56.979+0000] {w3c.py:78} WARNING - Cleaning u_ex110504.log
[2024-04-11T15:23:56.979+0000] {logging_mixin.py:188} INFO - sort -u /opt/***/data/Staging/DimIP.txt > /opt/***/data/Staging/DimIPUniq.txt
[2024-04-11T15:23:56.985+0000] {w3c.py:121} WARNING - calling Clean u_ex100622.log
[2024-04-11T15:23:56.986+0000] {logging_mixin.py:188} INFO - Cleaning  u_ex100622.log
[2024-04-11T15:23:56.986+0000] {w3c.py:78} WARNING - Cleaning u_ex100622.log
[2024-04-11T15:23:56.986+0000] {logging_mixin.py:188} INFO - sort -u /opt/***/data/Staging/DimIP.txt > /opt/***/data/Staging/DimIPUniq.txt
[2024-04-11T15:23:56.992+0000] {w3c.py:121} WARNING - calling Clean u_ex100801.log
[2024-04-11T15:23:56.992+0000] {logging_mixin.py:188} INFO - Cleaning  u_ex100801.log
[2024-04-11T15:23:56.992+0000] {w3c.py:78} WARNING - Cleaning u_ex100801.log
[2024-04-11T15:23:56.993+0000] {logging_mixin.py:188} INFO - sort -u /opt/***/data/Staging/DimIP.txt > /opt/***/data/Staging/DimIPUniq.txt
[2024-04-11T15:23:56.996+0000] {w3c.py:121} WARNING - calling Clean u_ex110407.log
[2024-04-11T15:23:56.996+0000] {logging_mixin.py:188} INFO - Cleaning  u_ex110407.log
[2024-04-11T15:23:56.997+0000] {w3c.py:78} WARNING - Cleaning u_ex110407.log
[2024-04-11T15:23:56.997+0000] {logging_mixin.py:188} INFO - sort -u /opt/***/data/Staging/DimIP.txt > /opt/***/data/Staging/DimIPUniq.txt
[2024-04-11T15:23:57.005+0000] {w3c.py:121} WARNING - calling Clean u_ex100926.log
[2024-04-11T15:23:57.006+0000] {logging_mixin.py:188} INFO - Cleaning  u_ex100926.log
[2024-04-11T15:23:57.006+0000] {w3c.py:78} WARNING - Cleaning u_ex100926.log
[2024-04-11T15:23:57.006+0000] {logging_mixin.py:188} INFO - sort -u /opt/***/data/Staging/DimIP.txt > /opt/***/data/Staging/DimIPUniq.txt
[2024-04-11T15:23:57.012+0000] {w3c.py:121} WARNING - calling Clean u_ex100422.log
[2024-04-11T15:23:57.012+0000] {logging_mixin.py:188} INFO - Cleaning  u_ex100422.log
[2024-04-11T15:23:57.013+0000] {w3c.py:78} WARNING - Cleaning u_ex100422.log
[2024-04-11T15:23:57.013+0000] {logging_mixin.py:188} INFO - sort -u /opt/***/data/Staging/DimIP.txt > /opt/***/data/Staging/DimIPUniq.txt
[2024-04-11T15:23:57.020+0000] {w3c.py:121} WARNING - calling Clean u_ex101111.log
[2024-04-11T15:23:57.020+0000] {logging_mixin.py:188} INFO - Cleaning  u_ex101111.log
[2024-04-11T15:23:57.020+0000] {w3c.py:78} WARNING - Cleaning u_ex101111.log
[2024-04-11T15:23:57.021+0000] {logging_mixin.py:188} INFO - sort -u /opt/***/data/Staging/DimIP.txt > /opt/***/data/Staging/DimIPUniq.txt
[2024-04-11T15:23:57.027+0000] {w3c.py:121} WARNING - calling Clean u_ex100705.log
[2024-04-11T15:23:57.027+0000] {logging_mixin.py:188} INFO - Cleaning  u_ex100705.log
[2024-04-11T15:23:57.028+0000] {w3c.py:78} WARNING - Cleaning u_ex100705.log
[2024-04-11T15:23:57.028+0000] {logging_mixin.py:188} INFO - sort -u /opt/***/data/Staging/DimIP.txt > /opt/***/data/Staging/DimIPUniq.txt
[2024-04-11T15:23:57.033+0000] {w3c.py:121} WARNING - calling Clean u_ex100112.log
[2024-04-11T15:23:57.033+0000] {logging_mixin.py:188} INFO - Cleaning  u_ex100112.log
[2024-04-11T15:23:57.033+0000] {w3c.py:78} WARNING - Cleaning u_ex100112.log
[2024-04-11T15:23:57.034+0000] {logging_mixin.py:188} INFO - sort -u /opt/***/data/Staging/DimIP.txt > /opt/***/data/Staging/DimIPUniq.txt
[2024-04-11T15:23:57.050+0000] {w3c.py:121} WARNING - calling Clean u_ex101027.log
[2024-04-11T15:23:57.051+0000] {logging_mixin.py:188} INFO - Cleaning  u_ex101027.log
[2024-04-11T15:23:57.051+0000] {w3c.py:78} WARNING - Cleaning u_ex101027.log
[2024-04-11T15:23:57.052+0000] {logging_mixin.py:188} INFO - sort -u /opt/***/data/Staging/DimIP.txt > /opt/***/data/Staging/DimIPUniq.txt
[2024-04-11T15:23:57.063+0000] {python.py:237} INFO - Done. Returned value was: None
[2024-04-11T15:23:57.064+0000] {taskinstance.py:441} INFO - ::group::Post task execution logs
[2024-04-11T15:23:57.082+0000] {taskinstance.py:1205} INFO - Marking task as SUCCESS. dag_id=Process_W3_Data, task_id=RemoveHash, execution_date=20240411T152347, start_date=20240411T152354, end_date=20240411T152357
[2024-04-11T15:23:57.122+0000] {local_task_job_runner.py:240} INFO - Task exited with return code 0
[2024-04-11T15:23:57.176+0000] {taskinstance.py:3482} INFO - 1 downstream tasks scheduled from follow-on schedule check
[2024-04-11T15:23:57.182+0000] {local_task_job_runner.py:222} INFO - ::endgroup::
