[2024-04-11T15:14:14.928+0000] {local_task_job_runner.py:120} INFO - ::group::Pre task execution logs
[2024-04-11T15:14:14.988+0000] {taskinstance.py:2073} INFO - Dependencies all met for dep_context=non-requeueable deps ti=<TaskInstance: Process_W3_Data.IPTable manual__2024-04-11T15:13:45.312676+00:00 [queued]>
[2024-04-11T15:14:15.011+0000] {taskinstance.py:2073} INFO - Dependencies all met for dep_context=requeueable deps ti=<TaskInstance: Process_W3_Data.IPTable manual__2024-04-11T15:13:45.312676+00:00 [queued]>
[2024-04-11T15:14:15.012+0000] {taskinstance.py:2303} INFO - Starting attempt 1 of 1
[2024-04-11T15:14:15.058+0000] {taskinstance.py:2327} INFO - Executing <Task(PythonOperator): IPTable> on 2024-04-11 15:13:45.312676+00:00
[2024-04-11T15:14:15.088+0000] {warnings.py:110} WARNING - /home/***/.local/lib/python3.12/site-packages/***/task/task_runner/standard_task_runner.py:61: DeprecationWarning: This process (pid=21214) is multi-threaded, use of fork() may lead to deadlocks in the child.
  pid = os.fork()

[2024-04-11T15:14:15.090+0000] {standard_task_runner.py:63} INFO - Started process 21218 to run task
[2024-04-11T15:14:15.086+0000] {standard_task_runner.py:90} INFO - Running: ['***', 'tasks', 'run', 'Process_W3_Data', 'IPTable', 'manual__2024-04-11T15:13:45.312676+00:00', '--job-id', '50', '--raw', '--subdir', 'DAGS_FOLDER/w3c.py', '--cfg-path', '/tmp/tmp_2_z_elv']
[2024-04-11T15:14:15.107+0000] {standard_task_runner.py:91} INFO - Job 50: Subtask IPTable
[2024-04-11T15:14:15.291+0000] {task_command.py:426} INFO - Running <TaskInstance: Process_W3_Data.IPTable manual__2024-04-11T15:13:45.312676+00:00 [running]> on host 426f0b9f9d71
[2024-04-11T15:14:15.717+0000] {taskinstance.py:2644} INFO - Exporting env vars: AIRFLOW_CTX_DAG_OWNER='***' AIRFLOW_CTX_DAG_ID='Process_W3_Data' AIRFLOW_CTX_TASK_ID='IPTable' AIRFLOW_CTX_EXECUTION_DATE='2024-04-11T15:13:45.312676+00:00' AIRFLOW_CTX_TRY_NUMBER='1' AIRFLOW_CTX_DAG_RUN_ID='manual__2024-04-11T15:13:45.312676+00:00'
[2024-04-11T15:14:15.728+0000] {taskinstance.py:430} INFO - ::endgroup::
[2024-04-11T15:14:15.729+0000] {logging_mixin.py:188} INFO - Dim IP Table Exists
[2024-04-11T15:14:15.730+0000] {python.py:237} INFO - Done. Returned value was: None
[2024-04-11T15:14:15.731+0000] {taskinstance.py:441} INFO - ::group::Post task execution logs
[2024-04-11T15:14:15.765+0000] {taskinstance.py:1205} INFO - Marking task as SUCCESS. dag_id=Process_W3_Data, task_id=IPTable, execution_date=20240411T151345, start_date=20240411T151414, end_date=20240411T151415
[2024-04-11T15:14:15.850+0000] {local_task_job_runner.py:240} INFO - Task exited with return code 0
[2024-04-11T15:14:15.924+0000] {taskinstance.py:3482} INFO - 0 downstream tasks scheduled from follow-on schedule check
[2024-04-11T15:14:15.931+0000] {local_task_job_runner.py:222} INFO - ::endgroup::
