[2024-04-11T16:10:18.258+0000] {local_task_job_runner.py:120} INFO - ::group::Pre task execution logs
[2024-04-11T16:10:18.312+0000] {taskinstance.py:2073} INFO - Dependencies all met for dep_context=non-requeueable deps ti=<TaskInstance: Process_W3_Data.RemoveHash manual__2024-04-11T16:10:14.516216+00:00 [queued]>
[2024-04-11T16:10:18.326+0000] {taskinstance.py:2073} INFO - Dependencies all met for dep_context=requeueable deps ti=<TaskInstance: Process_W3_Data.RemoveHash manual__2024-04-11T16:10:14.516216+00:00 [queued]>
[2024-04-11T16:10:18.327+0000] {taskinstance.py:2303} INFO - Starting attempt 1 of 1
[2024-04-11T16:10:18.355+0000] {taskinstance.py:2327} INFO - Executing <Task(PythonOperator): RemoveHash> on 2024-04-11 16:10:14.516216+00:00
[2024-04-11T16:10:18.370+0000] {warnings.py:110} WARNING - /home/***/.local/lib/python3.12/site-packages/***/task/task_runner/standard_task_runner.py:61: DeprecationWarning: This process (pid=22161) is multi-threaded, use of fork() may lead to deadlocks in the child.
  pid = os.fork()

[2024-04-11T16:10:18.373+0000] {standard_task_runner.py:63} INFO - Started process 22163 to run task
[2024-04-11T16:10:18.377+0000] {standard_task_runner.py:90} INFO - Running: ['***', 'tasks', 'run', 'Process_W3_Data', 'RemoveHash', 'manual__2024-04-11T16:10:14.516216+00:00', '--job-id', '123', '--raw', '--subdir', 'DAGS_FOLDER/w3c.py', '--cfg-path', '/tmp/tmp8n_ea0l4']
[2024-04-11T16:10:18.382+0000] {standard_task_runner.py:91} INFO - Job 123: Subtask RemoveHash
[2024-04-11T16:10:18.461+0000] {task_command.py:426} INFO - Running <TaskInstance: Process_W3_Data.RemoveHash manual__2024-04-11T16:10:14.516216+00:00 [running]> on host 426f0b9f9d71
[2024-04-11T16:10:18.578+0000] {taskinstance.py:2644} INFO - Exporting env vars: AIRFLOW_CTX_DAG_OWNER='***' AIRFLOW_CTX_DAG_ID='Process_W3_Data' AIRFLOW_CTX_TASK_ID='RemoveHash' AIRFLOW_CTX_EXECUTION_DATE='2024-04-11T16:10:14.516216+00:00' AIRFLOW_CTX_TRY_NUMBER='1' AIRFLOW_CTX_DAG_RUN_ID='manual__2024-04-11T16:10:14.516216+00:00'
[2024-04-11T16:10:18.581+0000] {taskinstance.py:430} INFO - ::endgroup::
[2024-04-11T16:10:18.582+0000] {w3c.py:131} WARNING - Starting List Filesu_ex101031.log,u_ex110411.log,u_ex100626.log,u_ex100105.log,u_ex091103.log,u_ex110510.log,u_ex100708.log,u_ex100315.log,u_ex110306.log,u_ex100528.log,u_ex100204.log,u_ex110218.log,u_ex100104.log,u_ex110209.log,u_ex100916.log,u_ex100520.log,u_ex101126.log,u_ex100205.log,u_ex110405.log,u_ex110212.log,u_ex100430.log,u_ex100830.log,u_ex110130.log,u_ex100526.log,u_ex091207.log,u_ex100923.log,u_ex110119.log,u_ex110424.log,u_ex100619.log,u_ex100714.log,u_ex100106.log,u_ex091024.log,u_ex101020.log,u_ex110205.log,u_ex100809.log,u_ex091106.log,u_ex091211.log,u_ex100322.log,u_ex100117.log,u_ex101225.log,u_ex100424.log,u_ex091102.log,u_ex091123.log,u_ex100629.log,u_ex100612.log,u_ex100912.log,u_ex101215.log,u_ex100131.log,u_ex101223.log,u_ex110427.log,u_ex101008.log,u_ex100423.log,u_ex100808.log,u_ex100519.log,u_ex091213.log,u_ex101202.log,u_ex100718.log,u_ex100314.log,u_ex100425.log,u_ex100304.log,u_ex100419.log,u_ex101023.log,u_ex101025.log,u_ex101101.log,u_ex100906.log,u_ex101113.log,u_ex100924.log,u_ex101118.log,u_ex091130.log,u_ex100309.log,u_ex100725.log,u_ex091025.log,u_ex100307.log,u_ex110516.log,u_ex100628.log,u_ex100406.log,u_ex100221.log,u_ex100113.log,u_ex101212.log,u_ex100302.log,u_ex100630.log,u_ex100615.log,u_ex091120.log,u_ex110504.log,u_ex100622.log,u_ex100801.log,u_ex110407.log,u_ex100926.log,u_ex100422.log,u_ex101111.log,u_ex100705.log,u_ex100112.log,u_ex101027.log
[2024-04-11T16:10:18.590+0000] {w3c.py:134} WARNING - calling Clean u_ex101031.log
[2024-04-11T16:10:18.590+0000] {logging_mixin.py:188} INFO - Cleaning  u_ex101031.log
[2024-04-11T16:10:18.591+0000] {w3c.py:91} WARNING - Cleaning u_ex101031.log
[2024-04-11T16:10:18.591+0000] {logging_mixin.py:188} INFO - sort -u /opt/***/data/Staging/DimIP.txt > /opt/***/data/Staging/DimIPUniq.txt
[2024-04-11T16:10:18.594+0000] {w3c.py:134} WARNING - calling Clean u_ex110411.log
[2024-04-11T16:10:18.595+0000] {logging_mixin.py:188} INFO - Cleaning  u_ex110411.log
[2024-04-11T16:10:18.595+0000] {w3c.py:91} WARNING - Cleaning u_ex110411.log
[2024-04-11T16:10:18.595+0000] {logging_mixin.py:188} INFO - sort -u /opt/***/data/Staging/DimIP.txt > /opt/***/data/Staging/DimIPUniq.txt
[2024-04-11T16:10:18.602+0000] {w3c.py:134} WARNING - calling Clean u_ex100626.log
[2024-04-11T16:10:18.602+0000] {logging_mixin.py:188} INFO - Cleaning  u_ex100626.log
[2024-04-11T16:10:18.603+0000] {w3c.py:91} WARNING - Cleaning u_ex100626.log
[2024-04-11T16:10:18.603+0000] {logging_mixin.py:188} INFO - sort -u /opt/***/data/Staging/DimIP.txt > /opt/***/data/Staging/DimIPUniq.txt
[2024-04-11T16:10:18.605+0000] {w3c.py:134} WARNING - calling Clean u_ex100105.log
[2024-04-11T16:10:18.606+0000] {logging_mixin.py:188} INFO - Cleaning  u_ex100105.log
[2024-04-11T16:10:18.606+0000] {w3c.py:91} WARNING - Cleaning u_ex100105.log
[2024-04-11T16:10:18.606+0000] {logging_mixin.py:188} INFO - sort -u /opt/***/data/Staging/DimIP.txt > /opt/***/data/Staging/DimIPUniq.txt
[2024-04-11T16:10:18.610+0000] {w3c.py:134} WARNING - calling Clean u_ex091103.log
[2024-04-11T16:10:18.610+0000] {logging_mixin.py:188} INFO - Cleaning  u_ex091103.log
[2024-04-11T16:10:18.610+0000] {w3c.py:91} WARNING - Cleaning u_ex091103.log
[2024-04-11T16:10:18.610+0000] {logging_mixin.py:188} INFO - sort -u /opt/***/data/Staging/DimIP.txt > /opt/***/data/Staging/DimIPUniq.txt
[2024-04-11T16:10:18.618+0000] {w3c.py:134} WARNING - calling Clean u_ex110510.log
[2024-04-11T16:10:18.618+0000] {logging_mixin.py:188} INFO - Cleaning  u_ex110510.log
[2024-04-11T16:10:18.619+0000] {w3c.py:91} WARNING - Cleaning u_ex110510.log
[2024-04-11T16:10:18.619+0000] {logging_mixin.py:188} INFO - sort -u /opt/***/data/Staging/DimIP.txt > /opt/***/data/Staging/DimIPUniq.txt
[2024-04-11T16:10:18.627+0000] {w3c.py:134} WARNING - calling Clean u_ex100708.log
[2024-04-11T16:10:18.628+0000] {logging_mixin.py:188} INFO - Cleaning  u_ex100708.log
[2024-04-11T16:10:18.628+0000] {w3c.py:91} WARNING - Cleaning u_ex100708.log
[2024-04-11T16:10:18.628+0000] {logging_mixin.py:188} INFO - sort -u /opt/***/data/Staging/DimIP.txt > /opt/***/data/Staging/DimIPUniq.txt
[2024-04-11T16:10:18.631+0000] {w3c.py:134} WARNING - calling Clean u_ex100315.log
[2024-04-11T16:10:18.632+0000] {logging_mixin.py:188} INFO - Cleaning  u_ex100315.log
[2024-04-11T16:10:18.632+0000] {w3c.py:91} WARNING - Cleaning u_ex100315.log
[2024-04-11T16:10:18.632+0000] {logging_mixin.py:188} INFO - sort -u /opt/***/data/Staging/DimIP.txt > /opt/***/data/Staging/DimIPUniq.txt
[2024-04-11T16:10:18.639+0000] {w3c.py:134} WARNING - calling Clean u_ex110306.log
[2024-04-11T16:10:18.639+0000] {logging_mixin.py:188} INFO - Cleaning  u_ex110306.log
[2024-04-11T16:10:18.639+0000] {w3c.py:91} WARNING - Cleaning u_ex110306.log
[2024-04-11T16:10:18.639+0000] {logging_mixin.py:188} INFO - sort -u /opt/***/data/Staging/DimIP.txt > /opt/***/data/Staging/DimIPUniq.txt
[2024-04-11T16:10:18.642+0000] {w3c.py:134} WARNING - calling Clean u_ex100528.log
[2024-04-11T16:10:18.643+0000] {logging_mixin.py:188} INFO - Cleaning  u_ex100528.log
[2024-04-11T16:10:18.643+0000] {w3c.py:91} WARNING - Cleaning u_ex100528.log
[2024-04-11T16:10:18.643+0000] {logging_mixin.py:188} INFO - sort -u /opt/***/data/Staging/DimIP.txt > /opt/***/data/Staging/DimIPUniq.txt
[2024-04-11T16:10:18.646+0000] {w3c.py:134} WARNING - calling Clean u_ex100204.log
[2024-04-11T16:10:18.647+0000] {logging_mixin.py:188} INFO - Cleaning  u_ex100204.log
[2024-04-11T16:10:18.647+0000] {w3c.py:91} WARNING - Cleaning u_ex100204.log
[2024-04-11T16:10:18.647+0000] {logging_mixin.py:188} INFO - sort -u /opt/***/data/Staging/DimIP.txt > /opt/***/data/Staging/DimIPUniq.txt
[2024-04-11T16:10:18.653+0000] {w3c.py:134} WARNING - calling Clean u_ex110218.log
[2024-04-11T16:10:18.653+0000] {logging_mixin.py:188} INFO - Cleaning  u_ex110218.log
[2024-04-11T16:10:18.653+0000] {w3c.py:91} WARNING - Cleaning u_ex110218.log
[2024-04-11T16:10:18.654+0000] {logging_mixin.py:188} INFO - sort -u /opt/***/data/Staging/DimIP.txt > /opt/***/data/Staging/DimIPUniq.txt
[2024-04-11T16:10:18.659+0000] {w3c.py:134} WARNING - calling Clean u_ex100104.log
[2024-04-11T16:10:18.659+0000] {logging_mixin.py:188} INFO - Cleaning  u_ex100104.log
[2024-04-11T16:10:18.660+0000] {w3c.py:91} WARNING - Cleaning u_ex100104.log
[2024-04-11T16:10:18.660+0000] {logging_mixin.py:188} INFO - sort -u /opt/***/data/Staging/DimIP.txt > /opt/***/data/Staging/DimIPUniq.txt
[2024-04-11T16:10:18.663+0000] {w3c.py:134} WARNING - calling Clean u_ex110209.log
[2024-04-11T16:10:18.663+0000] {logging_mixin.py:188} INFO - Cleaning  u_ex110209.log
[2024-04-11T16:10:18.663+0000] {w3c.py:91} WARNING - Cleaning u_ex110209.log
[2024-04-11T16:10:18.663+0000] {logging_mixin.py:188} INFO - sort -u /opt/***/data/Staging/DimIP.txt > /opt/***/data/Staging/DimIPUniq.txt
[2024-04-11T16:10:18.673+0000] {w3c.py:134} WARNING - calling Clean u_ex100916.log
[2024-04-11T16:10:18.673+0000] {logging_mixin.py:188} INFO - Cleaning  u_ex100916.log
[2024-04-11T16:10:18.674+0000] {w3c.py:91} WARNING - Cleaning u_ex100916.log
[2024-04-11T16:10:18.674+0000] {logging_mixin.py:188} INFO - sort -u /opt/***/data/Staging/DimIP.txt > /opt/***/data/Staging/DimIPUniq.txt
[2024-04-11T16:10:18.682+0000] {w3c.py:134} WARNING - calling Clean u_ex100520.log
[2024-04-11T16:10:18.682+0000] {logging_mixin.py:188} INFO - Cleaning  u_ex100520.log
[2024-04-11T16:10:18.682+0000] {w3c.py:91} WARNING - Cleaning u_ex100520.log
[2024-04-11T16:10:18.682+0000] {logging_mixin.py:188} INFO - sort -u /opt/***/data/Staging/DimIP.txt > /opt/***/data/Staging/DimIPUniq.txt
[2024-04-11T16:10:18.685+0000] {w3c.py:134} WARNING - calling Clean u_ex101126.log
[2024-04-11T16:10:18.685+0000] {logging_mixin.py:188} INFO - Cleaning  u_ex101126.log
[2024-04-11T16:10:18.685+0000] {w3c.py:91} WARNING - Cleaning u_ex101126.log
[2024-04-11T16:10:18.686+0000] {logging_mixin.py:188} INFO - sort -u /opt/***/data/Staging/DimIP.txt > /opt/***/data/Staging/DimIPUniq.txt
[2024-04-11T16:10:18.691+0000] {w3c.py:134} WARNING - calling Clean u_ex100205.log
[2024-04-11T16:10:18.691+0000] {logging_mixin.py:188} INFO - Cleaning  u_ex100205.log
[2024-04-11T16:10:18.692+0000] {w3c.py:91} WARNING - Cleaning u_ex100205.log
[2024-04-11T16:10:18.692+0000] {logging_mixin.py:188} INFO - sort -u /opt/***/data/Staging/DimIP.txt > /opt/***/data/Staging/DimIPUniq.txt
[2024-04-11T16:10:18.694+0000] {w3c.py:134} WARNING - calling Clean u_ex110405.log
[2024-04-11T16:10:18.694+0000] {logging_mixin.py:188} INFO - Cleaning  u_ex110405.log
[2024-04-11T16:10:18.694+0000] {w3c.py:91} WARNING - Cleaning u_ex110405.log
[2024-04-11T16:10:18.694+0000] {logging_mixin.py:188} INFO - sort -u /opt/***/data/Staging/DimIP.txt > /opt/***/data/Staging/DimIPUniq.txt
[2024-04-11T16:10:18.700+0000] {w3c.py:134} WARNING - calling Clean u_ex110212.log
[2024-04-11T16:10:18.700+0000] {logging_mixin.py:188} INFO - Cleaning  u_ex110212.log
[2024-04-11T16:10:18.700+0000] {w3c.py:91} WARNING - Cleaning u_ex110212.log
[2024-04-11T16:10:18.700+0000] {logging_mixin.py:188} INFO - sort -u /opt/***/data/Staging/DimIP.txt > /opt/***/data/Staging/DimIPUniq.txt
[2024-04-11T16:10:18.703+0000] {w3c.py:134} WARNING - calling Clean u_ex100430.log
[2024-04-11T16:10:18.703+0000] {logging_mixin.py:188} INFO - Cleaning  u_ex100430.log
[2024-04-11T16:10:18.704+0000] {w3c.py:91} WARNING - Cleaning u_ex100430.log
[2024-04-11T16:10:18.704+0000] {logging_mixin.py:188} INFO - sort -u /opt/***/data/Staging/DimIP.txt > /opt/***/data/Staging/DimIPUniq.txt
[2024-04-11T16:10:18.708+0000] {w3c.py:134} WARNING - calling Clean u_ex100830.log
[2024-04-11T16:10:18.708+0000] {logging_mixin.py:188} INFO - Cleaning  u_ex100830.log
[2024-04-11T16:10:18.708+0000] {w3c.py:91} WARNING - Cleaning u_ex100830.log
[2024-04-11T16:10:18.708+0000] {logging_mixin.py:188} INFO - sort -u /opt/***/data/Staging/DimIP.txt > /opt/***/data/Staging/DimIPUniq.txt
[2024-04-11T16:10:18.711+0000] {w3c.py:134} WARNING - calling Clean u_ex110130.log
[2024-04-11T16:10:18.711+0000] {logging_mixin.py:188} INFO - Cleaning  u_ex110130.log
[2024-04-11T16:10:18.711+0000] {w3c.py:91} WARNING - Cleaning u_ex110130.log
[2024-04-11T16:10:18.712+0000] {logging_mixin.py:188} INFO - sort -u /opt/***/data/Staging/DimIP.txt > /opt/***/data/Staging/DimIPUniq.txt
[2024-04-11T16:10:18.714+0000] {w3c.py:134} WARNING - calling Clean u_ex100526.log
[2024-04-11T16:10:18.714+0000] {logging_mixin.py:188} INFO - Cleaning  u_ex100526.log
[2024-04-11T16:10:18.714+0000] {w3c.py:91} WARNING - Cleaning u_ex100526.log
[2024-04-11T16:10:18.715+0000] {logging_mixin.py:188} INFO - sort -u /opt/***/data/Staging/DimIP.txt > /opt/***/data/Staging/DimIPUniq.txt
[2024-04-11T16:10:18.718+0000] {w3c.py:134} WARNING - calling Clean u_ex091207.log
[2024-04-11T16:10:18.718+0000] {logging_mixin.py:188} INFO - Cleaning  u_ex091207.log
[2024-04-11T16:10:18.718+0000] {w3c.py:91} WARNING - Cleaning u_ex091207.log
[2024-04-11T16:10:18.718+0000] {logging_mixin.py:188} INFO - sort -u /opt/***/data/Staging/DimIP.txt > /opt/***/data/Staging/DimIPUniq.txt
[2024-04-11T16:10:18.724+0000] {w3c.py:134} WARNING - calling Clean u_ex100923.log
[2024-04-11T16:10:18.725+0000] {logging_mixin.py:188} INFO - Cleaning  u_ex100923.log
[2024-04-11T16:10:18.725+0000] {w3c.py:91} WARNING - Cleaning u_ex100923.log
[2024-04-11T16:10:18.725+0000] {logging_mixin.py:188} INFO - sort -u /opt/***/data/Staging/DimIP.txt > /opt/***/data/Staging/DimIPUniq.txt
[2024-04-11T16:10:18.731+0000] {w3c.py:134} WARNING - calling Clean u_ex110119.log
[2024-04-11T16:10:18.731+0000] {logging_mixin.py:188} INFO - Cleaning  u_ex110119.log
[2024-04-11T16:10:18.731+0000] {w3c.py:91} WARNING - Cleaning u_ex110119.log
[2024-04-11T16:10:18.731+0000] {logging_mixin.py:188} INFO - sort -u /opt/***/data/Staging/DimIP.txt > /opt/***/data/Staging/DimIPUniq.txt
[2024-04-11T16:10:18.737+0000] {w3c.py:134} WARNING - calling Clean u_ex110424.log
[2024-04-11T16:10:18.737+0000] {logging_mixin.py:188} INFO - Cleaning  u_ex110424.log
[2024-04-11T16:10:18.737+0000] {w3c.py:91} WARNING - Cleaning u_ex110424.log
[2024-04-11T16:10:18.737+0000] {logging_mixin.py:188} INFO - sort -u /opt/***/data/Staging/DimIP.txt > /opt/***/data/Staging/DimIPUniq.txt
[2024-04-11T16:10:18.741+0000] {w3c.py:134} WARNING - calling Clean u_ex100619.log
[2024-04-11T16:10:18.741+0000] {logging_mixin.py:188} INFO - Cleaning  u_ex100619.log
[2024-04-11T16:10:18.741+0000] {w3c.py:91} WARNING - Cleaning u_ex100619.log
[2024-04-11T16:10:18.741+0000] {logging_mixin.py:188} INFO - sort -u /opt/***/data/Staging/DimIP.txt > /opt/***/data/Staging/DimIPUniq.txt
[2024-04-11T16:10:18.744+0000] {w3c.py:134} WARNING - calling Clean u_ex100714.log
[2024-04-11T16:10:18.744+0000] {logging_mixin.py:188} INFO - Cleaning  u_ex100714.log
[2024-04-11T16:10:18.744+0000] {w3c.py:91} WARNING - Cleaning u_ex100714.log
[2024-04-11T16:10:18.745+0000] {logging_mixin.py:188} INFO - sort -u /opt/***/data/Staging/DimIP.txt > /opt/***/data/Staging/DimIPUniq.txt
[2024-04-11T16:10:18.747+0000] {w3c.py:134} WARNING - calling Clean u_ex100106.log
[2024-04-11T16:10:18.747+0000] {logging_mixin.py:188} INFO - Cleaning  u_ex100106.log
[2024-04-11T16:10:18.747+0000] {w3c.py:91} WARNING - Cleaning u_ex100106.log
[2024-04-11T16:10:18.747+0000] {logging_mixin.py:188} INFO - sort -u /opt/***/data/Staging/DimIP.txt > /opt/***/data/Staging/DimIPUniq.txt
[2024-04-11T16:10:18.754+0000] {w3c.py:134} WARNING - calling Clean u_ex091024.log
[2024-04-11T16:10:18.754+0000] {logging_mixin.py:188} INFO - Cleaning  u_ex091024.log
[2024-04-11T16:10:18.754+0000] {w3c.py:91} WARNING - Cleaning u_ex091024.log
[2024-04-11T16:10:18.754+0000] {logging_mixin.py:188} INFO - sort -u /opt/***/data/Staging/DimIP.txt > /opt/***/data/Staging/DimIPUniq.txt
[2024-04-11T16:10:18.755+0000] {w3c.py:134} WARNING - calling Clean u_ex101020.log
[2024-04-11T16:10:18.755+0000] {logging_mixin.py:188} INFO - Cleaning  u_ex101020.log
[2024-04-11T16:10:18.755+0000] {w3c.py:91} WARNING - Cleaning u_ex101020.log
[2024-04-11T16:10:18.755+0000] {logging_mixin.py:188} INFO - sort -u /opt/***/data/Staging/DimIP.txt > /opt/***/data/Staging/DimIPUniq.txt
[2024-04-11T16:10:18.759+0000] {w3c.py:134} WARNING - calling Clean u_ex110205.log
[2024-04-11T16:10:18.759+0000] {logging_mixin.py:188} INFO - Cleaning  u_ex110205.log
[2024-04-11T16:10:18.759+0000] {w3c.py:91} WARNING - Cleaning u_ex110205.log
[2024-04-11T16:10:18.760+0000] {logging_mixin.py:188} INFO - sort -u /opt/***/data/Staging/DimIP.txt > /opt/***/data/Staging/DimIPUniq.txt
[2024-04-11T16:10:18.762+0000] {w3c.py:134} WARNING - calling Clean u_ex100809.log
[2024-04-11T16:10:18.762+0000] {logging_mixin.py:188} INFO - Cleaning  u_ex100809.log
[2024-04-11T16:10:18.762+0000] {w3c.py:91} WARNING - Cleaning u_ex100809.log
[2024-04-11T16:10:18.762+0000] {logging_mixin.py:188} INFO - sort -u /opt/***/data/Staging/DimIP.txt > /opt/***/data/Staging/DimIPUniq.txt
[2024-04-11T16:10:18.768+0000] {w3c.py:134} WARNING - calling Clean u_ex091106.log
[2024-04-11T16:10:18.768+0000] {logging_mixin.py:188} INFO - Cleaning  u_ex091106.log
[2024-04-11T16:10:18.768+0000] {w3c.py:91} WARNING - Cleaning u_ex091106.log
[2024-04-11T16:10:18.768+0000] {logging_mixin.py:188} INFO - sort -u /opt/***/data/Staging/DimIP.txt > /opt/***/data/Staging/DimIPUniq.txt
[2024-04-11T16:10:18.769+0000] {w3c.py:134} WARNING - calling Clean u_ex091211.log
[2024-04-11T16:10:18.769+0000] {logging_mixin.py:188} INFO - Cleaning  u_ex091211.log
[2024-04-11T16:10:18.770+0000] {w3c.py:91} WARNING - Cleaning u_ex091211.log
[2024-04-11T16:10:18.770+0000] {logging_mixin.py:188} INFO - sort -u /opt/***/data/Staging/DimIP.txt > /opt/***/data/Staging/DimIPUniq.txt
[2024-04-11T16:10:18.772+0000] {w3c.py:134} WARNING - calling Clean u_ex100322.log
[2024-04-11T16:10:18.772+0000] {logging_mixin.py:188} INFO - Cleaning  u_ex100322.log
[2024-04-11T16:10:18.772+0000] {w3c.py:91} WARNING - Cleaning u_ex100322.log
[2024-04-11T16:10:18.773+0000] {logging_mixin.py:188} INFO - sort -u /opt/***/data/Staging/DimIP.txt > /opt/***/data/Staging/DimIPUniq.txt
[2024-04-11T16:10:18.776+0000] {w3c.py:134} WARNING - calling Clean u_ex100117.log
[2024-04-11T16:10:18.777+0000] {logging_mixin.py:188} INFO - Cleaning  u_ex100117.log
[2024-04-11T16:10:18.777+0000] {w3c.py:91} WARNING - Cleaning u_ex100117.log
[2024-04-11T16:10:18.777+0000] {logging_mixin.py:188} INFO - sort -u /opt/***/data/Staging/DimIP.txt > /opt/***/data/Staging/DimIPUniq.txt
[2024-04-11T16:10:18.782+0000] {w3c.py:134} WARNING - calling Clean u_ex101225.log
[2024-04-11T16:10:18.782+0000] {logging_mixin.py:188} INFO - Cleaning  u_ex101225.log
[2024-04-11T16:10:18.782+0000] {w3c.py:91} WARNING - Cleaning u_ex101225.log
[2024-04-11T16:10:18.782+0000] {logging_mixin.py:188} INFO - sort -u /opt/***/data/Staging/DimIP.txt > /opt/***/data/Staging/DimIPUniq.txt
[2024-04-11T16:10:18.785+0000] {w3c.py:134} WARNING - calling Clean u_ex100424.log
[2024-04-11T16:10:18.785+0000] {logging_mixin.py:188} INFO - Cleaning  u_ex100424.log
[2024-04-11T16:10:18.785+0000] {w3c.py:91} WARNING - Cleaning u_ex100424.log
[2024-04-11T16:10:18.785+0000] {logging_mixin.py:188} INFO - sort -u /opt/***/data/Staging/DimIP.txt > /opt/***/data/Staging/DimIPUniq.txt
[2024-04-11T16:10:18.787+0000] {w3c.py:134} WARNING - calling Clean u_ex091102.log
[2024-04-11T16:10:18.788+0000] {logging_mixin.py:188} INFO - Cleaning  u_ex091102.log
[2024-04-11T16:10:18.788+0000] {w3c.py:91} WARNING - Cleaning u_ex091102.log
[2024-04-11T16:10:18.788+0000] {logging_mixin.py:188} INFO - sort -u /opt/***/data/Staging/DimIP.txt > /opt/***/data/Staging/DimIPUniq.txt
[2024-04-11T16:10:18.795+0000] {w3c.py:134} WARNING - calling Clean u_ex091123.log
[2024-04-11T16:10:18.795+0000] {logging_mixin.py:188} INFO - Cleaning  u_ex091123.log
[2024-04-11T16:10:18.796+0000] {w3c.py:91} WARNING - Cleaning u_ex091123.log
[2024-04-11T16:10:18.796+0000] {logging_mixin.py:188} INFO - sort -u /opt/***/data/Staging/DimIP.txt > /opt/***/data/Staging/DimIPUniq.txt
[2024-04-11T16:10:18.800+0000] {w3c.py:134} WARNING - calling Clean u_ex100629.log
[2024-04-11T16:10:18.800+0000] {logging_mixin.py:188} INFO - Cleaning  u_ex100629.log
[2024-04-11T16:10:18.800+0000] {w3c.py:91} WARNING - Cleaning u_ex100629.log
[2024-04-11T16:10:18.800+0000] {logging_mixin.py:188} INFO - sort -u /opt/***/data/Staging/DimIP.txt > /opt/***/data/Staging/DimIPUniq.txt
[2024-04-11T16:10:18.803+0000] {w3c.py:134} WARNING - calling Clean u_ex100612.log
[2024-04-11T16:10:18.803+0000] {logging_mixin.py:188} INFO - Cleaning  u_ex100612.log
[2024-04-11T16:10:18.803+0000] {w3c.py:91} WARNING - Cleaning u_ex100612.log
[2024-04-11T16:10:18.803+0000] {logging_mixin.py:188} INFO - sort -u /opt/***/data/Staging/DimIP.txt > /opt/***/data/Staging/DimIPUniq.txt
[2024-04-11T16:10:18.805+0000] {w3c.py:134} WARNING - calling Clean u_ex100912.log
[2024-04-11T16:10:18.805+0000] {logging_mixin.py:188} INFO - Cleaning  u_ex100912.log
[2024-04-11T16:10:18.806+0000] {w3c.py:91} WARNING - Cleaning u_ex100912.log
[2024-04-11T16:10:18.806+0000] {logging_mixin.py:188} INFO - sort -u /opt/***/data/Staging/DimIP.txt > /opt/***/data/Staging/DimIPUniq.txt
[2024-04-11T16:10:18.809+0000] {w3c.py:134} WARNING - calling Clean u_ex101215.log
[2024-04-11T16:10:18.809+0000] {logging_mixin.py:188} INFO - Cleaning  u_ex101215.log
[2024-04-11T16:10:18.810+0000] {w3c.py:91} WARNING - Cleaning u_ex101215.log
[2024-04-11T16:10:18.810+0000] {logging_mixin.py:188} INFO - sort -u /opt/***/data/Staging/DimIP.txt > /opt/***/data/Staging/DimIPUniq.txt
[2024-04-11T16:10:18.814+0000] {w3c.py:134} WARNING - calling Clean u_ex100131.log
[2024-04-11T16:10:18.814+0000] {logging_mixin.py:188} INFO - Cleaning  u_ex100131.log
[2024-04-11T16:10:18.814+0000] {w3c.py:91} WARNING - Cleaning u_ex100131.log
[2024-04-11T16:10:18.814+0000] {logging_mixin.py:188} INFO - sort -u /opt/***/data/Staging/DimIP.txt > /opt/***/data/Staging/DimIPUniq.txt
[2024-04-11T16:10:18.817+0000] {w3c.py:134} WARNING - calling Clean u_ex101223.log
[2024-04-11T16:10:18.817+0000] {logging_mixin.py:188} INFO - Cleaning  u_ex101223.log
[2024-04-11T16:10:18.818+0000] {w3c.py:91} WARNING - Cleaning u_ex101223.log
[2024-04-11T16:10:18.818+0000] {logging_mixin.py:188} INFO - sort -u /opt/***/data/Staging/DimIP.txt > /opt/***/data/Staging/DimIPUniq.txt
[2024-04-11T16:10:18.821+0000] {w3c.py:134} WARNING - calling Clean u_ex110427.log
[2024-04-11T16:10:18.821+0000] {logging_mixin.py:188} INFO - Cleaning  u_ex110427.log
[2024-04-11T16:10:18.821+0000] {w3c.py:91} WARNING - Cleaning u_ex110427.log
[2024-04-11T16:10:18.822+0000] {logging_mixin.py:188} INFO - sort -u /opt/***/data/Staging/DimIP.txt > /opt/***/data/Staging/DimIPUniq.txt
[2024-04-11T16:10:18.826+0000] {w3c.py:134} WARNING - calling Clean u_ex101008.log
[2024-04-11T16:10:18.826+0000] {logging_mixin.py:188} INFO - Cleaning  u_ex101008.log
[2024-04-11T16:10:18.827+0000] {w3c.py:91} WARNING - Cleaning u_ex101008.log
[2024-04-11T16:10:18.827+0000] {logging_mixin.py:188} INFO - sort -u /opt/***/data/Staging/DimIP.txt > /opt/***/data/Staging/DimIPUniq.txt
[2024-04-11T16:10:18.833+0000] {w3c.py:134} WARNING - calling Clean u_ex100423.log
[2024-04-11T16:10:18.833+0000] {logging_mixin.py:188} INFO - Cleaning  u_ex100423.log
[2024-04-11T16:10:18.833+0000] {w3c.py:91} WARNING - Cleaning u_ex100423.log
[2024-04-11T16:10:18.833+0000] {logging_mixin.py:188} INFO - sort -u /opt/***/data/Staging/DimIP.txt > /opt/***/data/Staging/DimIPUniq.txt
[2024-04-11T16:10:18.837+0000] {w3c.py:134} WARNING - calling Clean u_ex100808.log
[2024-04-11T16:10:18.838+0000] {logging_mixin.py:188} INFO - Cleaning  u_ex100808.log
[2024-04-11T16:10:18.838+0000] {w3c.py:91} WARNING - Cleaning u_ex100808.log
[2024-04-11T16:10:18.838+0000] {logging_mixin.py:188} INFO - sort -u /opt/***/data/Staging/DimIP.txt > /opt/***/data/Staging/DimIPUniq.txt
[2024-04-11T16:10:18.840+0000] {w3c.py:134} WARNING - calling Clean u_ex100519.log
[2024-04-11T16:10:18.840+0000] {logging_mixin.py:188} INFO - Cleaning  u_ex100519.log
[2024-04-11T16:10:18.841+0000] {w3c.py:91} WARNING - Cleaning u_ex100519.log
[2024-04-11T16:10:18.841+0000] {logging_mixin.py:188} INFO - sort -u /opt/***/data/Staging/DimIP.txt > /opt/***/data/Staging/DimIPUniq.txt
[2024-04-11T16:10:18.844+0000] {w3c.py:134} WARNING - calling Clean u_ex091213.log
[2024-04-11T16:10:18.844+0000] {logging_mixin.py:188} INFO - Cleaning  u_ex091213.log
[2024-04-11T16:10:18.844+0000] {w3c.py:91} WARNING - Cleaning u_ex091213.log
[2024-04-11T16:10:18.844+0000] {logging_mixin.py:188} INFO - sort -u /opt/***/data/Staging/DimIP.txt > /opt/***/data/Staging/DimIPUniq.txt
[2024-04-11T16:10:18.847+0000] {w3c.py:134} WARNING - calling Clean u_ex101202.log
[2024-04-11T16:10:18.848+0000] {logging_mixin.py:188} INFO - Cleaning  u_ex101202.log
[2024-04-11T16:10:18.848+0000] {w3c.py:91} WARNING - Cleaning u_ex101202.log
[2024-04-11T16:10:18.848+0000] {logging_mixin.py:188} INFO - sort -u /opt/***/data/Staging/DimIP.txt > /opt/***/data/Staging/DimIPUniq.txt
[2024-04-11T16:10:18.850+0000] {w3c.py:134} WARNING - calling Clean u_ex100718.log
[2024-04-11T16:10:18.851+0000] {logging_mixin.py:188} INFO - Cleaning  u_ex100718.log
[2024-04-11T16:10:18.851+0000] {w3c.py:91} WARNING - Cleaning u_ex100718.log
[2024-04-11T16:10:18.851+0000] {logging_mixin.py:188} INFO - sort -u /opt/***/data/Staging/DimIP.txt > /opt/***/data/Staging/DimIPUniq.txt
[2024-04-11T16:10:18.855+0000] {w3c.py:134} WARNING - calling Clean u_ex100314.log
[2024-04-11T16:10:18.856+0000] {logging_mixin.py:188} INFO - Cleaning  u_ex100314.log
[2024-04-11T16:10:18.856+0000] {w3c.py:91} WARNING - Cleaning u_ex100314.log
[2024-04-11T16:10:18.856+0000] {logging_mixin.py:188} INFO - sort -u /opt/***/data/Staging/DimIP.txt > /opt/***/data/Staging/DimIPUniq.txt
[2024-04-11T16:10:18.860+0000] {w3c.py:134} WARNING - calling Clean u_ex100425.log
[2024-04-11T16:10:18.860+0000] {logging_mixin.py:188} INFO - Cleaning  u_ex100425.log
[2024-04-11T16:10:18.860+0000] {w3c.py:91} WARNING - Cleaning u_ex100425.log
[2024-04-11T16:10:18.860+0000] {logging_mixin.py:188} INFO - sort -u /opt/***/data/Staging/DimIP.txt > /opt/***/data/Staging/DimIPUniq.txt
[2024-04-11T16:10:18.864+0000] {w3c.py:134} WARNING - calling Clean u_ex100304.log
[2024-04-11T16:10:18.864+0000] {logging_mixin.py:188} INFO - Cleaning  u_ex100304.log
[2024-04-11T16:10:18.864+0000] {w3c.py:91} WARNING - Cleaning u_ex100304.log
[2024-04-11T16:10:18.865+0000] {logging_mixin.py:188} INFO - sort -u /opt/***/data/Staging/DimIP.txt > /opt/***/data/Staging/DimIPUniq.txt
[2024-04-11T16:10:18.868+0000] {w3c.py:134} WARNING - calling Clean u_ex100419.log
[2024-04-11T16:10:18.868+0000] {logging_mixin.py:188} INFO - Cleaning  u_ex100419.log
[2024-04-11T16:10:18.869+0000] {w3c.py:91} WARNING - Cleaning u_ex100419.log
[2024-04-11T16:10:18.869+0000] {logging_mixin.py:188} INFO - sort -u /opt/***/data/Staging/DimIP.txt > /opt/***/data/Staging/DimIPUniq.txt
[2024-04-11T16:10:18.872+0000] {w3c.py:134} WARNING - calling Clean u_ex101023.log
[2024-04-11T16:10:18.873+0000] {logging_mixin.py:188} INFO - Cleaning  u_ex101023.log
[2024-04-11T16:10:18.873+0000] {w3c.py:91} WARNING - Cleaning u_ex101023.log
[2024-04-11T16:10:18.873+0000] {logging_mixin.py:188} INFO - sort -u /opt/***/data/Staging/DimIP.txt > /opt/***/data/Staging/DimIPUniq.txt
[2024-04-11T16:10:18.878+0000] {w3c.py:134} WARNING - calling Clean u_ex101025.log
[2024-04-11T16:10:18.878+0000] {logging_mixin.py:188} INFO - Cleaning  u_ex101025.log
[2024-04-11T16:10:18.878+0000] {w3c.py:91} WARNING - Cleaning u_ex101025.log
[2024-04-11T16:10:18.878+0000] {logging_mixin.py:188} INFO - sort -u /opt/***/data/Staging/DimIP.txt > /opt/***/data/Staging/DimIPUniq.txt
[2024-04-11T16:10:18.882+0000] {w3c.py:134} WARNING - calling Clean u_ex101101.log
[2024-04-11T16:10:18.882+0000] {logging_mixin.py:188} INFO - Cleaning  u_ex101101.log
[2024-04-11T16:10:18.882+0000] {w3c.py:91} WARNING - Cleaning u_ex101101.log
[2024-04-11T16:10:18.882+0000] {logging_mixin.py:188} INFO - sort -u /opt/***/data/Staging/DimIP.txt > /opt/***/data/Staging/DimIPUniq.txt
[2024-04-11T16:10:18.888+0000] {w3c.py:134} WARNING - calling Clean u_ex100906.log
[2024-04-11T16:10:18.888+0000] {logging_mixin.py:188} INFO - Cleaning  u_ex100906.log
[2024-04-11T16:10:18.889+0000] {w3c.py:91} WARNING - Cleaning u_ex100906.log
[2024-04-11T16:10:18.889+0000] {logging_mixin.py:188} INFO - sort -u /opt/***/data/Staging/DimIP.txt > /opt/***/data/Staging/DimIPUniq.txt
[2024-04-11T16:10:18.891+0000] {w3c.py:134} WARNING - calling Clean u_ex101113.log
[2024-04-11T16:10:18.891+0000] {logging_mixin.py:188} INFO - Cleaning  u_ex101113.log
[2024-04-11T16:10:18.891+0000] {w3c.py:91} WARNING - Cleaning u_ex101113.log
[2024-04-11T16:10:18.892+0000] {logging_mixin.py:188} INFO - sort -u /opt/***/data/Staging/DimIP.txt > /opt/***/data/Staging/DimIPUniq.txt
[2024-04-11T16:10:18.895+0000] {w3c.py:134} WARNING - calling Clean u_ex100924.log
[2024-04-11T16:10:18.895+0000] {logging_mixin.py:188} INFO - Cleaning  u_ex100924.log
[2024-04-11T16:10:18.895+0000] {w3c.py:91} WARNING - Cleaning u_ex100924.log
[2024-04-11T16:10:18.895+0000] {logging_mixin.py:188} INFO - sort -u /opt/***/data/Staging/DimIP.txt > /opt/***/data/Staging/DimIPUniq.txt
[2024-04-11T16:10:18.899+0000] {w3c.py:134} WARNING - calling Clean u_ex101118.log
[2024-04-11T16:10:18.899+0000] {logging_mixin.py:188} INFO - Cleaning  u_ex101118.log
[2024-04-11T16:10:18.899+0000] {w3c.py:91} WARNING - Cleaning u_ex101118.log
[2024-04-11T16:10:18.900+0000] {logging_mixin.py:188} INFO - sort -u /opt/***/data/Staging/DimIP.txt > /opt/***/data/Staging/DimIPUniq.txt
[2024-04-11T16:10:18.903+0000] {w3c.py:134} WARNING - calling Clean u_ex091130.log
[2024-04-11T16:10:18.903+0000] {logging_mixin.py:188} INFO - Cleaning  u_ex091130.log
[2024-04-11T16:10:18.903+0000] {w3c.py:91} WARNING - Cleaning u_ex091130.log
[2024-04-11T16:10:18.903+0000] {logging_mixin.py:188} INFO - sort -u /opt/***/data/Staging/DimIP.txt > /opt/***/data/Staging/DimIPUniq.txt
[2024-04-11T16:10:18.906+0000] {logging_mixin.py:188} INFO - Fault 26
[2024-04-11T16:10:18.909+0000] {logging_mixin.py:188} INFO - Fault 10
[2024-04-11T16:10:18.911+0000] {logging_mixin.py:188} INFO - Fault 6
[2024-04-11T16:10:18.912+0000] {w3c.py:134} WARNING - calling Clean u_ex100309.log
[2024-04-11T16:10:18.912+0000] {logging_mixin.py:188} INFO - Cleaning  u_ex100309.log
[2024-04-11T16:10:18.912+0000] {w3c.py:91} WARNING - Cleaning u_ex100309.log
[2024-04-11T16:10:18.913+0000] {logging_mixin.py:188} INFO - sort -u /opt/***/data/Staging/DimIP.txt > /opt/***/data/Staging/DimIPUniq.txt
[2024-04-11T16:10:18.916+0000] {w3c.py:134} WARNING - calling Clean u_ex100725.log
[2024-04-11T16:10:18.916+0000] {logging_mixin.py:188} INFO - Cleaning  u_ex100725.log
[2024-04-11T16:10:18.916+0000] {w3c.py:91} WARNING - Cleaning u_ex100725.log
[2024-04-11T16:10:18.916+0000] {logging_mixin.py:188} INFO - sort -u /opt/***/data/Staging/DimIP.txt > /opt/***/data/Staging/DimIPUniq.txt
[2024-04-11T16:10:18.920+0000] {w3c.py:134} WARNING - calling Clean u_ex091025.log
[2024-04-11T16:10:18.920+0000] {logging_mixin.py:188} INFO - Cleaning  u_ex091025.log
[2024-04-11T16:10:18.920+0000] {w3c.py:91} WARNING - Cleaning u_ex091025.log
[2024-04-11T16:10:18.920+0000] {logging_mixin.py:188} INFO - sort -u /opt/***/data/Staging/DimIP.txt > /opt/***/data/Staging/DimIPUniq.txt
[2024-04-11T16:10:18.921+0000] {w3c.py:134} WARNING - calling Clean u_ex100307.log
[2024-04-11T16:10:18.921+0000] {logging_mixin.py:188} INFO - Cleaning  u_ex100307.log
[2024-04-11T16:10:18.921+0000] {w3c.py:91} WARNING - Cleaning u_ex100307.log
[2024-04-11T16:10:18.921+0000] {logging_mixin.py:188} INFO - sort -u /opt/***/data/Staging/DimIP.txt > /opt/***/data/Staging/DimIPUniq.txt
[2024-04-11T16:10:18.924+0000] {w3c.py:134} WARNING - calling Clean u_ex110516.log
[2024-04-11T16:10:18.924+0000] {logging_mixin.py:188} INFO - Cleaning  u_ex110516.log
[2024-04-11T16:10:18.924+0000] {w3c.py:91} WARNING - Cleaning u_ex110516.log
[2024-04-11T16:10:18.924+0000] {logging_mixin.py:188} INFO - sort -u /opt/***/data/Staging/DimIP.txt > /opt/***/data/Staging/DimIPUniq.txt
[2024-04-11T16:10:18.928+0000] {w3c.py:134} WARNING - calling Clean u_ex100628.log
[2024-04-11T16:10:18.929+0000] {logging_mixin.py:188} INFO - Cleaning  u_ex100628.log
[2024-04-11T16:10:18.929+0000] {w3c.py:91} WARNING - Cleaning u_ex100628.log
[2024-04-11T16:10:18.929+0000] {logging_mixin.py:188} INFO - sort -u /opt/***/data/Staging/DimIP.txt > /opt/***/data/Staging/DimIPUniq.txt
[2024-04-11T16:10:18.931+0000] {w3c.py:134} WARNING - calling Clean u_ex100406.log
[2024-04-11T16:10:18.932+0000] {logging_mixin.py:188} INFO - Cleaning  u_ex100406.log
[2024-04-11T16:10:18.932+0000] {w3c.py:91} WARNING - Cleaning u_ex100406.log
[2024-04-11T16:10:18.932+0000] {logging_mixin.py:188} INFO - sort -u /opt/***/data/Staging/DimIP.txt > /opt/***/data/Staging/DimIPUniq.txt
[2024-04-11T16:10:18.937+0000] {w3c.py:134} WARNING - calling Clean u_ex100221.log
[2024-04-11T16:10:18.937+0000] {logging_mixin.py:188} INFO - Cleaning  u_ex100221.log
[2024-04-11T16:10:18.937+0000] {w3c.py:91} WARNING - Cleaning u_ex100221.log
[2024-04-11T16:10:18.938+0000] {logging_mixin.py:188} INFO - sort -u /opt/***/data/Staging/DimIP.txt > /opt/***/data/Staging/DimIPUniq.txt
[2024-04-11T16:10:18.940+0000] {w3c.py:134} WARNING - calling Clean u_ex100113.log
[2024-04-11T16:10:18.940+0000] {logging_mixin.py:188} INFO - Cleaning  u_ex100113.log
[2024-04-11T16:10:18.940+0000] {w3c.py:91} WARNING - Cleaning u_ex100113.log
[2024-04-11T16:10:18.941+0000] {logging_mixin.py:188} INFO - sort -u /opt/***/data/Staging/DimIP.txt > /opt/***/data/Staging/DimIPUniq.txt
[2024-04-11T16:10:18.946+0000] {w3c.py:134} WARNING - calling Clean u_ex101212.log
[2024-04-11T16:10:18.947+0000] {logging_mixin.py:188} INFO - Cleaning  u_ex101212.log
[2024-04-11T16:10:18.947+0000] {w3c.py:91} WARNING - Cleaning u_ex101212.log
[2024-04-11T16:10:18.947+0000] {logging_mixin.py:188} INFO - sort -u /opt/***/data/Staging/DimIP.txt > /opt/***/data/Staging/DimIPUniq.txt
[2024-04-11T16:10:18.951+0000] {w3c.py:134} WARNING - calling Clean u_ex100302.log
[2024-04-11T16:10:18.951+0000] {logging_mixin.py:188} INFO - Cleaning  u_ex100302.log
[2024-04-11T16:10:18.951+0000] {w3c.py:91} WARNING - Cleaning u_ex100302.log
[2024-04-11T16:10:18.951+0000] {logging_mixin.py:188} INFO - sort -u /opt/***/data/Staging/DimIP.txt > /opt/***/data/Staging/DimIPUniq.txt
[2024-04-11T16:10:18.957+0000] {w3c.py:134} WARNING - calling Clean u_ex100630.log
[2024-04-11T16:10:18.957+0000] {logging_mixin.py:188} INFO - Cleaning  u_ex100630.log
[2024-04-11T16:10:18.958+0000] {w3c.py:91} WARNING - Cleaning u_ex100630.log
[2024-04-11T16:10:18.958+0000] {logging_mixin.py:188} INFO - sort -u /opt/***/data/Staging/DimIP.txt > /opt/***/data/Staging/DimIPUniq.txt
[2024-04-11T16:10:18.961+0000] {w3c.py:134} WARNING - calling Clean u_ex100615.log
[2024-04-11T16:10:18.961+0000] {logging_mixin.py:188} INFO - Cleaning  u_ex100615.log
[2024-04-11T16:10:18.961+0000] {w3c.py:91} WARNING - Cleaning u_ex100615.log
[2024-04-11T16:10:18.962+0000] {logging_mixin.py:188} INFO - sort -u /opt/***/data/Staging/DimIP.txt > /opt/***/data/Staging/DimIPUniq.txt
[2024-04-11T16:10:18.965+0000] {w3c.py:134} WARNING - calling Clean u_ex091120.log
[2024-04-11T16:10:18.966+0000] {logging_mixin.py:188} INFO - Cleaning  u_ex091120.log
[2024-04-11T16:10:18.966+0000] {w3c.py:91} WARNING - Cleaning u_ex091120.log
[2024-04-11T16:10:18.966+0000] {logging_mixin.py:188} INFO - sort -u /opt/***/data/Staging/DimIP.txt > /opt/***/data/Staging/DimIPUniq.txt
[2024-04-11T16:10:18.970+0000] {w3c.py:134} WARNING - calling Clean u_ex110504.log
[2024-04-11T16:10:18.971+0000] {logging_mixin.py:188} INFO - Cleaning  u_ex110504.log
[2024-04-11T16:10:18.971+0000] {w3c.py:91} WARNING - Cleaning u_ex110504.log
[2024-04-11T16:10:18.971+0000] {logging_mixin.py:188} INFO - sort -u /opt/***/data/Staging/DimIP.txt > /opt/***/data/Staging/DimIPUniq.txt
[2024-04-11T16:10:18.978+0000] {w3c.py:134} WARNING - calling Clean u_ex100622.log
[2024-04-11T16:10:18.978+0000] {logging_mixin.py:188} INFO - Cleaning  u_ex100622.log
[2024-04-11T16:10:18.979+0000] {w3c.py:91} WARNING - Cleaning u_ex100622.log
[2024-04-11T16:10:18.979+0000] {logging_mixin.py:188} INFO - sort -u /opt/***/data/Staging/DimIP.txt > /opt/***/data/Staging/DimIPUniq.txt
[2024-04-11T16:10:18.984+0000] {w3c.py:134} WARNING - calling Clean u_ex100801.log
[2024-04-11T16:10:18.984+0000] {logging_mixin.py:188} INFO - Cleaning  u_ex100801.log
[2024-04-11T16:10:18.985+0000] {w3c.py:91} WARNING - Cleaning u_ex100801.log
[2024-04-11T16:10:18.985+0000] {logging_mixin.py:188} INFO - sort -u /opt/***/data/Staging/DimIP.txt > /opt/***/data/Staging/DimIPUniq.txt
[2024-04-11T16:10:18.989+0000] {w3c.py:134} WARNING - calling Clean u_ex110407.log
[2024-04-11T16:10:18.989+0000] {logging_mixin.py:188} INFO - Cleaning  u_ex110407.log
[2024-04-11T16:10:18.989+0000] {w3c.py:91} WARNING - Cleaning u_ex110407.log
[2024-04-11T16:10:18.990+0000] {logging_mixin.py:188} INFO - sort -u /opt/***/data/Staging/DimIP.txt > /opt/***/data/Staging/DimIPUniq.txt
[2024-04-11T16:10:18.998+0000] {w3c.py:134} WARNING - calling Clean u_ex100926.log
[2024-04-11T16:10:18.998+0000] {logging_mixin.py:188} INFO - Cleaning  u_ex100926.log
[2024-04-11T16:10:18.999+0000] {w3c.py:91} WARNING - Cleaning u_ex100926.log
[2024-04-11T16:10:18.999+0000] {logging_mixin.py:188} INFO - sort -u /opt/***/data/Staging/DimIP.txt > /opt/***/data/Staging/DimIPUniq.txt
[2024-04-11T16:10:19.004+0000] {w3c.py:134} WARNING - calling Clean u_ex100422.log
[2024-04-11T16:10:19.004+0000] {logging_mixin.py:188} INFO - Cleaning  u_ex100422.log
[2024-04-11T16:10:19.005+0000] {w3c.py:91} WARNING - Cleaning u_ex100422.log
[2024-04-11T16:10:19.005+0000] {logging_mixin.py:188} INFO - sort -u /opt/***/data/Staging/DimIP.txt > /opt/***/data/Staging/DimIPUniq.txt
[2024-04-11T16:10:19.012+0000] {w3c.py:134} WARNING - calling Clean u_ex101111.log
[2024-04-11T16:10:19.012+0000] {logging_mixin.py:188} INFO - Cleaning  u_ex101111.log
[2024-04-11T16:10:19.012+0000] {w3c.py:91} WARNING - Cleaning u_ex101111.log
[2024-04-11T16:10:19.013+0000] {logging_mixin.py:188} INFO - sort -u /opt/***/data/Staging/DimIP.txt > /opt/***/data/Staging/DimIPUniq.txt
[2024-04-11T16:10:19.018+0000] {w3c.py:134} WARNING - calling Clean u_ex100705.log
[2024-04-11T16:10:19.019+0000] {logging_mixin.py:188} INFO - Cleaning  u_ex100705.log
[2024-04-11T16:10:19.019+0000] {w3c.py:91} WARNING - Cleaning u_ex100705.log
[2024-04-11T16:10:19.019+0000] {logging_mixin.py:188} INFO - sort -u /opt/***/data/Staging/DimIP.txt > /opt/***/data/Staging/DimIPUniq.txt
[2024-04-11T16:10:19.024+0000] {w3c.py:134} WARNING - calling Clean u_ex100112.log
[2024-04-11T16:10:19.024+0000] {logging_mixin.py:188} INFO - Cleaning  u_ex100112.log
[2024-04-11T16:10:19.025+0000] {w3c.py:91} WARNING - Cleaning u_ex100112.log
[2024-04-11T16:10:19.025+0000] {logging_mixin.py:188} INFO - sort -u /opt/***/data/Staging/DimIP.txt > /opt/***/data/Staging/DimIPUniq.txt
[2024-04-11T16:10:19.039+0000] {w3c.py:134} WARNING - calling Clean u_ex101027.log
[2024-04-11T16:10:19.039+0000] {logging_mixin.py:188} INFO - Cleaning  u_ex101027.log
[2024-04-11T16:10:19.039+0000] {w3c.py:91} WARNING - Cleaning u_ex101027.log
[2024-04-11T16:10:19.040+0000] {logging_mixin.py:188} INFO - sort -u /opt/***/data/Staging/DimIP.txt > /opt/***/data/Staging/DimIPUniq.txt
[2024-04-11T16:10:19.046+0000] {python.py:237} INFO - Done. Returned value was: None
[2024-04-11T16:10:19.047+0000] {taskinstance.py:441} INFO - ::group::Post task execution logs
[2024-04-11T16:10:19.060+0000] {taskinstance.py:1205} INFO - Marking task as SUCCESS. dag_id=Process_W3_Data, task_id=RemoveHash, execution_date=20240411T161014, start_date=20240411T161018, end_date=20240411T161019
[2024-04-11T16:10:19.087+0000] {local_task_job_runner.py:240} INFO - Task exited with return code 0
[2024-04-11T16:10:19.127+0000] {taskinstance.py:3482} INFO - 1 downstream tasks scheduled from follow-on schedule check
[2024-04-11T16:10:19.129+0000] {local_task_job_runner.py:222} INFO - ::endgroup::
